2014-04-03, 16:49:26	

============================================================

2014-04-03, 16:49:26	Invio per Lezioni


2014-04-03, 16:49:27	

============================================================

2014-04-03, 16:49:27	Prova sendletter 1


2014-04-03, 19:54:05	

============================================================

2014-04-03, 19:54:05	Prova sendletter 1


2014-04-03, 20:15:47	

============================================================

2014-04-03, 20:15:47	Prova sendletter 2


2014-05-05, 17:00:02	

============================================================

2014-05-05, 17:00:02	Caisse Formula stesso prezzo per tutto il 2014


2014-05-08, 18:15:01	

============================================================

2014-05-08, 18:15:01	Caisse Formula stesso prezzo per tutto il 2014


2014-05-08, 18:20:38	2059 - maria.cornetta @libero.it
2014-08-08, 18:15:01	

============================================================

2014-08-08, 18:15:01	Holistic remedies in ferie ultimo week end per ordinate


2014-08-08, 18:21:51	695 - danilo.rima@ alice.it
2014-08-08, 18:35:18	2059 - maria.cornetta @libero.it
2014-08-22, 18:15:01	

============================================================

2014-08-22, 18:15:01	HOLISTIC REMEDIES E' DI NUOVO OPERATIVA


2014-08-22, 18:21:51	695 - danilo.rima@ alice.it
2014-08-22, 18:35:13	2059 - maria.cornetta @libero.it
2014-08-22, 18:50:13	3583 - radio.market @libero.it
2014-09-02, 18:15:01	

============================================================

2014-09-02, 18:15:01	Caisse Formula, senza spese di spedizione con 80 euro di acquisto


2014-09-02, 18:21:47	695 - danilo.rima@ alice.it
2014-09-02, 18:35:05	2059 - maria.cornetta @libero.it
2014-09-02, 18:49:58	3583 - radio.market @libero.it
2014-12-05, 19:15:02	

============================================================

2014-12-05, 19:15:02	Vacanze Natalizie, il nostro calendario


2014-12-05, 19:21:44	695 - danilo.rima@ alice.it
2014-12-05, 19:34:55	2059 - maria.cornetta @libero.it
2014-12-05, 19:49:44	3583 - radio.market @libero.it
2014-12-05, 19:50:26	giuseppe
2014-12-10, 19:15:02	

============================================================

2014-12-10, 19:15:02	Attenzione per vostra sicurezza e-mail


2014-12-10, 19:21:43	695 - danilo.rima@ alice.it
2014-12-10, 19:34:50	2059 - maria.cornetta @libero.it
2014-12-10, 19:49:34	3583 - radio.market @libero.it
2014-12-10, 19:50:16	giuseppe
2014-12-10, 19:51:32	dany. serra@virgilio.it
2014-12-29, 19:15:02	

============================================================

2014-12-29, 19:15:02	SIAMO APERTI


2014-12-29, 19:21:40	695 - danilo.rima@ alice.it
2014-12-29, 19:34:40	2059 - maria.cornetta @libero.it
2014-12-29, 19:49:18	3583 - radio.market @libero.it
2014-12-29, 19:49:59	giuseppe
2014-12-29, 19:51:12	dany. serra@virgilio.it
2014-12-29, 19:51:17	dany.serra@ virgilio. it
2015-04-12, 18:15:02	

============================================================

2015-04-12, 18:15:02	il 14 maggio a Biella Ludovico Guarneri 


2015-04-12, 18:21:39	695 - danilo.rima@ alice.it
2015-04-12, 18:34:35	2059 - maria.cornetta @libero.it
2015-04-12, 18:49:02	3583 - radio.market @libero.it
2015-04-12, 18:49:42	giuseppe
2015-04-12, 18:50:55	dany. serra@virgilio.it
2015-04-12, 18:50:57	dany.serra@ virgilio. it
2015-04-12, 18:51:34	daniela@ricetti .com
2015-04-12, 18:51:47	di arco_dina@yahoo.it
2015-04-12, 18:51:56	3893 - micaela.bellini @gmail.com
2015-04-12, 18:51:57	edildade
2015-08-06, 18:15:03	

============================================================

2015-08-06, 18:15:03	chiusura estiva 


2015-08-06, 18:21:39	695 - danilo.rima@ alice.it
2015-08-06, 18:34:29	2059 - maria.cornetta @libero.it
2015-08-06, 18:48:51	3583 - radio.market @libero.it
2015-08-06, 18:49:32	giuseppe
2015-08-06, 18:50:42	dany. serra@virgilio.it
2015-08-06, 18:50:45	dany.serra@ virgilio. it
2015-08-06, 18:51:21	daniela@ricetti .com
2015-08-06, 18:51:35	di arco_dina@yahoo.it
2015-08-06, 18:51:44	3893 - micaela.bellini @gmail.com
2015-08-06, 18:51:45	edildade
2015-08-06, 18:52:45	3393660863
2015-08-06, 18:52:52	gaietta97@virgilio. it
2015-08-06, 18:52:53	4011 - paamion @tin.it
2016-04-04, 21:43:00	

============================================================

2016-04-04, 21:43:00	prova 5


2016-04-04, 21:44:13	

============================================================

2016-04-04, 21:44:13	prova 5


2016-04-04, 21:45:23	

============================================================

2016-04-04, 21:45:23	prova 5


2016-04-04, 22:23:26	

============================================================

2016-04-04, 22:23:26	Mail di Prova


2016-04-04, 22:23:26	

============================================================

2016-04-04, 22:23:26	Mail di Prova


2016-04-04, 22:23:26	

============================================================

2016-04-04, 22:23:26	Mail di Prova


2016-04-04, 22:23:26	

============================================================

2016-04-04, 22:23:26	prova


2016-04-04, 22:23:26	

============================================================

2016-04-04, 22:23:26	prova


2016-04-04, 22:23:26	

============================================================

2016-04-04, 22:23:26	Prova invio 5


2016-04-04, 22:31:44	

============================================================

2016-04-04, 22:31:44	prova


2016-04-04, 22:34:23	

============================================================

2016-04-04, 22:34:23	prova


2016-04-04, 22:35:42	

============================================================

2016-04-04, 22:35:42	prova


2016-04-04, 22:36:38	

============================================================

2016-04-04, 22:36:38	Prova Mail 3


2016-04-04, 22:37:45	

============================================================

2016-04-04, 22:37:45	Prova invio 5


2016-04-04, 23:13:00	

============================================================

2016-04-04, 23:13:00	iscritto-prova\\


2016-04-06, 19:00:52	

============================================================

2016-04-06, 19:01:02	Mail di Prova


2016-04-06, 20:12:41	

============================================================

2016-04-06, 20:12:43	Mail di Prova


2016-04-06, 20:26:02	

============================================================

2016-04-06, 20:26:02	prova 5


2016-04-06, 20:30:18	

============================================================

2016-04-06, 20:30:19	Mail di Prova


2016-04-06, 20:37:07	

============================================================

2016-04-06, 20:37:07	Mail di Prova


2016-04-06, 20:42:51	

============================================================

2016-04-06, 20:42:51	prova 5


2016-04-10, 15:01:51	

============================================================

2016-04-10, 15:01:52	Freddie Mercury


2016-04-10, 15:23:00	

============================================================

2016-04-10, 15:23:01	Freddie Mercury


2016-04-10, 15:27:16	

============================================================

2016-04-10, 15:27:16	Freddie Mercury


2016-04-10, 15:56:11	

============================================================

2016-04-10, 15:56:11	Freddie Mercury


2016-04-10, 15:59:17	

============================================================

2016-04-10, 15:59:17	Freddie Mercury


2016-04-10, 16:01:50	

============================================================

2016-04-10, 16:01:50	Freddie Mercury


2016-04-10, 16:05:55	

============================================================

2016-04-10, 16:05:55	Freddie Mercury


2016-04-10, 16:32:47	

============================================================

2016-04-10, 16:32:47	Freddie Mercury


2016-04-10, 16:32:48	3 - roberto.bani@gmail.com
