2014-05-08, 18:15:01	

=================================================================

2014-05-08, 18:15:01	Caisse Formula stesso prezzo per tutto il 2014


2014-05-08, 18:15:01	1498 - cristian-neri@libero.it
2014-05-08, 18:15:02	1499 - tuttomirc@aruba.it
2014-05-08, 18:15:03	1500 - p.junca@juncaemotta.net
2014-05-08, 18:15:03	1501 - samantamartinelli@virgilio.it
2014-05-08, 18:15:04	1502 - hornet.74@tiscali.it
2014-05-08, 18:15:04	1503 - brunocalvetti@fastwebnet.it
2014-05-08, 18:15:05	1504 - elena.frati@alice.it
2014-05-08, 18:15:06	1505 - pinolapietra@alice.it
2014-05-08, 18:15:07	1506 - fantoneo@alice.it
2014-05-08, 18:15:07	1507 - carlonatta@libero.it
2014-05-08, 18:15:07	1508 - nicolapatisso@tiscali.it
2014-05-08, 18:15:08	1509 - mene70@gmail.com
2014-05-08, 18:15:09	1510 - sper.anto@tiscali.it
2014-05-08, 18:15:09	1511 - alessandro.puca@fastwebnet.it
2014-05-08, 18:15:10	1512 - johannes_elbert@web.de
2014-05-08, 18:15:10	1513 - s.malandrini@gmx.net
2014-05-08, 18:15:11	1514 - raffa.martinelli@tiscali.it
2014-05-08, 18:15:12	1515 - bartolini.c@gmail.com
2014-05-08, 18:15:12	1516 - streks67@libero.it
2014-05-08, 18:15:13	1517 - brunasimonetti@libero.it
2014-05-08, 18:15:13	1518 - thelma@officine.it
2014-05-08, 18:15:14	1519 - laura.secco@unipd.it
2014-05-08, 18:15:15	1520 - liviogiongo@katamail.com
2014-05-08, 18:15:15	1521 - catiagiannoni@tiscali.it
2014-05-08, 18:15:16	1522 - vmarrano@libero.it
2014-05-08, 18:15:17	1523 - simone.albonico@unil.ch
2014-05-08, 18:15:17	1524 - annamaria.manarinrosso@fastwebnet.it
2014-05-08, 18:15:18	1525 - matteolubello@yahoo.it
2014-05-08, 18:15:18	1526 - alessandro.ercoli@gmail.com
2014-05-08, 18:15:19	1527 - eltheox@hotmail.it
2014-05-08, 18:15:19	1528 - felicecassara@alice.it
2014-05-08, 18:15:20	1529 - emanuel.clemente@gmail.com
2014-05-08, 18:15:21	1530 - cendo71@tiscali.it
2014-05-08, 18:15:21	1531 - giuliano.poser@alice.it
2014-05-08, 18:15:22	1532 - eriberi71@yahoo.com
2014-05-08, 18:15:22	1533 - giorgiobolino@hotmail.com
2014-05-08, 18:15:23	1534 - federica23@hotmail.it
2014-05-08, 18:15:24	1535 - m.salmin@acquatherm.it
2014-05-08, 18:15:24	1536 - savyca@gmail.com
2014-05-08, 18:15:25	1537 - fryky1960@libero.it
2014-05-08, 18:15:25	1538 - vincenzomaffei@tiscali.it
2014-05-08, 18:15:26	1539 - kikka2588@libero.it
2014-05-08, 18:15:28	1540 - ermancdl@libero.it
2014-05-08, 18:15:28	1541 - caramella333@gmail.com
2014-05-08, 18:15:28	1542 - nicole012002@libero.it
2014-05-08, 18:15:28	1543 - martinik00@gmail.com
2014-05-08, 18:15:29	1544 - franca.fanelli@gmail.com
2014-05-08, 18:15:30	1545 - oceanoindiano2000@gmail.com
2014-05-08, 18:15:30	1546 - paolapetitta@fastwebnet.it
2014-05-08, 18:15:31	1547 - bruvenne@tin.it
2014-05-08, 18:15:31	1548 - marina.poggio@fastwebnet.it
2014-05-08, 18:15:32	1549 - danielecremona@alice.it
2014-05-08, 18:15:33	1550 - cinziadeangelis@tiscali.it
2014-05-08, 18:15:33	1551 - paolofusaro@fastwebnet.it
2014-05-08, 18:15:34	1552 - steppo21@hotmail.com
2014-05-08, 18:15:34	1553 - lbiljana@hotmail.com
2014-05-08, 18:15:35	1554 - paolorabaglia@gmail.com
2014-05-08, 18:15:36	1555 - leuschner@linglit.tu-darmstadt.de
2014-05-08, 18:15:36	1556 - maurilio_mg@libero.it
2014-05-08, 18:15:38	1557 - sandrolovati@libero.it
2014-05-08, 18:15:38	1558 - r.sonny@alice.it
2014-05-08, 18:15:38	1559 - alessandramarini@live.com
2014-05-08, 18:15:39	1560 - ricievuru@hotmail.it
2014-05-08, 18:15:39	1561 - medira@medirasas.com
2014-05-08, 18:15:40	1562 - gzonno@gmail.com
2014-05-08, 18:15:40	1563 - am.costantino@libero.it
2014-05-08, 18:15:41	1564 - paola.8mano@libero.it
2014-05-08, 18:15:42	1565 - gpassaretti23@yahoo.it
2014-05-08, 18:15:42	1566 - elisa.ottogalli@gmail.com
2014-05-08, 18:15:43	1567 - serenella_web@libero.it
2014-05-08, 18:15:43	1568 - bonimass@hotmail.com
2014-05-08, 18:15:44	1569 - g.seraf@tin.it
2014-05-08, 18:15:45	1570 - melita.gardel@poste.it
2014-05-08, 18:15:45	1571 - catiay@yahoo.it
2014-05-08, 18:15:47	1572 - erikafer74@gmail.com
2014-05-08, 18:15:47	1573 - cristina.masi.evvy@alice.it
2014-05-08, 18:15:47	1574 - marcobrigaglia@ahoo.it
2014-05-08, 18:15:48	1575 - saskiafl@tin.it
2014-05-08, 18:15:48	1576 - mf@formenticonsulting.it
2014-05-08, 18:15:49	1577 - diego.antonietti@rsi.ch
2014-05-08, 18:15:49	1578 - hantel@libero.it
2014-05-08, 18:15:50	1579 - manuelp@libero.it
2014-05-08, 18:15:51	1580 - tiziana.rondina@libero.it
2014-05-08, 18:15:51	1581 - nonna.mariavittoria@yahoo.it
2014-05-08, 18:15:52	1582 - gianluca.gallino@gmail.com
2014-05-08, 18:15:52	1583 - mr.frasca@libero.it
2014-05-08, 18:15:53	1584 - leobart23@gmail.com
2014-05-08, 18:15:54	1585 - alex.zuc@libero.it
2014-05-08, 18:15:54	1586 - marcato.giovanni@virgilio.it
2014-05-08, 18:15:55	1587 - giovy.santin@libero.it
2014-05-08, 18:15:55	1588 - s.viva08@libero.it
2014-05-08, 18:15:56	1589 - eleonora.nucera@alice.it
2014-05-08, 18:15:58	1590 - nino.claudia@libero.it
2014-05-08, 18:15:58	1591 - mirakuen@aon.at
2014-05-08, 18:15:58	1592 - g.porzilli@globeit.it
2014-05-08, 18:15:58	1593 - medoro1@hotmail.it
2014-05-08, 18:15:59	1594 - dariobarducci@inwind.it
2014-05-08, 18:16:00	1595 - carla.guerri@gmail.com
2014-05-08, 18:16:00	1596 - info@dbasas.it
2014-05-08, 18:16:01	1597 - margherita@caisse.it
2014-05-08, 18:16:01	1598 - carla.forlani@unicreditgroup.de
2014-05-08, 18:16:02	1599 - mariella.uccelli@yahoo.it
2014-05-08, 18:16:03	1600 - larasalvadori@alice.it
2014-05-08, 18:16:03	1601 - nellom.16@hotmail.it
2014-05-08, 18:16:04	1602 - giancarla.bosotti@yahoo.it
2014-05-08, 18:16:04	1603 - barbara.jessica@tiscali.it
2014-05-08, 18:16:05	1604 - dapratigiampaolo@gmail.com
2014-05-08, 18:16:06	1605 - vanessabenedetti@hotmail.it
2014-05-08, 18:16:06	1606 - p.colombo@lutech.it
2014-05-08, 18:16:08	1607 - info@sleagiocattoli.it
2014-05-08, 18:16:08	1608 - niente.paura09@libero.it
2014-05-08, 18:16:08	1609 - pt.gabriele@alice.it
2014-05-08, 18:16:09	1610 - paolo.ragusa@cppp.it
2014-05-08, 18:16:09	1611 - carrellipalombi@gmail.com
2014-05-08, 18:16:10	1612 - p.maerini@mpm-tlc.it
2014-05-08, 18:16:10	1613 - info@marilenamaioli.com
2014-05-08, 18:16:11	1614 - robilomba@alice.it
2014-05-08, 18:16:12	1615 - ingridcastlunger@gmail.com
2014-05-08, 18:16:12	1616 - itronconi@hotmail.com
2014-05-08, 18:16:13	1617 - tecnig@tiscali.it
2014-05-08, 18:16:13	1618 - giorss@tiscali.it
2014-05-08, 18:16:14	1619 - mariadolorescabass@yahoo.it
2014-05-08, 18:16:15	1620 - ily90@hotmail.com
2014-05-08, 18:16:15	1621 - rosati.da@tiscali.it
2014-05-08, 18:16:16	1622 - middeia@alice.it
2014-05-08, 18:16:16	1623 - laura.bi72@tiscali.it
2014-05-08, 18:16:17	1624 - claudia.campione@tiscali.it
2014-05-08, 18:16:19	1625 - sandra.lucatello@libero.it
2014-05-08, 18:16:19	1626 - lina.santoro@alice.it
2014-05-08, 18:16:19	1627 - dariodad85@libero.it
2014-05-08, 18:16:19	1628 - costapiero@hotmail.com
2014-05-08, 18:16:20	1629 - mikyand@hotmail.com
2014-05-08, 18:16:21	1630 - oem-feka@hotmail.com
2014-05-08, 18:16:21	1631 - jmbb@fastwebnet.it
2014-05-08, 18:16:22	1632 - alessandro@moonhouse.it
2014-05-08, 18:16:22	1633 - freelibre@libero.it
2014-05-08, 18:16:23	1634 - gastone.gulminelli@fastwebnet.it
2014-05-08, 18:16:24	1635 - caruso.giuseppe@fastwebnet.it
2014-05-08, 18:16:24	1636 - almarab@libero.it
2014-05-08, 18:16:25	1637 - morlino.m@gmail.com
2014-05-08, 18:16:25	1638 - ruocco.giovanni@alice.it
2014-05-08, 18:16:26	1639 - massi70@wind.blackberry.com
2014-05-08, 18:16:27	1640 - cobledik@cdh.it
2014-05-08, 18:16:27	1641 - anna.94@tiscali.it
2014-05-08, 18:16:28	1642 - s.barberini@sda.it
2014-05-08, 18:16:29	1643 - paolaforlini@virgilio.it
2014-05-08, 18:16:29	1644 - canlif@gmail.com
2014-05-08, 18:16:30	1645 - annagionni@libero.it
2014-05-08, 18:16:30	1646 - veggian@vebiart.it
2014-05-08, 18:16:31	1647 - chrisoliv69@gmail.com
2014-05-08, 18:16:31	1648 - buosipaolo@libero.it
2014-05-08, 18:16:32	1649 - corrado.lacava@virgilio.it
2014-05-08, 18:16:33	1650 - lorenzo.denictolis@virgilio.it
2014-05-08, 18:16:33	1651 - gm.castellazzi@alice.it
2014-05-08, 18:16:34	1652 - serena.innocenti@tin.it
2014-05-08, 18:16:34	1653 - marcoluigico@tiscali.it
2014-05-08, 18:16:35	1654 - sabrinacar73@virgilio.it
2014-05-08, 18:16:36	1655 - polipoli2008@hotmail.it
2014-05-08, 18:16:36	1656 - andrea@bobtailland.it
2014-05-08, 18:16:37	1657 - vergilia_uda@hotmail.com
2014-05-08, 18:16:37	1658 - eugeniogiudice@libero.it
2014-05-08, 18:16:39	1659 - davide.camposeo@libero.it
2014-05-08, 18:16:39	1660 - giu.ruocco@gmail.com
2014-05-08, 18:16:39	1661 - lil_tail@hotmail.it
2014-05-08, 18:16:40	1662 - doni.moroni@libero.it
2014-05-08, 18:16:40	1663 - digiova87@hotmail.it
2014-05-08, 18:16:41	1664 - fdg87@hotmail.it
2014-05-08, 18:16:42	1665 - annamil@tiscali.it
2014-05-08, 18:16:42	1666 - niclafe@gmail.com
2014-05-08, 18:16:43	1667 - stefano.polesel@gmail.com
2014-05-08, 18:16:43	1668 - rossini@interprofessionale-re.eu
2014-05-08, 18:16:44	1669 - michelemina@alice.it
2014-05-08, 18:16:45	1670 - silvana.arduini@libero.it
2014-05-08, 18:16:45	1671 - sandro.s@teletu.it
2014-05-08, 18:16:46	1672 - mauro.buzzi@live.it
2014-05-08, 18:16:46	1673 - ritdalf@tin.it
2014-05-08, 18:16:47	1674 - luanamencarelli@yahoo.it
2014-05-08, 18:16:48	1675 - fdanielascordamaglia@yahoo.it
2014-05-08, 18:16:48	1676 - lucia.perri_04@libero.it
2014-05-08, 18:16:50	1677 - lucianofacciolini@hotmail.it
2014-05-08, 18:16:50	1678 - monicacauda@virgilio.it
2014-05-08, 18:16:50	1679 - b-ed@hotmail.it
2014-05-08, 18:16:51	1680 - battilio.gm@gmail.com
2014-05-08, 18:16:51	1681 - amraalbenga@libero.it
2014-05-08, 18:16:52	1682 - alberto.bettanin@gmail.com
2014-05-08, 18:16:52	1683 - b.latesa@tin.it
2014-05-08, 18:16:53	1684 - sonny3@katamail.com
2014-05-08, 18:16:54	1685 - sonia.colombo2003@libero.it
2014-05-08, 18:16:54	1686 - edoardoparpaiola73@gmail.com
2014-05-08, 18:16:55	1687 - idemma.donelli@fastwebnet.it
2014-05-08, 18:16:55	1688 - rossanacacialli@yahoo.it
2014-05-08, 18:16:56	1689 - antonio.sforza@fastwebnet.it
2014-05-08, 18:16:57	1690 - martavannucci@katamail.com
2014-05-08, 18:16:57	1691 - ovidiozotti@alice.it
2014-05-08, 18:16:58	1692 - estebia@libero.it
2014-05-08, 18:16:58	1693 - furbo@libero.it
2014-05-08, 18:17:00	1694 - gio.peroni@libero.it
2014-05-08, 18:17:00	1695 - laura.bottani@cor-filters.com
2014-05-08, 18:17:00	1696 - susycin@libero.it
2014-05-08, 18:17:01	1697 - annag@pallaalcentro.org
2014-05-08, 18:17:01	1698 - francesca.arianna@tiscali.it
2014-05-08, 18:17:02	1699 - giorgio.baltera@poste.it
2014-05-08, 18:17:03	1700 - ricso@email.it
2014-05-08, 18:17:03	1701 - morenocampagnaro@libero.it
2014-05-08, 18:17:04	1702 - bassetti.federica@libero.it
2014-05-08, 18:17:04	1703 - teriba60@gmail.com
2014-05-08, 18:17:05	1704 - ignaziascioni@tiscali.it
2014-05-08, 18:17:06	1705 - teresa_andriuzzi@hotmail.com
2014-05-08, 18:17:06	1706 - lgdicecilia@yahoo.it
2014-05-08, 18:17:08	1707 - donaguiso@gmail.com
2014-05-08, 18:17:08	1708 - cinti.francesca@gmail.com
2014-05-08, 18:17:08	1709 - carlo.erbetta@gmail.com
2014-05-08, 18:17:09	1710 - robertopiredda@tiscali.it
2014-05-08, 18:17:09	1711 - leggendra@hotmail.com
2014-05-08, 18:17:10	1712 - tiziananove@alice.it
2014-05-08, 18:17:10	1713 - luciazaina@virgilio.it
2014-05-08, 18:17:11	1714 - rcavarero@tiscali.it
2014-05-08, 18:17:12	1715 - gianluca.danelli@gmail.com
2014-05-08, 18:17:12	1716 - info@zonarredo.it
2014-05-08, 18:17:13	1717 - murro.michele@libero.it
2014-05-08, 18:17:13	1718 - roberto.marzulli@memis.it
2014-05-08, 18:17:14	1719 - danielamorghenti@libero.it
2014-05-08, 18:17:15	1720 - bimbacattiva74@tiscali.it
2014-05-08, 18:17:15	1721 - erstero@hotmail.com
2014-05-08, 18:17:16	1722 - frizziclaudia@hotmail.it
2014-05-08, 18:17:16	1723 - laura72li@hotmail.it
2014-05-08, 18:17:17	1724 - andrergt@live.it
2014-05-08, 18:17:18	1725 - paola.smera@gmail.com
2014-05-08, 18:17:19	1726 - mari.magliona@fastwebnet.it
2014-05-08, 18:17:19	1727 - monia.benedetti@hotmail.it
2014-05-08, 18:17:19	1728 - barabino.antonio@tiscali.it
2014-05-08, 18:17:20	1729 - nunzia.vaccalluzzo@poste.it
2014-05-08, 18:17:21	1730 - elena.faes@yahoo.it
2014-05-08, 18:17:21	1731 - dario.boeris@discoveryworld.it
2014-05-08, 18:17:22	1732 - sergio.manduca@yahoo.it
2014-05-08, 18:17:22	1733 - lucimau@tin.it
2014-05-08, 18:17:23	1734 - mariella.cusumano@alice.it
2014-05-08, 18:17:24	1735 - mario.gennari@gammadue.com
2014-05-08, 18:17:24	1736 - theelly@libero.it
2014-05-08, 18:17:25	1737 - robertotamburini@teletu.it
2014-05-08, 18:17:25	1738 - mariangela.nicoli@scovaimpianti.com
2014-05-08, 18:17:26	1739 - eurosvilupposrl@yahoo.it
2014-05-08, 18:17:27	1740 - alex.pacio@tin.it
2014-05-08, 18:17:27	1741 - zamparelly@libero.it
2014-05-08, 18:17:28	1742 - mtb1313@tiscali.it
2014-05-08, 18:17:28	1743 - sandrosimion@gmail.com
2014-05-08, 18:17:29	1744 - guglielmo.pinsone@alice.it
2014-05-08, 18:17:31	1745 - floriana@etsitaly.com
2014-05-08, 18:17:31	1746 - tabaccheriacertelli@tiscali.it
2014-05-08, 18:17:31	1747 - marioferr@live.it
2014-05-08, 18:17:31	1748 - claudiasertore@yahoo.it
2014-05-08, 18:17:32	1749 - betta@artlabhome.com
2014-05-08, 18:17:33	1750 - franksant@tiscali.it
2014-05-08, 18:17:33	1751 - enrico.bina@hotmail.it
2014-05-08, 18:17:34	1752 - silvia.palombini@alice.it
2014-05-08, 18:17:34	1753 - reg68@libero.it
2014-05-08, 18:17:35	1754 - laura.pisani@libero.it
2014-05-08, 18:17:36	1755 - carluccifranco@gmail.com
2014-05-08, 18:17:36	1756 - salerita@hotmail.it
2014-05-08, 18:17:37	1757 - zazi69@email.it
2014-05-08, 18:17:37	1758 - j_peg_tattoo@hotmail.com
2014-05-08, 18:17:38	1759 - al.cona@libero.it
2014-05-08, 18:17:39	1760 - marcamod@gmail.com
2014-05-08, 18:17:39	1761 - morsilli.riccardo@hotmail.it
2014-05-08, 18:17:40	1762 - info@asunis.com
2014-05-08, 18:17:41	1763 - francesca.fancello@yahoo.it
2014-05-08, 18:17:41	1764 - al.con@libero.it
2014-05-08, 18:17:42	1765 - luca@vebiart.it
2014-05-08, 18:17:42	1766 - maripolvan@gmail.com
2014-05-08, 18:17:43	1767 - l.cecchi@geasistemi.it
2014-05-08, 18:17:43	1768 - p.carrelli@sda.it
2014-05-08, 18:17:44	1769 - steven_usai@libero.it
2014-05-08, 18:17:45	1770 - chiaralaffranchi@alice.it
2014-05-08, 18:17:45	1771 - malvezzi.mro@libero.it
2014-05-08, 18:17:46	1772 - giulianaramello@alice.it
2014-05-08, 18:17:46	1773 - luxardi.m@libero.it
2014-05-08, 18:17:47	1774 - adrivero@aliceposta.it
2014-05-08, 18:17:48	1775 - francesca.grispu@gmail.com
2014-05-08, 18:17:48	1776 - toscani.marcello@gmail.com
2014-05-08, 18:17:50	1777 - dentista.panciroli@libero.it
2014-05-08, 18:17:50	1778 - andreacanoa@hotmail.com
2014-05-08, 18:17:50	1779 - adry.arena@gmail.com
2014-05-08, 18:17:51	1780 - supernozzle@hotmail.it
2014-05-08, 18:17:51	1781 - cannava@elbalink.it
2014-05-08, 18:17:52	1782 - salimbeni.p@teletu.it
2014-05-08, 18:17:52	1783 - cicalinialessandro@yahoo.it
2014-05-08, 18:17:53	1784 - info@yulla.it
2014-05-08, 18:17:54	1785 - simonamarinoni65@virgilio.it
2014-05-08, 18:17:54	1786 - amministrazione@cantelliscale.it
2014-05-08, 18:17:55	1787 - maurizio-benetazzo@libero.it
2014-05-08, 18:17:55	1788 - alannima@libero.it
2014-05-08, 18:17:56	1789 - kekka.casa@libero.it
2014-05-08, 18:17:57	1790 - ivanmbonomi@libero.it
2014-05-08, 18:17:57	1791 - ivanmbonomi@gmail.com
2014-05-08, 18:17:58	1792 - dandy81@hotmail.it
2014-05-08, 18:17:58	1793 - adriano.cortesi@tin.it
2014-05-08, 18:18:00	1794 - luisacalloni@yahoo.it
2014-05-08, 18:18:00	1795 - spinaci@hotmail.com
2014-05-08, 18:18:00	1796 - 066626677@fastwebnet.it
2014-05-08, 18:18:01	1797 - ettore.croce@tiscali.it
2014-05-08, 18:18:01	1798 - cristiantartaro@virgilio.it
2014-05-08, 18:18:02	1799 - gionnino@libero.it
2014-05-08, 18:18:03	1800 - remolullo@yahoo.it
2014-05-08, 18:18:03	1801 - marcobrigaglia@yahoo.it
2014-05-08, 18:18:04	1802 - adry.abouzaid@yahoo.it
2014-05-08, 18:18:04	1803 - fvercalli@hotmail.com
2014-05-08, 18:18:05	1804 - francocontini@hotmail.com
2014-05-08, 18:18:06	1805 - specialmec@gmail.com
2014-05-08, 18:18:06	1806 - ramner86@hotmail.it
2014-05-08, 18:18:07	1807 - lucianoalpa@aliceposta.it
2014-05-08, 18:18:07	1808 - info@noleggioferrandi.it
2014-05-08, 18:18:08	1809 - sonia@lilithviaggi.com
2014-05-08, 18:18:10	1810 - sgroonc@libero.it
2014-05-08, 18:18:10	1811 - allieri.gaudi@alice.it
2014-05-08, 18:18:10	1812 - alessandra.angelici@viriglio.it
2014-05-08, 18:18:10	1813 - simotarqui@alice.it
2014-05-08, 18:18:11	1814 - robertocastelli@yahoo.it
2014-05-08, 18:18:12	1815 - francescadimarzo@gmail.com
2014-05-08, 18:18:12	1816 - r.gagliardi@libero.it
2014-05-08, 18:18:13	1817 - l.corat@libero.it
2014-05-08, 18:18:13	1818 - g.debenedetti@libero.it
2014-05-08, 18:18:14	1819 - baby.cotto@hotmail.it
2014-05-08, 18:18:15	1820 - s.dellorto@neusearch.com
2014-05-08, 18:18:15	1821 - g.erlebach@libero.it
2014-05-08, 18:18:17	1822 - millofillo@tiscali.it
2014-05-08, 18:18:17	1823 - claudia.pasti@libero.it
2014-05-08, 18:18:17	1824 - mimmo1965d@libero.it
2014-05-08, 18:18:18	1825 - s.marilu65@gmail.com
2014-05-08, 18:18:18	1826 - spiderwebmangel@gmail.com
2014-05-08, 18:18:19	1827 - firenzesca@alice.it
2014-05-08, 18:18:19	1828 - marilenarogoz@gmail.com
2014-05-08, 18:18:20	1829 - mara@carlet.it
2014-05-08, 18:18:21	1830 - benedetta.planetta@tiscali.it
2014-05-08, 18:18:21	1831 - info@zakiasalli.it
2014-05-08, 18:18:22	1832 - cunzio@unina.it
2014-05-08, 18:18:22	1833 - danilofrancolini@gmail.com
2014-05-08, 18:18:23	1834 - alagiai@interfree.it
2014-05-08, 18:18:24	1835 - marea5326@yahoo.it
2014-05-08, 18:18:24	1836 - m.ninni@bluewin.ch
2014-05-08, 18:18:25	1837 - galloniarredamenti@libero.it
2014-05-08, 18:18:26	1838 - patty.woman@libero.it
2014-05-08, 18:18:26	1839 - janamarielarrass@yahoo.de
2014-05-08, 18:18:27	1840 - maria.marzipan@alice.it
2014-05-08, 18:18:27	1841 - vanessasolinas@volafilm.com
2014-05-08, 18:18:28	1842 - andrea.fiacca@libero.it
2014-05-08, 18:18:28	1843 - matteograziani.mg@libero.it
2014-05-08, 18:18:29	1844 - mesenger@alice.it
2014-05-08, 18:18:30	1845 - ugo.terenzi@tin.it
2014-05-08, 18:18:30	1846 - sandro@gptecnica.com
2014-05-08, 18:18:31	1847 - f.spedo@alice.it
2014-05-08, 18:18:31	1848 - daniela.fiacca@libero.it
2014-05-08, 18:18:32	1849 - tino5962@alice.it
2014-05-08, 18:18:33	1850 - zagoalvaro@alice.it
2014-05-08, 18:18:33	1851 - brigitte-klein@orange.fr
2014-05-08, 18:18:34	1852 - bf.klein@orange.fr
2014-05-08, 18:18:34	1853 - virdis.graziella@tiscali.it
2014-05-08, 18:18:35	1854 - moro@controcorrente.net
2014-05-08, 18:18:37	1855 - giorgio@ferra.com
2014-05-08, 18:18:37	1856 - info@pesarourbino.com
2014-05-08, 18:18:37	1857 - rullo@costa.it
2014-05-08, 18:18:37	1858 - suziewong@virgilio.it
2014-05-08, 18:18:38	1859 - alinarava@gmail.com
2014-05-08, 18:18:39	1860 - karen@libero.it
2014-05-08, 18:18:39	1861 - cervi_a@virgilio.it
2014-05-08, 18:18:40	1862 - chiara.facca@tin.it
2014-05-08, 18:18:40	1863 - info@fogliaverde.it
2014-05-08, 18:18:41	1864 - lineapel@menara.ma
2014-05-08, 18:18:42	1865 - zaksa2004@yahoo.it
2014-05-08, 18:18:42	1866 - cerullo.benedetto@gmail.com
2014-05-08, 18:18:43	1867 - noemi_a@live.it
2014-05-08, 18:18:43	1868 - gotti.a@pg.com
2014-05-08, 18:18:44	1869 - gigarca@gmail.com
2014-05-08, 18:18:45	1870 - darioea@gmail.com
2014-05-08, 18:18:45	1871 - christineliman@aol.com
2014-05-08, 18:18:46	1872 - xkaliburn@gmail.com
2014-05-08, 18:18:46	1873 - nadiya61@tiscali.it
2014-05-08, 18:18:47	1874 - daniele.pezzini@fastwebnet.it
2014-05-08, 18:18:49	1875 - beijerspark@hotmail.com
2014-05-08, 18:18:49	1876 - rosadm54@libero.it
2014-05-08, 18:18:49	1877 - denis.errica@gmail.com
2014-05-08, 18:18:49	1878 - virdis.graziella@azisanrovigo.it
2014-05-08, 18:18:50	1879 - vittorio.palomba@gmail.com
2014-05-08, 18:18:51	1880 - dasela@hotmail.it
2014-05-08, 18:18:51	1881 - a_tenisci@yahoo.com
2014-05-08, 18:18:52	1882 - enrico.fadda@aeronautica.difesa.it
2014-05-08, 18:18:52	1883 - petra.larrass@yahoo.de
2014-05-08, 18:18:53	1884 - ianni.dante@tiscali.it
2014-05-08, 18:18:54	1885 - buivan_tai@hotmail.com
2014-05-08, 18:18:54	1886 - sassaia@libero.it
2014-05-08, 18:18:55	1887 - piana.rdcontrol@libero.it
2014-05-08, 18:18:55	1888 - luciafarmacia@libero.it
2014-05-08, 18:18:56	1889 - vito.caponigro@tin.it
2014-05-08, 18:18:57	1890 - violapao@hotmail.it
2014-05-08, 18:18:57	1891 - compbassnc@yahoo.it
2014-05-08, 18:18:58	1892 - darkmarco69@hotmail.it
2014-05-08, 18:18:59	1893 - segretario.anmg@yahoo.it
2014-05-08, 18:18:59	1894 - martino@quipo.it
2014-05-08, 18:19:00	1895 - gigavisir@gmail.com
2014-05-08, 18:19:00	1896 - d_tokovic@libero.it
2014-05-08, 18:19:01	1897 - e.bartarelli@arpat.toscana.it
2014-05-08, 18:19:01	1898 - gris.saride@gmail.com
2014-05-08, 18:19:03	1899 - corrado.sodano@zf.com
2014-05-08, 18:19:03	1900 - corrado.sodano@aliceposta.it
2014-05-08, 18:19:03	1901 - rocicara1828@libero.it
2014-05-08, 18:19:04	1902 - elenacoppola@libero.it
2014-05-08, 18:19:04	1903 - amosfioravanti@libero.it
2014-05-08, 18:19:05	1904 - agostini63@libero.it
2014-05-08, 18:19:06	1905 - albertosteffan@yahoo.it
2014-05-08, 18:19:06	1906 - momizanda@tin.it
2014-05-08, 18:19:07	1907 - pasquale.vitale@email.it
2014-05-08, 18:19:07	1908 - agostinopiccinali@scame.com
2014-05-08, 18:19:08	1909 - info@gigliopresent.it
2014-05-08, 18:19:09	1910 - annacard71@libero.it
2014-05-08, 18:19:09	1911 - decillis2006@yahoo.it
2014-05-08, 18:19:10	1912 - santonisim@tiscali.it
2014-05-08, 18:19:10	1913 - gp.fedeli@libero.it
2014-05-08, 18:19:11	1914 - epacitellini@hotmail.it
2014-05-08, 18:19:12	1915 - jerzyf@hotmail.com
2014-05-08, 18:19:12	1916 - mirkomastrantonio@hotmail.it
2014-05-08, 18:19:14	1917 - zoe.ghittu@alice.it
2014-05-08, 18:19:14	1918 - benvenuti70@gmail.com
2014-05-08, 18:19:14	1919 - cristianamoncini@libero.it
2014-05-08, 18:19:15	1920 - frachizzo@yahoo.it
2014-05-08, 18:19:15	1921 - avenamauro@alice.it
2014-05-08, 18:19:16	1922 - info@massimilianovidoni.it
2014-05-08, 18:19:16	1923 - roberta.cardamone@esteri.it
2014-05-08, 18:19:17	1924 - tiziana.privitello@lispa.it
2014-05-08, 18:19:18	1925 - mariangela_miotti@fastwebnet.it
2014-05-08, 18:19:18	1926 - valentina.delmonte@alice.it
2014-05-08, 18:19:19	1927 - grazia.parolin@poste.it
2014-05-08, 18:19:19	1928 - mp999@email.it
2014-05-08, 18:19:20	1929 - mp999@libero.it
2014-05-08, 18:19:21	1930 - info@centromutuisas.it
2014-05-08, 18:19:21	1931 - enrico_i@inwind.it
2014-05-08, 18:19:22	1932 - carlo@ilperlo.com
2014-05-08, 18:19:23	1933 - radames.lain@gmail.com
2014-05-08, 18:19:23	1934 - rita.rossetto@istruzione.it
2014-05-08, 18:19:24	1935 - agostino.marinucci@gmail.com
2014-05-08, 18:19:24	1936 - lorymars@tiscali.it
2014-05-08, 18:19:25	1937 - naike.molinelli@gmail.com
2014-05-08, 18:19:25	1938 - bidam@libero.it
2014-05-08, 18:19:26	1939 - proget2000@gmail.com
2014-05-08, 18:19:27	1940 - robertamarando@yahoo.it
2014-05-08, 18:19:27	1941 - angy.lucchese@alice.it
2014-05-08, 18:19:28	1942 - roberto.tadei@polito.it
2014-05-08, 18:19:28	1943 - g.barone_71@libero.it
2014-05-08, 18:19:29	1944 - marco63@vodafone.it
2014-05-08, 18:19:30	1945 - asuago@gmail.com
2014-05-08, 18:19:30	1946 - poppay58@alice.it
2014-05-08, 18:19:31	1947 - robylli@yahoo.it
2014-05-08, 18:19:31	1948 - pippo.pippo363@virgilio.it
2014-05-08, 18:19:32	1949 - chiarettaseb@gmail.com
2014-05-08, 18:19:33	1950 - salvatore0109@hotmail.it
2014-05-08, 18:19:34	1951 - tecnufficio@siciliamercato.it
2014-05-08, 18:19:34	1952 - emil.c@alice.it
2014-05-08, 18:19:34	1953 - giancarloluna@libero.it
2014-05-08, 18:19:35	1954 - botinda@libero.it
2014-05-08, 18:19:36	1955 - redkillarney@yahoo.it
2014-05-08, 18:19:36	1956 - rizziera35@yahoo.it
2014-05-08, 18:19:37	1957 - monichamp@libero.it
2014-05-08, 18:19:37	1958 - marziafioretti@yahoo.it
2014-05-08, 18:19:38	1959 - zamax66@gmail.com
2014-05-08, 18:19:39	1960 - isabella.mancuso@libero.it
2014-05-08, 18:19:39	1961 - info@lorelladeluca.it
2014-05-08, 18:19:40	1962 - vitlambrini@alice.it
2014-05-08, 18:19:40	1963 - info@utenservice.it
2014-05-08, 18:19:41	1964 - sergioturghi@hotmail.it
2014-05-08, 18:19:42	1965 - athleticstudio@teletu.it
2014-05-08, 18:19:42	1966 - shilova@inbox.ru
2014-05-08, 18:19:43	1967 - matteo.bartolomeo80@gmail.com
2014-05-08, 18:19:43	1968 - angelo_tancredi@fastwebnet.it
2014-05-08, 18:19:44	1969 - makius83@hotmail.com
2014-05-08, 18:19:46	1970 - wiltrial4_ever@hotmail.it
2014-05-08, 18:19:46	1971 - tricia1964@alice.it
2014-05-08, 18:19:46	1972 - susike@virgilio.it
2014-05-08, 18:19:46	1973 - marinella.pellenghi@puntooffset.it
2014-05-08, 18:19:47	1974 - carlogif@tiscali.it
2014-05-08, 18:19:48	1975 - m_i_r_k_o93@hotmail.com
2014-05-08, 18:19:48	1976 - irenebellotto@libero.it
2014-05-08, 18:19:49	1977 - enoc1@fastwebnet.it
2014-05-08, 18:19:49	1978 - giusyfumarola@hotmail.com
2014-05-08, 18:19:50	1979 - eraldo.berti@libero.it
2014-05-08, 18:19:51	1980 - spene.salvatore@libero.it
2014-05-08, 18:19:51	1981 - g.giardina@tiscali.it
2014-05-08, 18:19:52	1982 - sonja@jeran.de
2014-05-08, 18:19:52	1983 - chiara.gale@hotmail.it
2014-05-08, 18:19:53	1984 - noracaputi@alice.it
2014-05-08, 18:19:55	1985 - vgaido@tiscali.it
2014-05-08, 18:19:55	1986 - simonacaponigro@virgilio.it
2014-05-08, 18:19:55	1987 - martellinos@yahoo.it
2014-05-08, 18:19:55	1988 - benedetto.proce@cbsp.it
2014-05-08, 18:19:56	1989 - beanmaviil@libero.it
2014-05-08, 18:19:57	1990 - diana2472@gmail.com
2014-05-08, 18:19:57	1991 - cristina_cb@tiscali.it
2014-05-08, 18:19:58	1992 - ingasib@yahoo.com
2014-05-08, 18:19:58	1993 - chiara_gio@libero.it
2014-05-08, 18:19:59	1994 - mario.neffat@vicolor.191.it
2014-05-08, 18:20:00	1995 - antonio.marinetti@libero.it
2014-05-08, 18:20:00	1996 - fabianapigliucci@libero.it
2014-05-08, 18:20:01	1997 - sebastiano.ladu@libero.it
2014-05-08, 18:20:01	1998 - antonella.pic@teletu.it
2014-05-08, 18:20:02	1999 - baldiservice@gmail.com
2014-05-08, 18:20:03	2000 - nadia.teruzzi@alice.it
2014-05-08, 18:20:03	2001 - alberto@omrsrl.it
2014-05-08, 18:20:04	2002 - subitodalei@hotmail.it
2014-05-08, 18:20:05	2003 - sidasuperkikka@alice.it
2014-05-08, 18:20:05	2004 - bbarby_888@hotmail.com
2014-05-08, 18:20:06	2005 - galuppi32@libero.it
2014-05-08, 18:20:06	2006 - stefano.cantaroni@libero.it
2014-05-08, 18:20:07	2007 - consuelobert@libero.it
2014-05-08, 18:20:07	2008 - mariangela.nicoli@gmail.com
2014-05-08, 18:20:08	2009 - rt.malaspina@yahoo.it
2014-05-08, 18:20:09	2010 - gabriz@libero.it
2014-05-08, 18:20:09	2011 - pascolipaola@libero.it
2014-05-08, 18:20:10	2012 - cadenoni@tiscali.it
2014-05-08, 18:20:10	2013 - mottantonio@alice.it
2014-05-08, 18:20:11	2014 - luchigno.torre@gmail.com
2014-05-08, 18:20:12	2015 - gaia.bisconti@gmail.com
2014-05-08, 18:20:12	2016 - arequipa@genie.it
2014-05-08, 18:20:13	2017 - christianbortone@hotmail.it
2014-05-08, 18:20:13	2018 - info@3dsystem.it
2014-05-08, 18:20:14	2019 - chiaragirelli@alice.it
2014-05-08, 18:20:15	2020 - vincenzogallarizzo@libero.it
2014-05-08, 18:20:16	2021 - carmen.genovesi@gmail.com
2014-05-08, 18:20:16	2022 - andreagiaquinta@libero.it
2014-05-08, 18:20:16	2023 - lilien@live.it
2014-05-08, 18:20:17	2024 - margherita@tin.it
2014-05-08, 18:20:18	2025 - bgiancani@gmail.com
2014-05-08, 18:20:18	2026 - jean59@excite.it
2014-05-08, 18:20:19	2027 - samanta.todeschini@alice.it
2014-05-08, 18:20:19	2028 - gabritica@gmail.com
2014-05-08, 18:20:20	2029 - miluna_n@libero.it
2014-05-08, 18:20:21	2030 - fabio.pompei2@tin.it
2014-05-08, 18:20:21	2031 - mirko@astercucine.it
2014-05-08, 18:20:22	2032 - info@marradi-mc.it
2014-05-08, 18:20:22	2033 - framarchesi@libero.it
2014-05-08, 18:20:23	2034 - danielamascolo@hotmail.com
2014-05-08, 18:20:24	2035 - rob.fir@gmail.com
2014-05-08, 18:20:24	2036 - miriam@macdue.eu
2014-05-08, 18:20:25	2037 - clauflame@hotmail.com
2014-05-08, 18:20:26	2038 - ange.nardo@inwind.it
2014-05-08, 18:20:26	2039 - antony970@virgilio.it
2014-05-08, 18:20:27	2040 - m.terzani@alice.it
2014-05-08, 18:20:27	2041 - cristianagazzani@fastwebnet.it
2014-05-08, 18:20:28	2042 - rosinisandra@libero.it
2014-05-08, 18:20:28	2043 - marilenaruiu@tiscali.it
2014-05-08, 18:20:29	2044 - marina.cantarello@alice.it
2014-05-08, 18:20:30	2045 - marco.aschieri@alice.it
2014-05-08, 18:20:30	2046 - michelon.lo@tiscali.it
2014-05-08, 18:20:31	2047 - vallemaky@libero.it
2014-05-08, 18:20:31	2048 - federicatullo@studiotullo.com
2014-05-08, 18:20:32	2049 - farmstorelli@libero.it
2014-05-08, 18:20:33	2050 - claudia.bel@libero.it
2014-05-08, 18:20:33	2051 - nhnoale@gmail.com
2014-05-08, 18:20:34	2052 - casarossa1@virgilio.it
2014-05-08, 18:20:34	2053 - federica.cardia@gmail.com
2014-05-08, 18:20:35	2054 - rariramarri@libero.it
2014-05-08, 18:20:36	2055 - falconepo@gmail.com
2014-05-08, 18:20:36	2056 - nicolettadanieli@hotmail.com
2014-05-08, 18:20:38	2057 - omy.dea.vale46@live.it
2014-05-08, 18:20:38	2058 - rcadau@tiscali.it
2014-05-08, 18:20:39	2060 - cornetta.assunta@tiscali.it
2014-05-08, 18:20:39	2061 - cmalvolti@silcompa.it
2014-05-08, 18:20:40	2062 - mmarchetti17@hotmail.com
2014-05-08, 18:20:40	2063 - pietrini66@hotmail.com
2014-05-08, 18:20:41	2064 - irene.gabellone@libero.it
2014-05-08, 18:20:42	2065 - albertsem@alice.it
2014-05-08, 18:20:42	2066 - tizianaesposito@libero.it
2014-05-08, 18:20:43	2067 - zenric@libero.it
2014-05-08, 18:20:43	2068 - icolarossi@tiscali.it
2014-05-08, 18:20:44	2069 - nadietta1983@libero.it
2014-05-08, 18:20:45	2070 - paola.marcheselli@libero.it
2014-05-08, 18:20:45	2071 - stefanobuc@alice.it
2014-05-08, 18:20:46	2072 - cuccasa@tiscali.it
2014-05-08, 18:20:46	2073 - elicip@libero.it
2014-05-08, 18:20:47	2074 - fidia.mg@libero.it
2014-05-08, 18:20:49	2075 - saulo77@yahoo.it
2014-05-08, 18:20:49	2076 - jcj_1981@hotmail.com
2014-05-08, 18:20:49	2077 - sara78max@gmail.com
2014-05-08, 18:20:49	2078 - ale.ruedamolina@gmail.com
2014-05-08, 18:20:50	2079 - mm8159@gmail.com
2014-05-08, 18:20:51	2080 - df@huhnseal.se
2014-05-08, 18:20:51	2081 - paolaallegri@libero.it
2014-05-08, 18:20:52	2082 - maurizionavarra1@tin.it
2014-05-08, 18:20:52	2083 - stefy.z@libero.it
2014-05-08, 18:20:53	2084 - pasosurf@libero.it
2014-05-08, 18:20:54	2085 - lfondrini@yahoo.it
2014-05-08, 18:20:54	2086 - casarustica@rdslink.ro
2014-05-08, 18:20:55	2087 - violet.grant@email.it
2014-05-08, 18:20:55	2088 - tecnoclimaketty@libero.it
2014-05-08, 18:20:56	2089 - ing66@yahoo.it
2014-05-08, 18:20:57	2090 - avv.nebiolo@libero.it
2014-05-08, 18:20:57	2091 - lu.luciana@tiscali.it
2014-05-08, 18:20:58	2092 - info@carthusiacostruzioni.it
2014-05-08, 18:20:59	2093 - elisab.oro@libero.it
2014-05-08, 18:20:59	2094 - gwtheiner@t-online.de
2014-05-08, 18:21:00	2095 - marina.sinatra@tiscali.it
2014-05-08, 18:21:00	2096 - cristinafaerber@web.de
2014-05-08, 18:21:01	2097 - luca@valerio.cc
2014-05-08, 18:21:01	2098 - antesys2@yahoo.it
2014-05-08, 18:21:02	2099 - cordegliosandro2@gmail.com
2014-05-08, 18:21:03	2100 - christophe@carbognin.com
2014-05-08, 18:21:03	2101 - enrico.ghisellini@teletu.it
2014-05-08, 18:21:04	2102 - noccioleo@alice.it
2014-05-08, 18:21:04	2103 - vera.rondi@yahoo.it
2014-05-08, 18:21:05	2104 - peccoraridavide@gmail.com
2014-05-08, 18:21:06	2105 - marta.tagliani@studio.unibo.it
2014-05-08, 18:21:06	2106 - t.castagna@wintec.net
2014-05-08, 18:21:07	2107 - antonellabissiri@hotmail.it
2014-05-08, 18:21:07	2108 - cignali@hotmail.com
2014-05-08, 18:21:08	2109 - patriziamaschio@inwind.it
2014-05-08, 18:21:09	2110 - saratoniolli@yahoo.it
2014-05-08, 18:21:10	2111 - gnicosia39@alice.it
2014-05-08, 18:21:10	2112 - admin.mind@gmail.com
2014-05-08, 18:21:10	2113 - rosanna.amendola@libero.it
2014-05-08, 18:21:11	2114 - dario.bizzaro@libero.it
2014-05-08, 18:21:12	2115 - mt7945@gmail.com
2014-05-08, 18:21:12	2116 - paola.collini@alice.it
2014-05-08, 18:21:13	2117 - eleventh@alice.it
2014-05-08, 18:21:13	2118 - chiara-giusti@virgilio.it
2014-05-08, 18:21:14	2119 - michele.j@teletu.it
2014-05-08, 18:21:15	2120 - rossana.rocca03@gmail.com
2014-05-08, 18:21:15	2121 - adeleo50@gmail.com
2014-05-08, 18:21:16	2122 - sabinafirenze@libero.it
2014-05-08, 18:21:16	2123 - giovannatilocca@hotmail.it
2014-05-08, 18:21:17	2124 - stefimara@libero.it
2014-05-08, 18:21:18	2125 - cristian.spelta@alice.it
2014-05-08, 18:21:18	2126 - albertcosta@libero.it
2014-05-08, 18:21:19	2127 - albegin@libero.it
2014-05-08, 18:21:19	2128 - linajackson@live.it
2014-05-08, 18:21:20	2129 - smarchiodi@gmail.com
2014-05-08, 18:21:22	2130 - fabrix17@gmail.com
2014-05-08, 18:21:22	2131 - nicolacolombo11@virgilio.it
2014-05-08, 18:21:22	2132 - giorgia.baceda@gmail.com
2014-05-08, 18:21:22	2133 - ilcastagno@live.it
2014-05-08, 18:21:23	2134 - luigi.cimino17@alice.it
2014-05-08, 18:21:24	2135 - marinella.gargano@libero.it
2014-05-08, 18:21:24	2136 - p.varolo@basicline.it
2014-05-08, 18:21:25	2137 - carlomaniero@tiscali.it
2014-05-08, 18:21:25	2138 - rzappitelli@virgilio.it
2014-05-08, 18:21:26	2139 - lovadina.sa@gmail.com
2014-05-08, 18:21:27	2140 - ricautobusto@libero.it
2014-05-08, 18:21:27	2141 - mullacecarolina@libero.it
2014-05-08, 18:21:28	2142 - scalemar@inwind.it
2014-05-08, 18:21:28	2143 - moira.ape@tiscali.it
2014-05-08, 18:21:29	2144 - msolano82@hotmail.com
2014-05-08, 18:21:30	2145 - gianlucaorlandi1@virgilio.it
2014-05-08, 18:21:30	2146 - angela.salomoni@alice.it
2014-05-08, 18:21:32	2147 - giusidesiderati@libero.it
2014-05-08, 18:21:32	2148 - a.achille@intermed.it
2014-05-08, 18:21:32	2149 - paolo@omega3srl.com
2014-05-08, 18:21:33	2150 - nespola92@live.it
2014-05-08, 18:21:33	2151 - a.barlettani@gigliopresent.it
2014-05-08, 18:21:34	2152 - zio.cesco@gmail.com
2014-05-08, 18:21:34	2153 - valedance@gmail.com
2014-05-08, 18:21:35	2154 - claminny17@gmail.com
2014-05-08, 18:21:36	2155 - cinzia_dalsa@yahoo.it
2014-05-08, 18:21:36	2156 - fiorellab76@libero.it
2014-05-08, 18:21:37	2157 - rmm.margutti@gmail.com
2014-05-08, 18:21:37	2158 - cristinaporciatti@tiscali.it
2014-05-08, 18:21:38	2159 - corramarco@libero.it
2014-05-08, 18:21:39	2160 - fedina1986@yahoo.it
2014-05-08, 18:21:39	2161 - scott78@alice.it
2014-05-08, 18:21:40	2162 - nicomarzi@aliceposta.it
2014-05-08, 18:21:41	2163 - pbattaglia@comune.comacchio.fe.it
2014-05-08, 18:21:41	2164 - f.delgar@gmail.com
2014-05-08, 18:21:42	2165 - alefasano1982@libero.it
2014-05-08, 18:21:42	2166 - tiziland@tiscali.it
2014-05-08, 18:21:43	2167 - 24corso@live.it
2014-05-08, 18:21:43	2168 - giuliacal@inwind.it
2014-05-08, 18:21:44	2169 - mcolombo4@alice.it
2014-05-08, 18:21:45	2170 - andrea-twr@virgilio.it
2014-05-08, 18:21:45	2171 - efrisica@cisco.com
2014-05-08, 18:21:46	2172 - ste.nas@live.it
2014-05-08, 18:21:46	2173 - eli3773@tiscali.it
2014-05-08, 18:21:47	2174 - aurald@libero.it
2014-05-08, 18:21:48	2175 - aldighieripaolo@virgilio.it
2014-05-08, 18:21:48	2176 - sabrinagsm@libero.it
2014-05-08, 18:21:49	2177 - gnacky@gmail.com
2014-05-08, 18:21:49	2178 - elenafeltrin@libero.it
2014-05-08, 18:21:50	2179 - eduda@fastebnet.it
2014-05-08, 18:21:51	2180 - fabio.comi@unicatt.it
2014-05-08, 18:21:52	2181 - silza@tiscali.it
2014-05-08, 18:21:52	2182 - dariobarone@hotmail.com
2014-05-08, 18:21:52	2183 - monica_butti@alice.it
2014-05-08, 18:21:53	2184 - daniela@dadda.org
2014-05-08, 18:21:54	2185 - massimiliano.paggiaro@gmail.com
2014-05-08, 18:21:54	2186 - patrizia_chiavetta@libero.it
2014-05-08, 18:21:55	2187 - iospagna@yahoo.it
2014-05-08, 18:21:55	2188 - amministrazionepatrizia@gmail.com
2014-05-08, 18:21:56	2189 - monicamazz@libero.it
2014-05-08, 18:21:57	2190 - ursula.eva52@gmail.com
2014-05-08, 18:21:57	2191 - marcodauria@libero.it
2014-05-08, 18:21:58	2192 - saracinesca@gmail.com
2014-05-08, 18:21:58	2193 - antonioadriana.pisani@gmail.com
2014-05-08, 18:21:59	2194 - werner.bertotti@wk-cb.bz.it
2014-05-08, 18:22:01	2195 - pierina@sideaspezie.com
2014-05-08, 18:22:01	2196 - artioli59@libero.it
2014-05-08, 18:22:01	2197 - info@area52park.com
2014-05-08, 18:22:01	2198 - salvat1@inwind.it
2014-05-08, 18:22:02	2199 - campionecostruzioni@alice.it
2014-05-08, 18:22:03	2200 - antoo28@libero.it
2014-05-08, 18:22:03	2201 - domenicabornago@libero.it
2014-05-08, 18:22:04	2202 - verpi@libero.it
2014-05-08, 18:22:04	2203 - viviana.cartia@alice.it
2014-05-08, 18:22:05	2204 - giuseppe_muraca@libero.it
2014-05-08, 18:22:06	2205 - mlodzikowski@gmail.com
2014-05-08, 18:22:06	2206 - info@ilclic.it
2014-05-08, 18:22:07	2207 - beda.m@libero.it
2014-05-08, 18:22:07	2208 - edita.granatir.lapuh@gmail.com
2014-05-08, 18:22:08	2209 - carmiglo@yahoo.it
2014-05-08, 18:22:09	2210 - magri.cristina@mtvne.com
2014-05-08, 18:22:09	2211 - orlandini.max@tiscali.it
2014-05-08, 18:22:10	2212 - vittoria.tosoni@trager.it
2014-05-08, 18:22:11	2213 - fatture@basicline.it
2014-05-08, 18:22:11	2214 - lcolombi@alice.it
2014-05-08, 18:22:12	2215 - pasquale.ciani@libero.it
2014-05-08, 18:22:12	2216 - elia_andrea90@libero.it
2014-05-08, 18:22:13	2217 - she@barbaralazzerini.it
2014-05-08, 18:22:13	2218 - info@cadellacorte.com
2014-05-08, 18:22:14	2219 - giusitrematerra@gmail.com
2014-05-08, 18:22:15	2220 - pacinielisa@libero.it
2014-05-08, 18:22:15	2221 - giuslavoro@gmail.com
2014-05-08, 18:22:16	2222 - robertabellan@libero.it
2014-05-08, 18:22:16	2223 - tvittoria@tiscali.it
2014-05-08, 18:22:17	2224 - syerzing2003@yahoo.it
2014-05-08, 18:22:18	2225 - totocannella@hotmail.com
2014-05-08, 18:22:18	2226 - m27887@hotmail.com
2014-05-08, 18:22:19	2227 - mpbiondi@alice.it
2014-05-08, 18:22:19	2228 - johnbutton_2000@yahoo.com
2014-05-08, 18:22:21	2229 - stefano.biddocchi@alice.it
2014-05-08, 18:22:21	2230 - drlucio@tiscali.it
2014-05-08, 18:22:21	2231 - emy.m@tiscali.it
2014-05-08, 18:22:22	2232 - maribald@tiscali.it
2014-05-08, 18:22:22	2233 - marilenatorlone@tiscalinet.it
2014-05-08, 18:22:23	2234 - made@email.it
2014-05-08, 18:22:24	2235 - cld.agostini@gmail.com
2014-05-08, 18:22:24	2236 - fabio.pika@alice.it
2014-05-08, 18:22:25	2237 - siricky@tin.it
2014-05-08, 18:22:25	2238 - roberto.fabbri@dulca.com
2014-05-08, 18:22:26	2239 - beatrice.mocetti@unicredit.eu
2014-05-08, 18:22:27	2240 - antonio.pessolano@gmail.com
2014-05-08, 18:22:27	2241 - 79.dan@libero.it
2014-05-08, 18:22:28	2242 - rballasina@hotmail.com
2014-05-08, 18:22:28	2243 - klaudeing@yaoo.it
2014-05-08, 18:22:29	2244 - maurino.ricci@alice.it
2014-05-08, 18:22:30	2245 - presuminet@alice.it
2014-05-08, 18:22:30	2246 - paola@autostazionebo.it
2014-05-08, 18:22:32	2247 - luca7806@gmail.com
2014-05-08, 18:22:32	2248 - test@test.com
2014-05-08, 18:22:32	2249 - michele.puccio@gmail.com
2014-05-08, 18:22:33	2250 - blu.elle@libero.it
2014-05-08, 18:22:33	2251 - info@micaelaic.it
2014-05-08, 18:22:34	2252 - werner.uschi@acor.de
2014-05-08, 18:22:34	2253 - asino64@hotmail.it
2014-05-08, 18:22:35	2254 - dallolios@hotmail.com
2014-05-08, 18:22:36	2255 - vitgul@alice.it
2014-05-08, 18:22:36	2256 - ivan.perina1@gmail.com
2014-05-08, 18:22:37	2257 - roberto.bani@dedalus.eue
2014-05-08, 18:22:37	2258 - bb_totonelli@yahoo.it
2014-05-08, 18:22:38	2259 - balgi@libero.it
2014-05-08, 18:22:39	2260 - davide.raimondi@gmail.com
2014-05-08, 18:22:39	2261 - luciotano@virgilio.it
2014-05-08, 18:22:40	2262 - brontolina69@live.it
2014-05-08, 18:22:40	2263 - am.posta@cheapnet.it
2014-05-08, 18:22:41	2264 - giacomellifrancesco@tin.it
2014-05-08, 18:22:43	2265 - lamberto.bottazzi@gmail.com
2014-05-08, 18:22:43	2266 - lavie@libero.it
2014-05-08, 18:22:43	2267 - giusy.cordedda@alice.it
2014-05-08, 18:22:43	2268 - campanellavale@hotmail.it
2014-05-08, 18:22:44	2269 - ginogina91@libero.it
2014-05-08, 18:22:45	2270 - vale.rovoletto@virgilio.it
2014-05-08, 18:22:45	2271 - barcarolilara@libero.it
2014-05-08, 18:22:46	2272 - annamaria.iannace@libero.it
2014-05-08, 18:22:46	2273 - frenky582000@yahoo.it
2014-05-08, 18:22:47	2274 - bullet2011@libero.it
2014-05-08, 18:22:48	2275 - antsar@libero.it
2014-05-08, 18:22:48	2276 - egon_ricciardelli@festo.com
2014-05-08, 18:22:49	2277 - holistic@caisse.it
2014-05-08, 18:22:49	2278 - francesca.mandalari@libero.it
2014-05-08, 18:22:51	2279 - chiaradb@neuf.fr
2014-05-08, 18:22:51	2280 - alex_del@hotmail.it
2014-05-08, 18:22:51	2281 - frguarino@lavorogov.it
2014-05-08, 18:22:52	2282 - rcigola@gmx.net
2014-05-08, 18:22:52	2283 - eloise.liguoro@hotmail.it
2014-05-08, 18:22:53	2284 - rpcaserta@vodafone.it
2014-05-08, 18:22:54	2285 - marina.gentili.206@istruzione.it
2014-05-08, 18:22:54	2286 - prova@prova.it
2014-05-08, 18:22:55	2287 - elo.b@hotmail.it
2014-05-08, 18:22:55	2288 - alessandra.giamattei@gmail.com
2014-05-08, 18:22:56	2289 - brandonisio.michele@alice.it
2014-05-08, 18:22:57	2290 - archi_pn@libero.it
2014-05-08, 18:22:57	2291 - valentina_dr@yahoo.it
2014-05-08, 18:22:58	2292 - mariannavit@interfree.it
2014-05-08, 18:22:58	2293 - ermirashalza@libero.it
2014-05-08, 18:22:59	2294 - magherini.m@tin.it
2014-05-08, 18:23:00	2295 - roberto.bani@gmail.com
2014-05-08, 18:23:00	2296 - elebeleriga@gmail.com
2014-05-08, 18:23:02	2297 - shop_amina@hotmail.it
2014-05-08, 18:23:02	2298 - lucyneon2010@gmail.com
2014-05-08, 18:23:02	2299 - danugo@alice.it
2014-05-08, 18:23:03	2300 - profgianlucaserafini@gmail.com
2014-05-08, 18:23:03	2301 - nuccio@akrea.it
2014-05-08, 18:23:04	2302 - fetenterica76@virgilio.it
2014-05-08, 18:23:04	2303 - nick.battista@tiscali.it
2014-05-08, 18:23:05	2304 - orlinet@tiscali.it
2014-05-08, 18:23:06	2305 - legalita@email.it
2014-05-08, 18:23:06	2306 - raffaella.belardinelli@fastwebnet.it
2014-05-08, 18:23:07	2307 - morny@hotmail.it
2014-05-08, 18:23:07	2308 - lauradipofi@gmail.com
2014-05-08, 18:23:08	2309 - tiziananove@ymail.com
2014-05-08, 18:23:09	2310 - sara_sandrini@libero.it
2014-05-08, 18:23:09	2311 - p-enrico@libero.it
2014-05-08, 18:23:10	2312 - bmirene@libero.it
2014-05-08, 18:23:10	2313 - lodifab@gmail.com
2014-05-08, 18:23:11	2314 - katiadm@libero.it
2014-05-08, 18:23:13	2315 - corradini.riccardo@venetesteel.com
2014-05-08, 18:23:13	2316 - ldipofi@libero.it
2014-05-08, 18:23:13	2317 - solcia.antonella@tiscali.it
2014-05-08, 18:23:13	2318 - stursano@tin.it
2014-05-08, 18:23:14	2319 - antoniofresiello@gmail.com
2014-05-08, 18:23:15	2320 - atronconi82@gmail.com
2014-05-08, 18:23:15	2321 - giorgiomaria1973@libero.it
2014-05-08, 18:23:16	2322 - giovannaguarracino@gmail.com
2014-05-08, 18:23:16	2323 - collinidaniela@virgilio.it
2014-05-08, 18:23:17	2324 - bonardifamily@gmail.com
2014-05-08, 18:23:18	2325 - melange@simail.it
2014-05-08, 18:23:18	2326 - guzzinati@simail.it
2014-05-08, 18:23:19	2327 - chiccosar@virgilio.it
2014-05-08, 18:23:19	2328 - portbono@libero.it
2014-05-08, 18:23:20	2329 - dbtmerli@gmail.com
2014-05-08, 18:23:22	2330 - alex_mattei@msn.com
2014-05-08, 18:23:22	2331 - stan46@libero.it
2014-05-08, 18:23:22	2332 - monica_cat@hotmail.it
2014-05-08, 18:23:22	2333 - soniademicheli@gmail.com
2014-05-08, 18:23:23	2334 - a.scialanga@sda.it
2014-05-08, 18:23:24	2335 - bremrig@yahoo.it
2014-05-08, 18:23:24	2336 - fabrizio.parasiliti@bnlmail.com
2014-05-08, 18:23:25	2337 - cicciofinlandia@hotmail.it
2014-05-08, 18:23:25	2338 - anna.scialanga@virgilio.it
2014-05-08, 18:23:26	2339 - augustodangelosante@tiscali.it
2014-05-08, 18:23:27	2340 - eldo.menin@libero.it
2014-05-08, 18:23:27	2341 - leoricci@tiscali.it
2014-05-08, 18:23:28	2342 - miello1967@libero.it
2014-05-08, 18:23:28	2343 - stefanelli.aqualita@gmail.com
2014-05-08, 18:23:29	2344 - moffina@libero.it
2014-05-08, 18:23:30	2345 - marchito16@hotmail.com
2014-05-08, 18:23:30	2346 - sgobbi@racine.ra.it
2014-05-08, 18:23:32	2347 - waltervannucchi@me.com
2014-05-08, 18:23:32	2348 - graziellaciabattoni@libero.it
2014-05-08, 18:23:32	2349 - rosaria.visciano@hotmail.it
2014-05-08, 18:23:33	2350 - info@villadellacertosa.it
2014-05-08, 18:23:33	2351 - iosub.maria@hotmail.it
2014-05-08, 18:23:34	2352 - barbara.riva@googlemail.com
2014-05-08, 18:23:34	2353 - admin@valmec.it
2014-05-08, 18:23:35	2354 - lorenzogpg@hotmail.it
2014-05-08, 18:23:36	2355 - demone.alatos@libero.it
2014-05-08, 18:23:36	2356 - astrea.belic@hotmail.it
2014-05-08, 18:23:37	2357 - sabrinat@fastwebmail.it
2014-05-08, 18:23:37	2358 - s.innov@virgilio.it
2014-05-08, 18:23:38	2359 - mariogambino64@gmail.com
2014-05-08, 18:23:40	2360 - linabernar@gmail.com
2014-05-08, 18:23:40	2361 - umoneta@libero.it
2014-05-08, 18:23:40	2362 - o.laurentia@gmail.com
2014-05-08, 18:23:40	2363 - frguarino@lavoro.gov.it
2014-05-08, 18:23:41	2364 - lady-alina@hotmail.it
2014-05-08, 18:23:42	2365 - robertadinat@hotmail.it
2014-05-08, 18:23:42	2366 - aldmazz@libero.it
2014-05-08, 18:23:43	2367 - edoardo.zetti91@gmail.com
2014-05-08, 18:23:43	2368 - ing.pasqualecataldo@libero.it
2014-05-08, 18:23:44	2369 - vannamot@gmail.com
2014-05-08, 18:23:45	2370 - gaia.uras@virgilio.it
2014-05-08, 18:23:45	2371 - sbargauan@tiscali.it
2014-05-08, 18:23:46	2372 - corrado.pezzotti@fastweb.it
2014-05-08, 18:23:46	2373 - sb1958@libero.it
2014-05-08, 18:23:47	2374 - ale_tinti@yahoo.it
2014-05-08, 18:23:48	2375 - ornella.tarter@gmail.com
2014-05-08, 18:23:48	2376 - patriziaizirtap@hotmail.it
2014-05-08, 18:23:50	2377 - gial@virgilio.it
2014-05-08, 18:23:50	2378 - antcristina@libero.it
2014-05-08, 18:23:50	2379 - rego.gia@vodafone.it
2014-05-08, 18:23:51	2380 - redacian@yahoo.it
2014-05-08, 18:23:51	2381 - vincenzo@anella.it
2014-05-08, 18:23:52	2382 - duzzi76@libero.it
2014-05-08, 18:23:52	2383 - androsi1508@alice.it
2014-05-08, 18:23:53	2384 - animus.anima@libero.it
2014-05-08, 18:23:54	2385 - info@gigio.net
2014-05-08, 18:23:54	2386 - s.bonardi1@tin.it
2014-05-08, 18:23:55	2387 - federicasteven@libero.it
2014-05-08, 18:23:55	2388 - marc2204@virgilio.it
2014-05-08, 18:23:56	2389 - alessandrorubino@fastwebnet.it
2014-05-08, 18:23:57	2390 - pierluigi64@libero.it
2014-05-08, 18:23:57	2391 - mcoppola85@libero.it
2014-05-08, 18:23:59	2392 - paolaoneness@gmail.com
2014-05-08, 18:23:59	2393 - vitojacobellis@virgilio.it
2014-05-08, 18:23:59	2394 - vitojacobellis@alice.it
2014-05-08, 18:24:00	2395 - pietrosimone23@gmail.com
2014-05-08, 18:24:00	2396 - fghomemail@mbox.sevenlab.net
2014-05-08, 18:24:01	2397 - freegrease@yahoo.com
2014-05-08, 18:24:01	2398 - shen_chang@email.it
2014-05-08, 18:24:02	2399 - shui_long@email.it
2014-05-08, 18:24:03	2400 - nickbram@libero.it
2014-05-08, 18:24:03	2401 - antolini.mario@tin.it
2014-05-08, 18:24:04	2402 - emanuele_bonifazi@hotmail.com
2014-05-08, 18:24:04	2403 - werner.uschi@arcor.de
2014-05-08, 18:24:05	2404 - giovanna.bolzan@gmail.com
2014-05-08, 18:24:06	2405 - silvia-rizzoli@libero.it
2014-05-08, 18:24:06	2406 - diana@gallone.org
2014-05-08, 18:24:07	2407 - mylucky@alice.it
2014-05-08, 18:24:07	2408 - maricam61@gmail.com
2014-05-08, 18:24:08	2409 - patty-max@hotmail.it
2014-05-08, 18:24:10	2410 - ldenict@tin.it
2014-05-08, 18:24:10	2411 - miclaur@simail.it
2014-05-08, 18:24:10	2412 - lincioalessandro@libero.it
2014-05-08, 18:24:10	2413 - manuelapacilio@hotmail.it
2014-05-08, 18:24:11	2414 - paolo.coro@fastewebnet.it
2014-05-08, 18:24:12	2415 - mimmanilsson@gmail.com
2014-05-08, 18:24:12	2416 - patriziabarzan@virgilio.it
2014-05-08, 18:24:13	2417 - paolo.coro@fastwebnet.it
2014-05-08, 18:24:13	2418 - m.tibola@virgilio.it
2014-05-08, 18:24:14	2419 - diamagio@alice.it
2014-05-08, 18:24:15	2420 - gabrielerigali@wooow.it
2014-05-08, 18:24:15	2421 - iasna.dolly@teletu.it
2014-05-08, 18:24:16	2422 - monicaghisalberti@gmail.com
2014-05-08, 18:24:16	2423 - roberta.vezzu@gmail.com
2014-05-08, 18:24:17	2424 - giantrombetta@gmail.com
2014-05-08, 18:24:18	2425 - davmore@hotmail.it
2014-05-08, 18:24:18	2426 - 57antofabi@libero.it
2014-05-08, 18:24:19	2427 - giuliano.spada@alice.it
2014-05-08, 18:24:20	2428 - fabiograndi@hotmail.it
2014-05-08, 18:24:20	2429 - fabio_grandi@yahoo.it
2014-05-08, 18:24:21	2430 - pieroferrera@alice.it
2014-05-08, 18:24:21	2431 - kojoujio@emailtemporanea.net
2014-05-08, 18:24:22	2432 - aliseiristorantepizzeria@email.it
2014-05-08, 18:24:22	2433 - vittualf@alice.it
2014-05-08, 18:24:23	2434 - buon.augurio@tiscali.it
2014-05-08, 18:24:24	2435 - gianmarco@email.cz
2014-05-08, 18:24:24	2436 - giuly.meli@yahoo.it
2014-05-08, 18:24:25	2437 - linsenho@uni-trier.de
2014-05-08, 18:24:25	2438 - mauropappolla@hotmail.com
2014-05-08, 18:24:26	2439 - cinzia.r2004@libero.it
2014-05-08, 18:24:27	2440 - girolamorocco@gmail.com
2014-05-08, 18:24:27	2441 - andreabiatta@lemarchesine.it
2014-05-08, 18:24:28	2442 - pelena76@yahoo.it
2014-05-08, 18:24:28	2443 - simonap2008@libero.it
2014-05-08, 18:24:29	2444 - elisa@extralight.de
2014-05-08, 18:24:30	2445 - aisha_3g@yahoo.it
2014-05-08, 18:24:31	2446 - cherchielena@yahoo.it
2014-05-08, 18:24:31	2447 - ginga71@libero.it
2014-05-08, 18:24:31	2448 - scoasse@email.it
2014-05-08, 18:24:32	2449 - albi631@alice.it
2014-05-08, 18:24:33	2450 - fmarcedone@tim.it
2014-05-08, 18:24:33	2451 - luigi.nignes@hotmail.it
2014-05-08, 18:24:34	2452 - federicadionisi@libero.it
2014-05-08, 18:24:34	2453 - danielestefani92@gmail.com
2014-05-08, 18:24:35	2454 - talaricocosta@libero.it
2014-05-08, 18:24:36	2455 - sabrina@vazzoler.net
2014-05-08, 18:24:36	2456 - serelella69@libero.it
2014-05-08, 18:24:37	2457 - federicomaranca@gmail.com
2014-05-08, 18:24:37	2458 - galileocz@libero.it
2014-05-08, 18:24:38	2459 - saicosas@tin.it
2014-05-08, 18:24:39	2460 - sobolanul05@yahoo.com
2014-05-08, 18:24:39	2461 - lpr196404@gmail.com
2014-05-08, 18:24:40	2462 - monica.vinci@libero.it
2014-05-08, 18:24:40	2463 - arrigo.trevisanello@poste.it
2014-05-08, 18:24:41	2464 - cdacda73@yahoo.it
2014-05-08, 18:24:43	2465 - mariajosevillayandre@hotmail.com
2014-05-08, 18:24:43	2466 - donatellacurtopasso@tiscali.it
2014-05-08, 18:24:43	2467 - gigirosa.bordoni@alice.it
2014-05-08, 18:24:43	2468 - nascitaserena@tiscali.it
2014-05-08, 18:24:44	2469 - maria.novati@samsonite.it
2014-05-08, 18:24:45	2470 - prova@prova.coma
2014-05-08, 18:24:45	2471 - vincenzo.lapiana@gmail.com
2014-05-08, 18:24:46	2472 - soleluna@anffaspadova.it
2014-05-08, 18:24:46	2473 - oddovincenzo@hotmail.it
2014-05-08, 18:24:47	2474 - costanzapace@libero.it
2014-05-08, 18:24:48	2475 - suellen.matias@libero.it
2014-05-08, 18:24:48	2476 - kpanino3@hotmail.co.jp
2014-05-08, 18:24:49	2477 - ggppmm@hotmail.com
2014-05-08, 18:24:49	2478 - rezoelucia456@gmail.com
2014-05-08, 18:24:50	2479 - renzoelucia456@gmail.com
2014-05-08, 18:24:51	2480 - rosa.lomuscio@libero.it
2014-05-08, 18:24:51	2481 - mcarolpi@libero.it
2014-05-08, 18:24:52	2482 - cristina_citti@libero.it
2014-05-08, 18:24:52	2483 - g.l@aruba.it
2014-05-08, 18:24:54	2484 - ilia976@libero.it
2014-05-08, 18:24:54	2485 - stefano.gaudino@hotmail.it
2014-05-08, 18:24:54	2486 - ivanfedi@libero.it
2014-05-08, 18:24:55	2487 - leonardolarocca@tiscali.it
2014-05-08, 18:24:55	2488 - davidova_radka@yahoo.de
2014-05-08, 18:24:56	2489 - hzammar@sogei.it
2014-05-08, 18:24:57	2490 - miali@tiscali.it
2014-05-08, 18:24:57	2491 - martinello@fastwebnet.it
2014-05-08, 18:24:58	2492 - aristide@cauzzi.it
2014-05-08, 18:24:58	2493 - patgui59@libero.it
2014-05-08, 18:24:59	2494 - angelo.galvan@libero.it
2014-05-08, 18:25:00	2495 - marziazuffada@gmail.com
2014-05-08, 18:25:00	2496 - ing.pischedda@yahoo.it
2014-05-08, 18:25:01	2497 - robi.sara.alex64@live.it
2014-05-08, 18:25:01	2498 - valterb@alice.it
2014-05-08, 18:25:02	2499 - vale.ab@libero.it
2014-05-08, 18:25:03	2500 - pnadia.parati@gmail.com
2014-05-08, 18:25:03	2501 - lenzi.giancarla@libero.it
2014-05-08, 18:25:04	2502 - taniarudilosso@hotmail.com
2014-05-08, 18:25:05	2503 - ale.alessandromarchetti@gmail.com
2014-05-08, 18:25:05	2504 - nadia.bondavalli@libero.it
2014-05-08, 18:25:06	2505 - fabio@miazzon.it
2014-05-08, 18:25:06	2506 - isabellanutini@alice.it
2014-05-08, 18:25:07	2507 - franciosopietro@libero.it
2014-05-08, 18:25:07	2508 - mauro.cecot@gmail.com
2014-05-08, 18:25:08	2509 - rikinero8@live.it
2014-05-08, 18:25:09	2510 - mario.albisinni@fastwebnet.it
2014-05-08, 18:25:09	2511 - godgeo@tiscali.it
2014-05-08, 18:25:10	2512 - miriamschwerdt@catandclean.eu
2014-05-08, 18:25:10	2513 - brainshiver@hotmail.it
2014-05-08, 18:25:11	2514 - rinaldo.rizzi@spinvest.com
2014-05-08, 18:25:12	2515 - palangaddd@libero.it
2014-05-08, 18:25:12	2516 - amelisadoremi@virgilio.it
2014-05-08, 18:25:13	2517 - lucia.fiorani@libero.it
2014-05-08, 18:25:13	2518 - giuseppe.revello@libero.it
2014-05-08, 18:25:14	2519 - veneritodomenica@libero.it
2014-05-08, 18:25:15	2520 - rebeguidotti@gmail.com
2014-05-08, 18:25:15	2521 - enzo.natalini@gmail.com
2014-05-08, 18:25:17	2522 - lorena.olvr@gmail.com
2014-05-08, 18:25:17	2523 - luciacavalieri@yahoo.com
2014-05-08, 18:25:17	2524 - stefania.lauretano@gmail.com
2014-05-08, 18:25:18	2525 - francaiacuitto@yahoo.com
2014-05-08, 18:25:18	2526 - chris.p43@alice.it
2014-05-08, 18:25:19	2527 - rosannaperoni@virgilio.it
2014-05-08, 18:25:19	2528 - marco.donati@virgilio.it
2014-05-08, 18:25:20	2529 - ettore@idl.it
2014-05-08, 18:25:21	2530 - gsantalena@hotmail.com
2014-05-08, 18:25:21	2531 - ferraradottorfrancesco@yahoo.it
2014-05-08, 18:25:22	2532 - francesca.depol@consorziovenezianuova.com
2014-05-08, 18:25:22	2533 - mariangela.serafin@gmail.com
2014-05-08, 18:25:23	2534 - daniele.biggiogero@gmail.com
2014-05-08, 18:25:24	2535 - eugenia.caggese@gmail.com
2014-05-08, 18:25:24	2536 - lenzro@libero.it
2014-05-08, 18:25:25	2537 - kobo79@yahoo.it
2014-05-08, 18:25:26	2538 - paolo.brugiafreddo@alice.it
2014-05-08, 18:25:26	2539 - rino_lagasio@fastwebnet.it
2014-05-08, 18:25:27	2540 - tonton.benedetto@libero.it
2014-05-08, 18:25:27	2541 - tristano.ferrero@hotmail.it
2014-05-08, 18:25:28	2542 - info@lynxmediashop.it
2014-05-08, 18:25:28	2543 - marco.brussolo@gmail.com
2014-05-08, 18:25:29	2544 - radagon@alice.it
2014-05-08, 18:25:30	2545 - maura.cesarini@gmail.com
2014-05-08, 18:25:30	2546 - gilda.foglietta@telecomitalia.it
2014-05-08, 18:25:31	2547 - pili.davide@virgilio.it
2014-05-08, 18:25:31	2548 - valeria.ruotolo@icp.mi.it
2014-05-08, 18:25:32	2549 - pietrococcoluto@virgilio.it
2014-05-08, 18:25:33	2550 - info@larioreti.com
2014-05-08, 18:25:33	2551 - pitonifrancesca@yahoo.it
2014-05-08, 18:25:34	2552 - atzorisandro@gmail.com
2014-05-08, 18:25:34	2553 - lucafedeli_1973@libero.it
2014-05-08, 18:25:35	2554 - lterzo435@gmail.com
2014-05-08, 18:25:36	2555 - antacco@yahoo.it
2014-05-08, 18:25:36	2556 - battistel.giuseppe@libero.it
2014-05-08, 18:25:38	2557 - nonni.feltre@email.it
2014-05-08, 18:25:38	2558 - marta.tremenda@gmail.com
2014-05-08, 18:25:38	2559 - ilarborea@gmail.com
2014-05-08, 18:25:39	2560 - mimmoemarisa@tiscali.it
2014-05-08, 18:25:39	2561 - giusypr73@libero.it
2014-05-08, 18:25:40	2562 - salvasquik@gmail.com
2014-05-08, 18:25:40	2563 - rguidi63@gmail.com
2014-05-08, 18:25:41	2564 - carlomammolo@libero.it
2014-05-08, 18:25:42	2565 - rietina@hotmail.com
2014-05-08, 18:25:42	2566 - tarrisan@hotmail.com
2014-05-08, 18:25:43	2567 - abbummio@libero.it
2014-05-08, 18:25:43	2568 - cristina.renzaglia@sociale.it
2014-05-08, 18:25:44	2569 - giovanna.tedeschi@alice.it
2014-05-08, 18:25:45	2570 - lucizi@libero.it
2014-05-08, 18:25:45	2571 - daniele@4ci.com
2014-05-08, 18:25:46	2572 - pittoni.federico@gmail.com
2014-05-08, 18:25:46	2573 - antonio.vamberti@papergroup.it
2014-05-08, 18:25:47	2574 - tiziana-ferrari@virgilio.it
2014-05-08, 18:25:48	2575 - paola.coxe@teletu.it
2014-05-08, 18:25:49	2576 - mauropappolla@gmail.com
2014-05-08, 18:25:49	2577 - mariannicole.grieco@gmail.com
2014-05-08, 18:25:49	2578 - nomork@tin.it
2014-05-08, 18:25:50	2579 - barbara.mori@fastwebnet.it
2014-05-08, 18:25:51	2580 - totem.russo@gmail.com
2014-05-08, 18:25:51	2581 - betosl@pbxdpz.com
2014-05-08, 18:25:52	2582 - jvtjpr@jdpguf.com
2014-05-08, 18:25:52	2583 - andrea.bigotto@virgilio.it
2014-05-08, 18:25:53	2584 - alessandro.caddia@libero.it
2014-05-08, 18:25:54	2585 - daniele-draga@libero.it
2014-05-08, 18:25:54	2586 - helenede@tin.it
2014-05-08, 18:25:55	2587 - forluna@libero.it
2014-05-08, 18:25:55	2588 - danilo.ripiccini@libero.it
2014-05-08, 18:25:56	2589 - l.casarin@yahoo.com
2014-05-08, 18:25:57	2590 - madelep@katamail.com
2014-05-08, 18:25:57	2591 - allegra.donn@gmail.com
2014-05-08, 18:25:58	2592 - narsilve1@tin.it
2014-05-08, 18:25:59	2593 - cataina@libero.it
2014-05-08, 18:25:59	2594 - marina_cuore@yahoo.it
2014-05-08, 18:26:00	2595 - salumificiovallino@virgilio.it
2014-05-08, 18:26:00	2596 - bimbacri@hotmail.it
2014-05-08, 18:26:01	2597 - personale54@libero.it
2014-05-08, 18:26:01	2598 - lagigiotta@libero.it
2014-05-08, 18:26:02	2599 - mea.l@libero.it
2014-05-08, 18:26:03	2600 - ungattoselvatico@libero.it
2014-05-08, 18:26:03	2601 - g.stucchi@stiametalworks.com
2014-05-08, 18:26:04	2602 - skoubo@libero.it
2014-05-08, 18:26:04	2603 - m.malfi@gigliopresent.it
2014-05-08, 18:26:05	2604 - niky23@tiscali.it
2014-05-08, 18:26:06	2605 - giannim465@gmail.com
2014-05-08, 18:26:06	2606 - rossigraziano@libero.it
2014-05-08, 18:26:07	2607 - paolocolombo63@libero.it
2014-05-08, 18:26:07	2608 - cossioe@alice.it
2014-05-08, 18:26:08	2609 - ghidar_1957@libero.it
2014-05-08, 18:26:10	2610 - mtbrotto@gmail.com
2014-05-08, 18:26:10	2611 - valerix63@hotmail.com
2014-05-08, 18:26:10	2612 - nicber5@virgilio.it
2014-05-08, 18:26:10	2613 - grandand@alice.it
2014-05-08, 18:26:11	2614 - robertavandini@alice.it
2014-05-08, 18:26:12	2615 - ggabbatel@g.mail.com
2014-05-08, 18:26:12	2616 - l.lauraferri@gmail.com
2014-05-08, 18:26:13	2617 - guicciardinove@gmail.com
2014-05-08, 18:26:13	2618 - franco@sive-trans.191.it
2014-05-08, 18:26:14	2619 - oleagarden@libero.it
2014-05-08, 18:26:15	2620 - racca7@alice.it
2014-05-08, 18:26:15	2621 - giuseppina.maragoni@alice.it
2014-05-08, 18:26:16	2622 - anber81@yahoo.it
2014-05-08, 18:26:16	2623 - maxespo66@yahoo.it
2014-05-08, 18:26:17	2624 - lucren52@gmail.com
2014-05-08, 18:26:19	2625 - lauralabate@sviprore.it
2014-05-08, 18:26:19	2626 - harielle@hotmail.it
2014-05-08, 18:26:19	2627 - jan.vana@yahoo.it
2014-05-08, 18:26:19	2628 - andycosentino@libero.it
2014-05-08, 18:26:20	2629 - gildo.defrancesco@virgilio.it
2014-05-08, 18:26:21	2630 - paolo.monchio@salottimonchio.it
2014-05-08, 18:26:21	2631 - oliboniroberto@gmail.com
2014-05-08, 18:26:22	2632 - giustinapaolo@yahoo.it
2014-05-08, 18:26:22	2633 - sardinalga@live.it
2014-05-08, 18:26:23	2634 - noradassi@libero.it
2014-05-08, 18:26:24	2635 - marcor76@tiscali.it
2014-05-08, 18:26:24	2636 - chiarav85_@hotmail.it
2014-05-08, 18:26:25	2637 - sorrentinomonica@libero.it
2014-05-08, 18:26:25	2638 - nella.giacometti@hotmail.it
2014-05-08, 18:26:26	2639 - danielacalleri@live.it
2014-05-08, 18:26:27	2640 - silvanomelissano@gmail.com
2014-05-08, 18:26:27	2641 - fruadeangeli@tin.it
2014-05-08, 18:26:28	2642 - iginogris@libero.it
2014-05-08, 18:26:28	2643 - elicrisio@ymail.com
2014-05-08, 18:26:30	2644 - sabrinascano@virgilio.it
2014-05-08, 18:26:30	2645 - ci.ro@katamail.com
2014-05-08, 18:26:30	2646 - michela.sanavia@hotmail.it
2014-05-08, 18:26:31	2647 - camilla_145@libero.it
2014-05-08, 18:26:31	2648 - giuseppinasignorotto@alice.it
2014-05-08, 18:26:32	2649 - patbiagiotti1952@libero.it
2014-05-08, 18:26:33	2650 - gabriele.bertra2@hotmail.it
2014-05-08, 18:26:33	2651 - desibuonde@yahoo.it
2014-05-08, 18:26:34	2652 - claudio.catalli@fastwebnet.it
2014-05-08, 18:26:34	2653 - massi001@libero.it
2014-05-08, 18:26:35	2654 - cilla73@hotmail.it
2014-05-08, 18:26:36	2655 - zambo--@libero.it
2014-05-08, 18:26:36	2656 - principessaselenia@yahoo.it
2014-05-08, 18:26:37	2657 - za.monica@alice.it
2014-05-08, 18:26:37	2658 - paola.griggio@alice.it
2014-05-08, 18:26:38	2659 - emanuela.megna@live.it
2014-05-08, 18:26:39	2660 - ter.lau@libero.it
2014-05-08, 18:26:40	2661 - stecorino@libero.it
2014-05-08, 18:26:40	2662 - arilavirichi8@live.it
2014-05-08, 18:26:40	2663 - massimiliana.fiore@libero.it
2014-05-08, 18:26:41	2664 - giopoliap@libero.it
2014-05-08, 18:26:42	2665 - gabriellafusi@libero.it
2014-05-08, 18:26:42	2666 - anna.marra@mail.com
2014-05-08, 18:26:43	2667 - sb722003@libero.it
2014-05-08, 18:26:43	2668 - mbaresi@hotmail.it
2014-05-08, 18:26:44	2669 - almara54@libero.it
2014-05-08, 18:26:45	2670 - fiore@arkes.it
2014-05-08, 18:26:45	2671 - l.morandini297@libero.it
2014-05-08, 18:26:46	2672 - tellio@inwind.it
2014-05-08, 18:26:46	2673 - luigilerose@hotmail.com
2014-05-08, 18:26:47	2674 - matteovalentino@hotmail.com
2014-05-08, 18:26:48	2675 - tempincerti@gmail.com
2014-05-08, 18:26:48	2676 - microschianto@libero.it
2014-05-08, 18:26:49	2677 - vinc.bruno@libero.it
2014-05-08, 18:26:49	2678 - ele.vi@hotmail.it
2014-05-08, 18:26:50	2679 - poisab@libero.it
2014-05-08, 18:26:52	2680 - lonranger@libero.it
2014-05-08, 18:26:52	2681 - deckor@libero.it
2014-05-08, 18:26:52	2682 - lapojack@yahoo.it
2014-05-08, 18:26:52	2683 - ritaere@hotmail.com
2014-05-08, 18:26:53	2684 - ada.matiz.1@gmail.com
2014-05-08, 18:26:54	2685 - enzita@libero.it
2014-05-08, 18:26:54	2686 - giannibardella@libero.it
2014-05-08, 18:26:55	2687 - francycovelli@gmail.com
2014-05-08, 18:26:55	2688 - doctormaxim@liberro.it
2014-05-08, 18:26:56	2689 - piagpera@gmail.com
2014-05-08, 18:26:57	2690 - gsxr79@hotmail.com
2014-05-08, 18:26:57	2691 - adriani.paola@alice.it
2014-05-08, 18:26:58	2692 - f.novello@libero.it
2014-05-08, 18:26:58	2693 - luanamalvisi@alice.it
2014-05-08, 18:26:59	2694 - ilbluprofondo@gmail.com
2014-05-08, 18:27:00	2695 - ugo.foddai@poste.it
2014-05-08, 18:27:00	2696 - silvanobindi@yahoo.it
2014-05-08, 18:27:01	2697 - simone.mattia09@hotmail.it
2014-05-08, 18:27:01	2698 - alessia-79-yuri@live.it
2014-05-08, 18:27:03	2699 - alessia_79_yuri@live.it
2014-05-08, 18:27:03	2700 - florisyuri@live.it
2014-05-08, 18:27:03	2701 - e-call@live.it
2014-05-08, 18:27:04	2702 - adm67@inwind.it
2014-05-08, 18:27:04	2703 - marco.dalbosco@yahoo.it
2014-05-08, 18:27:05	2704 - futfgq@hauxnm.com
2014-05-08, 18:27:06	2705 - maddalena1998@teletu.it
2014-05-08, 18:27:06	2706 - inn.alex@libero.it
2014-05-08, 18:27:07	2707 - p.palomba1977@libero.it
2014-05-08, 18:27:07	2708 - cheeroke68@libero.it
2014-05-08, 18:27:08	2709 - rosroman@libero.it
2014-05-08, 18:27:09	2710 - roberta.gr@virgilio.it
2014-05-08, 18:27:09	2711 - osmaba@libero.it
2014-05-08, 18:27:10	2712 - patriziamiu@gmail.com
2014-05-08, 18:27:10	2713 - agnesecinarelli@gmail.com
2014-05-08, 18:27:11	2714 - carolinadalbosco@immobiliarecaroly.it
2014-05-08, 18:27:13	2715 - velteyn@gmail.com
2014-05-08, 18:27:13	2716 - vincenzo.tatone@gmail.com
2014-05-08, 18:27:13	2717 - oznecniv@tin.it
2014-05-08, 18:27:13	2718 - notorius@esalab.it
2014-05-08, 18:27:14	2719 - donatella.russo@banca.mps.it
2014-05-08, 18:27:15	2720 - tallaalla@yahoo.it
2014-05-08, 18:27:15	2721 - r.salani@alice.it
2014-05-08, 18:27:16	2722 - luigipizzorno@gmail.com
2014-05-08, 18:27:16	2723 - anna_gianni@me.com
2014-05-08, 18:27:17	2724 - annina40a@libero.it
2014-05-08, 18:27:18	2725 - damadavid@yahoo.it
2014-05-08, 18:27:18	2726 - giovannalapiana@gmail.com
2014-05-08, 18:27:19	2727 - s.aityous@hotmail.fr
2014-05-08, 18:27:19	2728 - antonella.dimuro@mediolanum.it
2014-05-08, 18:27:20	2729 - d.donini@yahoo.it
2014-05-08, 18:27:21	2730 - mgbrunelli67@tiscali.it
2014-05-08, 18:27:21	2731 - molinaridiegommv@tiscali.it
2014-05-08, 18:27:22	2732 - marisamaselli@libero.it
2014-05-08, 18:27:22	2733 - monicanegri83@gmail.com
2014-05-08, 18:27:24	2734 - marilu.7@hotmail.it
2014-05-08, 18:27:24	2735 - monica.bongioanni@fastwebnet.it
2014-05-08, 18:27:24	2736 - falstaffn@libero.it
2014-05-08, 18:27:25	2737 - braidotti91@gmail.com
2014-05-08, 18:27:25	2738 - vallemarco17@gmail.com
2014-05-08, 18:27:26	2739 - crepo80@yahoo.it
2014-05-08, 18:27:27	2740 - k.margoni@yahoo.it
2014-05-08, 18:27:27	2741 - oimpre@tin.it
2014-05-08, 18:27:28	2742 - italonassi@libero.it
2014-05-08, 18:27:28	2743 - marcopala@libero.it
2014-05-08, 18:27:29	2744 - massimobert@libero.it
2014-05-08, 18:27:30	2745 - ulivamonica@tiscali.it
2014-05-08, 18:27:31	2746 - simowa@hotmail.it
2014-05-08, 18:27:31	2747 - nicoladiroma@gmail.com
2014-05-08, 18:27:31	2748 - nerina.lorena@libero.it
2014-05-08, 18:27:32	2749 - marino.tommaso@gmail.com
2014-05-08, 18:27:33	2750 - dolly1970@inwind.it
2014-05-08, 18:27:33	2751 - foudrebenit@gmail.com
2014-05-08, 18:27:34	2752 - flavio.maggioncalda@gmail.com
2014-05-08, 18:27:34	2753 - romski1969@libero.it
2014-05-08, 18:27:35	2754 - bonacina@immobiliare04.it
2014-05-08, 18:27:36	2755 - realeiris@gmail.com
2014-05-08, 18:27:36	2756 - gionaviaggi@gmail.com
2014-05-08, 18:27:37	2757 - sercasari@gmail.com
2014-05-08, 18:27:37	2758 - olly971@hotmail.it
2014-05-08, 18:27:38	2759 - pietpagfab@libero.it
2014-05-08, 18:27:39	2760 - francesetti60@alice.it
2014-05-08, 18:27:39	2761 - sara.salvu@gmail.com
2014-05-08, 18:27:40	2762 - lucasabatino.pn@gmail.com
2014-05-08, 18:27:41	2763 - iacuittofranca@yahoo.com
2014-05-08, 18:27:41	2764 - franco.amoroso@telemafinance.it
2014-05-08, 18:27:42	2765 - fpusterla@gmail.com
2014-05-08, 18:27:42	2766 - weicklucy@gmail.com
2014-05-08, 18:27:43	2767 - erika.fenaroli@yahoo.it
2014-05-08, 18:27:43	2768 - efi39@msn.com
2014-05-08, 18:27:44	2769 - rossana.musso@fastwebnet.it
2014-05-08, 18:27:45	2770 - anna@gmoscatellispa.it
2014-05-08, 18:27:45	2771 - rsilvietta1988@libero.it
2014-05-08, 18:27:46	2772 - paolamengoni@yahoo.it
2014-05-08, 18:27:46	2773 - ely_be@libero.it
2014-05-08, 18:27:47	2774 - carlbl@tin.it
2014-05-08, 18:27:48	2775 - marina.raguzzi@gmail.com
2014-05-08, 18:27:48	2776 - trentinsergio@live.it
2014-05-08, 18:27:49	2777 - murru.romina@tiscali.it
2014-05-08, 18:27:49	2778 - francesca.famu@hotmail.it
2014-05-08, 18:27:50	2779 - brandoandrea@hotmail.com
2014-05-08, 18:27:52	2780 - marinagiarrusso@yahoo.it
2014-05-08, 18:27:52	2781 - tosiluciana@yahoo.it
2014-05-08, 18:27:52	2782 - paolimatt@yahoo.it
2014-05-08, 18:27:52	2783 - miotti@unipg.it
2014-05-08, 18:27:53	2784 - reifarth@strandfilm.com
2014-05-08, 18:27:54	2785 - algiaco@hotmail.it
2014-05-08, 18:27:54	2786 - luis.a@tiscali.it
2014-05-08, 18:27:55	2787 - monica.burato@email.it
2014-05-08, 18:27:55	2788 - elmalaklena@hotmail.com
2014-05-08, 18:27:56	2789 - seccigabriella@yahoo.it
2014-05-08, 18:27:57	2790 - xwumyg@jpaldv.com
2014-05-08, 18:27:57	2791 - maurizio.monaco@comune.roma.it
2014-05-08, 18:27:58	2792 - walter.gnoato@gmail.com
2014-05-08, 18:27:58	2793 - eliguad@gmail.com
2014-05-08, 18:27:59	2794 - riko80@gmail.com
2014-05-08, 18:28:00	2795 - laura@studiotasca.it
2014-05-08, 18:28:00	2796 - marina.littek@gmail.com
2014-05-08, 18:28:01	2797 - restelli.alessandra@tiscali.it
2014-05-08, 18:28:02	2798 - marco.coluccini@libero.it
2014-05-08, 18:28:02	2799 - ramazzin.ermanno@libero.it
2014-05-08, 18:28:03	2800 - corrado.olc@alice.it
2014-05-08, 18:28:03	2801 - m.ferrari.1978@gmail.com
2014-05-08, 18:28:04	2802 - asilanna72@yahoo.it
2014-05-08, 18:28:04	2803 - isotherm@tin.it
2014-05-08, 18:28:05	2804 - antoniettanoviello@alice.it
2014-05-08, 18:28:06	2805 - letuemozioni@libero.it
2014-05-08, 18:28:06	2806 - virnetta2013@libero.it
2014-05-08, 18:28:07	2807 - lpr196404@yahoo.it
2014-05-08, 18:28:07	2808 - amazzocco@itwispracontrols.com
2014-05-08, 18:28:08	2809 - alessandro.sari@alice.it
2014-05-08, 18:28:09	2810 - shop1@giorgio.e4ward.com
2014-05-08, 18:28:09	2811 - maurizio.bonaita@alice.it
2014-05-08, 18:28:10	2812 - overfifty2@gmail.com
2014-05-08, 18:28:10	2813 - emanuela.gobbo@gmail.com
2014-05-08, 18:28:12	2814 - shine_9@libero.it
2014-05-08, 18:28:12	2815 - katiuscia.turchi@gmail.com
2014-05-08, 18:28:12	2816 - osteria@tin.it
2014-05-08, 18:28:13	2817 - francotezzele@alice.it
2014-05-08, 18:28:13	2818 - bisetti.sonia@gmail.com
2014-05-08, 18:28:14	2819 - ale-carta@live.it
2014-05-08, 18:28:15	2820 - emanu.mi@live.it
2014-05-08, 18:28:15	2821 - tino-os@live.com
2014-05-08, 18:28:16	2822 - giandegian@hotmail.it
2014-05-08, 18:28:16	2823 - miita.mazzali@virgilio.it
2014-05-08, 18:28:17	2824 - angela53a@libero.it
2014-05-08, 18:28:18	2825 - toninocorr32@yahoo.it
2014-05-08, 18:28:18	2826 - dariel_a@libero.it
2014-05-08, 18:28:19	2827 - daniela@ali-comunicazione.com
2014-05-08, 18:28:19	2828 - marcodbitaly@gmail.com
2014-05-08, 18:28:20	2829 - esagamma@live.it
2014-05-08, 18:28:21	2830 - m.eule@barberini.eu
2014-05-08, 18:28:21	2831 - gioguglio61@gmail.com
2014-05-08, 18:28:22	2832 - andrea.spanedda@ino.it
2014-05-08, 18:28:23	2833 - tatina007@gmail.com
2014-05-08, 18:28:23	2834 - giostella24@gmail.com
2014-05-08, 18:28:24	2835 - mariachiaramontino@gmail.com
2014-05-08, 18:28:24	2836 - monicasicilia@libero.it
2014-05-08, 18:28:25	2837 - marcom1971@alice.it
2014-05-08, 18:28:25	2838 - villa.romina@virgilio.it
2014-05-08, 18:28:26	2839 - franca.iacuitto@yahoo.com
2014-05-08, 18:28:27	2840 - francescocorrado33@alice.it
2014-05-08, 18:28:27	2841 - alessandrinianna@yahoo.it
2014-05-08, 18:28:28	2842 - elio.bertocchi@gmail.com
2014-05-08, 18:28:28	2843 - aziozio@yahoo.it
2014-05-08, 18:28:29	2844 - ste.mabi@virgilio.it
2014-05-08, 18:28:30	2845 - arianita@alice.it
2014-05-08, 18:28:30	2846 - antonio.guglielmelli@gmail.com
2014-05-08, 18:28:31	2847 - stefania@live.com
2014-05-08, 18:28:31	2848 - violetta-21@hotmail.it
2014-05-08, 18:28:33	2849 - claudia_gabrieli@libero.it
2014-05-08, 18:28:33	2850 - dar.glo@libero.it
2014-05-08, 18:28:33	2851 - rita.russo@libero.it
2014-05-08, 18:28:34	2852 - rita.russo2377@libero.it
2014-05-08, 18:28:34	2853 - rita.russo-2377@libero.it
2014-05-08, 18:28:35	2854 - zenima@gmail.com
2014-05-08, 18:28:36	2855 - lauravlc@libero.it
2014-05-08, 18:28:36	2856 - lamolletta.cecina@gmail.com
2014-05-08, 18:28:37	2857 - eliarte61@yahoo.it
2014-05-08, 18:28:37	2858 - montanelli.stefano@gmail.com
2014-05-08, 18:28:38	2859 - alessandronigraziano@libero.it
2014-05-08, 18:28:39	2860 - monicanegri83@gmail.con
2014-05-08, 18:28:39	2861 - universo_tra@yahoo.it
2014-05-08, 18:28:40	2862 - dpomilio@yahoo.com
2014-05-08, 18:28:40	2863 - contisandroimpianti@gmail.com
2014-05-08, 18:28:41	2864 - simona.abbatista@virgilio.it
2014-05-08, 18:28:42	2865 - 96.alexander@live.it
2014-05-08, 18:28:42	2866 - cf32102@gmail.com
2014-05-08, 18:28:44	2867 - giorgiobravi@tltnet.it
2014-05-08, 18:28:44	2868 - salfanct@gmail.com
2014-05-08, 18:28:44	2869 - stebenve1@alice.it
2014-05-08, 18:28:45	2870 - tamara.bianconi@gmail.com
2014-05-08, 18:28:45	2871 - infoworld@egoluce.com
2014-05-08, 18:28:46	2872 - attio.germa@gmail.com
2014-05-08, 18:28:46	2873 - clemente.gio78@yahoo.it
2014-05-08, 18:28:47	2874 - info@drcsrl.it
2014-05-08, 18:28:48	2875 - italo75@tiscali.it
2014-05-08, 18:28:48	2876 - pietropace1982@libero.it
2014-05-08, 18:28:49	2877 - mariella.ingrassia@hotmail.it
2014-05-08, 18:28:49	2878 - botti.maria@virgilio.it
2014-05-08, 18:28:50	2879 - antonella.dellungo@ge.com
2014-05-08, 18:28:51	2880 - stefano.gia@hotmail.it
2014-05-08, 18:28:51	2881 - alerest73@yahoo.it
2014-05-08, 18:28:52	2882 - gencky@yahoo.it
2014-05-08, 18:28:52	2883 - omar.tramacere@gmail.com
2014-05-08, 18:28:53	2884 - anantait@yahoo.it
2014-05-08, 18:28:55	2885 - barbera.marialuisa@libero.it
2014-05-08, 18:28:55	2886 - eilidhmartin@hotmail.com
2014-05-08, 18:28:55	2887 - francescomangione3@libero.it
2014-05-08, 18:28:55	2888 - c.vescovi@tin.it
2014-05-08, 18:28:56	2889 - anton.angelucci@gmail.com
2014-05-08, 18:28:57	2890 - mscagliarini3@gmail.com
2014-05-08, 18:28:57	2891 - nadialando@virgilio.it
2014-05-08, 18:28:58	2892 - giorgio.ferraro@tin.it
2014-05-08, 18:28:58	2893 - lvares@alice.it
2014-05-08, 18:28:59	2894 - lazarus_7@yahoo.com
2014-05-08, 18:29:00	2895 - gianluca.dagnolo@gmail.com
2014-05-08, 18:29:00	2896 - difard@alice.it
2014-05-08, 18:29:01	2897 - nickyba@libero.it
2014-05-08, 18:29:01	2898 - raffaele.fast@libero.it
2014-05-08, 18:29:02	2899 - info@ilmattonevarese.it
2014-05-08, 18:29:03	2900 - crystalclub@alice.it
2014-05-08, 18:29:03	2901 - ivan.anzellotti@gmail.com
2014-05-08, 18:29:04	2902 - dottclaudiodistefano@yahoo.com
2014-05-08, 18:29:04	2903 - virgy_martini@hotmail.it
2014-05-08, 18:29:05	2904 - ccolma@ymail.com
2014-05-08, 18:29:07	2905 - elbartolini@gmail.com
2014-05-08, 18:29:07	2906 - stella.minguzzi@gmail.com
2014-05-08, 18:29:07	2907 - mottoausilia@tiscali.it
2014-05-08, 18:29:07	2908 - monicasiciliacoco@live.it
2014-05-08, 18:29:08	2909 - pietrobonfabrizio@libero.it
2014-05-08, 18:29:09	2910 - cristoforo333@gmail.com
2014-05-08, 18:29:09	2911 - manuelmogno13@gmail.com
2014-05-08, 18:29:10	2912 - deborah76@mac.com
2014-05-08, 18:29:10	2913 - cristianocampagnolo@gmail.com
2014-05-08, 18:29:11	2914 - bertuzzielena@gmail.com
2014-05-08, 18:29:12	2915 - stefano.dalce@gmail.com
2014-05-08, 18:29:12	2916 - fabio.vidal-2009@libero.it
2014-05-08, 18:29:13	2917 - scappellamentoadestra@rocketmail.com
2014-05-08, 18:29:13	2918 - info@argenteriegatelli.it
2014-05-08, 18:29:14	2919 - ciszhk@ceblpy.com
2014-05-08, 18:29:15	2920 - studiopuliafito@gmail.com
2014-05-08, 18:29:15	2921 - vaianese@gmail.com
2014-05-08, 18:29:16	2922 - giuseppe.ruggeri75@gmail.com
2014-05-08, 18:29:16	2923 - gabrieleroncato@virgilio.it
2014-05-08, 18:29:17	2924 - a.fiotta@alice.it
2014-05-08, 18:29:19	2925 - danilotcaramba@alice.it
2014-05-08, 18:29:19	2926 - avv.bombaci_roberta@libero.it
2014-05-08, 18:29:19	2927 - massrouge@inwind.it
2014-05-08, 18:29:19	2928 - milazzo04@hotmail.it
2014-05-08, 18:29:20	2929 - alchimie.to@libero.it
2014-05-08, 18:29:21	2930 - lillycar67@hotmail.it
2014-05-08, 18:29:21	2931 - andreamorandi@me.com
2014-05-08, 18:29:22	2932 - fxerhard@gmail.com
2014-05-08, 18:29:22	2933 - francescataccari@gmail.com
2014-05-08, 18:29:23	2934 - cofer75@alice.it
2014-05-08, 18:29:24	2935 - s.bigi@comune.figline-valdarno.fi.it
2014-05-08, 18:29:24	2936 - isabella_mini@hotmail.it
2014-05-08, 18:29:25	2937 - ivoberg@alice.it
2014-05-08, 18:29:25	2938 - canolap@alice.it
2014-05-08, 18:29:26	2939 - fndbirta@tiscali.it
2014-05-08, 18:29:27	2940 - saracog@libero.it
2014-05-08, 18:29:27	2941 - lella.1970@live.it
2014-05-08, 18:29:28	2942 - petrini.cinzia@tiscali.it
2014-05-08, 18:29:29	2943 - bianca.turani@alice.it
2014-05-08, 18:29:29	2944 - diego-brambilla@alice.it
2014-05-08, 18:29:30	2945 - giuliclara@tiscali.it
2014-05-08, 18:29:30	2946 - fra.sl93@gmail.com
2014-05-08, 18:29:31	2947 - babycrazy@hotmail.it
2014-05-08, 18:29:31	2948 - francesco.dalpino@gmail.com
2014-05-08, 18:29:32	2949 - teregna@tin.it
2014-05-08, 18:29:33	2950 - laura.tombari@tin.it
2014-05-08, 18:29:33	2951 - tecnoweblogger@gmail.com
2014-05-08, 18:29:34	2952 - silvia.guidara@libero.it
2014-05-08, 18:29:34	2953 - senefa2000@gmail.com
2014-05-08, 18:29:35	2954 - erbalunanuova@libero.it
2014-05-08, 18:29:37	2955 - davide.fasulo@vodafone.it
2014-05-08, 18:29:37	2956 - annabartoliniab@gmail.com
2014-05-08, 18:29:37	2957 - carlagiacobbe@yahoo.it
2014-05-08, 18:29:37	2958 - aqbskp@exfcbg.com
2014-05-08, 18:29:38	2959 - gennroma@yahoo.it
2014-05-08, 18:29:39	2960 - petalo25@libero.it
2014-05-08, 18:29:39	2961 - casini.stefania@virgilio.it
2014-05-08, 18:29:40	2962 - gerry_cicero@hotmail.com
2014-05-08, 18:29:40	2963 - nicoletta.allegretti@hotmail.com
2014-05-08, 18:29:41	2964 - mscamm@tiscali.it
2014-05-08, 18:29:42	2965 - fidelta@tiscali.it
2014-05-08, 18:29:42	2966 - giuliana_ratto@yahoo.it
2014-05-08, 18:29:43	2967 - gio.deodato@yahoo.com
2014-05-08, 18:29:43	2968 - fabrizioevangelisti@alice.it
2014-05-08, 18:29:44	2969 - lollibeatrice@hotmail.com
2014-05-08, 18:29:45	2970 - giuliana_bisso@yahoo.it
2014-05-08, 18:29:45	2971 - carmela.granito@gmail.com
2014-05-08, 18:29:46	2972 - andrea.milone76@yahoo.it
2014-05-08, 18:29:46	2973 - valessandri@alice.it
2014-05-08, 18:29:48	2974 - francesca.cossio@libero.it
2014-05-08, 18:29:48	2975 - claudio-bergamini@alice.it
2014-05-08, 18:29:48	2976 - piero_boni@yahoo.it
2014-05-08, 18:29:49	2977 - avv.marinatolu@libero.it
2014-05-08, 18:29:49	2978 - eliandr@inwind.it
2014-05-08, 18:29:50	2979 - fra.b1978@libero.it
2014-05-08, 18:29:51	2980 - pistefo@yahoo.it
2014-05-08, 18:29:51	2981 - annunziata.failla@virgilio.it
2014-05-08, 18:29:52	2982 - salvatore.giuliana.mp@gmail.com
2014-05-08, 18:29:52	2983 - mm1973@tin.it
2014-05-08, 18:29:53	2984 - luisarost.60@gmail.it
2014-05-08, 18:29:54	2985 - emmegi31@gmail.com
2014-05-08, 18:29:54	2986 - lenidevetter@tin.it
2014-05-08, 18:29:55	2987 - antonellaf2010@alice.it
2014-05-08, 18:29:55	2988 - tintin69@fastwebnet.it
2014-05-08, 18:29:56	2989 - magnisergioanselmo13@gmail.com
2014-05-08, 18:29:57	2990 - lucia.macchiarini@gmail.com
2014-05-08, 18:29:57	2991 - marta.monica@virgilio.it
2014-05-08, 18:29:58	2992 - giov.giordan@gmail.com
2014-05-08, 18:29:59	2993 - cavrin@libero.it
2014-05-08, 18:29:59	2994 - maitre2@live.it
2014-05-08, 18:30:00	2995 - danieleguidi_002@fastwebnet.it
2014-05-08, 18:30:00	2996 - barba71@hotmail.it
2014-05-08, 18:30:01	2997 - piermarinimara@libero.it
2014-05-08, 18:30:01	2998 - fabiana@milkadv.it
2014-05-08, 18:30:02	2999 - fspirio@inwind.it
2014-05-08, 18:30:03	3000 - cieloazzurro35@libero.it
2014-05-08, 18:30:03	3001 - erra@hotmail.it
2014-05-08, 18:30:04	3002 - ketty.zangirolami@libero.it
2014-05-08, 18:30:04	3003 - lindadt@libero.it
2014-05-08, 18:30:05	3004 - corvo4791@yahoo.it
2014-05-08, 18:30:06	3005 - esther.hdv@web.de
2014-05-08, 18:30:06	3006 - laura.pisani.va@gmail.com
2014-05-08, 18:30:07	3007 - annamaria16@gmail.com
2014-05-08, 18:30:08	3008 - bettina.gagliolo@soapsister.de
2014-05-08, 18:30:08	3009 - s.derobertis@ideolink.com
2014-05-08, 18:30:09	3010 - mariolabarilli@libero.it
2014-05-08, 18:30:09	3011 - paolaparmeggiani@gmail.com
2014-05-08, 18:30:10	3012 - prince8583@yahoo.it
2014-05-08, 18:30:10	3013 - massben@msn.com
2014-05-08, 18:30:11	3014 - peoplecanfly@hotmail.it
2014-05-08, 18:30:12	3015 - emantal@yahoo.it
2014-05-08, 18:30:12	3016 - bellomm@libero.it
2014-05-08, 18:30:13	3017 - gcarrabs@hotmail.com
2014-05-08, 18:30:13	3018 - selisx@libero.it
2014-05-08, 18:30:14	3019 - giorgia.roda@hotmail.it
2014-05-08, 18:30:15	3020 - antoniettanigro72@gmail.com
2014-05-08, 18:30:15	3021 - manzanpaola@libero.it
2014-05-08, 18:30:17	3022 - mikdo8_5@libero.it
2014-05-08, 18:30:17	3023 - christianbisco@gmail.com
2014-05-08, 18:30:17	3024 - eturu@fms.it
2014-05-08, 18:30:18	3025 - flazzi@inwind.it
2014-05-08, 18:30:18	3026 - pieriturbine@alice.it
2014-05-08, 18:30:19	3027 - graziola.stefania@gmail.com
2014-05-08, 18:30:19	3028 - cinzia.delnevo@gmail.com
2014-05-08, 18:30:20	3029 - livio.lotta@inwind.it
2014-05-08, 18:30:21	3030 - dentalbru@gmail.com
2014-05-08, 18:30:21	3031 - antonytomh@hotmail.com
2014-05-08, 18:30:22	3032 - eugeniobrutti@libero.it
2014-05-08, 18:30:22	3033 - startfilmsrl@gmail.com
2014-05-08, 18:30:23	3034 - milvap508@hotmail.com
2014-05-08, 18:30:24	3035 - francesca.coac@libero.it
2014-05-08, 18:30:24	3036 - enzamarchica@tiscali.it
2014-05-08, 18:30:25	3037 - muziog4@gmail.com
2014-05-08, 18:30:25	3038 - tes82@libero.it
2014-05-08, 18:30:26	3039 - morelli_francesca@hotmail.com
2014-05-08, 18:30:28	3040 - yvelise_cinzia@hotmail.it
2014-05-08, 18:30:28	3041 - ferrimas@gmail.com
2014-05-08, 18:30:28	3042 - antonio.finocchiaro@hotmail.it
2014-05-08, 18:30:28	3043 - patriziamambelli@libero.it
2014-05-08, 18:30:29	3044 - nicola.vaccaro3@tin.it
2014-05-08, 18:30:30	3045 - gabipod@live.it
2014-05-08, 18:30:30	3046 - laura.dolce@agenziaentrate.it
2014-05-08, 18:30:31	3047 - guazz65@yahoo.it
2014-05-08, 18:30:31	3048 - grintoryus@gmail.com
2014-05-08, 18:30:32	3049 - ninomanti@alice.it
2014-05-08, 18:30:33	3050 - mara.gambin@alice.it
2014-05-08, 18:30:33	3051 - sabry.gold@hotmail.it
2014-05-08, 18:30:34	3052 - fabiosarsilli@gmail.com
2014-05-08, 18:30:34	3053 - perinimassimo@alice.it
2014-05-08, 18:30:35	3054 - emanuela.m.carradore@tiscali.it
2014-05-08, 18:30:36	3055 - balanz@libero.it
2014-05-08, 18:30:36	3056 - pasquale.arace@alice.it
2014-05-08, 18:30:38	3057 - federica23@alice.it
2014-05-08, 18:30:38	3058 - rosella.parmesani@virgilio.it
2014-05-08, 18:30:38	3059 - stefano.simontacchi@beplex.com
2014-05-08, 18:30:39	3060 - danda07@yahoo.it
2014-05-08, 18:30:39	3061 - michela.corbellini@eni.com
2014-05-08, 18:30:40	3062 - vargialericca@teletu.it
2014-05-08, 18:30:40	3063 - elisabetta@studiomiani.it
2014-05-08, 18:30:41	3064 - katia.fioravanti@libero.it
2014-05-08, 18:30:42	3065 - 19jbocci@gmail.com
2014-05-08, 18:30:42	3066 - fabio.tamanza@tin.it
2014-05-08, 18:30:43	3067 - anouk30@alice.it
2014-05-08, 18:30:43	3068 - cosimopalma@msn.com
2014-05-08, 18:30:44	3069 - guglielminomassimo@virgilio.it
2014-05-08, 18:30:45	3070 - cortiledizucchero@yahoo.it
2014-05-08, 18:30:45	3071 - marta.martin18@libero.it
2014-05-08, 18:30:46	3072 - cosol_sud_style@yahoo.it
2014-05-08, 18:30:46	3073 - mara.ambrosi@hotmail.it
2014-05-08, 18:30:47	3074 - m.ferrari@villapartners.it
2014-05-08, 18:30:49	3075 - philtes@hotmail.it
2014-05-08, 18:30:49	3076 - dgtfnc@libero.it
2014-05-08, 18:30:49	3077 - francescamarchitto@hotmail.com
2014-05-08, 18:30:49	3078 - simone.schiavelli@alice.it
2014-05-08, 18:30:50	3079 - ddemartinis@libero.it
2014-05-08, 18:30:51	3080 - martine.grassi@alice.it
2014-05-08, 18:30:51	3081 - carlottilaura@hotmail.com
2014-05-08, 18:30:52	3082 - luigifiorindo@gmail.com
2014-05-08, 18:30:52	3083 - angie.biancaniello@alice.it
2014-05-08, 18:30:53	3084 - andreaferrari68@gmail.com
2014-05-08, 18:30:54	3085 - smaltin@tin.it
2014-05-08, 18:30:54	3086 - deleofilomena@yahoo.it
2014-05-08, 18:30:55	3087 - virgiefern04@gmail.com
2014-05-08, 18:30:55	3088 - mirkaprati@virgilio.it
2014-05-08, 18:30:56	3089 - simonagabriele72@gmail.com
2014-05-08, 18:30:57	3090 - cubeddina@alice.it
2014-05-08, 18:30:57	3091 - n.ludovici@gmail.com
2014-05-08, 18:30:59	3092 - zanto.moni@libero.it
2014-05-08, 18:30:59	3093 - capellone1@hotmail.it
2014-05-08, 18:30:59	3094 - ivanthefly@gmail.com
2014-05-08, 18:31:00	3095 - sabrinat@virgilio.it
2014-05-08, 18:31:00	3096 - lauradm@libero.it
2014-05-08, 18:31:01	3097 - anvanrossem@hotmail.com
2014-05-08, 18:31:01	3098 - amabiliroberta85@tiscali.it
2014-05-08, 18:31:02	3099 - marcomichelotti@gmail.com
2014-05-08, 18:31:03	3100 - laura.stacchiotti@gmail.com
2014-05-08, 18:31:03	3101 - milesipaolo1@gmail.com
2014-05-08, 18:31:04	3102 - y.myers@tin.it
2014-05-08, 18:31:04	3103 - cristallo63@gmail.com
2014-05-08, 18:31:05	3104 - contevlad@libero.it
2014-05-08, 18:31:06	3105 - loredana.armaverde@libero.it
2014-05-08, 18:31:06	3106 - francesca.ferriani@libero.it
2014-05-08, 18:31:07	3107 - scimabela@libero.it
2014-05-08, 18:31:07	3108 - lenoci.donatella@libero.it
2014-05-08, 18:31:09	3109 - dmanfredi@libero.it
2014-05-08, 18:31:09	3110 - pdelia_2012@libero.it
2014-05-08, 18:31:09	3111 - ale.pisano1@gmail.com
2014-05-08, 18:31:10	3112 - corrado.antoniazzi@hotmail.it
2014-05-08, 18:31:10	3113 - pcianchetta@gmail.com
2014-05-08, 18:31:11	3114 - hanneli.sillfors@gmail.com
2014-05-08, 18:31:12	3115 - beatrice.bassanini@studiobassanini.it
2014-05-08, 18:31:12	3116 - monfre69@hotmail.com
2014-05-08, 18:31:13	3117 - chiesa.mario@gmail.com
2014-05-08, 18:31:13	3118 - elena21bo@hotmail.it
2014-05-08, 18:31:14	3119 - ginkoz@email.it
2014-05-08, 18:31:15	3120 - alessandra.riva1982@libero.it
2014-05-08, 18:31:15	3121 - grazia@murarostudio.com
2014-05-08, 18:31:16	3122 - depaiva@alice.it
2014-05-08, 18:31:16	3123 - cinziabarison@alice.it
2014-05-08, 18:31:17	3124 - penati.a@tiscali.it
2014-05-08, 18:31:18	3125 - studiofotografico@live.it
2014-05-08, 18:31:19	3126 - margherita@lifelife.it
2014-05-08, 18:31:19	3127 - enricorosi67@gmail.com
2014-05-08, 18:31:19	3128 - ufficio@arredoerre.it
2014-05-08, 18:31:20	3129 - sonias_bz@yahoo.it
2014-05-08, 18:31:21	3130 - gianparodi@fastwebnet.it
2014-05-08, 18:31:21	3131 - sergio.spezia@tiscali.it
2014-05-08, 18:31:22	3132 - prova@prova.com
2014-05-08, 18:31:22	3133 - gdemarco54@gmail.com
2014-05-08, 18:31:23	3134 - rosannasalemi@libero.it
2014-05-08, 18:31:24	3135 - noheliamendoza@libero.it
2014-05-08, 18:31:24	3136 - chris_ambro@alice.it
2014-05-08, 18:31:25	3137 - antonio.vuolo@email.it
2014-05-08, 18:31:25	3138 - antoivan@katamail.com
2014-05-08, 18:31:26	3139 - roberto.fioravanti5@alice.it
2014-05-08, 18:31:27	3140 - maurigab@alice.it
2014-05-08, 18:31:27	3141 - paolapax61@gmail.com
2014-05-08, 18:31:28	3142 - simona.conforti@libero.it
2014-05-08, 18:31:29	3143 - gymbal@libero.it
2014-05-08, 18:31:29	3144 - a.korz@alice.it
2014-05-08, 18:31:30	3145 - luma1705@libero.it
2014-05-08, 18:31:30	3146 - fontilino@hotmail.com
2014-05-08, 18:31:31	3147 - annabel29@inwind.it
2014-05-08, 18:31:31	3148 - claudioghera@me.com
2014-05-08, 18:31:32	3149 - ale.scano@gmail.com
2014-05-08, 18:31:33	3150 - turchi.s@libero.it
2014-05-08, 18:31:33	3151 - nicole.bardelli@alice.it
2014-05-08, 18:31:34	3152 - isab53@hotmail.com
2014-05-08, 18:31:34	3153 - mariagrazia.grimaldi@gmail.com
2014-05-08, 18:31:35	3154 - rickybacci@gmail.com
2014-05-08, 18:31:36	3155 - gbilli@teletu.it
2014-05-08, 18:31:36	3156 - sandra.corona@libero.it
2014-05-08, 18:31:37	3157 - crilevi@tin.it
2014-05-08, 18:31:37	3158 - ondaverde2010@hotmail.it
2014-05-08, 18:31:38	3159 - emanuele.ciamberlano@gmail.com
2014-05-08, 18:31:39	3160 - brunellavirdo@yahoo.it
2014-05-08, 18:31:40	3161 - goldbet_veroli@libero.it
2014-05-08, 18:31:40	3162 - rossellarosetti.rossella.ros@gmail.com
2014-05-08, 18:31:40	3163 - glg77a@libero.it
2014-05-08, 18:31:41	3164 - fenice.md@libero.it
2014-05-08, 18:31:42	3165 - m_penza@libero.it
2014-05-08, 18:31:42	3166 - barcella.massimo@gmail.com
2014-05-08, 18:31:43	3167 - romano.tognetti@libero.it
2014-05-08, 18:31:43	3168 - alfredocote7@hotmail.com
2014-05-08, 18:31:44	3169 - alfredoconte7@hotmail.com
2014-05-08, 18:31:45	3170 - gonnam@hotmail.it
2014-05-08, 18:31:45	3171 - annunci.carlo@gmail.com
2014-05-08, 18:31:46	3172 - informazioni@info-news.it
2014-05-08, 18:31:46	3173 - promopaola@libero.it
2014-05-08, 18:31:47	3174 - stefaniagalardi@libero.it
2014-05-08, 18:31:48	3175 - angela_santorelli@libero.it
2014-05-08, 18:31:49	3176 - mariaticlosaloevera@gmail.com
2014-05-08, 18:31:49	3177 - cristinagiamblanco84675@gmail.com
2014-05-08, 18:31:49	3178 - ornellarizzoli@gmail.com
2014-05-08, 18:31:50	3179 - cella.podavini@tin.it
2014-05-08, 18:31:51	3180 - katia.pastacaldi@libero.it
2014-05-08, 18:31:51	3181 - earrigo@libero.it
2014-05-08, 18:31:52	3182 - pdalex45@alice.it
2014-05-08, 18:31:52	3183 - moxa9@hotmail.com
2014-05-08, 18:31:53	3184 - pansiin@yahoo.it
2014-05-08, 18:31:54	3185 - 16angio@gmail.com
2014-05-08, 18:31:54	3186 - dario.barba@hotmail.it
2014-05-08, 18:31:55	3187 - mw.difilippo@gmail.com
2014-05-08, 18:31:55	3188 - brila74@gmail.com
2014-05-08, 18:31:56	3189 - arcobaleno1966@gmail.com
2014-05-08, 18:31:57	3190 - rossano.marziali@libero.it
2014-05-08, 18:31:57	3191 - catia.vaccari@sismer.it
2014-05-08, 18:31:58	3192 - marcocigliuti@gmail.com
2014-05-08, 18:31:58	3193 - marillionitalia@yahoo.com
2014-05-08, 18:31:59	3194 - lorena.martine60@gmail.com
2014-05-08, 18:32:00	3195 - lucius967@hotmail.it
2014-05-08, 18:32:00	3196 - lo.rana@alice.it
2014-05-08, 18:32:02	3197 - giulipuddu@gmail.com
2014-05-08, 18:32:02	3198 - tabmem@libero.it
2014-05-08, 18:32:02	3199 - janalarrass@googlemail.com
2014-05-08, 18:32:03	3200 - federicacodastefano@yahoo.it
2014-05-08, 18:32:03	3201 - valeria.ferrara1984@libero.it
2014-05-08, 18:32:04	3202 - valeria.ferrara1985@libero.it
2014-05-08, 18:32:04	3203 - barnaba7080@yahoo.it
2014-05-08, 18:32:05	3204 - arch.simonasanna@gmail.com
2014-05-08, 18:32:06	3205 - vserio1975@yahoo.it
2014-05-08, 18:32:06	3206 - dan@ioclk.com
2014-05-08, 18:32:07	3207 - elisabetta.pieragnoli@alice.it
2014-05-08, 18:32:07	3208 - agresti_flavio@hotmail.com
2014-05-08, 18:32:08	3209 - francesco.coppa@coppaeassociati.it
2014-05-08, 18:32:09	3210 - faustococcia64@gmail.com
2014-05-08, 18:32:09	3211 - rosalombardi76@alice.it
2014-05-08, 18:32:11	3212 - clotoulky@mastas.info
2014-05-08, 18:32:11	3213 - ideaflo@libero.it
2014-05-08, 18:32:11	3214 - susanne.ruckdeschel@tiscali.it
2014-05-08, 18:32:12	3215 - ales.gala@gmail.com
2014-05-08, 18:32:12	3216 - dania582007@libero.it
2014-05-08, 18:32:13	3217 - gabriella.gatti12@gmail.com
2014-05-08, 18:32:13	3218 - max@isidea.it
2014-05-08, 18:32:14	3219 - chrystenia@vodafone.it
2014-05-08, 18:32:15	3220 - marcoemarcello@gmail.com
2014-05-08, 18:32:15	3221 - fabiomaranci@hotmail.it
2014-05-08, 18:32:16	3222 - giuseppedivita@live.it
2014-05-08, 18:32:16	3223 - samubrandi@alice.it
2014-05-08, 18:32:17	3224 - idiomacostruzioni@libero.it
2014-05-08, 18:32:18	3225 - gerolamicaterina@gmail.com
2014-05-08, 18:32:18	3226 - ltiradritti@yahoo.it
2014-05-08, 18:32:19	3227 - tvsfi@yahoo.it
2014-05-08, 18:32:19	3228 - frtsvn@libero.it
2014-05-08, 18:32:20	3229 - tina_salvatore@libero.it
2014-05-08, 18:32:22	3230 - fresch77@yahoo.it
2014-05-08, 18:32:22	3231 - mga.piras.zoncu@tiscali.it
2014-05-08, 18:32:22	3232 - p.gonnella@tiscali.it
2014-05-08, 18:32:22	3233 - simone.bressa0@hotmail.it
2014-05-08, 18:32:23	3234 - mantini.mauro@virgilio.it
2014-05-08, 18:32:24	3235 - gavabarbara0710@gmail.com
2014-05-08, 18:32:24	3236 - m.amodio@provincia.belluno.it
2014-05-08, 18:32:25	3237 - giappi72@tiscali.it
2014-05-08, 18:32:25	3238 - raffaellapunzo@yahoo.it
2014-05-08, 18:32:26	3239 - spezialetti.alberto@tiscali.it
2014-05-08, 18:32:27	3240 - fraccalvieridonato@inwind.it
2014-05-08, 18:32:27	3241 - cristina.tiziani@gmail.com
2014-05-08, 18:32:28	3242 - angelaraspanti@yahoo.it
2014-05-08, 18:32:28	3243 - rosy.dsn@gmail.com
2014-05-08, 18:32:29	3244 - dellarocca@sferaservizi.net
2014-05-08, 18:32:30	3245 - riccardo.deca@alice.it
2014-05-08, 18:32:30	3246 - dyriargo@yahoo.it
2014-05-08, 18:32:32	3247 - barbarapellizzari3@gmail.com
2014-05-08, 18:32:32	3248 - susannacolombo3170@libero.it
2014-05-08, 18:32:32	3249 - fra.ciccarese@gmail.com
2014-05-08, 18:32:33	3250 - rubbi.anna@yahoo.it
2014-05-08, 18:32:33	3251 - tiozzo.anto@gmail.com
2014-05-08, 18:32:34	3252 - barbara.rinetti@alice.it
2014-05-08, 18:32:34	3253 - alepetrak@libero.it
2014-05-08, 18:32:35	3254 - lorena_dal_maso@libero.it
2014-05-08, 18:32:36	3255 - paolo.lao@libero.it
2014-05-08, 18:32:36	3256 - danieladesandre@yahoo.it
2014-05-08, 18:32:37	3257 - silviagatti68@icloud.com
2014-05-08, 18:32:37	3258 - stefano.melegari@lifelife.it
2014-05-08, 18:32:38	3259 - info@elisabettabaccanti.it
2014-05-08, 18:32:39	3260 - francescoavellino@gmail.com
2014-05-08, 18:32:39	3261 - kealfoun@gmail.com
2014-05-08, 18:32:40	3262 - r.giachero@gmail.com
2014-05-08, 18:32:41	3263 - mauro.cerbai.52@alice.it
2014-05-08, 18:32:41	3264 - raffaella.ruschena@gmail.com
2014-05-08, 18:32:42	3265 - lifeisart85@hotmail.it
2014-05-08, 18:32:42	3266 - sandropiccarozzi@libero.it
2014-05-08, 18:32:43	3267 - marta@suafricaviaggi.net
2014-05-08, 18:32:43	3268 - soso_zec@yahoo.fr
2014-05-08, 18:32:44	3269 - op0842213@gmail.com
2014-05-08, 18:32:45	3270 - dedesnecci@gmail.com
2014-05-08, 18:32:45	3271 - luciano.zuffi62@gmail.com
2014-05-08, 18:32:46	3272 - leoscarpa@hotmail.com
2014-05-08, 18:32:46	3273 - micaccinni@gmail.com
2014-05-08, 18:32:47	3274 - francescaaffatato@yahoo.it
2014-05-08, 18:32:48	3275 - gbagnara99@gmail.com
2014-05-08, 18:32:48	3276 - manoliap@libero.it
2014-05-08, 18:32:49	3277 - paolamottap@libero.it
2014-05-08, 18:32:49	3278 - agnezajc@gmail.com
2014-05-08, 18:32:50	3279 - pierma94@hotmail.it
2014-05-08, 18:32:52	3280 - balsamo.mario@fastwebnet.it
2014-05-08, 18:32:52	3281 - andrea.vairo@alice.it
2014-05-08, 18:32:52	3282 - lamette@gmail.com
2014-05-08, 18:32:52	3283 - arianna.martignon@gmail.com
2014-05-08, 18:32:53	3284 - annadean@hotmail.it
2014-05-08, 18:32:54	3285 - job4saulo-77@yahoo.it
2014-05-08, 18:32:54	3286 - aurora.diotallevi54@gmail.com
2014-05-08, 18:32:55	3287 - pannocchiaseinove@yahoo.it
2014-05-08, 18:32:55	3288 - anarres@libero.it
2014-05-08, 18:32:56	3289 - marco_cristiani@hotmail.it
2014-05-08, 18:32:57	3290 - info@puca.eu
2014-05-08, 18:32:57	3291 - vitale973@gmail.com
2014-05-08, 18:32:58	3292 - virginio.satragno@gmail.com
2014-05-08, 18:32:58	3293 - admin@parrottes.com
2014-05-08, 18:32:59	3294 - emilioagnello75@gmail.com
2014-05-08, 18:33:00	3295 - lmmarel@alice.it
2014-05-08, 18:33:00	3296 - elenasportiello@libero.it
2014-05-08, 18:33:02	3297 - zeppi@villaannamaria.com
2014-05-08, 18:33:02	3298 - toronto71@tiscali.it
2014-05-08, 18:33:02	3299 - marta@sudafricaviaggi.net
2014-05-08, 18:33:03	3300 - enogastronomia.marco@libero.it
2014-05-08, 18:33:03	3301 - info.realpilates@gmail.com
2014-05-08, 18:33:04	3302 - marina.trainer@gmail.com
2014-05-08, 18:33:04	3303 - ffinazzi@mac.com
2014-05-08, 18:33:05	3304 - mariaconcettazarbo@alice.it
2014-05-08, 18:33:06	3305 - monica.isaia81@libero.it
2014-05-08, 18:33:06	3306 - lauretta1988@live.it
2014-05-08, 18:33:07	3307 - lucado67@hotmail.it
2014-05-08, 18:33:07	3308 - paoliannats@gmail.com
2014-05-08, 18:33:08	3309 - erneasx@gmail.com
2014-05-08, 18:33:09	3310 - savycar2009@libero.it
2014-05-08, 18:33:09	3311 - alessiaromei@libero.it
2014-05-08, 18:33:10	3312 - tonzola_91@hotmail.it
2014-05-08, 18:33:10	3313 - gmorini@liberaofficina.net
2014-05-08, 18:33:11	3314 - stefaniadegan@libero.it
2014-05-08, 18:33:12	3315 - idro72@gmail.com
2014-05-08, 18:33:13	3316 - sangerik@libero.it
2014-05-08, 18:33:13	3317 - ferlonimarisa@live.it
2014-05-08, 18:33:13	3318 - radio.market@libero.it
2014-05-08, 18:33:14	3319 - bettinapaus@gmail.com
2014-05-08, 18:33:15	3320 - massimo.vigor@tin.it
2014-05-08, 18:33:15	3321 - autoricambidrcar@virgilio.it
2014-05-08, 18:33:16	3322 - immacolata.marra@mail.com
2014-05-08, 18:33:16	3323 - abrambose@gmail.com
2014-05-08, 18:33:17	3324 - paola.pel@alice.it
2014-05-08, 18:33:18	3325 - zoccafrancesca@gmail.com
2014-05-08, 18:33:18	3326 - sandro.shoe@libero.it
2014-05-08, 18:33:19	3327 - fpangiulli@gmail.com
2014-05-08, 18:33:19	3328 - alessandrapasini@tiscali.it
2014-05-08, 18:33:20	3329 - rosannalinaldeddu@live.it
2014-05-08, 18:33:21	3330 - micgel@libero.it
2014-05-08, 18:33:21	3331 - ceaili@yahoo.it
2014-05-08, 18:33:23	3332 - salapatrizia@virgilio.it
2014-05-08, 18:33:23	3333 - elisa.occ@gmail.com
2014-05-08, 18:33:23	3334 - giulia.anceschi@alice.it
2014-05-08, 18:33:24	3335 - schober@ranacher.at
2014-05-08, 18:33:24	3336 - renzo.ballo@alice.it
2014-05-08, 18:33:25	3337 - pasquali.alessandro76@gmail.com
2014-05-08, 18:33:25	3338 - alessandro.pas76@gmail.com
2014-05-08, 18:33:26	3339 - vallicas73@gmail.com
2014-05-08, 18:33:27	3340 - portagabriele@gmail.com
2014-05-08, 18:33:27	3341 - moni.colla@tiscali.it
2014-05-08, 18:33:28	3342 - xyla@xyla.it
2014-05-08, 18:33:28	3343 - sabrinetta@alice.it
2014-05-08, 18:33:29	3344 - veronica.ferrari@virgilio.it
2014-05-08, 18:33:30	3345 - giovanna.gianturco@uniroma1.it
2014-05-08, 18:33:30	3346 - francesco.zammori@libero.it
2014-05-08, 18:33:31	3347 - claudiamarconi42@yahoo.it
2014-05-08, 18:33:31	3348 - gino5@virgilio.it
2014-05-08, 18:33:33	3349 - gianni.elena2003@libero.it
2014-05-08, 18:33:33	3350 - silviave2010@gmail.com
2014-05-08, 18:33:33	3351 - boscodirovo@gmail.com
2014-05-08, 18:33:34	3352 - angelagiusicattaneo@gmail.com
2014-05-08, 18:33:34	3353 - janny.annima@libero.it
2014-05-08, 18:33:35	3354 - etrezzi@hotmail.com
2014-05-08, 18:33:36	3355 - for_ant@hotmail.com
2014-05-08, 18:33:36	3356 - avlura@hotmail.com
2014-05-08, 18:33:37	3357 - kaya1980@inwind.it
2014-05-08, 18:33:37	3358 - annalisa.mazzoni@mail.it
2014-05-08, 18:33:38	3359 - roby.bettoli@gmail.com
2014-05-08, 18:33:39	3360 - ampizzigallo@gmail.com
2014-05-08, 18:33:39	3361 - nimue_morganti@hotmail.com
2014-05-08, 18:33:40	3362 - uzza78@hotmail.com
2014-05-08, 18:33:40	3363 - tania.carollo@libero.it
2014-05-08, 18:33:41	3364 - kjudithk@gmail.com
2014-05-08, 18:33:43	3365 - paris06@yahoo.it
2014-05-08, 18:33:43	3366 - davmssn@gmail.com
2014-05-08, 18:33:43	3367 - silvia.soresini@libero.it
2014-05-08, 18:33:43	3368 - susy.dara@virgilio.it
2014-05-08, 18:33:44	3369 - alessiocortesi75@gmail.com
2014-05-08, 18:33:45	3370 - dariuzzu@tiscali.it
2014-05-08, 18:33:45	3371 - mauriziourban@libero.it
2014-05-08, 18:33:46	3372 - danilomanc@gmail.com
2014-05-08, 18:33:46	3373 - guerinidenise@gmail.com
2014-05-08, 18:33:47	3374 - francescabarberis@virgilio.it
2014-05-08, 18:33:48	3375 - emanuelito@donnapiu.eu
2014-05-08, 18:33:48	3376 - samanthagrr@yahoo.it
2014-05-08, 18:33:49	3377 - nanni@cubadak-paradisovillage.com
2014-05-08, 18:33:49	3378 - francesca.peruzzi@yahoo.it
2014-05-08, 18:33:50	3379 - arch.rfinotto@gmail.com
2014-05-08, 18:33:51	3380 - acquario2009@hotmail.it
2014-05-08, 18:33:51	3381 - trtlll@yahoo.it
2014-05-08, 18:33:52	3382 - sara.cherchi@libero.it
2014-05-08, 18:33:53	3383 - maxpicinelli@hotmail.com
2014-05-08, 18:33:53	3384 - v.barbarella@gmail.com
2014-05-08, 18:33:54	3385 - giancarlob64@alice.it
2014-05-08, 18:33:54	3386 - cristina.canepa@telecomitalia.it
2014-05-08, 18:33:55	3387 - rossana-feola@libero.it
2014-05-08, 18:33:55	3388 - a_aalex@libero.it
2014-05-08, 18:33:56	3389 - simonetta@mondoacqua.net
2014-05-08, 18:33:57	3390 - lucky48@alice.it
2014-05-08, 18:33:57	3391 - pamerolando@hotmail.it
2014-05-08, 18:33:58	3392 - mecboril@libero.it
2014-05-08, 18:33:58	3393 - plmart@libero.it
2014-05-08, 18:33:59	3394 - deluisaemiliano@libero.it
2014-05-08, 18:34:00	3395 - amneris_rizzi@yahoo.it
2014-05-08, 18:34:00	3396 - mussi.carlo@tiscali.it
2014-05-08, 18:34:01	3397 - pasq1979@gmail.com
2014-05-08, 18:34:01	3398 - giadaber@libero.it
2014-05-08, 18:34:03	3399 - secci_marcello@libero.it
2014-05-08, 18:34:03	3400 - cate75@infinito.it
2014-05-08, 18:34:03	3401 - baggi.ilaria@gmail.com
2014-05-08, 18:34:04	3402 - manuelabassi64@gmail.com
2014-05-08, 18:34:04	3403 - mariagrazia.andreula@gmail.com
2014-05-08, 18:34:05	3404 - nath.vallet.aosta@gmail.com
2014-05-08, 18:34:06	3405 - vito-romano@libero.it
2014-05-08, 18:34:06	3406 - do.manuela@gmail.com
2014-05-08, 18:34:07	3407 - ciliegia2004@gmail.com
2014-05-08, 18:34:07	3408 - robertocesiano@libero.it
2014-05-08, 18:34:08	3409 - maurizio.arisi@hotmail.it
2014-05-08, 18:34:09	3410 - sox25sf@libero.it
2014-05-08, 18:34:09	3411 - caterina.lanfranco@gmail.com
2014-05-08, 18:34:10	3412 - chiaraparma6@gmail.com
2014-05-08, 18:34:10	3413 - alessiocortesi@gmail.com
2014-05-08, 18:34:11	3414 - arturovilla@tiscali.it
2014-05-08, 18:34:12	3415 - ebernasconi.architetto@gmail.com
2014-05-08, 18:34:12	3416 - barbara.montanari@email.it
2014-05-08, 18:34:13	3417 - francescamolin@tiscali.it
2014-05-08, 18:34:14	3418 - marebynegri@hotmail.it
2014-05-08, 18:34:14	3419 - soyo@libero.it
2014-05-08, 18:34:15	3420 - patriziabroggi@gmail.com
2014-05-08, 18:34:15	3421 - laura@cocoon.it
2014-05-08, 18:34:16	3422 - rosario.falciglia@gmail.com
2014-05-08, 18:34:16	3423 - alej84@hotmail.it
2014-05-08, 18:34:17	3424 - mavetek@alice.it
2014-05-08, 18:34:18	3425 - trasportifrigo@libero.it
2014-05-08, 18:34:18	3426 - aleloved89@gmail.com
2014-05-08, 18:34:19	3427 - info@datavalue.it
2014-05-08, 18:34:19	3428 - rosannachessa970@tiscali.it
2014-05-08, 18:34:20	3429 - m.tomasi@grupporeco.eu
2014-05-08, 18:34:21	3430 - edoardo@internilab.it
2014-05-08, 18:34:21	3431 - renza.luciani@teletu.it
2014-05-08, 18:34:22	3432 - carmelo.fiscella@gmail.com
2014-05-08, 18:34:22	3433 - pinluigi@tiscali.it
2014-05-08, 18:34:23	3434 - laurasilvia@email.it
2014-05-08, 18:34:24	3435 - irma.ceriani@yahoo.it
2014-05-08, 18:34:25	3436 - nava-simone@alice.it
2014-05-08, 18:34:25	3437 - ungelatoalpistacchio@gmail.com
2014-05-08, 18:34:25	3438 - aledozer@yahoo.it
2014-05-08, 18:34:26	3439 - gomeira@hotmail.it
2014-05-08, 18:34:27	3440 - alessandro.bertocci@libero.it
2014-05-08, 18:34:27	3441 - mariateresa-64@hotmail.it
2014-05-08, 18:34:28	3442 - f.cosentino74@gmail.com
2014-05-08, 18:34:28	3443 - ambrenoir@gmail.com
2014-05-08, 18:34:29	3444 - glasstudio@tiscali.it
2014-05-08, 18:34:30	3445 - francasalato@gmail.com
2014-05-08, 18:34:30	3446 - norman.garau@gmail.com
2014-05-08, 18:34:31	3447 - lory.matthew@alice.it
2014-05-08, 18:34:31	3448 - barbara.lodi70@infinito.it
2014-05-08, 18:34:32	3449 - dpmrmf@libero.it
2014-05-08, 18:34:33	3450 - ornella.sizzi@alfamedica.it
2014-05-08, 18:34:33	3451 - fusaroangela@alice.it
2014-05-08, 18:34:34	3452 - camilla.marradi@gmail.com
2014-05-08, 18:34:35	3453 - angela_ma@tiscali.it
2014-05-08, 18:34:35	3454 - duborocco@gmail.com
2014-05-08, 18:34:36	3455 - waltercassin@dctrasmissioni.it
2014-05-08, 18:34:36	3456 - lucaeur@gmail.com
2014-05-08, 18:34:37	3457 - sabrina@internilab.it
2014-05-08, 18:34:37	3458 - alerosso@libero.it
2014-05-08, 18:34:38	3459 - gomma16@email.it
2014-05-08, 18:34:39	3460 - santambrogio.elena@yahoo.it
2014-05-08, 18:34:39	3461 - maria.grazia.moreni@alice.it
2014-05-08, 18:34:40	3462 - madlv@hotmail.it
2014-05-08, 18:34:40	3463 - massimo.ceccato@fastwebnet.it
