2016-04-12, 20:54:51	

=================================================================

2016-04-12, 20:54:51	Prova 2


2016-04-12, 20:54:51	10 - roberto.bani@gmail.com
2016-04-12, 20:54:52	11 - bobbylinux@hotmail.it
2016-04-12, 20:54:53	12 - g.porzilli@globeit.it
2016-04-12, 20:54:53	

=================================================================

2016-04-12, 20:54:53	Prova 4


2016-04-12, 20:54:53	10 - roberto.bani@gmail.com
2016-04-12, 20:54:54	11 - bobbylinux@hotmail.it
2016-04-12, 20:54:54	12 - g.porzilli@globeit.it
2016-04-12, 20:54:55	

=================================================================

2016-04-12, 20:54:55	Prova di invio n. 2


2016-04-12, 20:54:55	10 - roberto.bani@gmail.com
2016-04-12, 20:54:56	11 - bobbylinux@hotmail.it
2016-04-12, 20:54:56	12 - g.porzilli@globeit.it
2016-04-12, 20:54:56	

=================================================================

2016-04-12, 20:54:56	aaa


2016-04-12, 20:54:57	10 - roberto.bani@gmail.com
2016-04-12, 20:54:57	11 - bobbylinux@hotmail.it
2016-04-12, 20:54:58	12 - g.porzilli@globeit.it
