2014-04-03, 16:49:26	

============================================================

2014-04-03, 16:49:26	Invio per Lezioni


2014-04-03, 16:49:27	

============================================================

2014-04-03, 16:49:27	Prova sendletter 1


2014-04-03, 19:54:05	

============================================================

2014-04-03, 19:54:05	Prova sendletter 1


2014-04-03, 20:15:47	

============================================================

2014-04-03, 20:15:47	Prova sendletter 2


2014-04-04, 12:12:11	

============================================================

2014-04-04, 12:12:11	prova invio n° 1


2014-04-04, 12:32:07	

============================================================

2014-04-04, 12:32:07	prova 2


2014-04-04, 12:39:35	

============================================================

2014-04-04, 12:39:35	documento


2014-04-04, 12:44:19	

============================================================

2014-04-04, 12:44:19	documento


2014-04-04, 12:50:21	

============================================================

2014-04-04, 12:50:21	Prova Mail per tutti gli utenti


2014-04-04, 12:51:53	

============================================================

2014-04-04, 12:51:53	aaa


2014-04-04, 12:54:21	

============================================================

2014-04-04, 12:54:21	ciao a tutti


2014-09-05, 15:15:38	

============================================================

2014-09-05, 15:15:38	CAM CORSI 2014/15


2014-09-05, 17:00:02	

============================================================

2014-09-05, 17:00:02	CAM CORSI 2014/15


2014-09-22, 16:35:46	

============================================================

2014-09-22, 16:35:46	NUOVI EVENTI DI SETTEMBRE


2014-09-22, 17:00:02	

============================================================

2014-09-22, 17:00:02	NUOVI EVENTI DI SETTEMBRE


2014-09-22, 17:10:02	gaguz1999@gmail.com (guglielmo)  costanzabertini@yahoo.it
2014-10-07, 17:17:43	

============================================================

2014-10-07, 17:17:43	CAM ON!  PUBBLICAZIONE ON LINE 


2014-10-08, 17:00:02	

============================================================

2014-10-08, 17:00:02	CAM ON!  PUBBLICAZIONE ON LINE 


2014-10-08, 17:09:59	gaguz1999@gmail.com (guglielmo)  costanzabertini@yahoo.it
2014-10-08, 17:10:15	marilu.daselo@hotmail.it        sery.delfino.azzurro.94@hotmail.it
2014-10-19, 15:50:33	

============================================================

2014-10-19, 15:50:33	Gennaker, come usarlo.


2014-11-15, 15:47:08	

============================================================

2014-11-15, 15:47:08	Prova 1


2014-11-15, 16:06:45	

============================================================

2014-11-15, 16:06:45	prova CAM/EURODRIVE


2014-11-15, 16:11:02	

============================================================

2014-11-15, 16:11:02	prova CAM no EURODRIVE


2014-11-15, 16:15:47	

============================================================

2014-11-15, 16:15:47	Prova CAM su CAM


2014-11-15, 16:18:02	

============================================================

2014-11-15, 16:18:02	CAM DA CORREGGERE


2014-11-15, 16:28:16	

============================================================

2014-11-15, 16:28:16	CAM su CAM da CORREGGERE


2014-11-15, 16:42:51	

============================================================

2014-11-15, 16:42:51	PROVA CAM FINALE


2014-11-15, 16:44:36	

============================================================

2014-11-15, 16:44:36	CAM: calendario corsi collettivi


2014-11-15, 16:49:27	

============================================================

2014-11-15, 16:49:27	CAM: calendario corsi collettivi


2014-11-25, 14:38:24	

============================================================

2014-11-25, 14:38:24	EVENTI DICEMBRE


2014-11-25, 14:41:45	

============================================================

2014-11-25, 14:41:45	EVENTI DICEMBRE


2014-11-25, 14:41:46	

============================================================

2014-11-25, 14:41:46	prova 1


2014-11-25, 14:42:40	

============================================================

2014-11-25, 14:42:40	EVENTI DICEMBRE


2014-11-25, 14:45:35	

============================================================

2014-11-25, 14:45:35	Prova 2


2014-11-25, 14:48:00	

============================================================

2014-11-25, 14:48:00	EVENTI DICEMBRE


2014-11-25, 14:48:01	

============================================================

2014-11-25, 14:48:01	Prova 3


2014-11-25, 15:28:18	

============================================================

2014-11-25, 15:28:18	EVENTI DICEMBRE


2014-11-25, 15:56:26	

============================================================

2014-11-25, 15:56:26	EVENTI DICEMBRE


2014-11-25, 15:56:27	

============================================================

2014-11-25, 15:56:27	EVENTI DICEMBRE


2014-11-25, 21:00:01	

============================================================

2014-11-25, 21:00:01	EVENTI DICEMBRE


2014-11-25, 21:00:02	

============================================================

2014-11-25, 21:00:02	EVENTI DICEMBRE


2014-11-25, 21:09:52	gaguz1999@gmail.com (guglielmo)  costanzabertini@yahoo.it
2014-11-25, 21:10:09	marilu.daselo@hotmail.it        sery.delfino.azzurro.94@hotmail.it
2014-12-02, 15:57:32	

============================================================

2014-12-02, 15:57:32	Pagamento Rata Corsi


2014-12-15, 17:13:18	

============================================================

2014-12-15, 17:13:18	AUGURI


2014-12-15, 17:27:10	

============================================================

2014-12-15, 17:27:10	AUGURI


2014-12-15, 21:00:01	

============================================================

2014-12-15, 21:00:01	AUGURI


2014-12-15, 21:00:03	

============================================================

2014-12-15, 21:00:03	AUGURI


2014-12-15, 21:09:42	gaguz1999@gmail.com (guglielmo)  costanzabertini@yahoo.it
2014-12-15, 21:09:58	marilu.daselo@hotmail.it        sery.delfino.azzurro.94@hotmail.it
2015-01-09, 15:04:20	

============================================================

2015-01-09, 15:04:20	26 GENNAIO  UNA "PRIMA" DA NON PERDERE!!!


2015-01-09, 15:10:24	

============================================================

2015-01-09, 15:10:24	26 GENNAIO  UNA "PRIMA" DA NON PERDERE!!!


2015-01-09, 15:18:12	

============================================================

2015-01-09, 15:18:12	26 GENNAIO  UNA "PRIMA" DA NON PERDERE!!!


2015-01-09, 15:31:08	

============================================================

2015-01-09, 15:31:08	26 GENNAIO  UNA "PRIMA" DA NON PERDERE!!!


2015-01-09, 21:00:01	

============================================================

2015-01-09, 21:00:01	26 GENNAIO  UNA "PRIMA" DA NON PERDERE!!!


2015-01-09, 21:09:40	gaguz1999@gmail.com (guglielmo)  costanzabertini@yahoo.it
2015-01-09, 21:09:56	marilu.daselo@hotmail.it        sery.delfino.azzurro.94@hotmail.it
2015-01-23, 17:11:31	

============================================================

2015-01-23, 17:11:31	SAVE THE DATE   26 gennaio CURVED LIGHTS


2015-01-23, 17:28:51	

============================================================

2015-01-23, 17:28:51	SAVE THE DATE   26 gennaio CURVED LIGHTS


2015-01-23, 21:00:01	

============================================================

2015-01-23, 21:00:01	SAVE THE DATE   26 gennaio CURVED LIGHTS


2015-01-23, 21:09:39	gaguz1999@gmail.com (guglielmo)  costanzabertini@yahoo.it
2015-01-23, 21:09:55	marilu.daselo@hotmail.it        sery.delfino.azzurro.94@hotmail.it
2015-01-29, 14:51:40	

============================================================

2015-01-29, 14:51:40	EVENTI GENNAIO FEBBRAIO


2015-01-29, 21:00:02	

============================================================

2015-01-29, 21:00:02	EVENTI GENNAIO FEBBRAIO


2015-01-29, 21:09:39	gaguz1999@gmail.com (guglielmo)  costanzabertini@yahoo.it
2015-01-29, 21:09:55	marilu.daselo@hotmail.it        sery.delfino.azzurro.94@hotmail.it
2015-02-03, 17:21:38	

============================================================

2015-02-03, 17:21:38	9 FEBBRAIO  CONCERTO AL CONSERVATORIO


2015-02-03, 21:00:01	

============================================================

2015-02-03, 21:00:01	9 FEBBRAIO  CONCERTO AL CONSERVATORIO


2015-02-03, 21:09:36	gaguz1999@gmail.com (guglielmo)  costanzabertini@yahoo.it
2015-02-03, 21:09:52	marilu.daselo@hotmail.it        sery.delfino.azzurro.94@hotmail.it
2015-02-13, 21:00:02	

============================================================

2015-02-13, 21:00:02	IL CAM A VILLA BARDINI


2015-02-13, 21:09:37	gaguz1999@gmail.com (guglielmo)  costanzabertini@yahoo.it
2015-02-13, 21:09:53	marilu.daselo@hotmail.it        sery.delfino.azzurro.94@hotmail.it
2015-02-14, 21:00:02	

============================================================

2015-02-14, 21:00:02	il CAM a VILLA BARDINI  ERRATA CORRIGE


2015-02-14, 21:09:37	gaguz1999@gmail.com (guglielmo)  costanzabertini@yahoo.it
2015-02-14, 21:09:53	marilu.daselo@hotmail.it        sery.delfino.azzurro.94@hotmail.it
2015-03-13, 15:54:53	

============================================================

2015-03-13, 15:54:53	CONCERTI AL "PORTO DI MARE"


2015-03-13, 21:00:01	

============================================================

2015-03-13, 21:00:01	CONCERTI AL "PORTO DI MARE"


2015-03-13, 21:09:36	gaguz1999@gmail.com (guglielmo)  costanzabertini@yahoo.it
2015-03-13, 21:09:51	marilu.daselo@hotmail.it        sery.delfino.azzurro.94@hotmail.it
2015-03-23, 21:00:02	

============================================================

2015-03-23, 21:00:02	25 MARZO- CURVED LIGHTS A "GIRONE JAZZ"


2015-03-23, 21:09:36	gaguz1999@gmail.com (guglielmo)  costanzabertini@yahoo.it
2015-03-23, 21:09:53	marilu.daselo@hotmail.it        sery.delfino.azzurro.94@hotmail.it
2015-03-23, 21:10:51	Guglielmo Lattanzi
2015-03-23, 21:10:51	Francesco Cofone
2015-03-23, 21:10:51	Giovanni Bigazzi
2015-04-08, 20:00:02	

============================================================

2015-04-08, 20:00:02	CAM ON AL PINOCCHIO LIVE JAZZ


2015-04-08, 20:09:34	gaguz1999@gmail.com (guglielmo)  costanzabertini@yahoo.it
2015-04-08, 20:09:50	marilu.daselo@hotmail.it        sery.delfino.azzurro.94@hotmail.it
2015-04-08, 20:10:49	Guglielmo Lattanzi
2015-04-08, 20:10:49	Francesco Cofone
2015-04-08, 20:10:49	Giovanni Bigazzi
2015-05-04, 20:00:02	

============================================================

2015-05-04, 20:00:02	CAM - CONCERTI CONCLUSIVI ANNO SCOLASTICO


2015-05-04, 20:09:35	gaguz1999@gmail.com (guglielmo)  costanzabertini@yahoo.it
2015-05-04, 20:09:51	marilu.daselo@hotmail.it        sery.delfino.azzurro.94@hotmail.it
2015-05-04, 20:10:49	Guglielmo Lattanzi
2015-05-04, 20:10:49	Francesco Cofone
2015-05-04, 20:10:49	Giovanni Bigazzi
2015-05-13, 20:00:03	

============================================================

2015-05-13, 20:00:03	LABORATORIO ORCHESTRALE SU MUSICHE DI LUCA FLORES E CONCERTI


2015-05-13, 20:09:52	gaguz1999@gmail.com (guglielmo)  costanzabertini@yahoo.it
2015-05-13, 20:10:07	marilu.daselo@hotmail.it        sery.delfino.azzurro.94@hotmail.it
2015-05-13, 20:11:04	Guglielmo Lattanzi
2015-05-13, 20:11:04	Francesco Cofone
2015-05-13, 20:11:04	Giovanni Bigazzi
2015-06-04, 20:00:02	

============================================================

2015-06-04, 20:00:02	TRIBUTO A LUCA FLORES


2015-06-04, 20:09:35	gaguz1999@gmail.com (guglielmo)  costanzabertini@yahoo.it
2015-06-04, 20:09:51	marilu.daselo@hotmail.it        sery.delfino.azzurro.94@hotmail.it
2015-06-04, 20:10:49	Guglielmo Lattanzi
2015-06-04, 20:10:49	Francesco Cofone
2015-06-04, 20:10:49	Giovanni Bigazzi
2015-09-07, 20:00:02	

============================================================

2015-09-07, 20:00:02	I CONCERTI DI SETTEMBRE IN PIAZZA DELLA PASSERA


2015-09-07, 20:09:33	gaguz1999@gmail.com (guglielmo)  costanzabertini@yahoo.it
2015-09-07, 20:09:49	marilu.daselo@hotmail.it        sery.delfino.azzurro.94@hotmail.it
2015-09-07, 20:10:46	Guglielmo Lattanzi
2015-09-07, 20:10:46	Francesco Cofone
2015-09-07, 20:10:46	Giovanni Bigazzi
2015-10-01, 20:00:02	

============================================================

2015-10-01, 20:00:02	ATTENZIONE: NUOVO CORSI DI CORO


2015-10-01, 20:09:31	gaguz1999@gmail.com (guglielmo)  costanzabertini@yahoo.it
2015-10-01, 20:09:46	marilu.daselo@hotmail.it        sery.delfino.azzurro.94@hotmail.it
2015-10-01, 20:10:43	Guglielmo Lattanzi
2015-10-01, 20:10:43	Francesco Cofone
2015-10-01, 20:10:43	Giovanni Bigazzi
2015-11-24, 07:37:25	

============================================================

2015-11-24, 07:37:25	prova 1 del 24/11/2011


2015-11-24, 12:09:44	

============================================================

2015-11-24, 12:09:44	prova 3 del 24/11/2015


2015-11-24, 14:36:49	

============================================================

2015-11-24, 14:36:49	Prova per MC-link


2015-11-24, 14:44:27	

============================================================

2015-11-24, 14:44:27	prova 2 per MC-link


2015-11-24, 16:44:23	

============================================================

2015-11-24, 16:44:23	Prova per Globeit.it


2015-11-25, 08:26:58	

============================================================

2015-11-25, 08:26:58	prova del 25/11/2015 ore 9.26


2015-11-25, 12:15:02	

============================================================

2015-11-25, 12:15:02	prova 2 del 25/11/2015 ore 13.15


2015-11-25, 16:24:52	

============================================================

2015-11-25, 16:24:52	PROVA


2015-11-25, 17:25:14	

============================================================

2015-11-25, 17:25:14	Prova 3 del 25/11/2015 ore 18.25


2015-11-25, 18:24:06	

============================================================

2015-11-25, 18:24:06	prova delle 19.23


2015-11-25, 18:24:17	1 - webmaster@globeit.it
2015-11-25, 18:24:28	2 - info@camfirenze.net
2015-11-25, 18:24:38	1231 - roberto.bani@gmail.com
2015-11-25, 18:24:48	1243 - ecommerce@globeit.com
2015-11-25, 18:24:58	1244 - g.porzilli@incontrosaperi.it
2015-11-25, 18:25:09	1245 - g.porzilli@internetpressoffice.it
2015-11-25, 18:25:19	1246 - g.porzilli@metafirenze.it
2015-11-25, 18:25:29	1247 - g.porzilli@thefamilybook.it
2015-11-25, 18:25:39	1248 - Roberto.bani@dedalus.eu
2015-11-25, 18:39:49	

============================================================

2015-11-25, 18:39:49	prova delle 19.39


2015-11-25, 18:48:40	

============================================================

2015-11-25, 18:48:40	prova dopo restart


2015-11-25, 19:03:19	

============================================================

2015-11-25, 19:03:19	prova delle 20.02


2015-11-26, 13:14:20	

============================================================

2015-11-26, 13:14:20	Prova gmail


2015-11-26, 13:31:39	

============================================================

2015-11-26, 13:31:39	prova delle 14.31 - Outlook


2015-11-26, 13:58:45	

============================================================

2015-11-26, 13:58:45	Prova delle 14.58


2015-11-26, 17:39:35	

============================================================

2015-11-26, 17:39:35	Prova delle 18.39


2015-11-27, 09:01:26	

============================================================

2015-11-27, 09:01:26	prova del 27/11/215 ore 09.57


2015-11-27, 09:54:58	

============================================================

2015-11-27, 09:54:58	prova 2 del 27/11/2015 ore 10.53


2015-12-01, 16:11:24	

============================================================

2015-12-01, 16:11:24	1


2016-01-20, 21:00:02	

============================================================

2016-01-20, 21:00:02	VISUAL ORCHESTRA Giovedì 28 gennaio 21.30 a L'Appartamento


2016-01-20, 21:09:31	gaguz1999@gmail.com (guglielmo)  costanzabertini@yahoo.it
2016-01-20, 21:09:47	marilu.daselo@hotmail.it        sery.delfino.azzurro.94@hotmail.it
2016-01-20, 21:10:41	Guglielmo Lattanzi
2016-01-20, 21:10:41	Francesco Cofone
2016-01-20, 21:10:41	Giovanni Bigazzi
2016-01-20, 21:11:26	

============================================================

2016-01-20, 21:11:26	VISUAL ORCHESTRA Giovedì 28 gennaio 21.30 a L'Appartamento


2016-01-20, 21:20:54	gaguz1999@gmail.com (guglielmo)  costanzabertini@yahoo.it
2016-01-20, 21:21:10	marilu.daselo@hotmail.it        sery.delfino.azzurro.94@hotmail.it
2016-01-20, 21:22:04	Guglielmo Lattanzi
2016-01-20, 21:22:04	Francesco Cofone
2016-01-20, 21:22:04	Giovanni Bigazzi
