2014-12-02, 15:57:32	

=================================================================

2014-12-02, 15:57:32	Pagamento Rata Corsi


2014-12-02, 15:57:33	1 - webmaster@globeit.it
2014-12-02, 15:57:34	2 - info@camfirenze.net
2014-12-02, 15:57:35	3 - g.porzilli@globeit.it
2014-12-02, 15:57:35	4 - jovinericcardo@inwind.it
2014-12-02, 15:57:36	7 - andreagheri@hotmail.com
2014-12-02, 15:57:36	8 - lenzi.giova@alice.it
2014-12-02, 15:57:37	10 - riccardoschillaci@msn.com
2014-12-02, 15:57:38	11 - pan.and@alice.it
2014-12-02, 15:57:38	12 - stefania.nin@unifi.it
2014-12-02, 15:57:39	13 - elianto96@alice.it
2014-12-02, 15:57:39	14 - ziopino@libero.it
2014-12-02, 15:57:40	15 - fidelegno@email.it
2014-12-02, 15:57:41	21 - massimo.guidi@tiscali.it
2014-12-02, 15:57:41	22 - melli@melli.bs.it
2014-12-02, 15:57:42	23 - ccorazzi@sebia.it
2014-12-02, 15:57:43	24 - agf.aniko@libero.it
2014-12-02, 15:57:43	26 - gianni.ignesti@virgilio.it
2014-12-02, 15:57:44	29 - fulviodori@yahoo.it
2014-12-02, 15:57:44	32 - vialefanti@libero.it
2014-12-02, 15:57:45	33 - lebuschi@gmail.com
2014-12-02, 15:57:45	34 - imbramat@yahoo.it
2014-12-02, 15:57:46	35 - goretti.gianluca@tiscali.it
2014-12-02, 15:57:47	37 - alessandro.dipuccio@alice.it
2014-12-02, 15:57:47	39 - serebaldi@tiscali.it
2014-12-02, 15:57:48	41 - wequaquet@yahoo.it
2014-12-02, 15:57:48	44 - sara.fabbrizzi@virgilio.it
2014-12-02, 15:57:49	45 - scioni57@libero.it
2014-12-02, 15:57:50	46 - fradattolo@gmail.com
2014-12-02, 15:57:50	47 - fallaci@hotmail.it
2014-12-02, 15:57:51	48 - adrianalipsi@gmail.com
2014-12-02, 15:57:51	49 - antongiac@live.it
2014-12-02, 15:57:52	50 - silvia.guenda@gmail.com
2014-12-02, 15:57:53	53 - cosimolai@yahoo.it
2014-12-02, 15:57:54	54 - massimiliano.landi@gmail.com
2014-12-02, 15:57:54	55 - virginiamanco@yahoo.it
2014-12-02, 15:57:54	56 - piabar@alice.it
2014-12-02, 15:57:55	57 - ginettaccio356@gmail.com
2014-12-02, 15:57:56	58 - elena.mazzanti@gmail.com
2014-12-02, 15:57:56	59 - ppieri@hotmail.com
2014-12-02, 15:57:57	60 - philgrims@gmail.com
2014-12-02, 15:57:57	61 - ga.proto@tiscali.it
2014-12-02, 15:57:58	62 - gianluca.sodero@gmail.com
2014-12-02, 15:57:59	63 - cristinavaltriani@gmail.com
2014-12-02, 15:57:59	64 - francespletchan@gmail.com
2014-12-02, 15:58:00	66 - lucrezia.mazzocchi@alice.it
2014-12-02, 15:58:00	67 - matticari.g@tiscali.it
2014-12-02, 15:58:01	73 - cicali.filippo@gmail.com
2014-12-02, 15:58:02	74 - leobonechi@dada.it
2014-12-02, 15:58:02	75 - riccardo.levi@yahoo.it
2014-12-02, 15:58:03	76 - patrizia.seravalli@gmail.com
2014-12-02, 15:58:04	81 - cecia92@hotmail.it
2014-12-02, 15:58:04	82 - andrea.giavarini@gmail.com
2014-12-02, 15:58:05	84 - luna.decate@gmail.com
2014-12-02, 15:58:05	86 - tommaso@zurli.it
2014-12-02, 15:58:06	87 - d.scapigliati@scapigliati.it
2014-12-02, 15:58:06	88 - annalisamencattini@virgilio.it
2014-12-02, 15:58:07	89 - giltel62@gmail.com
2014-12-02, 15:58:08	91 - andreacagnola1@gmail.com
2014-12-02, 15:58:08	92 - pampet@tiscali.it
2014-12-02, 15:58:09	94 - albertomarrini@tiscali.it
2014-12-02, 15:58:09	95 - elisagaglirdi@tuscaniinstitute.it
2014-12-02, 15:58:10	96 - chiarasilvia.vill@gmail.com
2014-12-02, 15:58:11	98 - maeli68@hotmail.com
2014-12-02, 15:58:11	99 - patpenco1@mac.com
2014-12-02, 15:58:12	101 - giacomopipitone@icloud.com
2014-12-02, 15:58:12	102 - rossellaeleonardo@virgilio.it
2014-12-02, 15:58:13	103 - emilio.botto@libero.it
2014-12-02, 15:58:14	107 - sabrinapaladini@inwind.it
2014-12-02, 15:58:14	108 - arieccola@gmail.com
2014-12-02, 15:58:16	109 - passalacqua.fulvio@gmail.com
2014-12-02, 15:58:16	111 - nera@atlavia.it
2014-12-02, 15:58:16	112 - frengo75tn@yahoo.it
2014-12-02, 15:58:17	114 - france1611@yahoo.it
2014-12-02, 15:58:17	118 - lovesmusic@alice.it
2014-12-02, 15:58:18	122 - walteriano@gmail.com
2014-12-02, 15:58:18	124 - andpoliti@gmail.com
2014-12-02, 15:58:19	126 - andreacennini@yahoo.it
2014-12-02, 15:58:20	130 - a.roccatelli@gmail.com
2014-12-02, 15:58:20	131 - gottard@disia.unifit.it
2014-12-02, 15:58:21	132 - laura.mattioli@asf.toscana.it
2014-12-02, 15:58:21	420 - ilvivaiodelmalcantone@gmail.com
2014-12-02, 15:58:22	430 - grazividili@gmail.com
2014-12-02, 15:58:23	442 - maurizio.delmastro@gmail.com
2014-12-02, 15:58:23	445 - leomacaluso@libero.it
2014-12-02, 15:58:25	489 - marilu.daselo@hotmail.it
2014-12-02, 15:58:25	509 - lisehertz@gmail.com
2014-12-02, 15:58:25	717 - gbmusic@bigazzimusic.com
2014-12-02, 15:58:26	934 - manrob1999@yahoo.it
2014-12-02, 15:58:26	1017 - ludolegend@libero.it
2014-12-02, 15:58:27	1021 - giuseppe.dipietro50@gmail.com
2014-12-02, 15:58:27	1024 - brownmassimo@gmail.com
2014-12-02, 15:58:28	1026 - annamariabaccellini@vodafone.it
2014-12-02, 15:58:29	1027 - damore.stefania@gmail.com
2014-12-02, 15:58:29	1029 - massimo.tempesti@gmail.com
2014-12-02, 15:58:30	1030 - ema19e87@yahoo.it
2014-12-02, 15:58:30	1031 - lorenzo.bagnoli@hotmail.it
2014-12-02, 15:58:31	1032 - otta.giulio@gmail.com
2014-12-02, 15:58:32	1034 - irene.stolzi@unifi.it
2014-12-02, 15:58:32	1035 - rosannariccio@yahoo.it
2014-12-02, 15:58:33	1037 - piccini.a@gmail.com
2014-12-02, 15:58:33	1038 - mazzanti.maurizio@gmail.com
2014-12-02, 15:58:34	1039 - f.beghi@centroseta.it
2014-12-02, 15:58:35	1040 - rmartini@libero.it
2014-12-02, 15:58:36	1041 - mari_palom@yahoo.it
2014-12-02, 15:58:36	1042 - bobpratellesi@yahoo.it
2014-12-02, 15:58:36	1045 - alessandromedda.music@gmail.com
2014-12-02, 15:58:37	1047 - robertadoni60@gmail.com
2014-12-02, 15:58:38	1048 - l.argenziano@yahoo.it
2014-12-02, 15:58:38	1049 - nachibana23@gmail.com
2014-12-02, 15:58:39	1051 - simobrilli@live.it
2014-12-02, 15:58:39	1053 - elisabetta.lucherini@gmail.com
2014-12-02, 15:58:40	1056 - galletti.lorenzo98@gmail.com
2014-12-02, 15:58:41	1059 - daniluk.dado@gmail.com
2014-12-02, 15:58:41	1060 - qui-e-ora@libero.it
2014-12-02, 15:58:42	1061 - fabiozini@alice.it
2014-12-02, 15:58:42	1064 - laura@mannuccisrl.it
2014-12-02, 15:58:43	1065 - cl.rusconi@gmail.com
2014-12-02, 15:58:44	1066 - machibana23@gmail.it
2014-12-02, 15:58:44	1067 - gaguz1999@gmail.com
2014-12-02, 15:58:46	1068 - gabriele_baratto@libero.it
2014-12-02, 15:58:46	1070 - anna.basagni@hotmail.it
2014-12-02, 15:58:46	1071 - mniccolai22@gmail.com
2014-12-02, 15:58:47	1087 - lombe2012@gmail.com
2014-12-02, 15:58:47	1088 - cingicinzia@yahoo.it
2014-12-02, 15:58:48	1090 - francescobarbani@gmail.com
2014-12-02, 15:58:48	1091 - dumm12bg@gmail.com
2014-12-02, 15:58:49	1093 - francy_andrea@yahoo.it
2014-12-02, 15:58:50	1094 - cate.glasser@gmail.com
2014-12-02, 15:58:50	1096 - ila.zucconi@gmail.com
2014-12-02, 15:58:51	1097 - antosteph@alice.it
2014-12-02, 15:58:51	1098 - bobaoster@gmail.com
2014-12-02, 15:58:52	1099 - g.malevolti@gmail.com
2014-12-02, 15:58:53	1101 - tommypampa@libero.it
2014-12-02, 15:58:53	1102 - rossicarlo93@libero.it
2014-12-02, 15:58:54	1106 - francesco.crimeni59@gmail.com
2014-12-02, 15:58:54	1109 - mcorsini1966@libero.it
2014-12-02, 15:58:56	1110 - valeria.pezzati@gmail.com
2014-12-02, 15:58:56	1111 - f.barbara69@tin.it
2014-12-02, 15:58:56	1112 - franco.frati@gmail.com
2014-12-02, 15:58:57	1114 - senza@mail.it
