2014-11-15, 16:49:27	

=================================================================

2014-11-15, 16:49:27	CAM: calendario corsi collettivi


2014-11-15, 16:49:27	1 - webmaster@globeit.it
2014-11-15, 16:49:28	2 - info@camfirenze.net
2014-11-15, 16:49:29	3 - g.porzilli@globeit.it
2014-11-15, 16:49:29	4 - jovinericcardo@inwind.it
2014-11-15, 16:49:30	7 - andreagheri@hotmail.com
2014-11-15, 16:49:30	8 - lenzi.giova@alice.it
2014-11-15, 16:49:32	10 - riccardoschillaci@msn.com
2014-11-15, 16:49:32	11 - pan.and@alice.it
2014-11-15, 16:49:32	12 - stefania.nin@unifi.it
2014-11-15, 16:49:33	13 - elianto96@alice.it
2014-11-15, 16:49:33	14 - ziopino@libero.it
2014-11-15, 16:49:34	15 - fidelegno@email.it
2014-11-15, 16:49:35	21 - massimo.guidi@tiscali.it
2014-11-15, 16:49:35	22 - melli@melli.bs.it
2014-11-15, 16:49:36	23 - ccorazzi@sebia.it
2014-11-15, 16:49:36	24 - agf.aniko@libero.it
2014-11-15, 16:49:37	26 - gianni.ignesti@virgilio.it
2014-11-15, 16:49:38	29 - fulviodori@yahoo.it
2014-11-15, 16:49:38	32 - vialefanti@libero.it
2014-11-15, 16:49:39	33 - lebuschi@gmail.com
2014-11-15, 16:49:39	34 - imbramat@yahoo.it
2014-11-15, 16:49:40	35 - goretti.gianluca@tiscali.it
2014-11-15, 16:49:41	37 - alessandro.dipuccio@alice.it
2014-11-15, 16:49:42	39 - serebaldi@tiscali.it
2014-11-15, 16:49:42	41 - wequaquet@yahoo.it
2014-11-15, 16:49:42	44 - sara.fabbrizzi@virgilio.it
2014-11-15, 16:49:43	45 - scioni57@libero.it
2014-11-15, 16:49:44	46 - fradattolo@gmail.com
2014-11-15, 16:49:44	47 - fallaci@hotmail.it
2014-11-15, 16:49:45	48 - adrianalipsi@gmail.com
2014-11-15, 16:49:45	49 - antongiac@live.it
2014-11-15, 16:49:46	50 - silvia.guenda@gmail.com
2014-11-15, 16:49:47	53 - cosimolai@yahoo.it
2014-11-15, 16:49:47	54 - massimiliano.landi@gmail.com
2014-11-15, 16:49:48	55 - virginiamanco@yahoo.it
2014-11-15, 16:49:48	56 - piabar@alice.it
2014-11-15, 16:49:50	57 - ginettaccio356@gmail.com
2014-11-15, 16:49:50	58 - elena.mazzanti@gmail.com
2014-11-15, 16:49:50	59 - ppieri@hotmail.com
2014-11-15, 16:49:51	60 - philgrims@gmail.com
2014-11-15, 16:49:51	61 - ga.proto@tiscali.it
2014-11-15, 16:49:52	62 - gianluca.sodero@gmail.com
2014-11-15, 16:49:53	63 - cristinavaltriani@gmail.com
2014-11-15, 16:49:53	64 - francespletchan@gmail.com
2014-11-15, 16:49:54	66 - lucrezia.mazzocchi@alice.it
2014-11-15, 16:49:55	67 - matticari.g@tiscali.it
2014-11-15, 16:49:55	73 - cicali.filippo@gmail.com
2014-11-15, 16:49:56	74 - leobonechi@dada.it
2014-11-15, 16:49:56	75 - riccardo.levi@yahoo.it
2014-11-15, 16:49:57	76 - patrizia.seravalli@gmail.com
2014-11-15, 16:49:57	81 - cecia92@hotmail.it
2014-11-15, 16:49:58	82 - andrea.giavarini@gmail.com
2014-11-15, 16:49:59	84 - luna.decate@gmail.com
2014-11-15, 16:49:59	86 - tommaso@zurli.it
2014-11-15, 16:50:00	87 - d.scapigliati@scapigliati.it
2014-11-15, 16:50:00	88 - annalisamencattini@virgilio.it
2014-11-15, 16:50:01	89 - giltel62@gmail.com
2014-11-15, 16:50:02	91 - andreacagnola1@gmail.com
2014-11-15, 16:50:02	92 - pampet@tiscali.it
2014-11-15, 16:50:03	94 - albertomarrini@tiscali.it
2014-11-15, 16:50:03	95 - elisagaglirdi@tuscaniinstitute.it
2014-11-15, 16:50:04	96 - chiarasilvia.vill@gmail.com
2014-11-15, 16:50:05	98 - maeli68@hotmail.com
2014-11-15, 16:50:05	99 - patpenco1@mac.com
2014-11-15, 16:50:06	101 - giacomopipitone@icloud.com
2014-11-15, 16:50:06	102 - rossellaeleonardo@virgilio.it
2014-11-15, 16:50:08	103 - emilio.botto@libero.it
2014-11-15, 16:50:08	107 - sabrinapaladini@inwind.it
2014-11-15, 16:50:08	108 - arieccola@gmail.com
2014-11-15, 16:50:09	109 - passalacqua.fulvio@gmail.com
2014-11-15, 16:50:09	111 - nera@atlavia.it
2014-11-15, 16:50:10	112 - frengo75tn@yahoo.it
2014-11-15, 16:50:11	114 - france1611@yahoo.it
2014-11-15, 16:50:11	118 - lovesmusic@alice.it
2014-11-15, 16:50:12	122 - walteriano@gmail.com
2014-11-15, 16:50:12	124 - andpoliti@gmail.com
2014-11-15, 16:50:13	126 - andreacennini@yahoo.it
2014-11-15, 16:50:14	130 - a.roccatelli@gmail.com
2014-11-15, 16:50:14	131 - gottard@disia.unifit.it
2014-11-15, 16:50:15	132 - laura.mattioli@asf.toscana.it
2014-11-15, 16:50:15	430 - grazividili@gmail.com
2014-11-15, 16:50:16	442 - maurizio.delmastro@gmail.com
2014-11-15, 16:50:17	445 - leomacaluso@libero.it
2014-11-15, 16:50:17	489 - marilu.daselo@hotmail.it
2014-11-15, 16:50:18	509 - lisehertz@gmail.com
2014-11-15, 16:50:19	934 - manrob1999@yahoo.it
2014-11-15, 16:50:19	1017 - ludolegend@libero.it
2014-11-15, 16:50:20	1021 - giuseppe.dipietro50@gmail.com
2014-11-15, 16:50:20	1024 - brownmassimo@gmail.com
2014-11-15, 16:50:21	1026 - annamariabaccellini@vodafone.it
2014-11-15, 16:50:21	1027 - damore.stefania@gmail.com
2014-11-15, 16:50:22	1029 - massimo.tempesti@gmail.com
2014-11-15, 16:50:23	1030 - ema19e87@yahoo.it
2014-11-15, 16:50:23	1031 - lorenzo.bagnoli@hotmail.it
2014-11-15, 16:50:24	1032 - otta.giulio@gmail.com
2014-11-15, 16:50:24	1034 - irene.stolzi@unifi.it
2014-11-15, 16:50:25	1035 - rosannariccio@yahoo.it
2014-11-15, 16:50:26	1037 - piccini.a@gmail.com
2014-11-15, 16:50:26	1038 - mazzanti.maurizio@gmail.com
2014-11-15, 16:50:27	1039 - f.beghi@centroseta.it
2014-11-15, 16:50:27	1040 - rmartini@libero.it
2014-11-15, 16:50:28	1041 - mari_palom@yahoo.it
2014-11-15, 16:50:30	1042 - bobpratellesi@yahoo.it
2014-11-15, 16:50:30	1045 - alessandromedda.music@gmail.com
2014-11-15, 16:50:30	1047 - robertadoni60@gmail.com
2014-11-15, 16:50:30	1048 - l.argenziano@yahoo.it
2014-11-15, 16:50:31	1049 - nachibana23@gmail.com
2014-11-15, 16:50:32	1051 - simobrilli@live.it
2014-11-15, 16:50:32	1053 - elisabetta.lucherini@gmail.com
2014-11-15, 16:50:33	1056 - galletti.lorenzo98@gmail.com
2014-11-15, 16:50:33	1059 - daniluk.dado@gmail.com
2014-11-15, 16:50:34	1060 - qui-e-ora@libero.it
2014-11-15, 16:50:35	1061 - fabiozini@alice.it
2014-11-15, 16:50:35	1064 - laura@mannuccisrl.it
2014-11-15, 16:50:36	1065 - cl.rusconi@gmail.com
2014-11-15, 16:50:36	1067 - gaguz1999@gmail.com
2014-11-15, 16:50:37	1068 - gabriele_baratto@libero.it
2014-11-15, 16:50:38	1070 - anna.basagni@hotmail.it
2014-11-15, 16:50:38	1071 - mniccolai22@gmail.com
2014-11-15, 16:50:40	1087 - lombe2012@gmail.com
2014-11-15, 16:50:40	1088 - cingicinzia@yahoo.it
2014-11-15, 16:50:40	1090 - francescobarbani@gmail.com
2014-11-15, 16:50:41	1091 - dumm12bg@gmail.com
2014-11-15, 16:50:41	1093 - francy_andrea@yahoo.it
2014-11-15, 16:50:42	1094 - cate.glasser@gmail.com
2014-11-15, 16:50:42	1096 - ila.zucconi@gmail.com
2014-11-15, 16:50:43	1097 - antosteph@alice.it
2014-11-15, 16:50:44	1098 - bobaoster@gmail.com
2014-11-15, 16:50:44	1099 - g.malevolti@gmail.com
2014-11-15, 16:50:45	1101 - tommypampa@libero.it
2014-11-15, 16:50:45	1102 - rossicarlo93@libero.it
2014-11-15, 16:50:46	1106 - francesco.crimeni59@gmail.com
2014-11-15, 16:50:47	1109 - mcorsini1966@libero.it
2014-11-15, 16:50:47	1110 - valeria.pezzati@gmail.com
2014-11-15, 16:50:48	1111 - f.barbara69@tin.it
2014-11-15, 16:50:48	1112 - franco.frati@gmail.com
2014-11-15, 16:50:49	1114 - senza@mail.it
