2014-11-25, 21:00:01	

=================================================================

2014-11-25, 21:00:01	EVENTI DICEMBRE


2014-11-25, 21:00:01	1 - webmaster@globeit.it
2014-11-25, 21:00:02	2 - info@camfirenze.net
2014-11-25, 21:00:02	

=================================================================

2014-11-25, 21:00:02	EVENTI DICEMBRE


2014-11-25, 21:00:04	1 - webmaster@globeit.it
2014-11-25, 21:00:04	2 - info@camfirenze.net
2014-11-25, 21:00:04	3 - g.porzilli@globeit.it
2014-11-25, 21:00:04	4 - jovinericcardo@inwind.it
2014-11-25, 21:00:05	5 - emilmast@tin.it
2014-11-25, 21:00:06	6 - m_bonaiuti@tin.it
2014-11-25, 21:00:06	7 - andreagheri@hotmail.com
2014-11-25, 21:00:07	8 - lenzi.giova@alice.it
2014-11-25, 21:00:07	9 - giuseppe.dipietro@bassilichi.it
2014-11-25, 21:00:08	10 - riccardoschillaci@msn.com
2014-11-25, 21:00:09	11 - pan.and@alice.it
2014-11-25, 21:00:09	12 - stefania.nin@unifi.it
2014-11-25, 21:00:10	13 - elianto96@alice.it
2014-11-25, 21:00:10	14 - ziopino@libero.it
2014-11-25, 21:00:11	15 - fidelegno@email.it
2014-11-25, 21:00:12	16 - nicolucci@studiomichelangelo.com
2014-11-25, 21:00:12	17 - mariapaolapaci@yahoo.it
2014-11-25, 21:00:13	18 - m.jennifer@hotmail.it
2014-11-25, 21:00:13	19 - eleonora.giovannini@hotmail.com
2014-11-25, 21:00:14	20 - federico-micheli@hotmail.it
2014-11-25, 21:00:16	21 - massimo.guidi@tiscali.it
2014-11-25, 21:00:16	22 - melli@melli.bs.it
2014-11-25, 21:00:16	23 - ccorazzi@sebia.it
2014-11-25, 21:00:16	24 - agf.aniko@libero.it
2014-11-25, 21:00:17	25 - giuliamo0601@alice.it
2014-11-25, 21:00:18	26 - gianni.ignesti@virgilio.it
2014-11-25, 21:00:18	27 - leonardo.alessi@tiscali.it
2014-11-25, 21:00:19	28 - manuel.ditardo@gmail.com
2014-11-25, 21:00:19	29 - fulviodori@yahoo.it
2014-11-25, 21:00:20	30 - silvia@rossellino.com
2014-11-25, 21:00:21	31 - cm25mia@yahoo.it
2014-11-25, 21:00:21	32 - vialefanti@libero.it
2014-11-25, 21:00:22	33 - lebuschi@gmail.com
2014-11-25, 21:00:22	34 - imbramat@yahoo.it
2014-11-25, 21:00:23	35 - goretti.gianluca@tiscali.it
2014-11-25, 21:00:24	36 - f.filesi@hotmail.it
2014-11-25, 21:00:24	37 - alessandro.dipuccio@alice.it
2014-11-25, 21:00:25	38 - jimmypeter2@hotmail.com
2014-11-25, 21:00:26	39 - serebaldi@tiscali.it
2014-11-25, 21:00:26	40 - barbe335@gmail.com
2014-11-25, 21:00:27	41 - wequaquet@yahoo.it
2014-11-25, 21:00:27	42 - maria.ricceri2@gmail.com
2014-11-25, 21:00:28	43 - luca.bersaglieri@gmail.com
2014-11-25, 21:00:28	44 - sara.fabbrizzi@virgilio.it
2014-11-25, 21:00:29	45 - scioni57@libero.it
2014-11-25, 21:00:30	46 - fradattolo@gmail.com
2014-11-25, 21:00:30	47 - fallaci@hotmail.it
2014-11-25, 21:00:31	48 - adrianalipsi@gmail.com
2014-11-25, 21:00:31	49 - antongiac@live.it
2014-11-25, 21:00:32	50 - silvia.guenda@gmail.com
2014-11-25, 21:00:33	51 - anna-cocco@virgilio.it
2014-11-25, 21:00:33	52 - theblacken@hotmail.it
2014-11-25, 21:00:34	53 - cosimolai@yahoo.it
2014-11-25, 21:00:34	54 - massimiliano.landi@gmail.com
2014-11-25, 21:00:35	55 - virginiamanco@yahoo.it
2014-11-25, 21:00:36	56 - piabar@alice.it
2014-11-25, 21:00:36	57 - ginettaccio356@gmail.com
2014-11-25, 21:00:37	58 - elena.mazzanti@gmail.com
2014-11-25, 21:00:38	59 - ppieri@hotmail.com
2014-11-25, 21:00:38	60 - philgrims@gmail.com
2014-11-25, 21:00:39	61 - ga.proto@tiscali.it
2014-11-25, 21:00:39	62 - gianluca.sodero@gmail.com
2014-11-25, 21:00:40	63 - cristinavaltriani@gmail.com
2014-11-25, 21:00:40	64 - francespletchan@gmail.com
2014-11-25, 21:00:41	65 - marco.mazzoni75@gmail.com
2014-11-25, 21:00:42	66 - lucrezia.mazzocchi@alice.it
2014-11-25, 21:00:42	67 - matticari.g@tiscali.it
2014-11-25, 21:00:43	68 - soniabertini@hotmail.it
2014-11-25, 21:00:43	69 - alicemanuguerra@libero.it
2014-11-25, 21:00:44	70 - nicco.angioni@yahoo.it
2014-11-25, 21:00:45	71 - etto1re@gmail.com
2014-11-25, 21:00:45	72 - cossusonny@libero.it
2014-11-25, 21:00:46	73 - cicali.filippo@gmail.com
2014-11-25, 21:00:46	74 - leobonechi@dada.it
2014-11-25, 21:00:47	75 - riccardo.levi@yahoo.it
2014-11-25, 21:00:48	76 - patrizia.seravalli@gmail.com
2014-11-25, 21:00:49	77 - brandini.tommaso@gmail.com
2014-11-25, 21:00:49	78 - sbartoli@fashion.it
2014-11-25, 21:00:49	79 - clarissa.bencini@gmail.com
2014-11-25, 21:00:50	80 - william.luzzi@gmail.com
2014-11-25, 21:00:51	81 - cecia92@hotmail.it
2014-11-25, 21:00:51	82 - andrea.giavarini@gmail.com
2014-11-25, 21:00:52	83 - peccino70@hotmail.it
2014-11-25, 21:00:52	84 - luna.decate@gmail.com
2014-11-25, 21:00:53	85 - ilaria.daddi@alice.it
2014-11-25, 21:00:54	86 - tommaso@zurli.it
2014-11-25, 21:00:54	87 - d.scapigliati@scapigliati.it
2014-11-25, 21:00:55	88 - annalisamencattini@virgilio.it
2014-11-25, 21:00:55	89 - giltel62@gmail.com
2014-11-25, 21:00:56	90 - rizzuti.daria@gmail.com
2014-11-25, 21:00:57	91 - andreacagnola1@gmail.com
2014-11-25, 21:00:57	92 - pampet@tiscali.it
2014-11-25, 21:00:58	93 - dittaduepi@libero.it
2014-11-25, 21:00:58	94 - albertomarrini@tiscali.it
2014-11-25, 21:00:59	95 - elisagaglirdi@tuscaniinstitute.it
2014-11-25, 21:01:01	96 - chiarasilvia.vill@gmail.com
2014-11-25, 21:01:01	97 - morillo1982@hotmail.it
2014-11-25, 21:01:01	98 - maeli68@hotmail.com
2014-11-25, 21:01:01	99 - patpenco1@mac.com
2014-11-25, 21:01:02	100 - serena.menicalli90@gmail.com
2014-11-25, 21:01:03	101 - giacomopipitone@icloud.com
2014-11-25, 21:01:03	102 - rossellaeleonardo@virgilio.it
2014-11-25, 21:01:04	103 - emilio.botto@libero.it
2014-11-25, 21:01:04	104 - e.macerini@gmail.com
2014-11-25, 21:01:05	105 - marcolamioni@mac.com
2014-11-25, 21:01:06	106 - robertacolla@simonemicheli.com
2014-11-25, 21:01:06	107 - sabrinapaladini@inwind.it
2014-11-25, 21:01:07	108 - arieccola@gmail.com
2014-11-25, 21:01:07	109 - passalacqua.fulvio@gmail.com
2014-11-25, 21:01:08	110 - ziopina@libero.it
2014-11-25, 21:01:09	111 - nera@atlavia.it
2014-11-25, 21:01:09	112 - frengo75tn@yahoo.it
2014-11-25, 21:01:10	113 - deglinnocentielisa@gmail.com
2014-11-25, 21:01:11	114 - france1611@yahoo.it
2014-11-25, 21:01:11	115 - niccolo.mugelli@gmail.com
2014-11-25, 21:01:12	116 - maxgiallo@tin.it
2014-11-25, 21:01:12	117 - giacomo.londi@hotmail.it
2014-11-25, 21:01:13	118 - lovesmusic@alice.it
2014-11-25, 21:01:13	119 - tabpalmieri@live.it
2014-11-25, 21:01:14	120 - francescogabrilelli@gmail.com
2014-11-25, 21:01:15	121 - regolus_81@hotmail.com
2014-11-25, 21:01:15	122 - walteriano@gmail.com
2014-11-25, 21:01:16	123 - riccardodefelice@gmail.com
2014-11-25, 21:01:16	124 - andpoliti@gmail.com
2014-11-25, 21:01:17	125 - pinogulli@alice.it
2014-11-25, 21:01:18	126 - andreacennini@yahoo.it
2014-11-25, 21:01:18	127 - lucilla_meucci@alice.it
2014-11-25, 21:01:19	128 - giulystairway@hotmail.it
2014-11-25, 21:01:19	129 - lploredana552@gmail.com
2014-11-25, 21:01:20	130 - a.roccatelli@gmail.com
2014-11-25, 21:01:21	131 - gottard@disia.unifit.it
2014-11-25, 21:01:21	132 - laura.mattioli@asf.toscana.it
2014-11-25, 21:01:22	133 - santellipaola@gmail.com
2014-11-25, 21:01:23	134 - elena.tartagli@yahoo.it
2014-11-25, 21:01:23	135 - laura.pagliantini@virgilio
2014-11-25, 21:01:24	136 - massy.a@tiscali.it
2014-11-25, 21:01:24	137 - amorosoluca@tiscali.it
2014-11-25, 21:01:25	138 - drummermichi@hotmail.it
2014-11-25, 21:01:25	139 - flaviano.apollonio@alice.it
2014-11-25, 21:01:26	140 - bib92@hotmail.it
2014-11-25, 21:01:27	141 - mattia.balconi@ge.com
2014-11-25, 21:01:27	142 - _marco_baldini@libero.it
2014-11-25, 21:01:28	143 - theking.3@hotmail.it
2014-11-25, 21:01:28	144 - maria.ricceri2@virgilio.it
2014-11-25, 21:01:29	145 - valentina.barlacchi@libero.it
2014-11-25, 21:01:30	146 - giannanenna03@yahoo.it
2014-11-25, 21:01:30	147 - paolobertocci@libero.it
2014-11-25, 21:01:31	148 - bmblsnmntsra@hotmail.it
2014-11-25, 21:01:31	150 - antonio.branchi@moroshi.it
2014-11-25, 21:01:32	151 - carlottabusignani@yahoo.it
2014-11-25, 21:01:33	152 - iacopocangioli@yahoo.it
2014-11-25, 21:01:33	153 - timoteocarbone@gmail.com
2014-11-25, 21:01:35	154 - casalini_marco@libero.it
2014-11-25, 21:01:35	155 - fabio.cecchini@agronica.eu
2014-11-25, 21:01:35	156 - ufficiotecnico@gfclavoriedili.it
2014-11-25, 21:01:36	157 - riccardo.ciolino@email.it
2014-11-25, 21:01:36	158 - diego_collini85@yahoo.it
2014-11-25, 21:01:37	159 - rabbittaro@hotmail.it
2014-11-25, 21:01:37	160 - foy_m6@hotmail.it
2014-11-25, 21:01:38	161 - studiocortocherubini@alice.it
2014-11-25, 21:01:39	162 - antoniodarone@libero.it
2014-11-25, 21:01:39	163 - pakkidega90@hotmail.it
2014-11-25, 21:01:40	164 - del.carria.marco@gmail.com
2014-11-25, 21:01:40	165 - riccardo.delchiaro@gmail.com
2014-11-25, 21:01:41	166 - fiober@hotmail.it
2014-11-25, 21:01:42	168 - falco.douglasscotti@gmail.com
2014-11-25, 21:01:42	169 - desmar10@libero.it
2014-11-25, 21:01:43	170 - irescimmia@hotmail.it
2014-11-25, 21:01:43	171 - zilatiankuser@hotmail.it
2014-11-25, 21:01:44	172 - guido.fs@hotmail.com
2014-11-25, 21:01:45	173 - giovanni_frasca@virgilio.it
2014-11-25, 21:01:45	174 - lucafrosi@hotmail.it
2014-11-25, 21:01:46	175 - marchinoviolino@gmail.com
2014-11-25, 21:01:47	176 - david@alternativamente.eu
2014-11-25, 21:01:47	177 - lorenzoghere@gmail.com
2014-11-25, 21:01:48	178 - andreagheri83@hotmail.com
2014-11-25, 21:01:48	179 - valter@giacomel.it
2014-11-25, 21:01:49	180 - c.giannardi@arpet.toscana
2014-11-25, 21:01:49	181 - buddy666@hotmail.it
2014-11-25, 21:01:50	182 - clevermenagier@libero.it
2014-11-25, 21:01:51	183 - gioia.griffo@alice.it
2014-11-25, 21:01:51	184 - giulsita@gmail.com
2014-11-25, 21:01:52	185 - iovinericcardo@inwind.it
2014-11-25, 21:01:52	186 - lenzi.lenzi@hotmail.it
2014-11-25, 21:01:53	187 - patriziafaustini@gmail.com
2014-11-25, 21:01:54	188 - agata_teatro@yahoo.it
2014-11-25, 21:01:54	189 - meobargie@yahoo.it
2014-11-25, 21:01:55	190 - marimarta973@yahoo.it
2014-11-25, 21:01:55	191 - franco.piras@tin.it
2014-11-25, 21:01:56	192 - edomen@gmail.com
2014-11-25, 21:01:57	193 - anna.basagni@tele2.it
2014-11-25, 21:01:58	194 - crimiglio@yahoo.it
2014-11-25, 21:01:58	195 - elleemme2@tiscali.it
2014-11-25, 21:01:58	196 - badesaba@tiscali.it
2014-11-25, 21:01:59	197 - moroniserena@gmail.com
2014-11-25, 21:02:00	198 - juliettem@hotmail.it
2014-11-25, 21:02:00	199 - niccolo.mugelli@libero.it
2014-11-25, 21:02:01	200 - teresa.marciaionetto@telecomitalia.it
2014-11-25, 21:02:01	201 - marsiglia93@hotmail.it
2014-11-25, 21:02:02	202 - nicolucci@studiomichelangelo.it
2014-11-25, 21:02:03	203 - panand@tin.it
2014-11-25, 21:02:03	204 - paoletti.l@fastwebnet.it
2014-11-25, 21:02:04	205 - stefanopardini@gmail.com
2014-11-25, 21:02:04	206 - angie.magherini@gmail.com
2014-11-25, 21:02:05	207 - fulvio.passalacqua@teriaenergy.com
2014-11-25, 21:02:06	208 - aphillips1@gm.slc.edu
2014-11-25, 21:02:06	210 - mauro_quinto@virgilio.it
2014-11-25, 21:02:07	211 - ragazzoluca@yahoo.it
2014-11-25, 21:02:07	212 - annarapi@hotmail.it
2014-11-25, 21:02:08	213 - giulia.patrizia@libero.it
2014-11-25, 21:02:10	214 - dario.romagnoli87@gmail.com
2014-11-25, 21:02:10	215 - moniarossi1@virgilio.it
2014-11-25, 21:02:10	216 - p.rubellini@gmail.com
2014-11-25, 21:02:10	217 - wsofia@hotmail.it
2014-11-25, 21:02:11	218 - sacco_89@hotmail.it
2014-11-25, 21:02:12	219 - silvia.zuffanelli@tin.it
2014-11-25, 21:02:12	220 - miresarti@yahoo.it
2014-11-25, 21:02:13	221 - schelde@hotmail.it
2014-11-25, 21:02:13	222 - harven@hotmail.it
2014-11-25, 21:02:14	223 - emi.39@hotmail.com
2014-11-25, 21:02:15	224 - ldelpac@tin.it
2014-11-25, 21:02:15	225 - silvia162@hotmail.com
2014-11-25, 21:02:16	226 - zizhov86@hotmail.com
2014-11-25, 21:02:16	227 - ferdinando.olivieri@gmail.com
2014-11-25, 21:02:17	228 - annabondi@libero.it
2014-11-25, 21:02:18	229 - sanodimente@gmail.com
2014-11-25, 21:02:18	230 - flomungari@hotmailcom
2014-11-25, 21:02:19	232 - leo88pecchio@gmail.com
2014-11-25, 21:02:19	233 - peticacio_95@hotmail.it
2014-11-25, 21:02:20	234 - ariannacarboni@gmx.de
2014-11-25, 21:02:22	235 - andrea.delchiaro@gmail.com
2014-11-25, 21:02:22	236 - luxxx73@yahoo.it
2014-11-25, 21:02:22	237 - personaltrainer@interfree.it
2014-11-25, 21:02:22	238 - cmaddii@hotmail.com
2014-11-25, 21:02:23	239 - cacioz91@live.it
2014-11-25, 21:02:24	240 - giorgia.lanzoni@gmail.com
2014-11-25, 21:02:24	241 - marco.rastrelli@gmail.com
2014-11-25, 21:02:25	242 - dipu13theboss@live.it
2014-11-25, 21:02:25	243 - g.zadro@targetti.it
2014-11-25, 21:02:26	244 - ice.best@fastwebnet.it
2014-11-25, 21:02:27	245 - maurizio.fantini@iol.it
2014-11-25, 21:02:27	246 - petreni126@hotmail.it
2014-11-25, 21:02:28	247 - m.bonaiuti@tin.it
2014-11-25, 21:02:28	248 - ahaas@skidmore.edu
2014-11-25, 21:02:29	249 - leonardo.arcucci@libero.it
2014-11-25, 21:02:30	250 - bastianopoli@hotmail.com
2014-11-25, 21:02:30	251 - cramobladini@live.it
2014-11-25, 21:02:31	252 - v.bargelli@hotmail.com
2014-11-25, 21:02:31	253 - battaglinisara@gmail.com
2014-11-25, 21:02:32	254 - nataliabavar@hotmail.com
2014-11-25, 21:02:34	255 - n.nucci@fondiaria.sai.it
2014-11-25, 21:02:34	256 - claudiaborghesi@yahoo.it
2014-11-25, 21:02:34	257 - camilla.brilli@hotmail.com
2014-11-25, 21:02:34	258 - marcello.brugioni@gmail.com
2014-11-25, 21:02:35	259 - pamel_busonero@alice.it
2014-11-25, 21:02:36	260 - mauro.carnevale@yahoo.it
2014-11-25, 21:02:36	261 - CASALINI_MARIO@LIBERO.IT
2014-11-25, 21:02:37	262 - fabio.ceccantini@tin.it
2014-11-25, 21:02:37	263 - camillacenni@gmail.com
2014-11-25, 21:02:38	265 - leofi77@alice.it
2014-11-25, 21:02:39	266 - clifford.lisa@hotmail.com
2014-11-25, 21:02:39	267 - duccio.bhz@gmail.com
2014-11-25, 21:02:40	268 - barbaravinicio@alice.it
2014-11-25, 21:02:40	269 - iconauta@hotmail.com
2014-11-25, 21:02:41	270 - laura.coradeschi@coradeschi.it
2014-11-25, 21:02:42	271 - anastilosi@inwind.it
2014-11-25, 21:02:42	272 - isabella.pezzatini@gmail.com
2014-11-25, 21:02:44	273 - paolo.arnaldo@gmail.com
2014-11-25, 21:02:44	274 - gabriella.denisi@gmail.com
2014-11-25, 21:02:44	275 - adasmi@dasmi.it
2014-11-25, 21:02:45	276 - michi66fi@gmaiol.com
2014-11-25, 21:02:45	277 - pdettole@alice.it
2014-11-25, 21:02:46	278 - taliannusuli81@yahoo.it
2014-11-25, 21:02:46	279 - nicola.dellungo@gmail.com
2014-11-25, 21:02:47	280 - andreadonato@hotmail.it
2014-11-25, 21:02:48	281 - isafantechi@libero.it
2014-11-25, 21:02:48	282 - fedimak@yahoo.com.hk
2014-11-25, 21:02:49	283 - ferrantini.irene@gmail.com
2014-11-25, 21:02:49	284 - andreafioravanti@libero.it
2014-11-25, 21:02:50	285 - francesca_fiorini@hotmail.com
2014-11-25, 21:02:51	286 - massimofondelli@alice.it
2014-11-25, 21:02:51	287 - diego.furesi@gmail.com
2014-11-25, 21:02:52	288 - luciano.gavini@tin.it
2014-11-25, 21:02:52	289 - chiaraghera@hotmail.it
2014-11-25, 21:02:53	290 - elios.17@hotmail.it
2014-11-25, 21:02:54	291 - gabriele.migani@gmail.com
2014-11-25, 21:02:55	292 - ilaria.lemmi@email.it
2014-11-25, 21:02:55	293 - libero.m@virgilio.it
2014-11-25, 21:02:55	294 - rossanasegnini@libero.it
2014-11-25, 21:02:56	295 - madigner@hotmail.com
2014-11-25, 21:02:57	296 - info@andreamariotti.com
2014-11-25, 21:02:57	297 - pau.marimon@gmail.com
2014-11-25, 21:02:58	298 - elia_26@libero.it
2014-11-25, 21:02:58	299 - alessiom68@gmail.com
2014-11-25, 21:02:59	300 - contemplatingjazz@hotmail.it
2014-11-25, 21:03:00	301 - melli@mellibs.it
2014-11-25, 21:03:00	302 - troy1989@hotmail.iy
2014-11-25, 21:03:01	303 - frengo75@yahoo.it
2014-11-25, 21:03:01	304 - miaim2@gmail.com
2014-11-25, 21:03:02	305 - federico-micheli@hotmail.com
2014-11-25, 21:03:03	306 - ciroistruttore@libero.it
2014-11-25, 21:03:03	307 - laurapacchini@libero.it
2014-11-25, 21:03:05	308 - barbaraberto.paganelli@gmail.it
2014-11-25, 21:03:05	309 - maddamonti@yahoo.it
2014-11-25, 21:03:05	310 - gv.paoletti@fls.unipi.it
2014-11-25, 21:03:06	311 - vita.lorenzo@alice.it
2014-11-25, 21:03:06	312 - terguparenti@gmail.com
2014-11-25, 21:03:07	313 - lorenzo.pascia@libero.it
2014-11-25, 21:03:07	314 - francescapiccioli@libero.it
2014-11-25, 21:03:08	315 - danielaromano79@hotmail.com
2014-11-25, 21:03:09	316 - aran.scala@teletv.it
2014-11-25, 21:03:09	317 - massimo.scardi@selex-comms.com
2014-11-25, 21:03:10	318 - cat.sy@hotmail.it
2014-11-25, 21:03:10	319 - elenat@libero.it
2014-11-25, 21:03:11	320 - leo.terilli@hotmail.com
2014-11-25, 21:03:12	321 - l.tommaso@hotmail.it
2014-11-25, 21:03:12	322 - ale84.max@virgilio.it
2014-11-25, 21:03:13	323 - fabio.truschi@gmail.com
2014-11-25, 21:03:13	324 - bismillah@hotmail.it
2014-11-25, 21:03:14	325 - vinvento@infinito.it
2014-11-25, 21:03:15	326 - info@rasoihairjazz
2014-11-25, 21:03:16	327 - giovavoz@libero.it
2014-11-25, 21:03:16	328 - sofiaweck@hotmail.it
2014-11-25, 21:03:16	329 - donda65@gmail.com
2014-11-25, 21:03:17	330 - zelonig@tiscali.it
2014-11-25, 21:03:18	331 - datastone@libero.it
2014-11-25, 21:03:18	332 - massimo.milazzotto@tin.it
2014-11-25, 21:03:19	333 - g_gracan@hotmail.com
2014-11-25, 21:03:19	334 - roberta62006@hotmail.it
2014-11-25, 21:03:20	335 - kurt_co@hotmail.it
2014-11-25, 21:03:21	336 - willypyron@msn.com
2014-11-25, 21:03:21	337 - gloria.soldatini@gmail.com
2014-11-25, 21:03:22	338 - diegoaureliano@hotmail.it
2014-11-25, 21:03:22	339 - manuelmatera@gmail.com
2014-11-25, 21:03:23	340 - leobecucci@virgilio.it
2014-11-25, 21:03:24	341 - pbini@menarini.it
2014-11-25, 21:03:24	342 - alessiofalcone_mail@libero.it
2014-11-25, 21:03:25	343 - lapofabbri@virgilio.it
2014-11-25, 21:03:25	344 - paolopinarelli@virgilio.it
2014-11-25, 21:03:26	345 - ilbute@alice.it
2014-11-25, 21:03:27	346 - f.cangi@gmail.com
2014-11-25, 21:03:28	348 - y.romboli@libero.it
2014-11-25, 21:03:28	349 - awithrow@harding.edu
2014-11-25, 21:03:28	351 - elsauro@gmail.com
2014-11-25, 21:03:29	352 - baldigiovani1957@libero.it
2014-11-25, 21:03:30	353 - info@hotelperseo.it
2014-11-25, 21:03:30	354 - albichon@tiscali.it
2014-11-25, 21:03:31	355 - barbiggio@alice.it
2014-11-25, 21:03:31	356 - kuoka26@hotmail.com
2014-11-25, 21:03:32	357 - fedecapa@supereva.it
2014-11-25, 21:03:33	358 - lorenzo.caponnetto@virgilio.it
2014-11-25, 21:03:33	359 - ecarlucci@gmail.com
2014-11-25, 21:03:34	360 - cianchi.family@alice.it
2014-11-25, 21:03:34	361 - cibino@libero.it
2014-11-25, 21:03:35	362 - loredana.belloni@hotmail.it
2014-11-25, 21:03:36	363 - rabbittaro@hotmail.com
2014-11-25, 21:03:36	364 - siimsam@hotmail.com
2014-11-25, 21:03:37	365 - kyo_oli@hotmail.com
2014-11-25, 21:03:37	366 - info@over-sound.it
2014-11-25, 21:03:38	367 - nagash91@tiscali.it
2014-11-25, 21:03:40	368 - didi.steiner@libero.it
2014-11-25, 21:03:40	369 - matildedipuccieta@hotmail.it
2014-11-25, 21:03:40	370 - duinomassimo@libero.it
2014-11-25, 21:03:40	371 - famfed@libero.it
2014-11-25, 21:03:41	372 - dark.namras@gmail.com
2014-11-25, 21:03:42	373 - michela.piccardi@gmail.com
2014-11-25, 21:03:42	374 - lindagabriel@libero.it
2014-11-25, 21:03:43	375 - cgabriel@truelite.it
2014-11-25, 21:03:43	376 - gemmeg@libero.it
2014-11-25, 21:03:44	377 - damonche@hotmail.com
2014-11-25, 21:03:45	378 - fredfurio@katamail.com
2014-11-25, 21:03:45	379 - martiguelfi@tiscali.it
2014-11-25, 21:03:46	380 - fidalegno@email.it
2014-11-25, 21:03:46	381 - iovinericaardo@inwind.it
2014-11-25, 21:03:47	382 - brettlalonde@yahoo.com
2014-11-25, 21:03:48	383 - landiandrea@interfree.it
2014-11-25, 21:03:48	386 - faminore@gmail.com
2014-11-25, 21:03:49	387 - c_maiani@libero.it
2014-11-25, 21:03:49	388 - silviaborroni@alice.it
2014-11-25, 21:03:50	389 - edomen@hotmail.com
2014-11-25, 21:03:52	390 - tiko.4augusto@tiscali.it
2014-11-25, 21:03:52	391 - morgan_3@hotmail.it
2014-11-25, 21:03:52	392 - brunomura@interfree.it
2014-11-25, 21:03:52	393 - iacopop@gmail.com
2014-11-25, 21:03:53	394 - olmo_recami@hotmail.it
2014-11-25, 21:03:54	395 - iacopo.risi@gmail.com
2014-11-25, 21:03:54	396 - nadph@hotmail.it
2014-11-25, 21:03:55	397 - nico.serejazz@alice.it
2014-11-25, 21:03:55	398 - operamail2001@yahoo.com
2014-11-25, 21:03:56	399 - giaxec@tin.it
2014-11-25, 21:03:57	400 - severino.francesca@inwind.it
2014-11-25, 21:03:57	401 - ilo.m@inwind.it
2014-11-25, 21:03:58	402 - donatella.ferri@tin.it
2014-11-25, 21:03:58	403 - alessandrotonarelli@tin.it
2014-11-25, 21:03:59	404 - oltrimboli@gmail.com
2014-11-25, 21:04:00	405 - evendramini@cheapnet.it
2014-11-25, 21:04:00	406 - avmusic@tin.it
2014-11-25, 21:04:01	407 - plvieri@libero.it
2014-11-25, 21:04:01	408 - zallo18@libero.it
2014-11-25, 21:04:03	409 - mattia.hagge@virgilio.it
2014-11-25, 21:04:03	410 - daniele.panella@nyu.edu
2014-11-25, 21:04:03	411 - alessandrapelli@gmail.com
2014-11-25, 21:04:04	412 - leonardopieraccioni@tin.it
2014-11-25, 21:04:04	413 - tellinessa71@gmail.com
2014-11-25, 21:04:05	414 - nazareno.caputo@live.it
2014-11-25, 21:04:06	415 - arianna.guarnieri@comune.fi.it
2014-11-25, 21:04:06	417 - stefanobazzi@yahoo.it
2014-11-25, 21:04:07	418 - claudio.tommasoni@comune.fi.it
2014-11-25, 21:04:07	419 - assessore.giachi@comune.fi.it
2014-11-25, 21:04:08	420 - ilvivaiodelmalcantone@gmail.com
2014-11-25, 21:04:09	421 - marcolanza@iol.it
2014-11-25, 21:04:09	422 - stefano.cioni@fastwebnet.it
2014-11-25, 21:04:10	423 - fantozzigino@gmail.com
2014-11-25, 21:04:10	424 - marisa.cancilleri@gmail.com
2014-11-25, 21:04:11	425 - botticellialessandro@tiscali.it
2014-11-25, 21:04:12	426 - deluca.alex@hotmail.it
2014-11-25, 21:04:12	427 - carlocatalanodrum@yahoo.it
2014-11-25, 21:04:13	428 - amitarieli@libero.it
2014-11-25, 21:04:13	429 - simonepannoni@hotmail.it
2014-11-25, 21:04:14	430 - grazividili@gmail.com
2014-11-25, 21:04:16	431 - letiziadanti@libero.it
2014-11-25, 21:04:16	432 - chiara.fantini@tiscali.it
2014-11-25, 21:04:16	433 - jimmypeter@hotmail.com
2014-11-25, 21:04:16	434 - laura.galli@live.com
2014-11-25, 21:04:17	435 - fedeone@hotmail.it
2014-11-25, 21:04:18	436 - sarafabbrizzi@virgilio.it
2014-11-25, 21:04:18	437 - marco.casaglia@msmedia.it
2014-11-25, 21:04:19	438 - alessandra.cortese68@gmail.com
2014-11-25, 21:04:19	439 - scoppoli@gmail.com
2014-11-25, 21:04:20	440 - mateldacappelletti@gmail.com
2014-11-25, 21:04:21	441 - regiromella@libero.it
2014-11-25, 21:04:21	442 - maurizio.delmastro@gmail.com
2014-11-25, 21:04:22	443 - francescogabrielli@gmail.com
2014-11-25, 21:04:22	444 - massimilano.landi@gmail.com
2014-11-25, 21:04:23	445 - leomacaluso@libero.it
2014-11-25, 21:04:24	446 - biagiomix@gmail.com
2014-11-25, 21:04:24	447 - kundalini87@yahoo.it
2014-11-25, 21:04:25	448 - margotmiani@libero.it
2014-11-25, 21:04:25	449 - laura.pagliantini@libero.it
2014-11-25, 21:04:27	450 - a.vizzone@alice.it
2014-11-25, 21:04:27	451 - gottard@disia.unifi.it
2014-11-25, 21:04:27	452 - annamaria.barrocu@istruzione.it
2014-11-25, 21:04:28	453 - iovinericcardo6@gmail.com
2014-11-25, 21:04:28	454 - stefanocolucci@yahoo.it
2014-11-25, 21:04:29	455 - tiziana.milani@alice.it
2014-11-25, 21:04:30	456 - info@firenzeclassica.com
2014-11-25, 21:04:30	457 - gregory333@live.it
2014-11-25, 21:04:31	458 - gianniceccantini@tiscali.it
2014-11-25, 21:04:31	460 - trane61@libero.it
2014-11-25, 21:04:32	461 - pierpaolo.casale@alice.it
2014-11-25, 21:04:33	462 - oscardini@hotmail.it
2014-11-25, 21:04:33	463 - raffaelebellini@live.it
2014-11-25, 21:04:34	464 - andy_mec91@yahoo.it
2014-11-25, 21:04:34	465 - anna.cudin@gmail.com
2014-11-25, 21:04:35	466 - silviamoneti@yahoo.it
2014-11-25, 21:04:37	467 - an.arena@alice.it
2014-11-25, 21:04:37	468 - giorgio.giacomo@alice.it
2014-11-25, 21:04:37	469 - natalie.dandrea@gmail.com
2014-11-25, 21:04:37	470 - luna.eva@hotmail.it
2014-11-25, 21:04:38	471 - elena.zaccagnini@gmail.com
2014-11-25, 21:04:39	472 - giovannimannocci@fastwebnet.it
2014-11-25, 21:04:39	473 - serzan82@hotmail.com
2014-11-25, 21:04:40	474 - gignorobase@diaconiavaldese.org
2014-11-25, 21:04:40	475 - kthari83@gmail.com
2014-11-25, 21:04:41	477 - mgusso@politecnica.it
2014-11-25, 21:04:42	478 - ricamati@yahoo.it
2014-11-25, 21:04:42	479 - alisab.blank@gmail.com
2014-11-25, 21:04:43	480 - moreno.balzani@alice.it
2014-11-25, 21:04:43	481 - zagazucc@hotmail.it
2014-11-25, 21:04:44	482 - francesco.casini@gioiello.it
2014-11-25, 21:04:45	483 - mg.coccioli@virgilio.it
2014-11-25, 21:04:45	484 - mc.max@alice.it
2014-11-25, 21:04:46	485 - alberto.crescioli@hotmail.it
2014-11-25, 21:04:46	488 - bandini93@gmail.com
2014-11-25, 21:04:47	489 - marilu.daselo@hotmail.it
2014-11-25, 21:04:49	490 - pamela_busonero@alice.it
2014-11-25, 21:04:49	491 - cupolone69@alice.it
2014-11-25, 21:04:49	492 - chiara.corti.92@alice.it
2014-11-25, 21:04:49	493 - genjiskampino@hotmail.it
2014-11-25, 21:04:50	495 - marzilie@yahoo.it
2014-11-25, 21:04:51	496 - andrea.moschettini@alice.it
2014-11-25, 21:04:51	497 - barbara.bertocci@virgilio.it
2014-11-25, 21:04:52	498 - aranscala@alice.it
2014-11-25, 21:04:52	499 - valeriafinardi@yahoo.it
2014-11-25, 21:04:53	500 - v.bargelli@hotmail.it
2014-11-25, 21:04:54	501 - maria.ricceri@gmail.com
2014-11-25, 21:04:54	502 - lucrezia.marzocchi@alice.it
2014-11-25, 21:04:55	503 - martamyosotis@gmail.com
2014-11-25, 21:04:55	504 - lenzilara@yahoo.it
2014-11-25, 21:04:56	505 - elena.mazzanti@gmx.com
2014-11-25, 21:04:57	506 - alexlatinshow@hotmail.it
2014-11-25, 21:04:57	507 - fs9775@gmail.com
2014-11-25, 21:04:58	508 - info@osteriadamelo.com
2014-11-25, 21:04:58	509 - lisehertz@gmail.com
2014-11-25, 21:04:59	510 - barbara.zamy@yahoo.it
2014-11-25, 21:05:01	511 - patriziamarino2004@libero.it
2014-11-25, 21:05:01	512 - branchi.antonio@gmail.com
2014-11-25, 21:05:01	514 - fenderjazz83@yahoo.it
2014-11-25, 21:05:01	515 - lucagfrosi@gmail.com
2014-11-25, 21:05:02	516 - mela.tetti@gmail.com
2014-11-25, 21:05:03	517 - vicedirettore@conservatorio.firenze.it
2014-11-25, 21:05:03	519 - tittanesti@gmail.com
2014-11-25, 21:05:04	520 - rsvp@torrigiani.com
2014-11-25, 21:05:04	521 - fbusson@tin.it
2014-11-25, 21:05:05	522 - newsletter@lajetee.it
2014-11-25, 21:05:06	523 - info@capuanomusica.it
2014-11-25, 21:05:06	524 - alessandro.busa@metropolitanstudies.de
2014-11-25, 21:05:07	526 - notcarap@studioalbertocarapelle.191.it
2014-11-25, 21:05:07	527 - NOTARI5f@studioalbertocarapelle.191.it
2014-11-25, 21:05:08	528 - albertodebiase@virgilio.it
2014-11-25, 21:05:09	529 - info@albertopresutti.it
2014-11-25, 21:05:09	530 - alessandrobellucci@tin.it
2014-11-25, 21:05:10	531 - aledrum@virgilio.it
2014-11-25, 21:05:10	532 - alessandro.cresci@hotmail.it
2014-11-25, 21:05:11	533 - cadenza@alice.it
2014-11-25, 21:05:13	534 - info@alessandrogalati.com
2014-11-25, 21:05:13	535 - alessandro.libertini@hotmail.it
2014-11-25, 21:05:13	536 - info@alessandromoretti.it
2014-11-25, 21:05:13	537 - quzilla@alice.it
2014-11-25, 21:05:14	538 - alessandromoretti@inwind.it
2014-11-25, 21:05:15	539 - alessia.bonini70@hotmail.it
2014-11-25, 21:05:15	540 - latitti@teletu.it
2014-11-25, 21:05:16	541 - alfredojacopozzi@tin.it
2014-11-25, 21:05:16	542 - alomabardi@icamus.org
2014-11-25, 21:05:17	543 - alomabardi@gmail.com
2014-11-25, 21:05:18	544 - amitarieli@hotmail.com
2014-11-25, 21:05:18	545 - a.bartolino@alice.it
2014-11-25, 21:05:19	547 - andreafranchini5@gmail.com
2014-11-25, 21:05:19	548 - andreaparenti@tim.eu.blackberry.com
2014-11-25, 21:05:20	549 - stigler@informacittafirenze.it
2014-11-25, 21:05:21	550 - andrea@zurli.it
2014-11-25, 21:05:21	551 - annakra@libero.it
2014-11-25, 21:05:22	552 - annabondi2@libero.it
2014-11-25, 21:05:22	553 - anna.giatti@fstfirenze.it
2014-11-25, 21:05:23	554 - annamannini@gmail.com
2014-11-25, 21:05:25	555 - amgabbrielli@virgilio.it
2014-11-25, 21:05:25	556 - ape.goretti@alice.it
2014-11-25, 21:05:25	557 - avvannasantini@yahoo.it
2014-11-25, 21:05:25	558 - annamaria.agostino@unifi.it
2014-11-25, 21:05:26	559 - annegrethoehler@gmx.de
2014-11-25, 21:05:27	560 - lellaarena@gmail.com
2014-11-25, 21:05:27	561 - arena@pittimmagine.com
2014-11-25, 21:05:28	562 - antonella.caponnetto@comune.fi.it
2014-11-25, 21:05:28	563 - antonellafazio@fastwebnet.it
2014-11-25, 21:05:29	565 - antoniocannata@gmail.com
2014-11-25, 21:05:30	566 - antoort@tin.it
2014-11-25, 21:05:30	567 - a.baracchi@tin.it
2014-11-25, 21:05:31	568 - sociale@arcifirenze.it
2014-11-25, 21:05:31	569 - vaballe@gmail.com
2014-11-25, 21:05:32	570 - moreno.balzani@telecomitalia.it
2014-11-25, 21:05:33	571 - bcasini@hotmail.com
2014-11-25, 21:05:34	572 - iadbar@alice.it
2014-11-25, 21:05:34	573 - paolobartolini@tin.it
2014-11-25, 21:05:34	574 - stefanobenifei@libero.it
2014-11-25, 21:05:35	575 - benvenuti@arcifirenze.it
2014-11-25, 21:05:36	576 - beppedati@email.it
2014-11-25, 21:05:36	577 - tirinnanzi@iol.it
2014-11-25, 21:05:37	578 - bernardoguerra@live.it
2014-11-25, 21:05:37	579 - lucia.bertini@comune.fi.it
2014-11-25, 21:05:38	580 - l.bertini@comune.fi.it
2014-11-25, 21:05:39	581 - brahima@libero.it
2014-11-25, 21:05:39	582 - sbrondi@alice.it
2014-11-25, 21:05:40	583 - lafattoriadibruni@virgilio.it
2014-11-25, 21:05:40	585 - prometeus1980@hotmail.it
2014-11-25, 21:05:41	586 - Carlo.Romagnoli@mail.wind.it
2014-11-25, 21:05:42	587 - casasua14@gmail.com
2014-11-25, 21:05:42	588 - casparis@pittimmagine.com
2014-11-25, 21:05:43	589 - chiarat@cheapnet.it
2014-11-25, 21:05:43	590 - c.brilli@controradio.it
2014-11-25, 21:05:44	591 - chiara.trinciavelli@gmail.com
2014-11-25, 21:05:46	592 - cinotri@tin.it
2014-11-25, 21:05:46	593 - societaperleidee@gmail.com
2014-11-25, 21:05:46	594 - info@claudiogiovagnoli.it
2014-11-25, 21:05:46	595 - claudio@bext.com
2014-11-25, 21:05:47	596 - claudiotilesi@gmail.com
2014-11-25, 21:05:48	597 - clorella.leni@tin.it
2014-11-25, 21:05:48	598 - consorzio.arci@libero.it
2014-11-25, 21:05:49	599 - cultura@ilcorriereonline.it
2014-11-25, 21:05:49	600 - cosimomarchese@hotmail.com
2014-11-25, 21:05:50	601 - costanzanocentini@hotmail.com
2014-11-25, 21:05:51	602 - cristian.sardelli@gmail.com
2014-11-25, 21:05:51	603 - cristianabudillon@libero.it
2014-11-25, 21:05:52	604 - crisfil08@yahoo.it
2014-11-25, 21:05:52	605 - cristinaitaliani@tiscali.it
2014-11-25, 21:05:53	606 - cris.italiani@gmail.com
2014-11-25, 21:05:54	607 - rdaidone@libero.it
2014-11-25, 21:05:54	608 - d.pelati@fastwebnet.it
2014-11-25, 21:05:56	609 - daniela.dedonno@janegoodall-italia.org
2014-11-25, 21:05:56	610 - dduse@hotmail.com
2014-11-25, 21:05:56	611 - danielafabbri@fastwebnet.it
2014-11-25, 21:05:57	612 - danielalip@hotmail.com
2014-11-25, 21:05:57	613 - matta.daniela@yahoo.it
2014-11-25, 21:05:58	615 - d.tartaglia@socialdesign.eu
2014-11-25, 21:05:58	616 - dunia@dada.it
2014-11-25, 21:05:59	617 - conti@cnatoscana.it
2014-11-25, 21:06:00	618 - pelati.gosport@virgilio.it
2014-11-25, 21:06:00	619 - d.sordi@tin.it
2014-11-25, 21:06:01	620 - danilo_morini@libero.it
2014-11-25, 21:06:01	621 - cecchini3000@gmail.com
2014-11-25, 21:06:02	622 - vicesindaco@comune.fi.it
2014-11-25, 21:06:03	623 - demudav@tiscali.it
2014-11-25, 21:06:03	624 - davis.franceschini@dada.it
2014-11-25, 21:06:04	625 - roberto.dephilippis@unifi.it
2014-11-25, 21:06:04	626 - 3gnometti@gmail.com
2014-11-25, 21:06:05	627 - S.Degl'Innocenti@quadrifoglio.org
2014-11-25, 21:06:06	628 - dego.carra2@gmail.com
2014-11-25, 21:06:07	629 - l.dicoverciano@libero.it
2014-11-25, 21:06:07	630 - direzione.iicpraga@esteri.it
2014-11-25, 21:06:07	631 - direzione@teatrodellapergola.com
2014-11-25, 21:06:08	632 - drinamoretti@gmail.com
2014-11-25, 21:06:09	633 - dcbertini@usa.net
2014-11-25, 21:06:09	634 - ducezio@iol.it
2014-11-25, 21:06:10	635 - strianoc@posteitaliane.it
2014-11-25, 21:06:10	636 - elena.migliorati@gmail.com
2014-11-25, 21:06:11	637 - rebeldemaisha@gmail.com
2014-11-25, 21:06:12	638 - elisagagliardi@tuscaninstitute.it
2014-11-25, 21:06:12	639 - elisabettamanuelli@garzondi.com
2014-11-25, 21:06:13	640 - elisabettasiani@msservizi.it
2014-11-25, 21:06:13	641 - emanuele.torquati@gmail.com
2014-11-25, 21:06:14	642 - emanuele.parrini1@virgilio.it
2014-11-25, 21:06:15	643 - culturaesteri@mail.regione.toscana.it
2014-11-25, 21:06:15	644 - enrico@lucianobenini.it
2014-11-25, 21:06:17	645 - flogfi@virgilio.it
2014-11-25, 21:06:17	646 - enzo.boddi@libero.it
2014-11-25, 21:06:17	647 - enzomileo@tin.it
2014-11-25, 21:06:18	648 - ermannocirri@hotmail.com
2014-11-25, 21:06:18	649 - ettorebonafe@libero.it
2014-11-25, 21:06:19	650 - evaige@riseup.net
2014-11-25, 21:06:19	651 - eventi.iicankara@esteri.it
2014-11-25, 21:06:20	652 - musica@fabbricaeuropa.net
2014-11-25, 21:06:21	653 - laurenzi.fabiana@gmail.com
2014-11-25, 21:06:21	654 - lupifabio63@gmail.com
2014-11-25, 21:06:22	655 - info@fabiomorgera.com
2014-11-25, 21:06:22	656 - fabriziomorga@libero.it
2014-11-25, 21:06:23	657 - facchiniluca@hotmail.com
2014-11-25, 21:06:24	658 - farhad_orouji@yahoo.com
2014-11-25, 21:06:24	659 - federica.marti@virgilio.it
2014-11-25, 21:06:25	660 - info@federicobertelli.com
2014-11-25, 21:06:25	661 - stramortimer@tiscali.it
2014-11-25, 21:06:27	662 - bagatelle_contemporary@yahoo.it
2014-11-25, 21:06:27	663 - filippopedol@alice.it
2014-11-25, 21:06:27	664 - redazione@firenzespettacolo.it
2014-11-25, 21:06:28	665 - auditorium1@virgilio.it
2014-11-25, 21:06:28	666 - fosco.damelio@gmail.com
2014-11-25, 21:06:29	667 - frabernardini@libero.it
2014-11-25, 21:06:30	668 - francesca@francescabreschi.it
2014-11-25, 21:06:30	669 - fra.campigli@gmail.com
2014-11-25, 21:06:31	670 - chiavacci@arci.it
2014-11-25, 21:06:31	671 - francentri@inwind.it
2014-11-25, 21:06:32	672 - simone.franceschi@infogroup.it
2014-11-25, 21:06:33	673 - francescobassi@tin.it
2014-11-25, 21:06:33	674 - birardifrancesco@gmail.com
2014-11-25, 21:06:34	675 - francescodonnini@hotmail.com
2014-11-25, 21:06:34	676 - uffstampa@amicimusica.fi.it
2014-11-25, 21:06:35	678 - fmaccia@tiscali.it
2014-11-25, 21:06:36	679 - magnuz@stazionilunari.com
2014-11-25, 21:06:36	680 - michi@arteco.org
2014-11-25, 21:06:38	681 - francoshiatsu@tele2.it
2014-11-25, 21:06:38	682 - franco.busignani@alice.it
2014-11-25, 21:06:38	683 - franave55@gmail.com
2014-11-25, 21:06:39	684 - jbpinza@tin.it
2014-11-25, 21:06:39	685 - frannagiu@hotmail.com
2014-11-25, 21:06:40	687 - f.paloscia@repubblica.it
2014-11-25, 21:06:40	688 - gabriele.bartolucci@gmail.com
2014-11-25, 21:06:41	689 - g.bonomo@sugarmusic.com
2014-11-25, 21:06:42	690 - buondonno@chianticlassico.com
2014-11-25, 21:06:42	691 - g.torcia@dfc.unifi.it
2014-11-25, 21:06:43	692 - gige@dada.it
2014-11-25, 21:06:43	693 - gerardo.caso@asftoscana.it
2014-11-25, 21:06:44	695 - gdebastiani@gmail.com
2014-11-25, 21:06:45	696 - cda@comune.pontassieve.fi.it
2014-11-25, 21:06:45	697 - giada23@tin.it
2014-11-25, 21:06:46	698 - info@mauriziogiammarco.com
2014-11-25, 21:06:46	699 - gianluigi_destefanis@yahoo.it
2014-11-25, 21:06:47	700 - g.cardini@hotmail.it
2014-11-25, 21:06:48	701 - fantafesta2@yahoo.it
2014-11-25, 21:06:48	702 - gc802001@yahoo.it
2014-11-25, 21:06:49	703 - gianfranconarracci@hotmail.com
2014-11-25, 21:06:49	704 - gdibernardo@agenti.manzoni.it
2014-11-25, 21:06:50	705 - giannatarchi@gmail.com
2014-11-25, 21:06:51	706 - gianni.grisolia@alice.it
2014-11-25, 21:06:51	707 - giannipini@eventimusicpool.it
2014-11-25, 21:06:52	708 - gianni.zei@gmail.com
2014-11-25, 21:06:52	709 - gignoromotorio@diaconiavaldese.org
2014-11-25, 21:06:53	710 - Gilberto.Cecchini@unipolbanca.it
2014-11-25, 21:06:54	711 - giorgia.giovannetti@unifi.it
2014-11-25, 21:06:54	712 - giorgio.bassi@promotorifinecobank.it
2014-11-25, 21:06:55	713 - giorgio.prandi59@gmail.com
2014-11-25, 21:06:55	715 - giovacchini@pittimmagine.com
2014-11-25, 21:06:56	716 - jobertolino@tiscali.it
2014-11-25, 21:06:58	717 - gbmusic@bigazzimusic.com
2014-11-25, 21:06:58	718 - giovavoz@tin.it
2014-11-25, 21:06:58	719 - gisella.pasquini@hotmail.it
2014-11-25, 21:06:58	720 - gisella.pasquini@carige.it
2014-11-25, 21:06:59	721 - info@nuovieventimusicali.it
2014-11-25, 21:07:00	722 - wigna@dada.it
2014-11-25, 21:07:00	723 - gloria.salviati@alice.it
2014-11-25, 21:07:01	724 - glorialucchesiasso@gmail.com
2014-11-25, 21:07:01	725 - graziabonini@alice.it
2014-11-25, 21:07:02	726 - g.dei@katamail.com
2014-11-25, 21:07:03	727 - g.menicatti@alice.it
2014-11-25, 21:07:03	728 - gregoriomoppi@katamail.com
2014-11-25, 21:07:04	729 - gregorionardi@interfree.it
2014-11-25, 21:07:04	730 - gruppo.primafirenze@comune.fi.it
2014-11-25, 21:07:05	731 - hamadachadli@hotmail.it
2014-11-25, 21:07:06	732 - iacopo23@gmail.com
2014-11-25, 21:07:06	733 - lorella.romagnoli@ilgiornaledellatoscana.it
2014-11-25, 21:07:07	735 - immobiliareburgassi@gmail.com
2014-11-25, 21:07:08	736 - info@musipolitana.it
2014-11-25, 21:07:08	737 - info@area-clienti.com
2014-11-25, 21:07:09	738 - info@florencenewspaper.it
2014-11-25, 21:07:09	739 - info@musicfactorylive.it
2014-11-25, 21:07:10	740 - info@villapalagio.it
2014-11-25, 21:07:10	741 - infogiov@comune.fi.it
2014-11-25, 21:07:11	742 - informagiovani.fi@gmail.com
2014-11-25, 21:07:12	743 - informale@libero.it
2014-11-25, 21:07:12	744 - i.coccia@comune.fi.it
2014-11-25, 21:07:13	745 - direzione@istitutofrancese.it
2014-11-25, 21:07:13	746 - ivana.gonnelli@libero.it
2014-11-25, 21:07:14	747 - info@jacopomartini.com
2014-11-25, 21:07:15	748 - munz.jr@gmail.com
2014-11-25, 21:07:15	749 - info@biellajazzclub.com
2014-11-25, 21:07:16	750 - jazzclub@mobilia.it
2014-11-25, 21:07:16	751 - combojazzclub@libero.it
2014-11-25, 21:07:17	752 - modenajazzclub@iol.it
2014-11-25, 21:07:18	753 - info@jazzclub.torino.it
2014-11-25, 21:07:18	754 - info@jazzchalet.com
2014-11-25, 21:07:20	755 - info@panicjazzclub.com
2014-11-25, 21:07:20	756 - redazione@jazzcolours.it
2014-11-25, 21:07:20	757 - joy.devito@gmail.com
2014-11-25, 21:07:21	758 - l.cappelli@gialexong.com
2014-11-25, 21:07:21	759 - labottegadellacquaforte@tin.it
2014-11-25, 21:07:22	760 - cronacafi@lanazione.net
2014-11-25, 21:07:22	761 - firenze@repubblica.it
2014-11-25, 21:07:23	762 - lara.brocca@janegoodall-italia.org
2014-11-25, 21:07:24	763 - lastraioli@interfree.it
2014-11-25, 21:07:24	764 - laura.mauric@gmail.com
2014-11-25, 21:07:25	765 - laura.righi08@gmail.com
2014-11-25, 21:07:25	766 - venturi@los-tudio.com
2014-11-25, 21:07:26	767 - raffaellopareti@alice.it
2014-11-25, 21:07:27	768 - leonardo.bonini@tin.it
2014-11-25, 21:07:27	769 - l.piccioli@tin.it
2014-11-25, 21:07:28	770 - leonardo.pieri@yahoo.it
2014-11-25, 21:07:28	771 - leonardovolo@hotmail.com
2014-11-25, 21:07:29	772 - letizia.cini@lanazione.it
2014-11-25, 21:07:30	773 - info@lacitelibreria.it
2014-11-25, 21:07:30	774 - l.grueff@libero.it
2014-11-25, 21:07:32	775 - lisagi@tiscali.it
2014-11-25, 21:07:32	776 - giardinellil@gmail.com
2014-11-25, 21:07:32	777 - aranguren58@gmail.com
2014-11-25, 21:07:33	778 - jbobin@tin.it
2014-11-25, 21:07:33	779 - accolturato@gmail.com
2014-11-25, 21:07:34	780 - mc.lagreca@virgilio.it
2014-11-25, 21:07:34	781 - sinapsidibiru@libero.it
2014-11-25, 21:07:35	782 - papessa.veg@gmail.com
2014-11-25, 21:07:36	783 - 3476622872@email.it
2014-11-25, 21:07:36	784 - jodown@tin.it
2014-11-25, 21:07:37	785 - qyrano@gmail.com
2014-11-25, 21:07:37	786 - cussottocri@yahoo.it
2014-11-25, 21:07:38	787 - l.giacomi@forresthillrecords.com
2014-11-25, 21:07:39	788 - lopallini@libero.it
2014-11-25, 21:07:39	790 - lorenza.centola@gmail.com
2014-11-25, 21:07:40	791 - lorenzoballini@tiscali.it
2014-11-25, 21:07:40	792 - lorenzo.forti@alice.it
2014-11-25, 21:07:41	793 - loreghera@gmail.com
2014-11-25, 21:07:43	794 - loresol@tiscali.it
2014-11-25, 21:07:43	795 - luca.debiase@alice.it
2014-11-25, 21:07:43	796 - luca@magrini.net
2014-11-25, 21:07:43	797 - lucaberni@dada.it
2014-11-25, 21:07:44	798 - lucadivolo@tiscali.it
2014-11-25, 21:07:45	799 - luca.fantini83@gmail.com
2014-11-25, 21:07:45	800 - lucajelly71@gmail.com
2014-11-25, 21:07:46	801 - magro@dada.it
2014-11-25, 21:07:46	802 - lucamarianini@gmail.com
2014-11-25, 21:07:47	803 - lucapagnini@tiscali.it
2014-11-25, 21:07:48	804 - zanzanluca@gmail.com
2014-11-25, 21:07:48	805 - luca_cai@virgilio.it
2014-11-25, 21:07:49	806 - lucia.calzolari.rudl@mac.com
2014-11-25, 21:07:49	807 - lucia.calzolari.rudl@me.com
2014-11-25, 21:07:50	808 - lpelatti@firenze.cna.it
2014-11-25, 21:07:51	809 - l.carotti@comune.fi.it
2014-11-25, 21:07:51	810 - lucrezia@lu-nation.com
2014-11-25, 21:07:52	811 - pilarmadd@gmail.com
2014-11-25, 21:07:52	812 - info@maieutike.net
2014-11-25, 21:07:54	813 - management@musipolitana.it
2014-11-25, 21:07:54	814 - Piero.Mannini@fao.org
2014-11-25, 21:07:54	815 - marco.r2002@libero.it
2014-11-25, 21:07:55	816 - marco@magrini.net
2014-11-25, 21:07:55	817 - mbaroncini@yahoo.it
2014-11-25, 21:07:56	818 - m.barsanti1@virgilio.it
2014-11-25, 21:07:57	819 - marco.bini2004@gmail.com
2014-11-25, 21:07:57	820 - marcocattarossi@virgilio.it
2014-11-25, 21:07:58	821 - fancelli2@interfree.it
2014-11-25, 21:07:58	822 - marco.gelli@libero.it
2014-11-25, 21:07:59	823 - marcowar53@gmail.com
2014-11-25, 21:08:00	824 - mlamioni@silence.it
2014-11-25, 21:08:00	825 - lamionimarco@gmail.com
2014-11-25, 21:08:01	826 - m.morandi@katamail.com
2014-11-25, 21:08:01	827 - ben@bianchienardi.it
2014-11-25, 21:08:02	828 - polo@immobilifirenze.com
2014-11-25, 21:08:03	829 - marcosiani@msservizi.it
2014-11-25, 21:08:03	830 - info@marcotriarico.com
2014-11-25, 21:08:05	831 - mail@tarantella-scalza.de
2014-11-25, 21:08:05	832 - margherita.damelio@googlemail.com
2014-11-25, 21:08:05	833 - mloscerbo@libero.it
2014-11-25, 21:08:06	834 - mariapalme@gmail.com
2014-11-25, 21:08:06	835 - mptoscano@tiscali.it
2014-11-25, 21:08:07	836 - marina.bistolfi@gmail.com
2014-11-25, 21:08:07	837 - formazione@fabbricaeuropa.net
2014-11-25, 21:08:08	838 - marina.ciappi@poste.it
2014-11-25, 21:08:09	840 - m.bufano@controradio.it
2014-11-25, 21:08:09	841 - evangelista.mar@gmail.com
2014-11-25, 21:08:10	842 - marta.dipuccio@yahoo.it
2014-11-25, 21:08:10	843 - marti.bombetta@hotmail.it
2014-11-25, 21:08:11	844 - mary.arcuri@gmail.com
2014-11-25, 21:08:12	845 - marzia.frediani@arci.it
2014-11-25, 21:08:12	846 - m.calderai@libero.it
2014-11-25, 21:08:13	847 - gramigni@assomusica.org
2014-11-25, 21:08:13	848 - innocenti.cer@virgilio.it
2014-11-25, 21:08:14	849 - maxrastrelli@alice.it
2014-11-25, 21:08:15	850 - massimosantini53@alice.it
2014-11-25, 21:08:16	851 - m.ercolanelli@tin.it
2014-11-25, 21:08:16	852 - matilde.c94@gmail.com
2014-11-25, 21:08:16	853 - matteo@florenceandabroad.com
2014-11-25, 21:08:17	854 - matthiasschubert@online.de
2014-11-25, 21:08:18	855 - matthew_carrera@hotmail.it
2014-11-25, 21:08:18	856 - maurizio@creativebrains.it
2014-11-25, 21:08:19	857 - mauro.grossi@tin.it
2014-11-25, 21:08:19	858 - ginnasticailpoggetto@alice.it
2014-11-25, 21:08:20	861 - michbar@tele2.it
2014-11-25, 21:08:21	862 - michee@hotmail.it
2014-11-25, 21:08:21	863 - info@indie-eye.it
2014-11-25, 21:08:22	864 - m.ignelzi@tin.it
2014-11-25, 21:08:22	865 - michelemanzotti@lanazione.it
2014-11-25, 21:08:23	866 - michelepapadia@hotmail.com
2014-11-25, 21:08:24	867 - mikestain@hotmail.com
2014-11-25, 21:08:24	868 - miketurk@tinsandwichmusic.com
2014-11-25, 21:08:25	869 - milneaz@hotmail.com
2014-11-25, 21:08:26	870 - cirkoguerrini@gmail.com
2014-11-25, 21:08:26	871 - info@spbstudio.it
2014-11-25, 21:08:27	873 - morenoniccolai@virgilio.it
2014-11-25, 21:08:27	874 - stefano@morinisport.it
2014-11-25, 21:08:28	875 - musicus@dada.it
2014-11-25, 21:08:28	876 - fanutti@dada.it
2014-11-25, 21:08:29	877 - neri.torrigiani@torrigiani.com
2014-11-25, 21:08:30	878 - mabenvenuti@gmail.com
2014-11-25, 21:08:30	879 - nicconerb@gmail.com
2014-11-25, 21:08:31	880 - nicola@eipe.it
2014-11-25, 21:08:31	881 - nicola.cellai@gmail.com
2014-11-25, 21:08:32	882 - nicola.maccianti@libero.it
2014-11-25, 21:08:33	883 - nikizazzeri@yahoo.it
2014-11-25, 21:08:33	884 - nicolettamanzini@libero.it
2014-11-25, 21:08:34	885 - ninogioia@gmail.com
2014-11-25, 21:08:34	886 - amministrazionenovaradio@arcifirenze.it
2014-11-25, 21:08:35	888 - orianabaroncelli@libero.it
2014-11-25, 21:08:36	889 - pantanigianluca@gmail.com
2014-11-25, 21:08:36	890 - paola-amadio@tiscali.it
2014-11-25, 21:08:38	891 - paoladili@virgilio.it
2014-11-25, 21:08:38	892 - papinipaola@supereva.it
2014-11-25, 21:08:38	893 - pabillo@libero.it
2014-11-25, 21:08:39	894 - carradori@inwind.it
2014-11-25, 21:08:39	895 - giampaolo.casu@libero.it
2014-11-25, 21:08:40	896 - db@paolo.dellabella.name
2014-11-25, 21:08:40	898 - paologuidotti@hotmail.it
2014-11-25, 21:08:41	899 - info@paolomari.net
2014-11-25, 21:08:42	900 - p.russo@repubblica.it
2014-11-25, 21:08:42	901 - pasquale.rimolo@poste.it
2014-11-25, 21:08:43	902 - stampa@teatrodellapergola.com
2014-11-25, 21:08:43	903 - bradpeter@virgilio.it
2014-11-25, 21:08:44	904 - info@piccoliprincipiteatro.it
2014-11-25, 21:08:45	905 - pierluigivannucchi@gmail.com
2014-11-25, 21:08:45	906 - pieroborri@gmail.com
2014-11-25, 21:08:46	907 - pierobronzi@gmail.com
2014-11-25, 21:08:46	908 - sorrepino@libero.it
2014-11-25, 21:08:47	909 - pippissimo88@hotmail.it
2014-11-25, 21:08:48	910 - pirilla@alice.it
2014-11-25, 21:08:49	911 - pmaccia@inwind.it
2014-11-25, 21:08:49	912 - raffabelli@yahoo.it
2014-11-25, 21:08:49	913 - al.severi@rai.it
2014-11-25, 21:08:50	914 - renatocordovani@alice.it
2014-11-25, 21:08:51	915 - renzo_roselli@libero.it
2014-11-25, 21:08:51	916 - info@toscanaclassica.net
2014-11-25, 21:08:52	917 - r.innocenti@lofficinapsicoacustica.it
2014-11-25, 21:08:52	918 - info@promowine.it
2014-11-25, 21:08:53	919 - riccardo.ciolino@email.com
2014-11-25, 21:08:54	920 - riccardodellocchio@virgilio.it
2014-11-25, 21:08:54	921 - riccardo_galimberti@live.it
2014-11-25, 21:08:55	922 - rc@nestiblack.it
2014-11-25, 21:08:55	923 - onorius@virgilio.it
2014-11-25, 21:08:56	924 - riccardosaveri@virgilio.it
2014-11-25, 21:08:57	925 - rferrazza2000@yahoo.it
2014-11-25, 21:08:57	926 - roberta.ferrazza@esteri.it
2014-11-25, 21:08:58	927 - arovida@tiscalinet.it
2014-11-25, 21:08:58	928 - roberta.serni@istruzione.it
2014-11-25, 21:08:59	929 - libusati@iol.it
2014-11-25, 21:09:01	930 - rob.scheggia@libero.it
2014-11-25, 21:09:01	931 - roberto_benvenuti2003@yahoo.it
2014-11-25, 21:09:01	932 - roboconti@libero.it
2014-11-25, 21:09:01	933 - info@rmprogetti.it
2014-11-25, 21:09:02	934 - manrob1999@yahoo.it
2014-11-25, 21:09:03	935 - bobnistri@gmail.com
2014-11-25, 21:09:03	936 - rodolfosarli@yahoo.it
2014-11-25, 21:09:04	937 - romana.bellato@gmail.com
2014-11-25, 21:09:04	938 - romano.pratesi@libero.it
2014-11-25, 21:09:05	939 - rosippo@tiscali.it
2014-11-25, 21:09:06	941 - rubencha@virgilio.it
2014-11-25, 21:09:06	942 - saxofono@alice.it
2014-11-25, 21:09:07	943 - jazz@morinisport.it
2014-11-25, 21:09:07	944 - scuola.verdi@comune.prato.it
2014-11-25, 21:09:08	945 - dicomano@scuolacomunaledimusica.it
2014-11-25, 21:09:09	946 - smcpontassieve@tiscali.it
2014-11-25, 21:09:09	947 - info@scuoladimusicasesto.it
2014-11-25, 21:09:10	948 - musica@comune.poggibonsi.si.it
2014-11-25, 21:09:11	949 - sdipuccio@hotmail.it
2014-11-25, 21:09:11	950 - segreteria.arcifirenze@gmail.com
2014-11-25, 21:09:12	951 - segreteria@firenzespettacolo.it
2014-11-25, 21:09:12	952 - lsantoni@firenze.cna.it
2014-11-25, 21:09:13	953 - sentieriacustici@gmail.com
2014-11-25, 21:09:13	954 - sermot@alice.it
2014-11-25, 21:09:14	955 - shahrzad_orouji@yahoo.com
2014-11-25, 21:09:15	956 - Cristina.Siani@infrontsports.com
2014-11-25, 21:09:15	957 - silvanopanichi@gmail.com
2014-11-25, 21:09:16	958 - santini.silvia391@tiscali.it
2014-11-25, 21:09:16	959 - simonapiccioli@tiscali.it
2014-11-25, 21:09:17	960 - fallaci@dada.it
2014-11-25, 21:09:18	961 - simonegraziano79@yahoo.it
2014-11-25, 21:09:18	962 - devilmans@libero.it
2014-11-25, 21:09:19	963 - smnsnt68@gmail.com
2014-11-25, 21:09:19	964 - soniacomoni@virgilio.it
2014-11-25, 21:09:20	965 - stefania.doni@gmail.com
2014-11-25, 21:09:21	966 - ste.dell@hotmail.com
2014-11-25, 21:09:22	967 - tatami33@virgilio.it
2014-11-25, 21:09:22	968 - s.bartoli@fastwebnet.it
2014-11-25, 21:09:22	969 - stefdemarco@hotmail.it
2014-11-25, 21:09:23	970 - direzione@scandiccicultura.org
2014-11-25, 21:09:24	971 - contart@dinonet.it
2014-11-25, 21:09:24	972 - stefanomagnolfi@hotmail.com
2014-11-25, 21:09:25	973 - stefano.mangani@unisi.it
2014-11-25, 21:09:25	974 - negri.s@tele2.it
2014-11-25, 21:09:26	975 - stefanoonorati@gmail.com
2014-11-25, 21:09:27	976 - stefanorapicavoli@gmail.com
2014-11-25, 21:09:27	977 - formazione@stefanorusso.it
2014-11-25, 21:09:28	978 - lupomaremmano@katamail.com
2014-11-25, 21:09:28	980 - szenni@tin.it
2014-11-25, 21:09:29	981 - studiorap@libero.it
2014-11-25, 21:09:30	982 - susannastigler@gmail.com
2014-11-25, 21:09:30	983 - susannastigler@informacitta.net
2014-11-25, 21:09:31	984 - susanna.crociani@libero.it
2014-11-25, 21:09:31	985 - info@susybellucci.com
2014-11-25, 21:09:32	986 - t.coppi@mail.regione.toscana.it
2014-11-25, 21:09:34	987 - tamara.coppiceccantini@regione.toscana.it
2014-11-25, 21:09:34	988 - promo@teatrodellalimonaia.it
2014-11-25, 21:09:34	989 - comunicazione@teatrodellapergola.com
2014-11-25, 21:09:34	990 - info@metastasio.it
2014-11-25, 21:09:35	991 - infoteatro@scandiccicultura.it
2014-11-25, 21:09:36	992 - tolminomarianini@yahoo.it
2014-11-25, 21:09:36	993 - info@toscanamusiche.it
2014-11-25, 21:09:37	994 - trinciavelli@effe2srl.it
2014-11-25, 21:09:37	995 - culturaq2@comune.fi.it
2014-11-25, 21:09:38	997 - valentino.s@alice.it
2014-11-25, 21:09:39	998 - vmorelliit@yahoo.it
2014-11-25, 21:09:39	999 - striano@arci.it
2014-11-25, 21:09:40	1000 - vorsetti@hotmail.com
2014-11-25, 21:09:40	1001 - wilmasperanzini@gmail.com
2014-11-25, 21:09:41	1002 - info@spazioalfieri.it
2014-11-25, 21:09:42	1003 - florencematerassi@alice.it
2014-11-25, 21:09:43	1004 - queidellapera@gmail.com
2014-11-25, 21:09:43	1006 - giuliostracciati@hotmail.it
2014-11-25, 21:09:43	1007 - marco_baldini@libero.it
2014-11-25, 21:09:44	1008 - sergio-rizzo@hotmail.it
2014-11-25, 21:09:45	1009 - casa@globeit.it
2014-11-25, 21:09:45	1010 - danielapelati@msservizi.it
2014-11-25, 21:09:46	1011 - frasi54@tiscali.it
2014-11-25, 21:09:46	1012 - sanjeev@tin.it
2014-11-25, 21:09:47	1013 - lorellagrecu@gmail.com
2014-11-25, 21:09:48	1015 - nunziati@alice.it
2014-11-25, 21:09:48	1017 - ludolegend@libero.it
2014-11-25, 21:09:49	1018 - marco.lani84@gmail.com
2014-11-25, 21:09:49	1019 - margherithouse@hotmail.it
2014-11-25, 21:09:50	1020 - n.vallese@gmail.com
2014-11-25, 21:09:51	1021 - giuseppe.dipietro50@gmail.com
2014-11-25, 21:09:51	1022 - mattia.ceccantini@email.it
2014-11-25, 21:09:52	1023 - fabio.lenzi@poste.it
2014-11-25, 21:09:52	1024 - brownmassimo@gmail.com
2014-11-25, 21:09:54	1026 - annamariabaccellini@vodafone.it
2014-11-25, 21:09:54	1027 - damore.stefania@gmail.com
2014-11-25, 21:09:54	1028 - lisehertz@gmail.com
2014-11-25, 21:09:55	1029 - massimo.tempesti@gmail.com
2014-11-25, 21:09:55	1030 - ema19e87@yahoo.it
2014-11-25, 21:09:56	1031 - lorenzo.bagnoli@hotmail.it
2014-11-25, 21:09:57	1032 - otta.giulio@gmail.com
2014-11-25, 21:09:57	1033 - otta.giulio@gmail.com
2014-11-25, 21:09:58	1034 - irene.stolzi@unifi.it
2014-11-25, 21:09:58	1035 - rosannariccio@yahoo.it
2014-11-25, 21:09:59	1036 - patrizia.seravalli@gmail.com
2014-11-25, 21:10:00	1037 - piccini.a@gmail.com
2014-11-25, 21:10:00	1038 - mazzanti.maurizio@gmail.com
2014-11-25, 21:10:01	1039 - f.beghi@centroseta.it
2014-11-25, 21:10:01	1040 - rmartini@libero.it
2014-11-25, 21:10:02	1041 - mari_palom@yahoo.it
2014-11-25, 21:10:03	1042 - bobpratellesi@yahoo.it
2014-11-25, 21:10:03	1043 - laura.mattioli@asf.toscana.it
2014-11-25, 21:10:05	1044 - laura.mattioli@asf.toscana.it
2014-11-25, 21:10:05	1045 - alessandromedda.music@gmail.com
2014-11-25, 21:10:05	1047 - robertadoni60@gmail.com
2014-11-25, 21:10:06	1048 - l.argenziano@yahoo.it
2014-11-25, 21:10:06	1049 - nachibana23@gmail.com
2014-11-25, 21:10:07	1051 - simobrilli@live.it
2014-11-25, 21:10:07	1053 - elisabetta.lucherini@gmail.com
2014-11-25, 21:10:08	1055 - ludolegend@libero.it
2014-11-25, 21:10:09	1056 - galletti.lorenzo98@gmail.com
2014-11-25, 21:10:09	1058 - manrob1999@yahoo.it
2014-11-25, 21:10:10	1059 - daniluk.dado@gmail.com
2014-11-25, 21:10:10	1060 - qui-e-ora@libero.it
2014-11-25, 21:10:11	1061 - fabiozini@alice.it
2014-11-25, 21:10:12	1062 - maurizio.delmastro@gmail.com
2014-11-25, 21:10:12	1064 - laura@mannuccisrl.it
2014-11-25, 21:10:13	1065 - cl.rusconi@gmail.com
2014-11-25, 21:10:14	1066 - machibana23@gmail.it
2014-11-25, 21:10:14	1067 - gaguz1999@gmail.com
2014-11-25, 21:10:15	1068 - gabriele_baratto@libero.it
2014-11-25, 21:10:15	1069 - gennarogiustino@libero.it
2014-11-25, 21:10:16	1070 - anna.basagni@hotmail.it
2014-11-25, 21:10:16	1071 - mniccolai22@gmail.com
2014-11-25, 21:10:17	1074 - scioni57@libero.it
2014-11-25, 21:10:18	1075 - simonagraz@libero.it
2014-11-25, 21:10:18	1076 - info@agriturismocirene.com
2014-11-25, 21:10:19	1077 - andrea.botto@libero.it
2014-11-25, 21:10:19	1078 - borraniantonio@gmail.com
2014-11-25, 21:10:20	1079 - giorgio.varalli@fastwebnet.it
2014-11-25, 21:10:21	1080 - paol.marini@tiscali.it
2014-11-25, 21:10:21	1081 - robmazzi26@gmail.com
2014-11-25, 21:10:22	1082 - ml.berenger@sfr.fr
2014-11-25, 21:10:22	1083 - fam.diste@alice.it
2014-11-25, 21:10:24	1084 - stonatina@gmail.com
2014-11-25, 21:10:24	1085 - umberto.tenaglia@alice.it
2014-11-25, 21:10:24	1086 - riccardoschillaci@msn.com
2014-11-25, 21:10:25	1087 - lombe2012@gmail.com
2014-11-25, 21:10:25	1088 - cingicinzia@yahoo.it
2014-11-25, 21:10:26	1089 - adrianalipsi@gmail.com
2014-11-25, 21:10:27	1090 - francescobarbani@gmail.com
2014-11-25, 21:10:27	1091 - dumm12bg@gmail.com
2014-11-25, 21:10:28	1092 - leomacaluso@libero.it
2014-11-25, 21:10:28	1093 - francy_andrea@yahoo.it
2014-11-25, 21:10:29	1094 - cate.glasser@gmail.com
2014-11-25, 21:10:30	1095 - cate.glasser@gmail.com
2014-11-25, 21:10:30	1096 - ila.zucconi@gmail.com
2014-11-25, 21:10:31	1097 - antosteph@alice.it
2014-11-25, 21:10:31	1098 - bobaoster@gmail.com
2014-11-25, 21:10:32	1099 - g.malevolti@gmail.com
2014-11-25, 21:10:33	1101 - tommypampa@libero.it
2014-11-25, 21:10:33	1102 - rossicarlo93@libero.it
2014-11-25, 21:10:34	1106 - francesco.crimeni59@gmail.com
2014-11-25, 21:10:35	1109 - mcorsini1966@libero.it
2014-11-25, 21:10:35	1110 - valeria.pezzati@gmail.com
2014-11-25, 21:10:36	1111 - f.barbara69@tin.it
2014-11-25, 21:10:36	1112 - franco.frati@gmail.com
2014-11-25, 21:10:37	1114 - senza@mail.it
2014-11-25, 21:10:37	1117 - lauracapecchi@alice.it
2014-11-25, 21:10:38	1118 - lucianacapasso@virgilio.it
2014-11-25, 21:10:39	1119 - lu-gal@hotmail.it
2014-11-25, 21:10:39	1120 - nicolucci@studiomichelangelo.it
2014-11-25, 21:10:40	1121 - gennarogiustino@libero.it
2014-11-25, 21:10:40	1122 - gennarogiustino@libero.it
2014-11-25, 21:10:41	1124 - alessandra.cortese68@gmail.com
2014-11-25, 21:10:42	1125 - cungicinzia@yahoo.it
2014-11-25, 21:10:42	1126 - melezappa@gmail.com
