2015-06-04, 20:00:02	

=================================================================

2015-06-04, 20:00:02	TRIBUTO A LUCA FLORES


2015-06-04, 20:00:03	1 - webmaster@globeit.it
2015-06-04, 20:00:04	2 - info@camfirenze.net
2015-06-04, 20:00:05	3 - g.porzilli@globeit.it
2015-06-04, 20:00:05	4 - jovinericcardo@inwind.it
2015-06-04, 20:00:06	5 - emilmast@tin.it
2015-06-04, 20:00:06	6 - m_bonaiuti@tin.it
2015-06-04, 20:00:08	7 - andreagheri@hotmail.com
2015-06-04, 20:00:08	8 - lenzi.giova@alice.it
2015-06-04, 20:00:08	9 - giuseppe.dipietro@bassilichi.it
2015-06-04, 20:00:09	10 - riccardoschillaci@msn.com
2015-06-04, 20:00:09	11 - pan.and@alice.it
2015-06-04, 20:00:10	12 - stefania.nin@unifi.it
2015-06-04, 20:00:11	13 - elianto96@alice.it
2015-06-04, 20:00:11	14 - ziopino@libero.it
2015-06-04, 20:00:12	15 - fidelegno@email.it
2015-06-04, 20:00:12	16 - nicolucci@studiomichelangelo.com
2015-06-04, 20:00:13	17 - mariapaolapaci@yahoo.it
2015-06-04, 20:00:14	18 - m.jennifer@hotmail.it
2015-06-04, 20:00:14	19 - eleonora.giovannini@hotmail.com
2015-06-04, 20:00:15	20 - federico-micheli@hotmail.it
2015-06-04, 20:00:15	21 - massimo.guidi@tiscali.it
2015-06-04, 20:00:17	22 - melli@melli.bs.it
2015-06-04, 20:00:17	23 - ccorazzi@sebia.it
2015-06-04, 20:00:17	24 - agf.aniko@libero.it
2015-06-04, 20:00:18	25 - giuliamo0601@alice.it
2015-06-04, 20:00:18	26 - gianni.ignesti@virgilio.it
2015-06-04, 20:00:19	27 - leonardo.alessi@tiscali.it
2015-06-04, 20:00:20	28 - manuel.ditardo@gmail.com
2015-06-04, 20:00:20	29 - fulviodori@yahoo.it
2015-06-04, 20:00:21	30 - silvia@rossellino.com
2015-06-04, 20:00:21	31 - cm25mia@yahoo.it
2015-06-04, 20:00:22	32 - vialefanti@libero.it
2015-06-04, 20:00:23	33 - lebuschi@gmail.com
2015-06-04, 20:00:23	34 - imbramat@yahoo.it
2015-06-04, 20:00:24	35 - goretti.gianluca@tiscali.it
2015-06-04, 20:00:24	36 - f.filesi@hotmail.it
2015-06-04, 20:00:25	37 - alessandro.dipuccio@alice.it
2015-06-04, 20:00:27	38 - jimmypeter2@hotmail.com
2015-06-04, 20:00:27	39 - serebaldi@tiscali.it
2015-06-04, 20:00:27	40 - barbe335@gmail.com
2015-06-04, 20:00:27	41 - wequaquet@yahoo.it
2015-06-04, 20:00:28	42 - maria.ricceri2@gmail.com
2015-06-04, 20:00:29	43 - luca.bersaglieri@gmail.com
2015-06-04, 20:00:29	44 - sara.fabbrizzi@virgilio.it
2015-06-04, 20:00:30	45 - scioni57@libero.it
2015-06-04, 20:00:30	46 - fradattolo@gmail.com
2015-06-04, 20:00:31	47 - fallaci@hotmail.it
2015-06-04, 20:00:32	48 - adrianalipsi@gmail.com
2015-06-04, 20:00:32	49 - antongiac@live.it
2015-06-04, 20:00:33	50 - silvia.guenda@gmail.com
2015-06-04, 20:00:33	51 - anna-cocco@virgilio.it
2015-06-04, 20:00:35	52 - theblacken@hotmail.it
2015-06-04, 20:00:35	53 - cosimolai@yahoo.it
2015-06-04, 20:00:35	54 - massimiliano.landi@gmail.com
2015-06-04, 20:00:36	55 - virginiamanco@yahoo.it
2015-06-04, 20:00:36	56 - piabar@alice.it
2015-06-04, 20:00:37	57 - ginettaccio356@gmail.com
2015-06-04, 20:00:38	59 - ppieri@hotmail.com
2015-06-04, 20:00:38	60 - philgrims@gmail.com
2015-06-04, 20:00:39	61 - ga.proto@tiscali.it
2015-06-04, 20:00:39	62 - gianluca.sodero@gmail.com
2015-06-04, 20:00:40	63 - cristinavaltriani@gmail.com
2015-06-04, 20:00:41	64 - francespletchan@gmail.com
2015-06-04, 20:00:41	65 - marco.mazzoni75@gmail.com
2015-06-04, 20:00:42	66 - lucrezia.mazzocchi@alice.it
2015-06-04, 20:00:42	67 - matticari.g@tiscali.it
2015-06-04, 20:00:43	68 - soniabertini@hotmail.it
2015-06-04, 20:00:44	69 - alicemanuguerra@libero.it
2015-06-04, 20:00:45	70 - nicco.angioni@yahoo.it
2015-06-04, 20:00:45	71 - etto1re@gmail.com
2015-06-04, 20:00:45	72 - cossusonny@libero.it
2015-06-04, 20:00:46	73 - cicali.filippo@gmail.com
2015-06-04, 20:00:47	74 - leobonechi@dada.it
2015-06-04, 20:00:47	75 - riccardo.levi@yahoo.it
2015-06-04, 20:00:48	76 - patrizia.seravalli@gmail.com
2015-06-04, 20:00:48	77 - brandini.tommaso@gmail.com
2015-06-04, 20:00:49	78 - sbartoli@fashion.it
2015-06-04, 20:00:50	79 - clarissa.bencini@gmail.com
2015-06-04, 20:00:50	80 - william.luzzi@gmail.com
2015-06-04, 20:00:51	81 - cecia92@hotmail.it
2015-06-04, 20:00:51	82 - andrea.giavarini@gmail.com
2015-06-04, 20:00:52	83 - peccino70@hotmail.it
2015-06-04, 20:00:53	84 - luna.decate@gmail.com
2015-06-04, 20:00:53	85 - ilaria.daddi@alice.it
2015-06-04, 20:00:54	86 - tommaso@zurli.it
2015-06-04, 20:00:55	87 - d.scapigliati@scapigliati.it
2015-06-04, 20:00:55	88 - annalisamencattini@virgilio.it
2015-06-04, 20:00:56	89 - giltel62@gmail.com
2015-06-04, 20:00:56	90 - rizzuti.daria@gmail.com
2015-06-04, 20:00:57	91 - andreacagnola1@gmail.com
2015-06-04, 20:00:57	92 - pampet@tiscali.it
2015-06-04, 20:00:58	93 - dittaduepi@libero.it
2015-06-04, 20:00:59	94 - albertomarrini@tiscali.it
2015-06-04, 20:00:59	95 - elisagaglirdi@tuscaniinstitute.it
2015-06-04, 20:01:00	96 - chiarasilvia.vill@gmail.com
2015-06-04, 20:01:00	97 - morillo1982@hotmail.it
2015-06-04, 20:01:01	98 - maeli68@hotmail.com
2015-06-04, 20:01:02	99 - patpenco1@mac.com
2015-06-04, 20:01:02	100 - serena.menicalli90@gmail.com
2015-06-04, 20:01:03	101 - giacomopipitone@icloud.com
2015-06-04, 20:01:03	102 - rossellaeleonardo@virgilio.it
2015-06-04, 20:01:04	103 - emilio.botto@libero.it
2015-06-04, 20:01:05	104 - e.macerini@gmail.com
2015-06-04, 20:01:06	105 - marcolamioni@mac.com
2015-06-04, 20:01:06	106 - robertacolla@simonemicheli.com
2015-06-04, 20:01:06	107 - sabrinapaladini@inwind.it
2015-06-04, 20:01:07	108 - arieccola@gmail.com
2015-06-04, 20:01:08	109 - passalacqua.fulvio@gmail.com
2015-06-04, 20:01:08	110 - ziopina@libero.it
2015-06-04, 20:01:09	111 - nera@atlavia.it
2015-06-04, 20:01:09	112 - frengo75tn@yahoo.it
2015-06-04, 20:01:10	113 - deglinnocentielisa@gmail.com
2015-06-04, 20:01:11	114 - france1611@yahoo.it
2015-06-04, 20:01:11	115 - niccolo.mugelli@gmail.com
2015-06-04, 20:01:12	116 - maxgiallo@tin.it
2015-06-04, 20:01:12	117 - giacomo.londi@hotmail.it
2015-06-04, 20:01:13	118 - lovesmusic@alice.it
2015-06-04, 20:01:15	119 - tabpalmieri@live.it
2015-06-04, 20:01:15	120 - francescogabrilelli@gmail.com
2015-06-04, 20:01:15	121 - regolus_81@hotmail.com
2015-06-04, 20:01:15	122 - walteriano@gmail.com
2015-06-04, 20:01:16	123 - riccardodefelice@gmail.com
2015-06-04, 20:01:17	124 - andpoliti@gmail.com
2015-06-04, 20:01:17	125 - pinogulli@alice.it
2015-06-04, 20:01:18	126 - andreacennini@yahoo.it
2015-06-04, 20:01:18	127 - lucilla_meucci@alice.it
2015-06-04, 20:01:19	128 - giulystairway@hotmail.it
2015-06-04, 20:01:20	129 - lploredana552@gmail.com
2015-06-04, 20:01:20	130 - a.roccatelli@gmail.com
2015-06-04, 20:01:21	131 - gottard@disia.unifit.it
2015-06-04, 20:01:21	132 - laura.mattioli@asf.toscana.it
2015-06-04, 20:01:22	133 - santellipaola@gmail.com
2015-06-04, 20:01:23	134 - elena.tartagli@yahoo.it
2015-06-04, 20:01:23	135 - laura.pagliantini@virgilio
2015-06-04, 20:01:24	136 - massy.a@tiscali.it
2015-06-04, 20:01:24	137 - amorosoluca@tiscali.it
2015-06-04, 20:01:26	138 - drummermichi@hotmail.it
2015-06-04, 20:01:26	139 - flaviano.apollonio@alice.it
2015-06-04, 20:01:26	140 - bib92@hotmail.it
2015-06-04, 20:01:27	141 - mattia.balconi@ge.com
2015-06-04, 20:01:27	142 - _marco_baldini@libero.it
2015-06-04, 20:01:28	143 - theking.3@hotmail.it
2015-06-04, 20:01:29	144 - maria.ricceri2@virgilio.it
2015-06-04, 20:01:29	145 - valentina.barlacchi@libero.it
2015-06-04, 20:01:30	146 - giannanenna03@yahoo.it
2015-06-04, 20:01:30	147 - paolobertocci@libero.it
2015-06-04, 20:01:31	148 - bmblsnmntsra@hotmail.it
2015-06-04, 20:01:32	150 - antonio.branchi@moroshi.it
2015-06-04, 20:01:32	151 - carlottabusignani@yahoo.it
2015-06-04, 20:01:33	152 - iacopocangioli@yahoo.it
2015-06-04, 20:01:33	153 - timoteocarbone@gmail.com
2015-06-04, 20:01:34	154 - casalini_marco@libero.it
2015-06-04, 20:01:36	155 - fabio.cecchini@agronica.eu
2015-06-04, 20:01:36	156 - ufficiotecnico@gfclavoriedili.it
2015-06-04, 20:01:36	157 - riccardo.ciolino@email.it
2015-06-04, 20:01:36	158 - diego_collini85@yahoo.it
2015-06-04, 20:01:37	159 - rabbittaro@hotmail.it
2015-06-04, 20:01:38	160 - foy_m6@hotmail.it
2015-06-04, 20:01:38	161 - studiocortocherubini@alice.it
2015-06-04, 20:01:39	162 - antoniodarone@libero.it
2015-06-04, 20:01:39	163 - pakkidega90@hotmail.it
2015-06-04, 20:01:40	164 - del.carria.marco@gmail.com
2015-06-04, 20:01:41	165 - riccardo.delchiaro@gmail.com
2015-06-04, 20:01:41	166 - fiober@hotmail.it
2015-06-04, 20:01:42	168 - falco.douglasscotti@gmail.com
2015-06-04, 20:01:42	169 - desmar10@libero.it
2015-06-04, 20:01:44	170 - irescimmia@hotmail.it
2015-06-04, 20:01:44	171 - zilatiankuser@hotmail.it
2015-06-04, 20:01:44	172 - guido.fs@hotmail.com
2015-06-04, 20:01:45	173 - giovanni_frasca@virgilio.it
2015-06-04, 20:01:45	174 - lucafrosi@hotmail.it
2015-06-04, 20:01:46	175 - marchinoviolino@gmail.com
2015-06-04, 20:01:47	176 - david@alternativamente.eu
2015-06-04, 20:01:47	177 - lorenzoghere@gmail.com
2015-06-04, 20:01:48	178 - andreagheri83@hotmail.com
2015-06-04, 20:01:48	179 - valter@giacomel.it
2015-06-04, 20:01:49	180 - c.giannardi@arpet.toscana
2015-06-04, 20:01:50	181 - buddy666@hotmail.it
2015-06-04, 20:01:50	182 - clevermenagier@libero.it
2015-06-04, 20:01:52	183 - gioia.griffo@alice.it
2015-06-04, 20:01:52	184 - giulsita@gmail.com
2015-06-04, 20:01:52	185 - iovinericcardo@inwind.it
2015-06-04, 20:01:53	186 - lenzi.lenzi@hotmail.it
2015-06-04, 20:01:53	187 - patriziafaustini@gmail.com
2015-06-04, 20:01:54	188 - agata_teatro@yahoo.it
2015-06-04, 20:01:54	189 - meobargie@yahoo.it
2015-06-04, 20:01:55	190 - marimarta973@yahoo.it
2015-06-04, 20:01:56	191 - franco.piras@tin.it
2015-06-04, 20:01:56	192 - edomen@gmail.com
2015-06-04, 20:01:57	193 - anna.basagni@tele2.it
2015-06-04, 20:01:57	194 - crimiglio@yahoo.it
2015-06-04, 20:01:58	195 - elleemme2@tiscali.it
2015-06-04, 20:01:59	196 - badesaba@tiscali.it
2015-06-04, 20:01:59	197 - moroniserena@gmail.com
2015-06-04, 20:02:01	198 - juliettem@hotmail.it
2015-06-04, 20:02:01	199 - niccolo.mugelli@libero.it
2015-06-04, 20:02:01	200 - teresa.marciaionetto@telecomitalia.it
2015-06-04, 20:02:02	201 - marsiglia93@hotmail.it
2015-06-04, 20:02:02	202 - nicolucci@studiomichelangelo.it
2015-06-04, 20:02:03	203 - panand@tin.it
2015-06-04, 20:02:03	204 - paoletti.l@fastwebnet.it
2015-06-04, 20:02:04	205 - stefanopardini@gmail.com
2015-06-04, 20:02:05	206 - angie.magherini@gmail.com
2015-06-04, 20:02:05	207 - fulvio.passalacqua@teriaenergy.com
2015-06-04, 20:02:06	208 - aphillips1@gm.slc.edu
2015-06-04, 20:02:06	210 - mauro_quinto@virgilio.it
2015-06-04, 20:02:07	211 - ragazzoluca@yahoo.it
2015-06-04, 20:02:08	212 - annarapi@hotmail.it
2015-06-04, 20:02:09	213 - giulia.patrizia@libero.it
2015-06-04, 20:02:09	214 - dario.romagnoli87@gmail.com
2015-06-04, 20:02:09	215 - moniarossi1@virgilio.it
2015-06-04, 20:02:10	216 - p.rubellini@gmail.com
2015-06-04, 20:02:11	217 - wsofia@hotmail.it
2015-06-04, 20:02:11	218 - sacco_89@hotmail.it
2015-06-04, 20:02:12	219 - silvia.zuffanelli@tin.it
2015-06-04, 20:02:12	220 - miresarti@yahoo.it
2015-06-04, 20:02:13	221 - schelde@hotmail.it
2015-06-04, 20:02:14	222 - harven@hotmail.it
2015-06-04, 20:02:14	223 - emi.39@hotmail.com
2015-06-04, 20:02:15	224 - ldelpac@tin.it
2015-06-04, 20:02:16	225 - silvia162@hotmail.com
2015-06-04, 20:02:16	226 - zizhov86@hotmail.com
2015-06-04, 20:02:17	227 - ferdinando.olivieri@gmail.com
2015-06-04, 20:02:17	228 - annabondi@libero.it
2015-06-04, 20:02:18	229 - sanodimente@gmail.com
2015-06-04, 20:02:18	230 - flomungari@hotmailcom
2015-06-04, 20:02:19	232 - leo88pecchio@gmail.com
2015-06-04, 20:02:20	233 - peticacio_95@hotmail.it
2015-06-04, 20:02:20	234 - ariannacarboni@gmx.de
2015-06-04, 20:02:21	235 - andrea.delchiaro@gmail.com
2015-06-04, 20:02:21	236 - luxxx73@yahoo.it
2015-06-04, 20:02:22	237 - personaltrainer@interfree.it
2015-06-04, 20:02:23	238 - cmaddii@hotmail.com
2015-06-04, 20:02:23	239 - cacioz91@live.it
2015-06-04, 20:02:24	240 - giorgia.lanzoni@gmail.com
2015-06-04, 20:02:24	241 - marco.rastrelli@gmail.com
2015-06-04, 20:02:26	242 - dipu13theboss@live.it
2015-06-04, 20:02:26	243 - g.zadro@targetti.it
2015-06-04, 20:02:26	245 - maurizio.fantini@iol.it
2015-06-04, 20:02:27	246 - petreni126@hotmail.it
2015-06-04, 20:02:27	247 - m.bonaiuti@tin.it
2015-06-04, 20:02:28	248 - ahaas@skidmore.edu
2015-06-04, 20:02:29	249 - leonardo.arcucci@libero.it
2015-06-04, 20:02:29	250 - bastianopoli@hotmail.com
2015-06-04, 20:02:30	251 - cramobladini@live.it
2015-06-04, 20:02:30	252 - v.bargelli@hotmail.com
2015-06-04, 20:02:31	253 - battaglinisara@gmail.com
2015-06-04, 20:02:32	254 - nataliabavar@hotmail.com
2015-06-04, 20:02:32	255 - n.nucci@fondiaria.sai.it
2015-06-04, 20:02:33	256 - claudiaborghesi@yahoo.it
2015-06-04, 20:02:33	257 - camilla.brilli@hotmail.com
2015-06-04, 20:02:34	258 - marcello.brugioni@gmail.com
2015-06-04, 20:02:36	259 - pamel_busonero@alice.it
2015-06-04, 20:02:36	260 - mauro.carnevale@yahoo.it
2015-06-04, 20:02:36	261 - CASALINI_MARIO@LIBERO.IT
2015-06-04, 20:02:36	263 - camillacenni@gmail.com
2015-06-04, 20:02:37	265 - leofi77@alice.it
2015-06-04, 20:02:38	266 - clifford.lisa@hotmail.com
2015-06-04, 20:02:38	267 - duccio.bhz@gmail.com
2015-06-04, 20:02:39	268 - barbaravinicio@alice.it
2015-06-04, 20:02:39	269 - iconauta@hotmail.com
2015-06-04, 20:02:40	270 - laura.coradeschi@coradeschi.it
2015-06-04, 20:02:41	271 - anastilosi@inwind.it
2015-06-04, 20:02:41	272 - isabella.pezzatini@gmail.com
2015-06-04, 20:02:42	273 - paolo.arnaldo@gmail.com
2015-06-04, 20:02:42	274 - gabriella.denisi@gmail.com
2015-06-04, 20:02:43	275 - adasmi@dasmi.it
2015-06-04, 20:02:44	276 - michi66fi@gmaiol.com
2015-06-04, 20:02:44	277 - pdettole@alice.it
2015-06-04, 20:02:46	278 - taliannusuli81@yahoo.it
2015-06-04, 20:02:46	279 - nicola.dellungo@gmail.com
2015-06-04, 20:02:46	280 - andreadonato@hotmail.it
2015-06-04, 20:02:47	281 - isafantechi@libero.it
2015-06-04, 20:02:47	282 - fedimak@yahoo.com.hk
2015-06-04, 20:02:48	283 - ferrantini.irene@gmail.com
2015-06-04, 20:02:48	284 - andreafioravanti@libero.it
2015-06-04, 20:02:49	285 - francesca_fiorini@hotmail.com
2015-06-04, 20:02:50	286 - massimofondelli@alice.it
2015-06-04, 20:02:50	287 - diego.furesi@gmail.com
2015-06-04, 20:02:51	288 - luciano.gavini@tin.it
2015-06-04, 20:02:51	289 - chiaraghera@hotmail.it
2015-06-04, 20:02:52	290 - elios.17@hotmail.it
2015-06-04, 20:02:53	291 - gabriele.migani@gmail.com
2015-06-04, 20:02:53	292 - ilaria.lemmi@email.it
2015-06-04, 20:02:54	293 - libero.m@virgilio.it
2015-06-04, 20:02:55	294 - rossanasegnini@libero.it
2015-06-04, 20:02:55	295 - madigner@hotmail.com
2015-06-04, 20:02:56	296 - info@andreamariotti.com
2015-06-04, 20:02:56	297 - pau.marimon@gmail.com
2015-06-04, 20:02:57	298 - elia_26@libero.it
2015-06-04, 20:02:57	299 - alessiom68@gmail.com
2015-06-04, 20:02:58	300 - contemplatingjazz@hotmail.it
2015-06-04, 20:02:59	301 - melli@mellibs.it
2015-06-04, 20:02:59	302 - troy1989@hotmail.iy
2015-06-04, 20:03:00	303 - frengo75@yahoo.it
2015-06-04, 20:03:00	304 - miaim2@gmail.com
2015-06-04, 20:03:01	305 - federico-micheli@hotmail.com
2015-06-04, 20:03:02	306 - ciroistruttore@libero.it
2015-06-04, 20:03:02	308 - barbaraberto.paganelli@gmail.it
2015-06-04, 20:03:04	309 - maddamonti@yahoo.it
2015-06-04, 20:03:04	310 - gv.paoletti@fls.unipi.it
2015-06-04, 20:03:04	311 - vita.lorenzo@alice.it
2015-06-04, 20:03:05	312 - terguparenti@gmail.com
2015-06-04, 20:03:05	314 - francescapiccioli@libero.it
2015-06-04, 20:03:06	315 - danielaromano79@hotmail.com
2015-06-04, 20:03:06	316 - aran.scala@teletv.it
2015-06-04, 20:03:07	317 - massimo.scardi@selex-comms.com
2015-06-04, 20:03:08	318 - cat.sy@hotmail.it
2015-06-04, 20:03:08	319 - elenat@libero.it
2015-06-04, 20:03:09	320 - leo.terilli@hotmail.com
2015-06-04, 20:03:09	321 - l.tommaso@hotmail.it
2015-06-04, 20:03:10	322 - ale84.max@virgilio.it
2015-06-04, 20:03:11	323 - fabio.truschi@gmail.com
2015-06-04, 20:03:11	324 - bismillah@hotmail.it
2015-06-04, 20:03:12	325 - vinvento@infinito.it
2015-06-04, 20:03:13	326 - info@rasoihairjazz
2015-06-04, 20:03:13	327 - giovavoz@libero.it
2015-06-04, 20:03:14	328 - sofiaweck@hotmail.it
2015-06-04, 20:03:14	329 - donda65@gmail.com
2015-06-04, 20:03:15	330 - zelonig@tiscali.it
2015-06-04, 20:03:15	331 - datastone@libero.it
2015-06-04, 20:03:16	332 - massimo.milazzotto@tin.it
2015-06-04, 20:03:17	333 - g_gracan@hotmail.com
2015-06-04, 20:03:17	334 - roberta62006@hotmail.it
2015-06-04, 20:03:18	335 - kurt_co@hotmail.it
2015-06-04, 20:03:18	336 - willypyron@msn.com
2015-06-04, 20:03:19	337 - gloria.soldatini@gmail.com
2015-06-04, 20:03:21	338 - diegoaureliano@hotmail.it
2015-06-04, 20:03:21	339 - manuelmatera@gmail.com
2015-06-04, 20:03:21	340 - leobecucci@virgilio.it
2015-06-04, 20:03:21	341 - pbini@menarini.it
2015-06-04, 20:03:22	343 - lapofabbri@virgilio.it
2015-06-04, 20:03:23	344 - paolopinarelli@virgilio.it
2015-06-04, 20:03:23	345 - ilbute@alice.it
2015-06-04, 20:03:24	346 - f.cangi@gmail.com
2015-06-04, 20:03:24	348 - y.romboli@libero.it
2015-06-04, 20:03:25	349 - awithrow@harding.edu
2015-06-04, 20:03:26	351 - elsauro@gmail.com
2015-06-04, 20:03:26	352 - baldigiovani1957@libero.it
2015-06-04, 20:03:27	353 - info@hotelperseo.it
2015-06-04, 20:03:27	354 - albichon@tiscali.it
2015-06-04, 20:03:28	355 - barbiggio@alice.it
2015-06-04, 20:03:29	356 - kuoka26@hotmail.com
2015-06-04, 20:03:29	357 - fedecapa@supereva.it
2015-06-04, 20:03:31	358 - lorenzo.caponnetto@virgilio.it
2015-06-04, 20:03:31	359 - ecarlucci@gmail.com
2015-06-04, 20:03:31	360 - cianchi.family@alice.it
2015-06-04, 20:03:32	361 - cibino@libero.it
2015-06-04, 20:03:32	362 - loredana.belloni@hotmail.it
2015-06-04, 20:03:33	363 - rabbittaro@hotmail.com
2015-06-04, 20:03:33	364 - siimsam@hotmail.com
2015-06-04, 20:03:34	365 - kyo_oli@hotmail.com
2015-06-04, 20:03:35	366 - info@over-sound.it
2015-06-04, 20:03:35	367 - nagash91@tiscali.it
2015-06-04, 20:03:36	368 - didi.steiner@libero.it
2015-06-04, 20:03:36	369 - matildedipuccieta@hotmail.it
2015-06-04, 20:03:37	370 - duinomassimo@libero.it
2015-06-04, 20:03:39	371 - famfed@libero.it
2015-06-04, 20:03:39	372 - dark.namras@gmail.com
2015-06-04, 20:03:39	373 - michela.piccardi@gmail.com
2015-06-04, 20:03:39	374 - lindagabriel@libero.it
2015-06-04, 20:03:40	376 - gemmeg@libero.it
2015-06-04, 20:03:41	377 - damonche@hotmail.com
2015-06-04, 20:03:41	378 - fredfurio@katamail.com
2015-06-04, 20:03:42	379 - martiguelfi@tiscali.it
2015-06-04, 20:03:42	380 - fidalegno@email.it
2015-06-04, 20:03:43	381 - iovinericaardo@inwind.it
2015-06-04, 20:03:44	382 - brettlalonde@yahoo.com
2015-06-04, 20:03:44	383 - landiandrea@interfree.it
2015-06-04, 20:03:45	386 - faminore@gmail.com
2015-06-04, 20:03:45	387 - c_maiani@libero.it
2015-06-04, 20:03:46	388 - silviaborroni@alice.it
2015-06-04, 20:03:47	389 - edomen@hotmail.com
2015-06-04, 20:03:47	390 - tiko.4augusto@tiscali.it
2015-06-04, 20:03:48	391 - morgan_3@hotmail.it
2015-06-04, 20:03:49	392 - brunomura@interfree.it
2015-06-04, 20:03:49	393 - iacopop@gmail.com
2015-06-04, 20:03:50	394 - olmo_recami@hotmail.it
2015-06-04, 20:03:50	395 - iacopo.risi@gmail.com
2015-06-04, 20:03:51	396 - nadph@hotmail.it
2015-06-04, 20:03:51	397 - nico.serejazz@alice.it
2015-06-04, 20:03:52	398 - operamail2001@yahoo.com
2015-06-04, 20:03:53	399 - giaxec@tin.it
2015-06-04, 20:03:53	400 - severino.francesca@inwind.it
2015-06-04, 20:03:54	401 - ilo.m@inwind.it
2015-06-04, 20:03:54	402 - donatella.ferri@tin.it
2015-06-04, 20:03:55	403 - alessandrotonarelli@tin.it
2015-06-04, 20:03:56	404 - oltrimboli@gmail.com
2015-06-04, 20:03:56	405 - evendramini@cheapnet.it
2015-06-04, 20:03:57	406 - avmusic@tin.it
2015-06-04, 20:03:57	407 - plvieri@libero.it
2015-06-04, 20:03:59	408 - zallo18@libero.it
2015-06-04, 20:03:59	409 - mattia.hagge@virgilio.it
2015-06-04, 20:03:59	410 - daniele.panella@nyu.edu
2015-06-04, 20:04:00	411 - alessandrapelli@gmail.com
2015-06-04, 20:04:00	412 - leonardopieraccioni@tin.it
2015-06-04, 20:04:01	413 - tellinessa71@gmail.com
2015-06-04, 20:04:02	414 - nazareno.caputo@live.it
2015-06-04, 20:04:02	417 - stefanobazzi@yahoo.it
2015-06-04, 20:04:03	418 - claudio.tommasoni@comune.fi.it
2015-06-04, 20:04:03	419 - assessore.giachi@comune.fi.it
2015-06-04, 20:04:04	420 - ilvivaiodelmalcantone@gmail.com
2015-06-04, 20:04:05	421 - marcolanza@iol.it
2015-06-04, 20:04:05	422 - stefano.cioni@fastwebnet.it
2015-06-04, 20:04:06	423 - fantozzigino@gmail.com
2015-06-04, 20:04:06	424 - marisa.cancilleri@gmail.com
2015-06-04, 20:04:07	425 - botticellialessandro@tiscali.it
2015-06-04, 20:04:08	426 - deluca.alex@hotmail.it
2015-06-04, 20:04:09	427 - carlocatalanodrum@yahoo.it
2015-06-04, 20:04:09	428 - amitarieli@libero.it
2015-06-04, 20:04:09	429 - simonepannoni@hotmail.it
2015-06-04, 20:04:10	430 - grazividili@gmail.com
2015-06-04, 20:04:11	431 - letiziadanti@libero.it
2015-06-04, 20:04:11	432 - chiara.fantini@tiscali.it
2015-06-04, 20:04:12	433 - jimmypeter@hotmail.com
2015-06-04, 20:04:12	434 - laura.galli@live.com
2015-06-04, 20:04:13	435 - fedeone@hotmail.it
2015-06-04, 20:04:14	436 - sarafabbrizzi@virgilio.it
2015-06-04, 20:04:14	437 - marco.casaglia@msmedia.it
2015-06-04, 20:04:15	438 - alessandra.cortese68@gmail.com
2015-06-04, 20:04:15	439 - scoppoli@gmail.com
2015-06-04, 20:04:16	440 - mateldacappelletti@gmail.com
2015-06-04, 20:04:17	441 - regiromella@libero.it
2015-06-04, 20:04:18	442 - maurizio.delmastro@gmail.com
2015-06-04, 20:04:18	443 - francescogabrielli@gmail.com
2015-06-04, 20:04:18	444 - massimilano.landi@gmail.com
2015-06-04, 20:04:19	445 - leomacaluso@libero.it
2015-06-04, 20:04:20	446 - biagiomix@gmail.com
2015-06-04, 20:04:20	447 - kundalini87@yahoo.it
2015-06-04, 20:04:21	448 - margotmiani@libero.it
2015-06-04, 20:04:21	449 - laura.pagliantini@libero.it
2015-06-04, 20:04:22	450 - a.vizzone@alice.it
2015-06-04, 20:04:23	451 - gottard@disia.unifi.it
2015-06-04, 20:04:23	452 - annamaria.barrocu@istruzione.it
2015-06-04, 20:04:24	453 - iovinericcardo6@gmail.com
2015-06-04, 20:04:24	454 - stefanocolucci@yahoo.it
2015-06-04, 20:04:25	455 - tiziana.milani@alice.it
2015-06-04, 20:04:26	456 - info@firenzeclassica.com
2015-06-04, 20:04:26	457 - gregory333@live.it
2015-06-04, 20:04:27	458 - gianniceccantini@tiscali.it
2015-06-04, 20:04:27	460 - trane61@libero.it
2015-06-04, 20:04:29	461 - pierpaolo.casale@alice.it
2015-06-04, 20:04:29	462 - oscardini@hotmail.it
2015-06-04, 20:04:29	463 - raffaelebellini@live.it
2015-06-04, 20:04:30	464 - andy_mec91@yahoo.it
2015-06-04, 20:04:30	465 - anna.cudin@gmail.com
2015-06-04, 20:04:31	466 - silviamoneti@yahoo.it
2015-06-04, 20:04:32	467 - an.arena@alice.it
2015-06-04, 20:04:32	468 - giorgio.giacomo@alice.it
2015-06-04, 20:04:33	469 - natalie.dandrea@gmail.com
2015-06-04, 20:04:33	470 - luna.eva@hotmail.it
2015-06-04, 20:04:34	472 - giovannimannocci@fastwebnet.it
2015-06-04, 20:04:35	473 - serzan82@hotmail.com
2015-06-04, 20:04:35	474 - gignorobase@diaconiavaldese.org
2015-06-04, 20:04:36	475 - kthari83@gmail.com
2015-06-04, 20:04:36	477 - mgusso@politecnica.it
2015-06-04, 20:04:38	478 - ricamati@yahoo.it
2015-06-04, 20:04:38	479 - alisab.blank@gmail.com
2015-06-04, 20:04:38	480 - moreno.balzani@alice.it
2015-06-04, 20:04:39	481 - zagazucc@hotmail.it
2015-06-04, 20:04:39	482 - francesco.casini@gioiello.it
2015-06-04, 20:04:40	483 - mg.coccioli@virgilio.it
2015-06-04, 20:04:41	484 - mc.max@alice.it
2015-06-04, 20:04:41	485 - alberto.crescioli@hotmail.it
2015-06-04, 20:04:42	488 - bandini93@gmail.com
2015-06-04, 20:04:42	489 - marilu.daselo@hotmail.it
2015-06-04, 20:04:43	490 - pamela_busonero@alice.it
2015-06-04, 20:04:44	491 - cupolone69@alice.it
2015-06-04, 20:04:44	492 - chiara.corti.92@alice.it
2015-06-04, 20:04:45	493 - genjiskampino@hotmail.it
2015-06-04, 20:04:46	495 - marzilie@yahoo.it
2015-06-04, 20:04:46	496 - andrea.moschettini@alice.it
2015-06-04, 20:04:47	497 - barbara.bertocci@virgilio.it
2015-06-04, 20:04:47	498 - aranscala@alice.it
2015-06-04, 20:04:48	499 - valeriafinardi@yahoo.it
2015-06-04, 20:04:48	500 - v.bargelli@hotmail.it
2015-06-04, 20:04:49	501 - maria.ricceri@gmail.com
2015-06-04, 20:04:50	502 - lucrezia.marzocchi@alice.it
2015-06-04, 20:04:50	503 - martamyosotis@gmail.com
2015-06-04, 20:04:51	504 - lenzilara@yahoo.it
2015-06-04, 20:04:51	505 - elena.mazzanti@gmx.com
2015-06-04, 20:04:52	506 - alexlatinshow@hotmail.it
2015-06-04, 20:04:53	507 - fs9775@gmail.com
2015-06-04, 20:04:53	508 - info@osteriadamelo.com
2015-06-04, 20:04:54	509 - lisehertz@gmail.com
2015-06-04, 20:04:54	510 - barbara.zamy@yahoo.it
2015-06-04, 20:04:56	511 - patriziamarino2004@libero.it
2015-06-04, 20:04:56	512 - branchi.antonio@gmail.com
2015-06-04, 20:04:56	514 - fenderjazz83@yahoo.it
2015-06-04, 20:04:57	515 - lucagfrosi@gmail.com
2015-06-04, 20:04:57	516 - mela.tetti@gmail.com
2015-06-04, 20:04:58	517 - vicedirettore@conservatorio.firenze.it
2015-06-04, 20:04:59	519 - tittanesti@gmail.com
2015-06-04, 20:04:59	520 - rsvp@torrigiani.com
2015-06-04, 20:05:00	521 - fbusson@tin.it
2015-06-04, 20:05:00	522 - newsletter@lajetee.it
2015-06-04, 20:05:01	523 - info@capuanomusica.it
2015-06-04, 20:05:02	524 - alessandro.busa@metropolitanstudies.de
2015-06-04, 20:05:02	526 - notcarap@studioalbertocarapelle.191.it
2015-06-04, 20:05:03	527 - NOTARI5f@studioalbertocarapelle.191.it
2015-06-04, 20:05:03	528 - albertodebiase@virgilio.it
2015-06-04, 20:05:04	529 - info@albertopresutti.it
2015-06-04, 20:05:06	530 - alessandrobellucci@tin.it
2015-06-04, 20:05:06	531 - aledrum@virgilio.it
2015-06-04, 20:05:06	533 - cadenza@alice.it
2015-06-04, 20:05:06	534 - info@alessandrogalati.com
2015-06-04, 20:05:07	535 - alessandro.libertini@hotmail.it
2015-06-04, 20:05:08	536 - info@alessandromoretti.it
2015-06-04, 20:05:08	537 - quzilla@alice.it
2015-06-04, 20:05:09	538 - alessandromoretti@inwind.it
2015-06-04, 20:05:09	539 - alessia.bonini70@hotmail.it
2015-06-04, 20:05:10	540 - latitti@teletu.it
2015-06-04, 20:05:11	541 - alfredojacopozzi@tin.it
2015-06-04, 20:05:11	542 - alomabardi@icamus.org
2015-06-04, 20:05:12	543 - alomabardi@gmail.com
2015-06-04, 20:05:12	544 - amitarieli@hotmail.com
2015-06-04, 20:05:13	545 - a.bartolino@alice.it
2015-06-04, 20:05:15	547 - andreafranchini5@gmail.com
2015-06-04, 20:05:15	548 - andreaparenti@tim.eu.blackberry.com
2015-06-04, 20:05:15	549 - stigler@informacittafirenze.it
2015-06-04, 20:05:15	550 - andrea@zurli.it
2015-06-04, 20:05:16	551 - annakra@libero.it
2015-06-04, 20:05:17	552 - annabondi2@libero.it
2015-06-04, 20:05:17	553 - anna.giatti@fstfirenze.it
2015-06-04, 20:05:18	554 - annamannini@gmail.com
2015-06-04, 20:05:18	555 - amgabbrielli@virgilio.it
2015-06-04, 20:05:19	556 - ape.goretti@alice.it
2015-06-04, 20:05:20	557 - avvannasantini@yahoo.it
2015-06-04, 20:05:20	558 - annamaria.agostino@unifi.it
2015-06-04, 20:05:21	559 - annegrethoehler@gmx.de
2015-06-04, 20:05:21	560 - lellaarena@gmail.com
2015-06-04, 20:05:23	561 - arena@pittimmagine.com
2015-06-04, 20:05:23	562 - antonella.caponnetto@comune.fi.it
2015-06-04, 20:05:23	563 - antonellafazio@fastwebnet.it
2015-06-04, 20:05:24	565 - antoniocannata@gmail.com
2015-06-04, 20:05:24	566 - antoort@tin.it
2015-06-04, 20:05:25	567 - a.baracchi@tin.it
2015-06-04, 20:05:26	568 - sociale@arcifirenze.it
2015-06-04, 20:05:26	569 - vaballe@gmail.com
2015-06-04, 20:05:27	570 - moreno.balzani@telecomitalia.it
2015-06-04, 20:05:27	571 - bcasini@hotmail.com
2015-06-04, 20:05:28	572 - iadbar@alice.it
2015-06-04, 20:05:29	573 - paolobartolini@tin.it
2015-06-04, 20:05:29	574 - stefanobenifei@libero.it
2015-06-04, 20:05:30	575 - benvenuti@arcifirenze.it
2015-06-04, 20:05:30	576 - beppedati@email.it
2015-06-04, 20:05:31	577 - tirinnanzi@iol.it
2015-06-04, 20:05:32	578 - bernardoguerra@live.it
2015-06-04, 20:05:33	581 - brahima@libero.it
2015-06-04, 20:05:33	582 - sbrondi@alice.it
2015-06-04, 20:05:33	583 - lafattoriadibruni@virgilio.it
2015-06-04, 20:05:34	587 - casasua14@gmail.com
2015-06-04, 20:05:35	588 - casparis@pittimmagine.com
2015-06-04, 20:05:35	589 - chiarat@cheapnet.it
2015-06-04, 20:05:36	590 - c.brilli@controradio.it
2015-06-04, 20:05:36	591 - chiara.trinciavelli@gmail.com
2015-06-04, 20:05:37	592 - cinotri@tin.it
2015-06-04, 20:05:38	593 - societaperleidee@gmail.com
2015-06-04, 20:05:38	594 - info@claudiogiovagnoli.it
2015-06-04, 20:05:39	595 - claudio@bext.com
2015-06-04, 20:05:39	596 - claudiotilesi@gmail.com
2015-06-04, 20:05:40	597 - clorella.leni@tin.it
2015-06-04, 20:05:41	598 - consorzio.arci@libero.it
2015-06-04, 20:05:42	599 - cultura@ilcorriereonline.it
2015-06-04, 20:05:42	600 - cosimomarchese@hotmail.com
2015-06-04, 20:05:42	601 - costanzanocentini@hotmail.com
2015-06-04, 20:05:43	602 - cristian.sardelli@gmail.com
2015-06-04, 20:05:44	603 - cristianabudillon@libero.it
2015-06-04, 20:05:44	604 - crisfil08@yahoo.it
2015-06-04, 20:05:45	605 - cristinaitaliani@tiscali.it
2015-06-04, 20:05:45	606 - cris.italiani@gmail.com
2015-06-04, 20:05:46	607 - rdaidone@libero.it
2015-06-04, 20:05:47	608 - d.pelati@fastwebnet.it
2015-06-04, 20:05:47	609 - daniela.dedonno@janegoodall-italia.org
2015-06-04, 20:05:48	610 - dduse@hotmail.com
2015-06-04, 20:05:48	612 - danielalip@hotmail.com
2015-06-04, 20:05:49	613 - matta.daniela@yahoo.it
2015-06-04, 20:05:51	615 - d.tartaglia@socialdesign.eu
2015-06-04, 20:05:51	616 - dunia@dada.it
2015-06-04, 20:05:51	617 - conti@cnatoscana.it
2015-06-04, 20:05:51	618 - pelati.gosport@virgilio.it
2015-06-04, 20:05:52	619 - d.sordi@tin.it
2015-06-04, 20:05:53	620 - danilo_morini@libero.it
2015-06-04, 20:05:53	621 - cecchini3000@gmail.com
2015-06-04, 20:05:54	622 - vicesindaco@comune.fi.it
2015-06-04, 20:05:54	623 - demudav@tiscali.it
2015-06-04, 20:05:55	624 - davis.franceschini@dada.it
2015-06-04, 20:05:56	625 - roberto.dephilippis@unifi.it
2015-06-04, 20:05:56	626 - 3gnometti@gmail.com
2015-06-04, 20:05:57	627 - S.Degl'Innocenti@quadrifoglio.org
2015-06-04, 20:05:57	628 - dego.carra2@gmail.com
2015-06-04, 20:05:58	629 - l.dicoverciano@libero.it
2015-06-04, 20:05:59	630 - direzione.iicpraga@esteri.it
2015-06-04, 20:06:00	631 - direzione@teatrodellapergola.com
2015-06-04, 20:06:00	632 - drinamoretti@gmail.com
2015-06-04, 20:06:00	633 - dcbertini@usa.net
2015-06-04, 20:06:01	634 - ducezio@iol.it
2015-06-04, 20:06:02	635 - strianoc@posteitaliane.it
2015-06-04, 20:06:02	636 - elena.migliorati@gmail.com
2015-06-04, 20:06:03	637 - rebeldemaisha@gmail.com
2015-06-04, 20:06:03	638 - elisagagliardi@tuscaninstitute.it
2015-06-04, 20:06:04	639 - elisabettamanuelli@garzondi.com
2015-06-04, 20:06:05	640 - elisabettasiani@msservizi.it
2015-06-04, 20:06:05	641 - emanuele.torquati@gmail.com
2015-06-04, 20:06:06	642 - emanuele.parrini1@virgilio.it
2015-06-04, 20:06:06	643 - culturaesteri@mail.regione.toscana.it
2015-06-04, 20:06:08	644 - enrico@lucianobenini.it
2015-06-04, 20:06:08	645 - flogfi@virgilio.it
2015-06-04, 20:06:08	646 - enzo.boddi@libero.it
2015-06-04, 20:06:09	647 - enzomileo@tin.it
2015-06-04, 20:06:09	648 - ermannocirri@hotmail.com
2015-06-04, 20:06:10	649 - ettorebonafe@libero.it
2015-06-04, 20:06:11	650 - evaige@riseup.net
2015-06-04, 20:06:11	651 - eventi.iicankara@esteri.it
2015-06-04, 20:06:12	652 - musica@fabbricaeuropa.net
2015-06-04, 20:06:12	653 - laurenzi.fabiana@gmail.com
2015-06-04, 20:06:13	654 - lupifabio63@gmail.com
2015-06-04, 20:06:14	655 - info@fabiomorgera.com
2015-06-04, 20:06:14	656 - fabriziomorga@libero.it
2015-06-04, 20:06:15	657 - facchiniluca@hotmail.com
2015-06-04, 20:06:15	658 - farhad_orouji@yahoo.com
2015-06-04, 20:06:16	659 - federica.marti@virgilio.it
2015-06-04, 20:06:17	660 - info@federicobertelli.com
2015-06-04, 20:06:17	661 - stramortimer@tiscali.it
2015-06-04, 20:06:18	662 - bagatelle_contemporary@yahoo.it
2015-06-04, 20:06:19	663 - filippopedol@alice.it
2015-06-04, 20:06:19	664 - redazione@firenzespettacolo.it
2015-06-04, 20:06:20	665 - auditorium1@virgilio.it
2015-06-04, 20:06:20	666 - fosco.damelio@gmail.com
2015-06-04, 20:06:21	667 - frabernardini@libero.it
2015-06-04, 20:06:21	668 - francesca@francescabreschi.it
2015-06-04, 20:06:22	669 - fra.campigli@gmail.com
2015-06-04, 20:06:23	670 - chiavacci@arci.it
2015-06-04, 20:06:23	671 - francentri@inwind.it
2015-06-04, 20:06:24	672 - simone.franceschi@infogroup.it
2015-06-04, 20:06:24	673 - francescobassi@tin.it
2015-06-04, 20:06:25	674 - birardifrancesco@gmail.com
2015-06-04, 20:06:26	675 - francescodonnini@hotmail.com
2015-06-04, 20:06:26	676 - uffstampa@amicimusica.fi.it
2015-06-04, 20:06:28	678 - fmaccia@tiscali.it
2015-06-04, 20:06:28	679 - magnuz@stazionilunari.com
2015-06-04, 20:06:28	680 - michi@arteco.org
2015-06-04, 20:06:29	681 - francoshiatsu@tele2.it
2015-06-04, 20:06:29	682 - franco.busignani@alice.it
2015-06-04, 20:06:30	683 - franave55@gmail.com
2015-06-04, 20:06:30	684 - jbpinza@tin.it
2015-06-04, 20:06:31	685 - frannagiu@hotmail.com
2015-06-04, 20:06:32	687 - f.paloscia@repubblica.it
2015-06-04, 20:06:32	688 - gabriele.bartolucci@gmail.com
2015-06-04, 20:06:33	689 - g.bonomo@sugarmusic.com
2015-06-04, 20:06:33	690 - buondonno@chianticlassico.com
2015-06-04, 20:06:34	691 - g.torcia@dfc.unifi.it
2015-06-04, 20:06:36	692 - gige@dada.it
2015-06-04, 20:06:36	693 - gerardo.caso@asftoscana.it
2015-06-04, 20:06:36	695 - gdebastiani@gmail.com
2015-06-04, 20:06:36	696 - cda@comune.pontassieve.fi.it
2015-06-04, 20:06:37	697 - giada23@tin.it
2015-06-04, 20:06:38	698 - info@mauriziogiammarco.com
2015-06-04, 20:06:38	699 - gianluigi_destefanis@yahoo.it
2015-06-04, 20:06:39	700 - g.cardini@hotmail.it
2015-06-04, 20:06:39	701 - fantafesta2@yahoo.it
2015-06-04, 20:06:40	702 - gc802001@yahoo.it
2015-06-04, 20:06:41	703 - gianfranconarracci@hotmail.com
2015-06-04, 20:06:41	704 - gdibernardo@agenti.manzoni.it
2015-06-04, 20:06:42	705 - giannatarchi@gmail.com
2015-06-04, 20:06:42	706 - gianni.grisolia@alice.it
2015-06-04, 20:06:43	707 - giannipini@eventimusicpool.it
2015-06-04, 20:06:44	709 - gignoromotorio@diaconiavaldese.org
2015-06-04, 20:06:44	710 - Gilberto.Cecchini@unipolbanca.it
2015-06-04, 20:06:46	711 - giorgia.giovannetti@unifi.it
2015-06-04, 20:06:46	712 - giorgio.bassi@promotorifinecobank.it
2015-06-04, 20:06:46	713 - giorgio.prandi59@gmail.com
2015-06-04, 20:06:47	715 - giovacchini@pittimmagine.com
2015-06-04, 20:06:47	716 - jobertolino@tiscali.it
2015-06-04, 20:06:48	717 - gbmusic@bigazzimusic.com
2015-06-04, 20:06:48	718 - giovavoz@tin.it
2015-06-04, 20:06:49	719 - gisella.pasquini@hotmail.it
2015-06-04, 20:06:50	720 - gisella.pasquini@carige.it
2015-06-04, 20:06:50	721 - info@nuovieventimusicali.it
2015-06-04, 20:06:51	722 - wigna@dada.it
2015-06-04, 20:06:51	723 - gloria.salviati@alice.it
2015-06-04, 20:06:52	724 - glorialucchesiasso@gmail.com
2015-06-04, 20:06:53	725 - graziabonini@alice.it
2015-06-04, 20:06:53	726 - g.dei@katamail.com
2015-06-04, 20:06:55	727 - g.menicatti@alice.it
2015-06-04, 20:06:55	728 - gregoriomoppi@katamail.com
2015-06-04, 20:06:55	729 - gregorionardi@interfree.it
2015-06-04, 20:06:56	731 - hamadachadli@hotmail.it
2015-06-04, 20:06:56	732 - iacopo23@gmail.com
2015-06-04, 20:06:57	733 - lorella.romagnoli@ilgiornaledellatoscana.it
2015-06-04, 20:06:57	735 - immobiliareburgassi@gmail.com
2015-06-04, 20:06:58	736 - info@musipolitana.it
2015-06-04, 20:06:59	737 - info@area-clienti.com
2015-06-04, 20:06:59	738 - info@florencenewspaper.it
2015-06-04, 20:07:00	739 - info@musicfactorylive.it
2015-06-04, 20:07:00	740 - info@villapalagio.it
2015-06-04, 20:07:01	741 - infogiov@comune.fi.it
2015-06-04, 20:07:02	742 - informagiovani.fi@gmail.com
2015-06-04, 20:07:03	743 - informale@libero.it
2015-06-04, 20:07:03	744 - i.coccia@comune.fi.it
2015-06-04, 20:07:03	745 - direzione@istitutofrancese.it
2015-06-04, 20:07:04	747 - info@jacopomartini.com
2015-06-04, 20:07:05	748 - munz.jr@gmail.com
2015-06-04, 20:07:05	749 - info@biellajazzclub.com
2015-06-04, 20:07:06	750 - jazzclub@mobilia.it
2015-06-04, 20:07:06	751 - combojazzclub@libero.it
2015-06-04, 20:07:07	752 - modenajazzclub@iol.it
2015-06-04, 20:07:08	753 - info@jazzclub.torino.it
2015-06-04, 20:07:08	754 - info@jazzchalet.com
2015-06-04, 20:07:09	755 - info@panicjazzclub.com
2015-06-04, 20:07:09	756 - redazione@jazzcolours.it
2015-06-04, 20:07:10	757 - joy.devito@gmail.com
2015-06-04, 20:07:11	758 - l.cappelli@gialexong.com
2015-06-04, 20:07:12	759 - labottegadellacquaforte@tin.it
2015-06-04, 20:07:12	760 - cronacafi@lanazione.net
2015-06-04, 20:07:12	761 - firenze@repubblica.it
2015-06-04, 20:07:13	762 - lara.brocca@janegoodall-italia.org
2015-06-04, 20:07:14	763 - lastraioli@interfree.it
2015-06-04, 20:07:14	764 - laura.mauric@gmail.com
2015-06-04, 20:07:15	765 - laura.righi08@gmail.com
2015-06-04, 20:07:15	766 - venturi@los-tudio.com
2015-06-04, 20:07:16	767 - raffaellopareti@alice.it
2015-06-04, 20:07:17	768 - leonardo.bonini@tin.it
2015-06-04, 20:07:17	769 - l.piccioli@tin.it
2015-06-04, 20:07:18	770 - leonardo.pieri@yahoo.it
2015-06-04, 20:07:18	771 - leonardovolo@hotmail.com
2015-06-04, 20:07:20	772 - letizia.cini@lanazione.it
2015-06-04, 20:07:20	773 - info@lacitelibreria.it
2015-06-04, 20:07:20	774 - l.grueff@libero.it
2015-06-04, 20:07:21	775 - lisagi@tiscali.it
2015-06-04, 20:07:21	776 - giardinellil@gmail.com
2015-06-04, 20:07:22	777 - aranguren58@gmail.com
2015-06-04, 20:07:23	778 - jbobin@tin.it
2015-06-04, 20:07:23	779 - accolturato@gmail.com
2015-06-04, 20:07:24	780 - mc.lagreca@virgilio.it
2015-06-04, 20:07:24	781 - sinapsidibiru@libero.it
2015-06-04, 20:07:25	782 - papessa.veg@gmail.com
2015-06-04, 20:07:26	783 - 3476622872@email.it
2015-06-04, 20:07:26	784 - jodown@tin.it
2015-06-04, 20:07:27	785 - qyrano@gmail.com
2015-06-04, 20:07:27	786 - cussottocri@yahoo.it
2015-06-04, 20:07:28	787 - l.giacomi@forresthillrecords.com
2015-06-04, 20:07:29	788 - lopallini@libero.it
2015-06-04, 20:07:30	790 - lorenza.centola@gmail.com
2015-06-04, 20:07:30	791 - lorenzoballini@tiscali.it
2015-06-04, 20:07:30	792 - lorenzo.forti@alice.it
2015-06-04, 20:07:31	793 - loreghera@gmail.com
2015-06-04, 20:07:32	794 - loresol@tiscali.it
2015-06-04, 20:07:32	795 - luca.debiase@alice.it
2015-06-04, 20:07:33	796 - luca@magrini.net
2015-06-04, 20:07:33	797 - lucaberni@dada.it
2015-06-04, 20:07:34	798 - lucadivolo@tiscali.it
2015-06-04, 20:07:35	799 - luca.fantini83@gmail.com
2015-06-04, 20:07:35	800 - lucajelly71@gmail.com
2015-06-04, 20:07:36	801 - magro@dada.it
2015-06-04, 20:07:36	802 - lucamarianini@gmail.com
2015-06-04, 20:07:37	803 - lucapagnini@tiscali.it
2015-06-04, 20:07:39	804 - zanzanluca@gmail.com
2015-06-04, 20:07:39	805 - luca_cai@virgilio.it
2015-06-04, 20:07:39	806 - lucia.calzolari.rudl@mac.com
2015-06-04, 20:07:39	807 - lucia.calzolari.rudl@me.com
2015-06-04, 20:07:40	808 - lpelatti@firenze.cna.it
2015-06-04, 20:07:41	810 - lucrezia@lu-nation.com
2015-06-04, 20:07:41	811 - pilarmadd@gmail.com
2015-06-04, 20:07:42	812 - info@maieutike.net
2015-06-04, 20:07:42	813 - management@musipolitana.it
2015-06-04, 20:07:43	814 - Piero.Mannini@fao.org
2015-06-04, 20:07:44	815 - marco.r2002@libero.it
2015-06-04, 20:07:44	816 - marco@magrini.net
2015-06-04, 20:07:45	817 - mbaroncini@yahoo.it
2015-06-04, 20:07:45	818 - m.barsanti1@virgilio.it
2015-06-04, 20:07:46	819 - marco.bini2004@gmail.com
2015-06-04, 20:07:47	820 - marcocattarossi@virgilio.it
2015-06-04, 20:07:47	821 - fancelli2@interfree.it
2015-06-04, 20:07:48	822 - marco.gelli@libero.it
2015-06-04, 20:07:49	823 - marcowar53@gmail.com
2015-06-04, 20:07:49	824 - mlamioni@silence.it
2015-06-04, 20:07:50	825 - lamionimarco@gmail.com
2015-06-04, 20:07:50	826 - m.morandi@katamail.com
2015-06-04, 20:07:51	827 - ben@bianchienardi.it
2015-06-04, 20:07:51	828 - polo@immobilifirenze.com
2015-06-04, 20:07:52	829 - marcosiani@msservizi.it
2015-06-04, 20:07:53	830 - info@marcotriarico.com
2015-06-04, 20:07:53	831 - mail@tarantella-scalza.de
2015-06-04, 20:07:54	832 - margherita.damelio@googlemail.com
2015-06-04, 20:07:54	833 - mloscerbo@libero.it
2015-06-04, 20:07:55	834 - mariapalme@gmail.com
2015-06-04, 20:07:56	835 - mptoscano@tiscali.it
2015-06-04, 20:07:56	836 - marina.bistolfi@gmail.com
2015-06-04, 20:07:58	837 - formazione@fabbricaeuropa.net
2015-06-04, 20:07:58	838 - marina.ciappi@poste.it
2015-06-04, 20:07:58	840 - m.bufano@controradio.it
2015-06-04, 20:07:59	841 - evangelista.mar@gmail.com
2015-06-04, 20:07:59	842 - marta.dipuccio@yahoo.it
2015-06-04, 20:08:00	843 - marti.bombetta@hotmail.it
2015-06-04, 20:08:00	844 - mary.arcuri@gmail.com
2015-06-04, 20:08:01	845 - marzia.frediani@arci.it
2015-06-04, 20:08:02	846 - m.calderai@libero.it
2015-06-04, 20:08:02	847 - gramigni@assomusica.org
2015-06-04, 20:08:03	848 - innocenti.cer@virgilio.it
2015-06-04, 20:08:03	849 - maxrastrelli@alice.it
2015-06-04, 20:08:04	850 - massimosantini53@alice.it
2015-06-04, 20:08:05	851 - m.ercolanelli@tin.it
2015-06-04, 20:08:05	853 - matteo@florenceandabroad.com
2015-06-04, 20:08:07	854 - matthiasschubert@online.de
2015-06-04, 20:08:07	855 - matthew_carrera@hotmail.it
2015-06-04, 20:08:07	856 - maurizio@creativebrains.it
2015-06-04, 20:08:08	857 - mauro.grossi@tin.it
2015-06-04, 20:08:08	858 - ginnasticailpoggetto@alice.it
2015-06-04, 20:08:09	861 - michbar@tele2.it
2015-06-04, 20:08:09	862 - michee@hotmail.it
2015-06-04, 20:08:10	863 - cs@indie-eye.it
2015-06-04, 20:08:11	864 - m.ignelzi@tin.it
2015-06-04, 20:08:11	865 - michelemanzotti@lanazione.it
2015-06-04, 20:08:12	866 - michelepapadia@hotmail.com
2015-06-04, 20:08:12	867 - mikestain@hotmail.com
2015-06-04, 20:08:13	868 - miketurk@tinsandwichmusic.com
2015-06-04, 20:08:14	869 - milneaz@hotmail.com
2015-06-04, 20:08:15	870 - cirkoguerrini@gmail.com
2015-06-04, 20:08:15	871 - info@spbstudio.it
2015-06-04, 20:08:15	873 - morenoniccolai@virgilio.it
2015-06-04, 20:08:16	874 - stefano@morinisport.it
2015-06-04, 20:08:17	875 - musicus@dada.it
2015-06-04, 20:08:17	876 - fanutti@dada.it
2015-06-04, 20:08:18	877 - neri.torrigiani@torrigiani.com
2015-06-04, 20:08:18	878 - mabenvenuti@gmail.com
2015-06-04, 20:08:19	879 - nicconerb@gmail.com
2015-06-04, 20:08:20	880 - nicola@eipe.it
2015-06-04, 20:08:20	881 - nicola.cellai@gmail.com
2015-06-04, 20:08:21	882 - nicola.maccianti@libero.it
2015-06-04, 20:08:21	883 - nikizazzeri@yahoo.it
2015-06-04, 20:08:22	884 - nicolettamanzini@libero.it
2015-06-04, 20:08:23	885 - ninogioia@gmail.com
2015-06-04, 20:08:23	886 - amministrazionenovaradio@arcifirenze.it
2015-06-04, 20:08:24	889 - pantanigianluca@gmail.com
2015-06-04, 20:08:24	890 - paola-amadio@tiscali.it
2015-06-04, 20:08:25	891 - paoladili@virgilio.it
2015-06-04, 20:08:27	892 - papinipaola@supereva.it
2015-06-04, 20:08:27	893 - pabillo@libero.it
2015-06-04, 20:08:27	894 - carradori@inwind.it
2015-06-04, 20:08:27	895 - giampaolo.casu@libero.it
2015-06-04, 20:08:28	896 - db@paolo.dellabella.name
2015-06-04, 20:08:29	898 - paologuidotti@hotmail.it
2015-06-04, 20:08:29	899 - info@paolomari.net
2015-06-04, 20:08:30	900 - p.russo@repubblica.it
2015-06-04, 20:08:30	901 - pasquale.rimolo@poste.it
2015-06-04, 20:08:31	904 - info@piccoliprincipiteatro.it
2015-06-04, 20:08:32	905 - pierluigivannucchi@gmail.com
2015-06-04, 20:08:32	906 - pieroborri@gmail.com
2015-06-04, 20:08:33	907 - pierobronzi@gmail.com
2015-06-04, 20:08:33	908 - sorrepino@libero.it
2015-06-04, 20:08:34	909 - pippissimo88@hotmail.it
2015-06-04, 20:08:36	910 - pirilla@alice.it
2015-06-04, 20:08:36	911 - pmaccia@inwind.it
2015-06-04, 20:08:36	912 - raffabelli@yahoo.it
2015-06-04, 20:08:36	913 - al.severi@rai.it
2015-06-04, 20:08:37	914 - renatocordovani@alice.it
2015-06-04, 20:08:38	915 - renzo_roselli@libero.it
2015-06-04, 20:08:38	916 - redazione@toscanaclassica.net
2015-06-04, 20:08:39	917 - r.innocenti@lofficinapsicoacustica.it
2015-06-04, 20:08:39	918 - info@promowine.it
2015-06-04, 20:08:40	919 - riccardo.ciolino@email.com
2015-06-04, 20:08:41	920 - riccardodellocchio@virgilio.it
2015-06-04, 20:08:41	921 - riccardo_galimberti@live.it
2015-06-04, 20:08:42	922 - rc@nestiblack.it
2015-06-04, 20:08:42	923 - onorius@virgilio.it
2015-06-04, 20:08:44	924 - riccardosaveri@virgilio.it
2015-06-04, 20:08:44	925 - rferrazza2000@yahoo.it
2015-06-04, 20:08:44	926 - roberta.ferrazza@esteri.it
2015-06-04, 20:08:45	927 - arovida@tiscalinet.it
2015-06-04, 20:08:45	928 - roberta.serni@istruzione.it
2015-06-04, 20:08:46	929 - libusati@iol.it
2015-06-04, 20:08:47	930 - rob.scheggia@libero.it
2015-06-04, 20:08:47	931 - roberto_benvenuti2003@yahoo.it
2015-06-04, 20:08:48	932 - roboconti@libero.it
2015-06-04, 20:08:48	933 - info@rmprogetti.it
2015-06-04, 20:08:49	934 - manrob1999@yahoo.it
2015-06-04, 20:08:50	935 - bobnistri@gmail.com
2015-06-04, 20:08:50	936 - rodolfosarli@yahoo.it
2015-06-04, 20:08:51	937 - romana.bellato@gmail.com
2015-06-04, 20:08:51	939 - rosippo@tiscali.it
2015-06-04, 20:08:52	941 - rubencha@virgilio.it
2015-06-04, 20:08:53	942 - saxofono@alice.it
2015-06-04, 20:08:53	943 - jazz@morinisport.it
2015-06-04, 20:08:54	944 - scuola.verdi@comune.prato.it
2015-06-04, 20:08:54	945 - dicomano@scuolacomunaledimusica.it
2015-06-04, 20:08:56	946 - smcpontassieve@tiscali.it
2015-06-04, 20:08:56	947 - info@scuoladimusicasesto.it
2015-06-04, 20:08:56	948 - musica@comune.poggibonsi.si.it
2015-06-04, 20:08:57	949 - sdipuccio@hotmail.it
2015-06-04, 20:08:57	950 - segreteria.arcifirenze@gmail.com
2015-06-04, 20:08:58	951 - segreteria@firenzespettacolo.it
2015-06-04, 20:08:59	952 - lsantoni@firenze.cna.it
2015-06-04, 20:08:59	953 - sentieriacustici@gmail.com
2015-06-04, 20:09:00	954 - sermot@alice.it
2015-06-04, 20:09:00	955 - shahrzad_orouji@yahoo.com
2015-06-04, 20:09:01	956 - Cristina.Siani@infrontsports.com
2015-06-04, 20:09:02	957 - silvanopanichi@gmail.com
2015-06-04, 20:09:02	958 - santini.silvia391@tiscali.it
2015-06-04, 20:09:03	959 - simonapiccioli@tiscali.it
2015-06-04, 20:09:03	960 - fallaci@dada.it
2015-06-04, 20:09:04	961 - simonegraziano79@yahoo.it
2015-06-04, 20:09:06	963 - smnsnt68@gmail.com
2015-06-04, 20:09:06	964 - soniacomoni@virgilio.it
2015-06-04, 20:09:06	965 - stefania.doni@gmail.com
2015-06-04, 20:09:06	966 - ste.dell@hotmail.com
2015-06-04, 20:09:07	967 - tatami33@virgilio.it
2015-06-04, 20:09:08	968 - s.bartoli@fastwebnet.it
2015-06-04, 20:09:08	969 - stefdemarco@hotmail.it
2015-06-04, 20:09:09	970 - direzione@scandiccicultura.org
2015-06-04, 20:09:09	971 - contart@dinonet.it
2015-06-04, 20:09:10	972 - stefanomagnolfi@hotmail.com
2015-06-04, 20:09:11	973 - stefano.mangani@unisi.it
2015-06-04, 20:09:11	974 - negri.s@tele2.it
2015-06-04, 20:09:13	975 - stefanoonorati@gmail.com
2015-06-04, 20:09:13	976 - stefanorapicavoli@gmail.com
2015-06-04, 20:09:13	977 - formazione@stefanorusso.it
2015-06-04, 20:09:14	978 - lupomaremmano@katamail.com
2015-06-04, 20:09:14	980 - szenni@tin.it
2015-06-04, 20:09:15	981 - studiorap@libero.it
2015-06-04, 20:09:15	982 - susannastigler@gmail.com
2015-06-04, 20:09:16	983 - susannastigler@informacitta.net
2015-06-04, 20:09:17	984 - susanna.crociani@libero.it
2015-06-04, 20:09:17	985 - info@susybellucci.com
2015-06-04, 20:09:18	986 - t.coppi@mail.regione.toscana.it
2015-06-04, 20:09:18	987 - tamara.coppiceccantini@regione.toscana.it
2015-06-04, 20:09:19	988 - promo@teatrodellalimonaia.it
2015-06-04, 20:09:20	989 - comunicazione@teatrodellapergola.com
2015-06-04, 20:09:20	990 - info@metastasio.it
2015-06-04, 20:09:21	991 - infoteatro@scandiccicultura.it
2015-06-04, 20:09:22	992 - tolminomarianini@yahoo.it
2015-06-04, 20:09:22	993 - info@toscanamusiche.it
2015-06-04, 20:09:23	994 - trinciavelli@effe2srl.it
2015-06-04, 20:09:23	995 - culturaq2@comune.fi.it
2015-06-04, 20:09:24	997 - valentino.s@alice.it
2015-06-04, 20:09:24	998 - vmorelliit@yahoo.it
2015-06-04, 20:09:25	999 - striano@arci.it
2015-06-04, 20:09:26	1000 - vorsetti@hotmail.com
2015-06-04, 20:09:26	1001 - wilmasperanzini@gmail.com
2015-06-04, 20:09:27	1002 - info@spazioalfieri.it
2015-06-04, 20:09:27	1006 - giuliostracciati@hotmail.it
2015-06-04, 20:09:28	1008 - sergio-rizzo@hotmail.it
2015-06-04, 20:09:29	1009 - casa@globeit.it
2015-06-04, 20:09:29	1012 - sanjeev@tin.it
2015-06-04, 20:09:30	1013 - lorellagrecu@gmail.com
2015-06-04, 20:09:30	1015 - nunziati@alice.it
2015-06-04, 20:09:31	1017 - ludolegend@libero.it
2015-06-04, 20:09:32	1018 - marco.lani84@gmail.com
2015-06-04, 20:09:33	1019 - margherithouse@hotmail.it
2015-06-04, 20:09:33	1020 - n.vallese@gmail.com
2015-06-04, 20:09:33	1021 - giuseppe.dipietro50@gmail.com
2015-06-04, 20:09:34	1022 - mattia.ceccantini@email.it
2015-06-04, 20:09:35	1024 - brownmassimo@gmail.com
2015-06-04, 20:09:35	1026 - annamariabaccellini@vodafone.it
2015-06-04, 20:09:36	1027 - damore.stefania@gmail.com
2015-06-04, 20:09:36	1028 - lisehertz@gmail.com
2015-06-04, 20:09:37	1029 - massimo.tempesti@gmail.com
2015-06-04, 20:09:38	1030 - ema19e87@yahoo.it
2015-06-04, 20:09:38	1031 - lorenzo.bagnoli@hotmail.it
2015-06-04, 20:09:39	1032 - otta.giulio@gmail.com
2015-06-04, 20:09:39	1033 - otta.giulio@gmail.com
2015-06-04, 20:09:40	1034 - irene.stolzi@unifi.it
2015-06-04, 20:09:42	1035 - rosannariccio@yahoo.it
2015-06-04, 20:09:42	1036 - patrizia.seravalli@gmail.com
2015-06-04, 20:09:42	1037 - piccini.a@gmail.com
2015-06-04, 20:09:42	1038 - mazzanti.maurizio@gmail.com
2015-06-04, 20:09:43	1039 - f.beghi@centroseta.it
2015-06-04, 20:09:44	1040 - rmartini@libero.it
2015-06-04, 20:09:44	1041 - mari_palom@yahoo.it
2015-06-04, 20:09:45	1042 - bobpratellesi@yahoo.it
2015-06-04, 20:09:45	1043 - laura.mattioli@asf.toscana.it
2015-06-04, 20:09:46	1044 - laura.mattioli@asf.toscana.it
2015-06-04, 20:09:47	1045 - alessandromedda.music@gmail.com
2015-06-04, 20:09:47	1047 - robertadoni60@gmail.com
2015-06-04, 20:09:48	1049 - nachibana23@gmail.com
2015-06-04, 20:09:48	1051 - simobrilli@live.it
2015-06-04, 20:09:49	1053 - elisabetta.lucherini@gmail.com
2015-06-04, 20:09:51	1055 - ludolegend@libero.it
2015-06-04, 20:09:51	1056 - galletti.lorenzo98@gmail.com
2015-06-04, 20:09:51	1058 - manrob1999@yahoo.it
2015-06-04, 20:09:51	1059 - daniluk.dado@gmail.com
2015-06-04, 20:09:52	1060 - qui-e-ora@libero.it
2015-06-04, 20:09:53	1061 - fabiozini@alice.it
2015-06-04, 20:09:53	1062 - maurizio.delmastro@gmail.com
2015-06-04, 20:09:54	1064 - laura@mannuccisrl.it
2015-06-04, 20:09:54	1065 - cl.rusconi@gmail.com
2015-06-04, 20:09:55	1066 - machibana23@gmail.it
2015-06-04, 20:09:56	1067 - gaguz1999@gmail.com
2015-06-04, 20:09:56	1068 - gabriele_baratto@libero.it
2015-06-04, 20:09:57	1069 - gennarogiustino@libero.it
2015-06-04, 20:09:57	1070 - anna.basagni@hotmail.it
2015-06-04, 20:09:58	1071 - mniccolai22@gmail.com
2015-06-04, 20:09:59	1074 - scioni57@libero.it
2015-06-04, 20:09:59	1075 - simonagraz@libero.it
2015-06-04, 20:10:01	1076 - info@agriturismocirene.com
2015-06-04, 20:10:01	1078 - borraniantonio@gmail.com
2015-06-04, 20:10:01	1079 - giorgio.varalli@fastwebnet.it
2015-06-04, 20:10:02	1080 - paol.marini@tiscali.it
2015-06-04, 20:10:02	1081 - robmazzi26@gmail.com
2015-06-04, 20:10:03	1082 - ml.berenger@sfr.fr
2015-06-04, 20:10:03	1083 - fam.diste@alice.it
2015-06-04, 20:10:04	1085 - umberto.tenaglia@alice.it
2015-06-04, 20:10:05	1086 - riccardoschillaci@msn.com
2015-06-04, 20:10:05	1087 - lombe2012@gmail.com
2015-06-04, 20:10:06	1088 - cingicinzia@yahoo.it
2015-06-04, 20:10:06	1089 - adrianalipsi@gmail.com
2015-06-04, 20:10:07	1090 - francescobarbani@gmail.com
2015-06-04, 20:10:08	1091 - dumm12bg@gmail.com
2015-06-04, 20:10:08	1092 - leomacaluso@libero.it
2015-06-04, 20:10:10	1093 - francy_andrea@yahoo.it
2015-06-04, 20:10:10	1094 - cate.glasser@gmail.com
2015-06-04, 20:10:10	1095 - cate.glasser@gmail.com
2015-06-04, 20:10:11	1096 - ila.zucconi@gmail.com
2015-06-04, 20:10:11	1097 - antosteph@alice.it
2015-06-04, 20:10:12	1098 - bobaoster@gmail.com
2015-06-04, 20:10:12	1099 - g.malevolti@gmail.com
2015-06-04, 20:10:13	1101 - tommypampa@libero.it
2015-06-04, 20:10:14	1102 - rossicarlo93@libero.it
2015-06-04, 20:10:14	1106 - francesco.crimeni59@gmail.com
2015-06-04, 20:10:15	1109 - mcorsini1966@libero.it
2015-06-04, 20:10:15	1110 - valeria.pezzati@gmail.com
2015-06-04, 20:10:16	1111 - f.barbara69@tin.it
2015-06-04, 20:10:17	1112 - franco.frati@gmail.com
2015-06-04, 20:10:17	1114 - senza@mail.it
2015-06-04, 20:10:18	1117 - lauracapecchi@alice.it
2015-06-04, 20:10:18	1118 - lucianacapasso@virgilio.it
2015-06-04, 20:10:19	1119 - lu-gal@hotmail.it
2015-06-04, 20:10:21	1120 - nicolucci@studiomichelangelo.it
2015-06-04, 20:10:21	1121 - gennarogiustino@libero.it
2015-06-04, 20:10:21	1122 - gennarogiustino@libero.it
2015-06-04, 20:10:21	1124 - alessandra.cortese68@gmail.com
2015-06-04, 20:10:22	1125 - cungicinzia@yahoo.it
2015-06-04, 20:10:23	1126 - melezappa@gmail.com
2015-06-04, 20:10:23	1127 - fusarco@gmail.com
2015-06-04, 20:10:24	1128 - giovanna.danza@unifi.it
2015-06-04, 20:10:24	1129 - marty1942@hotmail.it
2015-06-04, 20:10:25	1130 - francesco.martinelli@gmail.com
2015-06-04, 20:10:26	1131 - pintoka@libero.it
2015-06-04, 20:10:26	1132 - silvia@poggiali.it
2015-06-04, 20:10:27	1133 - stefano.dare1@gmail.com
2015-06-04, 20:10:27	1134 - letiziadanti@libero.it
2015-06-04, 20:10:28	1135 - monica.ulivieri@gmail.com
2015-06-04, 20:10:29	1136 - bobnistri@gmail.com
2015-06-04, 20:10:30	1137 - stike73@libero.it
2015-06-04, 20:10:30	1138 - giancarlo.cardini@aol.com
2015-06-04, 20:10:30	1139 - alfonso.borghese@virgilio.it
2015-06-04, 20:10:31	1140 - alvarocompany@tiscali.it
2015-06-04, 20:10:32	1141 - fiamma.nicolodi@unifi.it
2015-06-04, 20:10:32	1142 - mr@marioruffini.it
2015-06-04, 20:10:33	1143 - paolo.somigli@fastwebnet.it
2015-06-04, 20:10:33	1144 - rfabbriciani@alice.it
2015-06-04, 20:10:34	1145 - paola.gibbin@beniculturali.it
2015-06-04, 20:10:35	1146 - info@danielelombardi.com
2015-06-04, 20:10:35	1147 - fg@temporeale.it
2015-06-04, 20:10:36	1148 - lc@leliocamilleri.it
2015-06-04, 20:10:36	1149 - albert.mayr@gmail.com
2015-06-04, 20:10:37	1150 - romano.pezzati@gmail.com
2015-06-04, 20:10:38	1151 - orsellicesare@libero.it
2015-06-04, 20:10:39	1152 - elcefi@hotmail.it
2015-06-04, 20:10:39	1154 - sofiaweckdomenici@gmail.com
2015-06-04, 20:10:39	1155 - passalacqua.fulvio@gmail.com
2015-06-04, 20:10:40	1157 - francesco.zampini93@gmail.com
2015-06-04, 20:10:41	1158 - ticarfora65@gmail.com
2015-06-04, 20:10:41	1159 - chiara.fantini@tiscali.it
2015-06-04, 20:10:42	1160 - flaviornr@hotmail.it
2015-06-04, 20:10:42	1161 - giannifrati@alice.it
2015-06-04, 20:10:43	1162 - production@limenmusic.com
2015-06-04, 20:10:44	1163 - filippopedol@alice.it
2015-06-04, 20:10:44	1164 - andrea@sleepiscommercial.com
2015-06-04, 20:10:45	1165 - francescatofanari@gmail.com
2015-06-04, 20:10:45	1166 - casinipippo@gmail.com
2015-06-04, 20:10:46	1167 - roskeith@libero.it
2015-06-04, 20:10:47	1168 - giuseppe.tavanti@gmail.com
2015-06-04, 20:10:47	1169 - stefanomagnaschi@tiscali.it
2015-06-04, 20:10:49	1170 - giancodel@libero.it
2015-06-04, 20:10:49	1174 - f.iacometti@tiscali.it
2015-06-04, 20:10:49	1175 - luigi.ripa@gmail.com
2015-06-04, 20:10:50	1176 - dilauro.ripa@gmail.com
