2015-01-09, 21:00:01	

=================================================================

2015-01-09, 21:00:01	26 GENNAIO  UNA "PRIMA" DA NON PERDERE!!!


2015-01-09, 21:00:01	1 - webmaster@globeit.it
2015-01-09, 21:00:02	2 - info@camfirenze.net
2015-01-09, 21:00:03	3 - g.porzilli@globeit.it
2015-01-09, 21:00:03	4 - jovinericcardo@inwind.it
2015-01-09, 21:00:04	5 - emilmast@tin.it
2015-01-09, 21:00:04	6 - m_bonaiuti@tin.it
2015-01-09, 21:00:06	7 - andreagheri@hotmail.com
2015-01-09, 21:00:06	8 - lenzi.giova@alice.it
2015-01-09, 21:00:06	9 - giuseppe.dipietro@bassilichi.it
2015-01-09, 21:00:07	10 - riccardoschillaci@msn.com
2015-01-09, 21:00:07	11 - pan.and@alice.it
2015-01-09, 21:00:08	12 - stefania.nin@unifi.it
2015-01-09, 21:00:09	13 - elianto96@alice.it
2015-01-09, 21:00:09	14 - ziopino@libero.it
2015-01-09, 21:00:10	15 - fidelegno@email.it
2015-01-09, 21:00:10	16 - nicolucci@studiomichelangelo.com
2015-01-09, 21:00:11	17 - mariapaolapaci@yahoo.it
2015-01-09, 21:00:13	18 - m.jennifer@hotmail.it
2015-01-09, 21:00:13	19 - eleonora.giovannini@hotmail.com
2015-01-09, 21:00:13	20 - federico-micheli@hotmail.it
2015-01-09, 21:00:13	21 - massimo.guidi@tiscali.it
2015-01-09, 21:00:14	22 - melli@melli.bs.it
2015-01-09, 21:00:15	23 - ccorazzi@sebia.it
2015-01-09, 21:00:15	24 - agf.aniko@libero.it
2015-01-09, 21:00:16	25 - giuliamo0601@alice.it
2015-01-09, 21:00:16	26 - gianni.ignesti@virgilio.it
2015-01-09, 21:00:17	27 - leonardo.alessi@tiscali.it
2015-01-09, 21:00:18	28 - manuel.ditardo@gmail.com
2015-01-09, 21:00:18	29 - fulviodori@yahoo.it
2015-01-09, 21:00:19	30 - silvia@rossellino.com
2015-01-09, 21:00:20	31 - cm25mia@yahoo.it
2015-01-09, 21:00:20	32 - vialefanti@libero.it
2015-01-09, 21:00:21	33 - lebuschi@gmail.com
2015-01-09, 21:00:21	34 - imbramat@yahoo.it
2015-01-09, 21:00:22	35 - goretti.gianluca@tiscali.it
2015-01-09, 21:00:22	36 - f.filesi@hotmail.it
2015-01-09, 21:00:23	37 - alessandro.dipuccio@alice.it
2015-01-09, 21:00:24	38 - jimmypeter2@hotmail.com
2015-01-09, 21:00:24	39 - serebaldi@tiscali.it
2015-01-09, 21:00:25	40 - barbe335@gmail.com
2015-01-09, 21:00:25	41 - wequaquet@yahoo.it
2015-01-09, 21:00:26	42 - maria.ricceri2@gmail.com
2015-01-09, 21:00:27	43 - luca.bersaglieri@gmail.com
2015-01-09, 21:00:27	44 - sara.fabbrizzi@virgilio.it
2015-01-09, 21:00:28	45 - scioni57@libero.it
2015-01-09, 21:00:28	46 - fradattolo@gmail.com
2015-01-09, 21:00:29	47 - fallaci@hotmail.it
2015-01-09, 21:00:31	48 - adrianalipsi@gmail.com
2015-01-09, 21:00:31	49 - antongiac@live.it
2015-01-09, 21:00:31	50 - silvia.guenda@gmail.com
2015-01-09, 21:00:31	51 - anna-cocco@virgilio.it
2015-01-09, 21:00:32	52 - theblacken@hotmail.it
2015-01-09, 21:00:33	53 - cosimolai@yahoo.it
2015-01-09, 21:00:33	54 - massimiliano.landi@gmail.com
2015-01-09, 21:00:34	55 - virginiamanco@yahoo.it
2015-01-09, 21:00:34	56 - piabar@alice.it
2015-01-09, 21:00:35	57 - ginettaccio356@gmail.com
2015-01-09, 21:00:36	58 - elena.mazzanti@gmail.com
2015-01-09, 21:00:36	59 - ppieri@hotmail.com
2015-01-09, 21:00:37	60 - philgrims@gmail.com
2015-01-09, 21:00:37	61 - ga.proto@tiscali.it
2015-01-09, 21:00:38	62 - gianluca.sodero@gmail.com
2015-01-09, 21:00:40	63 - cristinavaltriani@gmail.com
2015-01-09, 21:00:40	64 - francespletchan@gmail.com
2015-01-09, 21:00:40	65 - marco.mazzoni75@gmail.com
2015-01-09, 21:00:40	66 - lucrezia.mazzocchi@alice.it
2015-01-09, 21:00:41	67 - matticari.g@tiscali.it
2015-01-09, 21:00:42	68 - soniabertini@hotmail.it
2015-01-09, 21:00:42	69 - alicemanuguerra@libero.it
2015-01-09, 21:00:43	70 - nicco.angioni@yahoo.it
2015-01-09, 21:00:43	71 - etto1re@gmail.com
2015-01-09, 21:00:44	72 - cossusonny@libero.it
2015-01-09, 21:00:46	73 - cicali.filippo@gmail.com
2015-01-09, 21:00:46	74 - leobonechi@dada.it
2015-01-09, 21:00:46	75 - riccardo.levi@yahoo.it
2015-01-09, 21:00:46	76 - patrizia.seravalli@gmail.com
2015-01-09, 21:00:47	77 - brandini.tommaso@gmail.com
2015-01-09, 21:00:48	78 - sbartoli@fashion.it
2015-01-09, 21:00:48	79 - clarissa.bencini@gmail.com
2015-01-09, 21:00:49	80 - william.luzzi@gmail.com
2015-01-09, 21:00:49	81 - cecia92@hotmail.it
2015-01-09, 21:00:50	82 - andrea.giavarini@gmail.com
2015-01-09, 21:00:51	83 - peccino70@hotmail.it
2015-01-09, 21:00:51	84 - luna.decate@gmail.com
2015-01-09, 21:00:53	85 - ilaria.daddi@alice.it
2015-01-09, 21:00:53	86 - tommaso@zurli.it
2015-01-09, 21:00:53	87 - d.scapigliati@scapigliati.it
2015-01-09, 21:00:54	88 - annalisamencattini@virgilio.it
2015-01-09, 21:00:54	89 - giltel62@gmail.com
2015-01-09, 21:00:55	90 - rizzuti.daria@gmail.com
2015-01-09, 21:00:55	91 - andreacagnola1@gmail.com
2015-01-09, 21:00:56	92 - pampet@tiscali.it
2015-01-09, 21:00:57	93 - dittaduepi@libero.it
2015-01-09, 21:00:57	94 - albertomarrini@tiscali.it
2015-01-09, 21:00:58	95 - elisagaglirdi@tuscaniinstitute.it
2015-01-09, 21:00:58	96 - chiarasilvia.vill@gmail.com
2015-01-09, 21:00:59	97 - morillo1982@hotmail.it
2015-01-09, 21:01:01	98 - maeli68@hotmail.com
2015-01-09, 21:01:01	99 - patpenco1@mac.com
2015-01-09, 21:01:01	100 - serena.menicalli90@gmail.com
2015-01-09, 21:01:01	101 - giacomopipitone@icloud.com
2015-01-09, 21:01:02	102 - rossellaeleonardo@virgilio.it
2015-01-09, 21:01:03	103 - emilio.botto@libero.it
2015-01-09, 21:01:03	104 - e.macerini@gmail.com
2015-01-09, 21:01:04	105 - marcolamioni@mac.com
2015-01-09, 21:01:04	106 - robertacolla@simonemicheli.com
2015-01-09, 21:01:05	107 - sabrinapaladini@inwind.it
2015-01-09, 21:01:06	108 - arieccola@gmail.com
2015-01-09, 21:01:06	109 - passalacqua.fulvio@gmail.com
2015-01-09, 21:01:07	110 - ziopina@libero.it
2015-01-09, 21:01:07	111 - nera@atlavia.it
2015-01-09, 21:01:08	112 - frengo75tn@yahoo.it
2015-01-09, 21:01:09	113 - deglinnocentielisa@gmail.com
2015-01-09, 21:01:09	114 - france1611@yahoo.it
2015-01-09, 21:01:11	115 - niccolo.mugelli@gmail.com
2015-01-09, 21:01:11	116 - maxgiallo@tin.it
2015-01-09, 21:01:11	117 - giacomo.londi@hotmail.it
2015-01-09, 21:01:12	118 - lovesmusic@alice.it
2015-01-09, 21:01:12	119 - tabpalmieri@live.it
2015-01-09, 21:01:13	120 - francescogabrilelli@gmail.com
2015-01-09, 21:01:13	121 - regolus_81@hotmail.com
2015-01-09, 21:01:14	122 - walteriano@gmail.com
2015-01-09, 21:01:15	123 - riccardodefelice@gmail.com
2015-01-09, 21:01:15	124 - andpoliti@gmail.com
2015-01-09, 21:01:16	125 - pinogulli@alice.it
2015-01-09, 21:01:16	126 - andreacennini@yahoo.it
2015-01-09, 21:01:17	127 - lucilla_meucci@alice.it
2015-01-09, 21:01:18	128 - giulystairway@hotmail.it
2015-01-09, 21:01:18	129 - lploredana552@gmail.com
2015-01-09, 21:01:19	130 - a.roccatelli@gmail.com
2015-01-09, 21:01:20	131 - gottard@disia.unifit.it
2015-01-09, 21:01:20	132 - laura.mattioli@asf.toscana.it
2015-01-09, 21:01:21	133 - santellipaola@gmail.com
2015-01-09, 21:01:21	134 - elena.tartagli@yahoo.it
2015-01-09, 21:01:22	135 - laura.pagliantini@virgilio
2015-01-09, 21:01:22	136 - massy.a@tiscali.it
2015-01-09, 21:01:23	137 - amorosoluca@tiscali.it
2015-01-09, 21:01:24	138 - drummermichi@hotmail.it
2015-01-09, 21:01:24	139 - flaviano.apollonio@alice.it
2015-01-09, 21:01:25	140 - bib92@hotmail.it
2015-01-09, 21:01:25	141 - mattia.balconi@ge.com
2015-01-09, 21:01:26	142 - _marco_baldini@libero.it
2015-01-09, 21:01:27	143 - theking.3@hotmail.it
2015-01-09, 21:01:27	144 - maria.ricceri2@virgilio.it
2015-01-09, 21:01:28	145 - valentina.barlacchi@libero.it
2015-01-09, 21:01:29	146 - giannanenna03@yahoo.it
2015-01-09, 21:01:29	147 - paolobertocci@libero.it
2015-01-09, 21:01:30	148 - bmblsnmntsra@hotmail.it
2015-01-09, 21:01:30	150 - antonio.branchi@moroshi.it
2015-01-09, 21:01:31	151 - carlottabusignani@yahoo.it
2015-01-09, 21:01:31	152 - iacopocangioli@yahoo.it
2015-01-09, 21:01:32	153 - timoteocarbone@gmail.com
2015-01-09, 21:01:33	154 - casalini_marco@libero.it
2015-01-09, 21:01:33	155 - fabio.cecchini@agronica.eu
2015-01-09, 21:01:34	156 - ufficiotecnico@gfclavoriedili.it
2015-01-09, 21:01:34	157 - riccardo.ciolino@email.it
2015-01-09, 21:01:35	158 - diego_collini85@yahoo.it
2015-01-09, 21:01:36	159 - rabbittaro@hotmail.it
2015-01-09, 21:01:36	160 - foy_m6@hotmail.it
2015-01-09, 21:01:37	161 - studiocortocherubini@alice.it
2015-01-09, 21:01:37	162 - antoniodarone@libero.it
2015-01-09, 21:01:38	163 - pakkidega90@hotmail.it
2015-01-09, 21:01:40	164 - del.carria.marco@gmail.com
2015-01-09, 21:01:40	165 - riccardo.delchiaro@gmail.com
2015-01-09, 21:01:40	166 - fiober@hotmail.it
2015-01-09, 21:01:40	168 - falco.douglasscotti@gmail.com
2015-01-09, 21:01:41	169 - desmar10@libero.it
2015-01-09, 21:01:42	170 - irescimmia@hotmail.it
2015-01-09, 21:01:42	171 - zilatiankuser@hotmail.it
2015-01-09, 21:01:43	172 - guido.fs@hotmail.com
2015-01-09, 21:01:43	173 - giovanni_frasca@virgilio.it
2015-01-09, 21:01:44	174 - lucafrosi@hotmail.it
2015-01-09, 21:01:45	175 - marchinoviolino@gmail.com
2015-01-09, 21:01:45	176 - david@alternativamente.eu
2015-01-09, 21:01:46	177 - lorenzoghere@gmail.com
2015-01-09, 21:01:46	178 - andreagheri83@hotmail.com
2015-01-09, 21:01:47	179 - valter@giacomel.it
2015-01-09, 21:01:48	180 - c.giannardi@arpet.toscana
2015-01-09, 21:01:48	181 - buddy666@hotmail.it
2015-01-09, 21:01:50	182 - clevermenagier@libero.it
2015-01-09, 21:01:50	183 - gioia.griffo@alice.it
2015-01-09, 21:01:50	184 - giulsita@gmail.com
2015-01-09, 21:01:51	185 - iovinericcardo@inwind.it
2015-01-09, 21:01:51	186 - lenzi.lenzi@hotmail.it
2015-01-09, 21:01:52	187 - patriziafaustini@gmail.com
2015-01-09, 21:01:52	188 - agata_teatro@yahoo.it
2015-01-09, 21:01:53	189 - meobargie@yahoo.it
2015-01-09, 21:01:54	190 - marimarta973@yahoo.it
2015-01-09, 21:01:54	191 - franco.piras@tin.it
2015-01-09, 21:01:55	192 - edomen@gmail.com
2015-01-09, 21:01:55	193 - anna.basagni@tele2.it
2015-01-09, 21:01:56	194 - crimiglio@yahoo.it
2015-01-09, 21:01:57	195 - elleemme2@tiscali.it
2015-01-09, 21:01:57	196 - badesaba@tiscali.it
2015-01-09, 21:01:58	197 - moroniserena@gmail.com
2015-01-09, 21:01:59	198 - juliettem@hotmail.it
2015-01-09, 21:01:59	199 - niccolo.mugelli@libero.it
2015-01-09, 21:02:00	200 - teresa.marciaionetto@telecomitalia.it
2015-01-09, 21:02:00	201 - marsiglia93@hotmail.it
2015-01-09, 21:02:01	202 - nicolucci@studiomichelangelo.it
2015-01-09, 21:02:01	203 - panand@tin.it
2015-01-09, 21:02:02	204 - paoletti.l@fastwebnet.it
2015-01-09, 21:02:03	205 - stefanopardini@gmail.com
2015-01-09, 21:02:03	206 - angie.magherini@gmail.com
2015-01-09, 21:02:04	207 - fulvio.passalacqua@teriaenergy.com
2015-01-09, 21:02:04	208 - aphillips1@gm.slc.edu
2015-01-09, 21:02:05	210 - mauro_quinto@virgilio.it
2015-01-09, 21:02:06	211 - ragazzoluca@yahoo.it
2015-01-09, 21:02:06	212 - annarapi@hotmail.it
2015-01-09, 21:02:08	213 - giulia.patrizia@libero.it
2015-01-09, 21:02:08	214 - dario.romagnoli87@gmail.com
2015-01-09, 21:02:08	215 - moniarossi1@virgilio.it
2015-01-09, 21:02:09	216 - p.rubellini@gmail.com
2015-01-09, 21:02:09	217 - wsofia@hotmail.it
2015-01-09, 21:02:10	218 - sacco_89@hotmail.it
2015-01-09, 21:02:10	219 - silvia.zuffanelli@tin.it
2015-01-09, 21:02:11	220 - miresarti@yahoo.it
2015-01-09, 21:02:12	221 - schelde@hotmail.it
2015-01-09, 21:02:12	222 - harven@hotmail.it
2015-01-09, 21:02:13	223 - emi.39@hotmail.com
2015-01-09, 21:02:13	224 - ldelpac@tin.it
2015-01-09, 21:02:14	225 - silvia162@hotmail.com
2015-01-09, 21:02:15	226 - zizhov86@hotmail.com
2015-01-09, 21:02:15	227 - ferdinando.olivieri@gmail.com
2015-01-09, 21:02:17	228 - annabondi@libero.it
2015-01-09, 21:02:17	229 - sanodimente@gmail.com
2015-01-09, 21:02:17	230 - flomungari@hotmailcom
2015-01-09, 21:02:18	232 - leo88pecchio@gmail.com
2015-01-09, 21:02:18	233 - peticacio_95@hotmail.it
2015-01-09, 21:02:19	234 - ariannacarboni@gmx.de
2015-01-09, 21:02:19	235 - andrea.delchiaro@gmail.com
2015-01-09, 21:02:20	236 - luxxx73@yahoo.it
2015-01-09, 21:02:21	237 - personaltrainer@interfree.it
2015-01-09, 21:02:21	238 - cmaddii@hotmail.com
2015-01-09, 21:02:22	239 - cacioz91@live.it
2015-01-09, 21:02:22	240 - giorgia.lanzoni@gmail.com
2015-01-09, 21:02:23	241 - marco.rastrelli@gmail.com
2015-01-09, 21:02:24	242 - dipu13theboss@live.it
2015-01-09, 21:02:24	243 - g.zadro@targetti.it
2015-01-09, 21:02:25	244 - ice.best@fastwebnet.it
2015-01-09, 21:02:26	245 - maurizio.fantini@iol.it
2015-01-09, 21:02:26	246 - petreni126@hotmail.it
2015-01-09, 21:02:27	247 - m.bonaiuti@tin.it
2015-01-09, 21:02:27	248 - ahaas@skidmore.edu
2015-01-09, 21:02:28	249 - leonardo.arcucci@libero.it
2015-01-09, 21:02:28	250 - bastianopoli@hotmail.com
2015-01-09, 21:02:29	251 - cramobladini@live.it
2015-01-09, 21:02:30	252 - v.bargelli@hotmail.com
2015-01-09, 21:02:30	253 - battaglinisara@gmail.com
2015-01-09, 21:02:31	254 - nataliabavar@hotmail.com
2015-01-09, 21:02:31	255 - n.nucci@fondiaria.sai.it
2015-01-09, 21:02:32	256 - claudiaborghesi@yahoo.it
2015-01-09, 21:02:33	257 - camilla.brilli@hotmail.com
2015-01-09, 21:02:33	258 - marcello.brugioni@gmail.com
2015-01-09, 21:02:34	259 - pamel_busonero@alice.it
2015-01-09, 21:02:34	260 - mauro.carnevale@yahoo.it
2015-01-09, 21:02:35	261 - CASALINI_MARIO@LIBERO.IT
2015-01-09, 21:02:36	262 - fabio.ceccantini@tin.it
2015-01-09, 21:02:36	263 - camillacenni@gmail.com
2015-01-09, 21:02:38	265 - leofi77@alice.it
2015-01-09, 21:02:38	266 - clifford.lisa@hotmail.com
2015-01-09, 21:02:38	267 - duccio.bhz@gmail.com
2015-01-09, 21:02:39	268 - barbaravinicio@alice.it
2015-01-09, 21:02:39	269 - iconauta@hotmail.com
2015-01-09, 21:02:40	270 - laura.coradeschi@coradeschi.it
2015-01-09, 21:02:40	271 - anastilosi@inwind.it
2015-01-09, 21:02:41	272 - isabella.pezzatini@gmail.com
2015-01-09, 21:02:42	273 - paolo.arnaldo@gmail.com
2015-01-09, 21:02:42	274 - gabriella.denisi@gmail.com
2015-01-09, 21:02:43	275 - adasmi@dasmi.it
2015-01-09, 21:02:43	276 - michi66fi@gmaiol.com
2015-01-09, 21:02:44	277 - pdettole@alice.it
2015-01-09, 21:02:45	278 - taliannusuli81@yahoo.it
2015-01-09, 21:02:45	279 - nicola.dellungo@gmail.com
2015-01-09, 21:02:46	280 - andreadonato@hotmail.it
2015-01-09, 21:02:46	281 - isafantechi@libero.it
2015-01-09, 21:02:48	282 - fedimak@yahoo.com.hk
2015-01-09, 21:02:48	283 - ferrantini.irene@gmail.com
2015-01-09, 21:02:48	284 - andreafioravanti@libero.it
2015-01-09, 21:02:49	285 - francesca_fiorini@hotmail.com
2015-01-09, 21:02:49	286 - massimofondelli@alice.it
2015-01-09, 21:02:50	287 - diego.furesi@gmail.com
2015-01-09, 21:02:51	288 - luciano.gavini@tin.it
2015-01-09, 21:02:51	289 - chiaraghera@hotmail.it
2015-01-09, 21:02:52	290 - elios.17@hotmail.it
2015-01-09, 21:02:52	291 - gabriele.migani@gmail.com
2015-01-09, 21:02:53	292 - ilaria.lemmi@email.it
2015-01-09, 21:02:54	293 - libero.m@virgilio.it
2015-01-09, 21:02:54	294 - rossanasegnini@libero.it
2015-01-09, 21:02:55	295 - madigner@hotmail.com
2015-01-09, 21:02:55	296 - info@andreamariotti.com
2015-01-09, 21:02:56	297 - pau.marimon@gmail.com
2015-01-09, 21:02:57	298 - elia_26@libero.it
2015-01-09, 21:02:57	299 - alessiom68@gmail.com
2015-01-09, 21:02:59	300 - contemplatingjazz@hotmail.it
2015-01-09, 21:02:59	301 - melli@mellibs.it
2015-01-09, 21:02:59	302 - troy1989@hotmail.iy
2015-01-09, 21:03:00	303 - frengo75@yahoo.it
2015-01-09, 21:03:00	304 - miaim2@gmail.com
2015-01-09, 21:03:01	305 - federico-micheli@hotmail.com
2015-01-09, 21:03:01	306 - ciroistruttore@libero.it
2015-01-09, 21:03:02	308 - barbaraberto.paganelli@gmail.it
2015-01-09, 21:03:03	309 - maddamonti@yahoo.it
2015-01-09, 21:03:03	310 - gv.paoletti@fls.unipi.it
2015-01-09, 21:03:04	311 - vita.lorenzo@alice.it
2015-01-09, 21:03:04	312 - terguparenti@gmail.com
2015-01-09, 21:03:05	314 - francescapiccioli@libero.it
2015-01-09, 21:03:06	315 - danielaromano79@hotmail.com
2015-01-09, 21:03:06	316 - aran.scala@teletv.it
2015-01-09, 21:03:07	317 - massimo.scardi@selex-comms.com
2015-01-09, 21:03:07	318 - cat.sy@hotmail.it
2015-01-09, 21:03:08	319 - elenat@libero.it
2015-01-09, 21:03:10	320 - leo.terilli@hotmail.com
2015-01-09, 21:03:10	321 - l.tommaso@hotmail.it
2015-01-09, 21:03:10	322 - ale84.max@virgilio.it
2015-01-09, 21:03:10	323 - fabio.truschi@gmail.com
2015-01-09, 21:03:11	324 - bismillah@hotmail.it
2015-01-09, 21:03:12	325 - vinvento@infinito.it
2015-01-09, 21:03:12	326 - info@rasoihairjazz
2015-01-09, 21:03:13	327 - giovavoz@libero.it
2015-01-09, 21:03:13	328 - sofiaweck@hotmail.it
2015-01-09, 21:03:14	329 - donda65@gmail.com
2015-01-09, 21:03:15	330 - zelonig@tiscali.it
2015-01-09, 21:03:15	331 - datastone@libero.it
2015-01-09, 21:03:16	332 - massimo.milazzotto@tin.it
2015-01-09, 21:03:16	333 - g_gracan@hotmail.com
2015-01-09, 21:03:17	334 - roberta62006@hotmail.it
2015-01-09, 21:03:18	335 - kurt_co@hotmail.it
2015-01-09, 21:03:18	336 - willypyron@msn.com
2015-01-09, 21:03:19	337 - gloria.soldatini@gmail.com
2015-01-09, 21:03:19	338 - diegoaureliano@hotmail.it
2015-01-09, 21:03:21	339 - manuelmatera@gmail.com
2015-01-09, 21:03:21	340 - leobecucci@virgilio.it
2015-01-09, 21:03:21	341 - pbini@menarini.it
2015-01-09, 21:03:22	343 - lapofabbri@virgilio.it
2015-01-09, 21:03:22	344 - paolopinarelli@virgilio.it
2015-01-09, 21:03:23	345 - ilbute@alice.it
2015-01-09, 21:03:24	346 - f.cangi@gmail.com
2015-01-09, 21:03:24	348 - y.romboli@libero.it
2015-01-09, 21:03:25	349 - awithrow@harding.edu
2015-01-09, 21:03:25	351 - elsauro@gmail.com
2015-01-09, 21:03:26	352 - baldigiovani1957@libero.it
2015-01-09, 21:03:27	353 - info@hotelperseo.it
2015-01-09, 21:03:27	354 - albichon@tiscali.it
2015-01-09, 21:03:28	355 - barbiggio@alice.it
2015-01-09, 21:03:28	356 - kuoka26@hotmail.com
2015-01-09, 21:03:29	357 - fedecapa@supereva.it
2015-01-09, 21:03:30	358 - lorenzo.caponnetto@virgilio.it
2015-01-09, 21:03:30	359 - ecarlucci@gmail.com
2015-01-09, 21:03:31	360 - cianchi.family@alice.it
2015-01-09, 21:03:32	361 - cibino@libero.it
2015-01-09, 21:03:32	362 - loredana.belloni@hotmail.it
2015-01-09, 21:03:33	363 - rabbittaro@hotmail.com
2015-01-09, 21:03:33	364 - siimsam@hotmail.com
2015-01-09, 21:03:34	365 - kyo_oli@hotmail.com
2015-01-09, 21:03:34	366 - info@over-sound.it
2015-01-09, 21:03:35	367 - nagash91@tiscali.it
2015-01-09, 21:03:36	368 - didi.steiner@libero.it
2015-01-09, 21:03:36	369 - matildedipuccieta@hotmail.it
2015-01-09, 21:03:37	370 - duinomassimo@libero.it
2015-01-09, 21:03:37	371 - famfed@libero.it
2015-01-09, 21:03:38	372 - dark.namras@gmail.com
2015-01-09, 21:03:39	373 - michela.piccardi@gmail.com
2015-01-09, 21:03:39	374 - lindagabriel@libero.it
2015-01-09, 21:03:40	375 - cgabriel@truelite.it
2015-01-09, 21:03:40	376 - gemmeg@libero.it
2015-01-09, 21:03:41	377 - damonche@hotmail.com
2015-01-09, 21:03:43	378 - fredfurio@katamail.com
2015-01-09, 21:03:43	379 - martiguelfi@tiscali.it
2015-01-09, 21:03:43	380 - fidalegno@email.it
2015-01-09, 21:03:43	381 - iovinericaardo@inwind.it
2015-01-09, 21:03:44	382 - brettlalonde@yahoo.com
2015-01-09, 21:03:45	383 - landiandrea@interfree.it
2015-01-09, 21:03:45	386 - faminore@gmail.com
2015-01-09, 21:03:46	387 - c_maiani@libero.it
2015-01-09, 21:03:46	388 - silviaborroni@alice.it
2015-01-09, 21:03:47	389 - edomen@hotmail.com
2015-01-09, 21:03:48	390 - tiko.4augusto@tiscali.it
2015-01-09, 21:03:48	391 - morgan_3@hotmail.it
2015-01-09, 21:03:49	392 - brunomura@interfree.it
2015-01-09, 21:03:49	393 - iacopop@gmail.com
2015-01-09, 21:03:51	394 - olmo_recami@hotmail.it
2015-01-09, 21:03:51	395 - iacopo.risi@gmail.com
2015-01-09, 21:03:51	396 - nadph@hotmail.it
2015-01-09, 21:03:52	397 - nico.serejazz@alice.it
2015-01-09, 21:03:52	398 - operamail2001@yahoo.com
2015-01-09, 21:03:53	399 - giaxec@tin.it
2015-01-09, 21:03:54	400 - severino.francesca@inwind.it
2015-01-09, 21:03:54	401 - ilo.m@inwind.it
2015-01-09, 21:03:55	402 - donatella.ferri@tin.it
2015-01-09, 21:03:55	403 - alessandrotonarelli@tin.it
2015-01-09, 21:03:56	404 - oltrimboli@gmail.com
2015-01-09, 21:03:57	405 - evendramini@cheapnet.it
2015-01-09, 21:03:57	406 - avmusic@tin.it
2015-01-09, 21:03:58	407 - plvieri@libero.it
2015-01-09, 21:03:58	408 - zallo18@libero.it
2015-01-09, 21:03:59	409 - mattia.hagge@virgilio.it
2015-01-09, 21:04:00	410 - daniele.panella@nyu.edu
2015-01-09, 21:04:00	411 - alessandrapelli@gmail.com
2015-01-09, 21:04:02	412 - leonardopieraccioni@tin.it
2015-01-09, 21:04:02	413 - tellinessa71@gmail.com
2015-01-09, 21:04:02	414 - nazareno.caputo@live.it
2015-01-09, 21:04:03	417 - stefanobazzi@yahoo.it
2015-01-09, 21:04:03	418 - claudio.tommasoni@comune.fi.it
2015-01-09, 21:04:04	419 - assessore.giachi@comune.fi.it
2015-01-09, 21:04:04	420 - ilvivaiodelmalcantone@gmail.com
2015-01-09, 21:04:05	421 - marcolanza@iol.it
2015-01-09, 21:04:06	422 - stefano.cioni@fastwebnet.it
2015-01-09, 21:04:06	423 - fantozzigino@gmail.com
2015-01-09, 21:04:07	424 - marisa.cancilleri@gmail.com
2015-01-09, 21:04:07	425 - botticellialessandro@tiscali.it
2015-01-09, 21:04:08	426 - deluca.alex@hotmail.it
2015-01-09, 21:04:09	427 - carlocatalanodrum@yahoo.it
2015-01-09, 21:04:09	428 - amitarieli@libero.it
2015-01-09, 21:04:10	429 - simonepannoni@hotmail.it
2015-01-09, 21:04:10	430 - grazividili@gmail.com
2015-01-09, 21:04:12	431 - letiziadanti@libero.it
2015-01-09, 21:04:12	432 - chiara.fantini@tiscali.it
2015-01-09, 21:04:12	433 - jimmypeter@hotmail.com
2015-01-09, 21:04:13	434 - laura.galli@live.com
2015-01-09, 21:04:13	435 - fedeone@hotmail.it
2015-01-09, 21:04:14	436 - sarafabbrizzi@virgilio.it
2015-01-09, 21:04:15	437 - marco.casaglia@msmedia.it
2015-01-09, 21:04:15	438 - alessandra.cortese68@gmail.com
2015-01-09, 21:04:16	439 - scoppoli@gmail.com
2015-01-09, 21:04:16	440 - mateldacappelletti@gmail.com
2015-01-09, 21:04:17	441 - regiromella@libero.it
2015-01-09, 21:04:18	442 - maurizio.delmastro@gmail.com
2015-01-09, 21:04:18	443 - francescogabrielli@gmail.com
2015-01-09, 21:04:19	444 - massimilano.landi@gmail.com
2015-01-09, 21:04:19	445 - leomacaluso@libero.it
2015-01-09, 21:04:20	446 - biagiomix@gmail.com
2015-01-09, 21:04:22	447 - kundalini87@yahoo.it
2015-01-09, 21:04:22	448 - margotmiani@libero.it
2015-01-09, 21:04:22	449 - laura.pagliantini@libero.it
2015-01-09, 21:04:22	450 - a.vizzone@alice.it
2015-01-09, 21:04:23	451 - gottard@disia.unifi.it
2015-01-09, 21:04:24	452 - annamaria.barrocu@istruzione.it
2015-01-09, 21:04:24	453 - iovinericcardo6@gmail.com
2015-01-09, 21:04:25	454 - stefanocolucci@yahoo.it
2015-01-09, 21:04:25	455 - tiziana.milani@alice.it
2015-01-09, 21:04:26	456 - info@firenzeclassica.com
2015-01-09, 21:04:27	457 - gregory333@live.it
2015-01-09, 21:04:27	458 - gianniceccantini@tiscali.it
2015-01-09, 21:04:28	460 - trane61@libero.it
2015-01-09, 21:04:28	461 - pierpaolo.casale@alice.it
2015-01-09, 21:04:29	462 - oscardini@hotmail.it
2015-01-09, 21:04:30	463 - raffaelebellini@live.it
2015-01-09, 21:04:30	464 - andy_mec91@yahoo.it
2015-01-09, 21:04:32	465 - anna.cudin@gmail.com
2015-01-09, 21:04:32	466 - silviamoneti@yahoo.it
2015-01-09, 21:04:32	467 - an.arena@alice.it
2015-01-09, 21:04:33	468 - giorgio.giacomo@alice.it
2015-01-09, 21:04:33	469 - natalie.dandrea@gmail.com
2015-01-09, 21:04:34	470 - luna.eva@hotmail.it
2015-01-09, 21:04:34	472 - giovannimannocci@fastwebnet.it
2015-01-09, 21:04:35	473 - serzan82@hotmail.com
2015-01-09, 21:04:36	474 - gignorobase@diaconiavaldese.org
2015-01-09, 21:04:36	475 - kthari83@gmail.com
2015-01-09, 21:04:37	477 - mgusso@politecnica.it
2015-01-09, 21:04:37	478 - ricamati@yahoo.it
2015-01-09, 21:04:38	479 - alisab.blank@gmail.com
2015-01-09, 21:04:39	480 - moreno.balzani@alice.it
2015-01-09, 21:04:40	481 - zagazucc@hotmail.it
2015-01-09, 21:04:40	482 - francesco.casini@gioiello.it
2015-01-09, 21:04:40	483 - mg.coccioli@virgilio.it
2015-01-09, 21:04:41	484 - mc.max@alice.it
2015-01-09, 21:04:42	485 - alberto.crescioli@hotmail.it
2015-01-09, 21:04:42	488 - bandini93@gmail.com
2015-01-09, 21:04:43	489 - marilu.daselo@hotmail.it
2015-01-09, 21:04:43	490 - pamela_busonero@alice.it
2015-01-09, 21:04:44	491 - cupolone69@alice.it
2015-01-09, 21:04:45	492 - chiara.corti.92@alice.it
2015-01-09, 21:04:45	493 - genjiskampino@hotmail.it
2015-01-09, 21:04:46	495 - marzilie@yahoo.it
2015-01-09, 21:04:46	496 - andrea.moschettini@alice.it
2015-01-09, 21:04:47	497 - barbara.bertocci@virgilio.it
2015-01-09, 21:04:48	498 - aranscala@alice.it
2015-01-09, 21:04:49	499 - valeriafinardi@yahoo.it
2015-01-09, 21:04:49	500 - v.bargelli@hotmail.it
2015-01-09, 21:04:49	501 - maria.ricceri@gmail.com
2015-01-09, 21:04:50	502 - lucrezia.marzocchi@alice.it
2015-01-09, 21:04:51	503 - martamyosotis@gmail.com
2015-01-09, 21:04:51	504 - lenzilara@yahoo.it
2015-01-09, 21:04:52	505 - elena.mazzanti@gmx.com
2015-01-09, 21:04:52	506 - alexlatinshow@hotmail.it
2015-01-09, 21:04:53	507 - fs9775@gmail.com
2015-01-09, 21:04:54	508 - info@osteriadamelo.com
2015-01-09, 21:04:54	509 - lisehertz@gmail.com
2015-01-09, 21:04:55	510 - barbara.zamy@yahoo.it
2015-01-09, 21:04:55	511 - patriziamarino2004@libero.it
2015-01-09, 21:04:56	512 - branchi.antonio@gmail.com
2015-01-09, 21:04:57	514 - fenderjazz83@yahoo.it
2015-01-09, 21:04:57	515 - lucagfrosi@gmail.com
2015-01-09, 21:04:58	516 - mela.tetti@gmail.com
2015-01-09, 21:04:58	517 - vicedirettore@conservatorio.firenze.it
2015-01-09, 21:04:59	519 - tittanesti@gmail.com
2015-01-09, 21:05:00	520 - rsvp@torrigiani.com
2015-01-09, 21:05:01	521 - fbusson@tin.it
2015-01-09, 21:05:01	522 - newsletter@lajetee.it
2015-01-09, 21:05:01	523 - info@capuanomusica.it
2015-01-09, 21:05:02	524 - alessandro.busa@metropolitanstudies.de
2015-01-09, 21:05:03	526 - notcarap@studioalbertocarapelle.191.it
2015-01-09, 21:05:03	527 - NOTARI5f@studioalbertocarapelle.191.it
2015-01-09, 21:05:04	528 - albertodebiase@virgilio.it
2015-01-09, 21:05:04	529 - info@albertopresutti.it
2015-01-09, 21:05:05	530 - alessandrobellucci@tin.it
2015-01-09, 21:05:06	531 - aledrum@virgilio.it
2015-01-09, 21:05:06	533 - cadenza@alice.it
2015-01-09, 21:05:07	534 - info@alessandrogalati.com
2015-01-09, 21:05:07	535 - alessandro.libertini@hotmail.it
2015-01-09, 21:05:08	536 - info@alessandromoretti.it
2015-01-09, 21:05:09	537 - quzilla@alice.it
2015-01-09, 21:05:09	538 - alessandromoretti@inwind.it
2015-01-09, 21:05:10	539 - alessia.bonini70@hotmail.it
2015-01-09, 21:05:10	540 - latitti@teletu.it
2015-01-09, 21:05:11	541 - alfredojacopozzi@tin.it
2015-01-09, 21:05:12	542 - alomabardi@icamus.org
2015-01-09, 21:05:12	543 - alomabardi@gmail.com
2015-01-09, 21:05:14	544 - amitarieli@hotmail.com
2015-01-09, 21:05:14	545 - a.bartolino@alice.it
2015-01-09, 21:05:14	547 - andreafranchini5@gmail.com
2015-01-09, 21:05:15	548 - andreaparenti@tim.eu.blackberry.com
2015-01-09, 21:05:15	549 - stigler@informacittafirenze.it
2015-01-09, 21:05:16	550 - andrea@zurli.it
2015-01-09, 21:05:16	551 - annakra@libero.it
2015-01-09, 21:05:17	552 - annabondi2@libero.it
2015-01-09, 21:05:18	553 - anna.giatti@fstfirenze.it
2015-01-09, 21:05:18	554 - annamannini@gmail.com
2015-01-09, 21:05:19	555 - amgabbrielli@virgilio.it
2015-01-09, 21:05:19	556 - ape.goretti@alice.it
2015-01-09, 21:05:20	557 - avvannasantini@yahoo.it
2015-01-09, 21:05:21	558 - annamaria.agostino@unifi.it
2015-01-09, 21:05:21	559 - annegrethoehler@gmx.de
2015-01-09, 21:05:22	560 - lellaarena@gmail.com
2015-01-09, 21:05:23	561 - arena@pittimmagine.com
2015-01-09, 21:05:23	562 - antonella.caponnetto@comune.fi.it
2015-01-09, 21:05:24	563 - antonellafazio@fastwebnet.it
2015-01-09, 21:05:24	565 - antoniocannata@gmail.com
2015-01-09, 21:05:25	566 - antoort@tin.it
2015-01-09, 21:05:25	567 - a.baracchi@tin.it
2015-01-09, 21:05:26	568 - sociale@arcifirenze.it
2015-01-09, 21:05:27	569 - vaballe@gmail.com
2015-01-09, 21:05:27	570 - moreno.balzani@telecomitalia.it
2015-01-09, 21:05:28	571 - bcasini@hotmail.com
2015-01-09, 21:05:28	572 - iadbar@alice.it
2015-01-09, 21:05:29	573 - paolobartolini@tin.it
2015-01-09, 21:05:30	574 - stefanobenifei@libero.it
2015-01-09, 21:05:31	575 - benvenuti@arcifirenze.it
2015-01-09, 21:05:31	576 - beppedati@email.it
2015-01-09, 21:05:31	577 - tirinnanzi@iol.it
2015-01-09, 21:05:32	578 - bernardoguerra@live.it
2015-01-09, 21:05:33	581 - brahima@libero.it
2015-01-09, 21:05:33	582 - sbrondi@alice.it
2015-01-09, 21:05:34	583 - lafattoriadibruni@virgilio.it
2015-01-09, 21:05:34	585 - prometeus1980@hotmail.it
2015-01-09, 21:05:35	587 - casasua14@gmail.com
2015-01-09, 21:05:36	588 - casparis@pittimmagine.com
2015-01-09, 21:05:36	589 - chiarat@cheapnet.it
2015-01-09, 21:05:37	590 - c.brilli@controradio.it
2015-01-09, 21:05:38	591 - chiara.trinciavelli@gmail.com
2015-01-09, 21:05:38	592 - cinotri@tin.it
2015-01-09, 21:05:39	593 - societaperleidee@gmail.com
2015-01-09, 21:05:39	594 - info@claudiogiovagnoli.it
2015-01-09, 21:05:40	595 - claudio@bext.com
2015-01-09, 21:05:40	596 - claudiotilesi@gmail.com
2015-01-09, 21:05:41	597 - clorella.leni@tin.it
2015-01-09, 21:05:42	598 - consorzio.arci@libero.it
2015-01-09, 21:05:42	599 - cultura@ilcorriereonline.it
2015-01-09, 21:05:43	600 - cosimomarchese@hotmail.com
2015-01-09, 21:05:43	601 - costanzanocentini@hotmail.com
2015-01-09, 21:05:44	602 - cristian.sardelli@gmail.com
2015-01-09, 21:05:45	603 - cristianabudillon@libero.it
2015-01-09, 21:05:45	604 - crisfil08@yahoo.it
2015-01-09, 21:05:46	605 - cristinaitaliani@tiscali.it
2015-01-09, 21:05:46	606 - cris.italiani@gmail.com
2015-01-09, 21:05:47	607 - rdaidone@libero.it
2015-01-09, 21:05:48	608 - d.pelati@fastwebnet.it
2015-01-09, 21:05:49	609 - daniela.dedonno@janegoodall-italia.org
2015-01-09, 21:05:49	610 - dduse@hotmail.com
2015-01-09, 21:05:49	612 - danielalip@hotmail.com
2015-01-09, 21:05:50	613 - matta.daniela@yahoo.it
2015-01-09, 21:05:51	615 - d.tartaglia@socialdesign.eu
2015-01-09, 21:05:51	616 - dunia@dada.it
2015-01-09, 21:05:52	617 - conti@cnatoscana.it
2015-01-09, 21:05:52	618 - pelati.gosport@virgilio.it
2015-01-09, 21:05:53	619 - d.sordi@tin.it
2015-01-09, 21:05:54	620 - danilo_morini@libero.it
2015-01-09, 21:05:54	621 - cecchini3000@gmail.com
2015-01-09, 21:05:55	622 - vicesindaco@comune.fi.it
2015-01-09, 21:05:55	623 - demudav@tiscali.it
2015-01-09, 21:05:56	624 - davis.franceschini@dada.it
2015-01-09, 21:05:57	625 - roberto.dephilippis@unifi.it
2015-01-09, 21:05:57	626 - 3gnometti@gmail.com
2015-01-09, 21:05:58	627 - S.Degl'Innocenti@quadrifoglio.org
2015-01-09, 21:05:58	628 - dego.carra2@gmail.com
2015-01-09, 21:05:59	629 - l.dicoverciano@libero.it
2015-01-09, 21:06:00	630 - direzione.iicpraga@esteri.it
2015-01-09, 21:06:01	631 - direzione@teatrodellapergola.com
2015-01-09, 21:06:01	632 - drinamoretti@gmail.com
2015-01-09, 21:06:01	633 - dcbertini@usa.net
2015-01-09, 21:06:02	634 - ducezio@iol.it
2015-01-09, 21:06:03	635 - strianoc@posteitaliane.it
2015-01-09, 21:06:03	636 - elena.migliorati@gmail.com
2015-01-09, 21:06:04	637 - rebeldemaisha@gmail.com
2015-01-09, 21:06:04	638 - elisagagliardi@tuscaninstitute.it
2015-01-09, 21:06:05	639 - elisabettamanuelli@garzondi.com
2015-01-09, 21:06:06	640 - elisabettasiani@msservizi.it
2015-01-09, 21:06:06	641 - emanuele.torquati@gmail.com
2015-01-09, 21:06:07	642 - emanuele.parrini1@virgilio.it
2015-01-09, 21:06:07	643 - culturaesteri@mail.regione.toscana.it
2015-01-09, 21:06:08	644 - enrico@lucianobenini.it
2015-01-09, 21:06:09	645 - flogfi@virgilio.it
2015-01-09, 21:06:09	646 - enzo.boddi@libero.it
2015-01-09, 21:06:10	647 - enzomileo@tin.it
2015-01-09, 21:06:10	648 - ermannocirri@hotmail.com
2015-01-09, 21:06:11	649 - ettorebonafe@libero.it
2015-01-09, 21:06:12	650 - evaige@riseup.net
2015-01-09, 21:06:12	651 - eventi.iicankara@esteri.it
2015-01-09, 21:06:14	652 - musica@fabbricaeuropa.net
2015-01-09, 21:06:14	653 - laurenzi.fabiana@gmail.com
2015-01-09, 21:06:14	654 - lupifabio63@gmail.com
2015-01-09, 21:06:15	655 - info@fabiomorgera.com
2015-01-09, 21:06:15	656 - fabriziomorga@libero.it
2015-01-09, 21:06:16	657 - facchiniluca@hotmail.com
2015-01-09, 21:06:16	658 - farhad_orouji@yahoo.com
2015-01-09, 21:06:17	659 - federica.marti@virgilio.it
2015-01-09, 21:06:18	660 - info@federicobertelli.com
2015-01-09, 21:06:18	661 - stramortimer@tiscali.it
2015-01-09, 21:06:19	662 - bagatelle_contemporary@yahoo.it
2015-01-09, 21:06:19	663 - filippopedol@alice.it
2015-01-09, 21:06:20	664 - redazione@firenzespettacolo.it
2015-01-09, 21:06:21	665 - auditorium1@virgilio.it
2015-01-09, 21:06:21	666 - fosco.damelio@gmail.com
2015-01-09, 21:06:22	667 - frabernardini@libero.it
2015-01-09, 21:06:22	668 - francesca@francescabreschi.it
2015-01-09, 21:06:23	669 - fra.campigli@gmail.com
2015-01-09, 21:06:24	670 - chiavacci@arci.it
2015-01-09, 21:06:24	671 - francentri@inwind.it
2015-01-09, 21:06:26	672 - simone.franceschi@infogroup.it
2015-01-09, 21:06:26	673 - francescobassi@tin.it
2015-01-09, 21:06:26	674 - birardifrancesco@gmail.com
2015-01-09, 21:06:27	675 - francescodonnini@hotmail.com
2015-01-09, 21:06:27	676 - uffstampa@amicimusica.fi.it
2015-01-09, 21:06:28	678 - fmaccia@tiscali.it
2015-01-09, 21:06:28	679 - magnuz@stazionilunari.com
2015-01-09, 21:06:29	680 - michi@arteco.org
2015-01-09, 21:06:30	681 - francoshiatsu@tele2.it
2015-01-09, 21:06:30	682 - franco.busignani@alice.it
2015-01-09, 21:06:31	683 - franave55@gmail.com
2015-01-09, 21:06:31	684 - jbpinza@tin.it
2015-01-09, 21:06:32	685 - frannagiu@hotmail.com
2015-01-09, 21:06:33	687 - f.paloscia@repubblica.it
2015-01-09, 21:06:33	688 - gabriele.bartolucci@gmail.com
2015-01-09, 21:06:34	689 - g.bonomo@sugarmusic.com
2015-01-09, 21:06:34	690 - buondonno@chianticlassico.com
2015-01-09, 21:06:35	691 - g.torcia@dfc.unifi.it
2015-01-09, 21:06:36	692 - gige@dada.it
2015-01-09, 21:06:37	693 - gerardo.caso@asftoscana.it
2015-01-09, 21:06:37	695 - gdebastiani@gmail.com
2015-01-09, 21:06:37	696 - cda@comune.pontassieve.fi.it
2015-01-09, 21:06:38	697 - giada23@tin.it
2015-01-09, 21:06:39	698 - info@mauriziogiammarco.com
2015-01-09, 21:06:39	699 - gianluigi_destefanis@yahoo.it
2015-01-09, 21:06:40	700 - g.cardini@hotmail.it
2015-01-09, 21:06:40	701 - fantafesta2@yahoo.it
2015-01-09, 21:06:41	702 - gc802001@yahoo.it
2015-01-09, 21:06:42	703 - gianfranconarracci@hotmail.com
2015-01-09, 21:06:42	704 - gdibernardo@agenti.manzoni.it
2015-01-09, 21:06:43	705 - giannatarchi@gmail.com
2015-01-09, 21:06:43	706 - gianni.grisolia@alice.it
2015-01-09, 21:06:44	707 - giannipini@eventimusicpool.it
2015-01-09, 21:06:45	709 - gignoromotorio@diaconiavaldese.org
2015-01-09, 21:06:45	710 - Gilberto.Cecchini@unipolbanca.it
2015-01-09, 21:06:46	711 - giorgia.giovannetti@unifi.it
2015-01-09, 21:06:46	712 - giorgio.bassi@promotorifinecobank.it
2015-01-09, 21:06:47	713 - giorgio.prandi59@gmail.com
2015-01-09, 21:06:48	715 - giovacchini@pittimmagine.com
2015-01-09, 21:06:49	716 - jobertolino@tiscali.it
2015-01-09, 21:06:49	717 - gbmusic@bigazzimusic.com
2015-01-09, 21:06:49	718 - giovavoz@tin.it
2015-01-09, 21:06:50	719 - gisella.pasquini@hotmail.it
2015-01-09, 21:06:51	720 - gisella.pasquini@carige.it
2015-01-09, 21:06:51	721 - info@nuovieventimusicali.it
2015-01-09, 21:06:52	722 - wigna@dada.it
2015-01-09, 21:06:52	723 - gloria.salviati@alice.it
2015-01-09, 21:06:53	724 - glorialucchesiasso@gmail.com
2015-01-09, 21:06:54	725 - graziabonini@alice.it
2015-01-09, 21:06:54	726 - g.dei@katamail.com
2015-01-09, 21:06:55	727 - g.menicatti@alice.it
2015-01-09, 21:06:55	728 - gregoriomoppi@katamail.com
2015-01-09, 21:06:56	729 - gregorionardi@interfree.it
2015-01-09, 21:06:57	731 - hamadachadli@hotmail.it
2015-01-09, 21:06:57	732 - iacopo23@gmail.com
2015-01-09, 21:06:58	733 - lorella.romagnoli@ilgiornaledellatoscana.it
2015-01-09, 21:06:59	735 - immobiliareburgassi@gmail.com
2015-01-09, 21:06:59	736 - info@musipolitana.it
2015-01-09, 21:07:00	737 - info@area-clienti.com
2015-01-09, 21:07:00	738 - info@florencenewspaper.it
2015-01-09, 21:07:01	739 - info@musicfactorylive.it
2015-01-09, 21:07:01	740 - info@villapalagio.it
2015-01-09, 21:07:02	741 - infogiov@comune.fi.it
2015-01-09, 21:07:03	742 - informagiovani.fi@gmail.com
2015-01-09, 21:07:03	743 - informale@libero.it
2015-01-09, 21:07:04	744 - i.coccia@comune.fi.it
2015-01-09, 21:07:04	745 - direzione@istitutofrancese.it
2015-01-09, 21:07:05	747 - info@jacopomartini.com
2015-01-09, 21:07:06	748 - munz.jr@gmail.com
2015-01-09, 21:07:06	749 - info@biellajazzclub.com
2015-01-09, 21:07:07	750 - jazzclub@mobilia.it
2015-01-09, 21:07:07	751 - combojazzclub@libero.it
2015-01-09, 21:07:08	752 - modenajazzclub@iol.it
2015-01-09, 21:07:09	753 - info@jazzclub.torino.it
2015-01-09, 21:07:09	754 - info@jazzchalet.com
2015-01-09, 21:07:11	755 - info@panicjazzclub.com
2015-01-09, 21:07:11	756 - redazione@jazzcolours.it
2015-01-09, 21:07:11	757 - joy.devito@gmail.com
2015-01-09, 21:07:12	758 - l.cappelli@gialexong.com
2015-01-09, 21:07:12	759 - labottegadellacquaforte@tin.it
2015-01-09, 21:07:13	760 - cronacafi@lanazione.net
2015-01-09, 21:07:13	761 - firenze@repubblica.it
2015-01-09, 21:07:14	762 - lara.brocca@janegoodall-italia.org
2015-01-09, 21:07:15	763 - lastraioli@interfree.it
2015-01-09, 21:07:15	764 - laura.mauric@gmail.com
2015-01-09, 21:07:16	765 - laura.righi08@gmail.com
2015-01-09, 21:07:16	766 - venturi@los-tudio.com
2015-01-09, 21:07:17	767 - raffaellopareti@alice.it
2015-01-09, 21:07:18	768 - leonardo.bonini@tin.it
2015-01-09, 21:07:18	769 - l.piccioli@tin.it
2015-01-09, 21:07:19	770 - leonardo.pieri@yahoo.it
2015-01-09, 21:07:19	771 - leonardovolo@hotmail.com
2015-01-09, 21:07:21	772 - letizia.cini@lanazione.it
2015-01-09, 21:07:21	773 - info@lacitelibreria.it
2015-01-09, 21:07:21	774 - l.grueff@libero.it
2015-01-09, 21:07:22	775 - lisagi@tiscali.it
2015-01-09, 21:07:22	776 - giardinellil@gmail.com
2015-01-09, 21:07:23	777 - aranguren58@gmail.com
2015-01-09, 21:07:24	778 - jbobin@tin.it
2015-01-09, 21:07:24	779 - accolturato@gmail.com
2015-01-09, 21:07:25	780 - mc.lagreca@virgilio.it
2015-01-09, 21:07:25	781 - sinapsidibiru@libero.it
2015-01-09, 21:07:26	782 - papessa.veg@gmail.com
2015-01-09, 21:07:27	783 - 3476622872@email.it
2015-01-09, 21:07:27	784 - jodown@tin.it
2015-01-09, 21:07:28	785 - qyrano@gmail.com
2015-01-09, 21:07:28	786 - cussottocri@yahoo.it
2015-01-09, 21:07:29	787 - l.giacomi@forresthillrecords.com
2015-01-09, 21:07:30	788 - lopallini@libero.it
2015-01-09, 21:07:30	790 - lorenza.centola@gmail.com
2015-01-09, 21:07:31	791 - lorenzoballini@tiscali.it
2015-01-09, 21:07:32	792 - lorenzo.forti@alice.it
2015-01-09, 21:07:32	793 - loreghera@gmail.com
2015-01-09, 21:07:33	794 - loresol@tiscali.it
2015-01-09, 21:07:33	795 - luca.debiase@alice.it
2015-01-09, 21:07:34	796 - luca@magrini.net
2015-01-09, 21:07:34	797 - lucaberni@dada.it
2015-01-09, 21:07:35	798 - lucadivolo@tiscali.it
2015-01-09, 21:07:36	799 - luca.fantini83@gmail.com
2015-01-09, 21:07:36	800 - lucajelly71@gmail.com
2015-01-09, 21:07:37	801 - magro@dada.it
2015-01-09, 21:07:37	802 - lucamarianini@gmail.com
2015-01-09, 21:07:38	803 - lucapagnini@tiscali.it
2015-01-09, 21:07:39	804 - zanzanluca@gmail.com
2015-01-09, 21:07:39	805 - luca_cai@virgilio.it
2015-01-09, 21:07:40	806 - lucia.calzolari.rudl@mac.com
2015-01-09, 21:07:40	807 - lucia.calzolari.rudl@me.com
2015-01-09, 21:07:41	808 - lpelatti@firenze.cna.it
2015-01-09, 21:07:42	810 - lucrezia@lu-nation.com
2015-01-09, 21:07:42	811 - pilarmadd@gmail.com
2015-01-09, 21:07:43	812 - info@maieutike.net
2015-01-09, 21:07:43	813 - management@musipolitana.it
2015-01-09, 21:07:44	814 - Piero.Mannini@fao.org
2015-01-09, 21:07:46	815 - marco.r2002@libero.it
2015-01-09, 21:07:46	816 - marco@magrini.net
2015-01-09, 21:07:46	817 - mbaroncini@yahoo.it
2015-01-09, 21:07:46	818 - m.barsanti1@virgilio.it
2015-01-09, 21:07:47	819 - marco.bini2004@gmail.com
2015-01-09, 21:07:48	820 - marcocattarossi@virgilio.it
2015-01-09, 21:07:48	821 - fancelli2@interfree.it
2015-01-09, 21:07:49	822 - marco.gelli@libero.it
2015-01-09, 21:07:49	823 - marcowar53@gmail.com
2015-01-09, 21:07:50	824 - mlamioni@silence.it
2015-01-09, 21:07:51	825 - lamionimarco@gmail.com
2015-01-09, 21:07:51	826 - m.morandi@katamail.com
2015-01-09, 21:07:52	827 - ben@bianchienardi.it
2015-01-09, 21:07:52	828 - polo@immobilifirenze.com
2015-01-09, 21:07:53	829 - marcosiani@msservizi.it
2015-01-09, 21:07:54	830 - info@marcotriarico.com
2015-01-09, 21:07:54	831 - mail@tarantella-scalza.de
2015-01-09, 21:07:55	832 - margherita.damelio@googlemail.com
2015-01-09, 21:07:55	833 - mloscerbo@libero.it
2015-01-09, 21:07:56	834 - mariapalme@gmail.com
2015-01-09, 21:07:58	835 - mptoscano@tiscali.it
2015-01-09, 21:07:58	836 - marina.bistolfi@gmail.com
2015-01-09, 21:07:58	837 - formazione@fabbricaeuropa.net
2015-01-09, 21:07:58	838 - marina.ciappi@poste.it
2015-01-09, 21:07:59	840 - m.bufano@controradio.it
2015-01-09, 21:08:00	841 - evangelista.mar@gmail.com
2015-01-09, 21:08:00	842 - marta.dipuccio@yahoo.it
2015-01-09, 21:08:01	843 - marti.bombetta@hotmail.it
2015-01-09, 21:08:01	844 - mary.arcuri@gmail.com
2015-01-09, 21:08:02	845 - marzia.frediani@arci.it
2015-01-09, 21:08:03	846 - m.calderai@libero.it
2015-01-09, 21:08:03	847 - gramigni@assomusica.org
2015-01-09, 21:08:04	848 - innocenti.cer@virgilio.it
2015-01-09, 21:08:05	849 - maxrastrelli@alice.it
2015-01-09, 21:08:05	850 - massimosantini53@alice.it
2015-01-09, 21:08:06	851 - m.ercolanelli@tin.it
2015-01-09, 21:08:06	852 - matilde.c94@gmail.com
2015-01-09, 21:08:07	853 - matteo@florenceandabroad.com
2015-01-09, 21:08:07	854 - matthiasschubert@online.de
2015-01-09, 21:08:08	855 - matthew_carrera@hotmail.it
2015-01-09, 21:08:09	856 - maurizio@creativebrains.it
2015-01-09, 21:08:09	857 - mauro.grossi@tin.it
2015-01-09, 21:08:10	858 - ginnasticailpoggetto@alice.it
2015-01-09, 21:08:10	861 - michbar@tele2.it
2015-01-09, 21:08:11	862 - michee@hotmail.it
2015-01-09, 21:08:12	863 - cs@indie-eye.it
2015-01-09, 21:08:12	864 - m.ignelzi@tin.it
2015-01-09, 21:08:13	865 - michelemanzotti@lanazione.it
2015-01-09, 21:08:13	866 - michelepapadia@hotmail.com
2015-01-09, 21:08:14	867 - mikestain@hotmail.com
2015-01-09, 21:08:16	868 - miketurk@tinsandwichmusic.com
2015-01-09, 21:08:16	869 - milneaz@hotmail.com
2015-01-09, 21:08:16	870 - cirkoguerrini@gmail.com
2015-01-09, 21:08:16	871 - info@spbstudio.it
2015-01-09, 21:08:17	873 - morenoniccolai@virgilio.it
2015-01-09, 21:08:18	874 - stefano@morinisport.it
2015-01-09, 21:08:18	875 - musicus@dada.it
2015-01-09, 21:08:19	876 - fanutti@dada.it
2015-01-09, 21:08:19	877 - neri.torrigiani@torrigiani.com
2015-01-09, 21:08:20	878 - mabenvenuti@gmail.com
2015-01-09, 21:08:21	879 - nicconerb@gmail.com
2015-01-09, 21:08:21	880 - nicola@eipe.it
2015-01-09, 21:08:22	881 - nicola.cellai@gmail.com
2015-01-09, 21:08:22	882 - nicola.maccianti@libero.it
2015-01-09, 21:08:23	883 - nikizazzeri@yahoo.it
2015-01-09, 21:08:24	884 - nicolettamanzini@libero.it
2015-01-09, 21:08:24	885 - ninogioia@gmail.com
2015-01-09, 21:08:25	886 - amministrazionenovaradio@arcifirenze.it
2015-01-09, 21:08:25	888 - orianabaroncelli@libero.it
2015-01-09, 21:08:27	889 - pantanigianluca@gmail.com
2015-01-09, 21:08:27	890 - paola-amadio@tiscali.it
2015-01-09, 21:08:27	891 - paoladili@virgilio.it
2015-01-09, 21:08:28	892 - papinipaola@supereva.it
2015-01-09, 21:08:28	893 - pabillo@libero.it
2015-01-09, 21:08:29	894 - carradori@inwind.it
2015-01-09, 21:08:30	895 - giampaolo.casu@libero.it
2015-01-09, 21:08:30	896 - db@paolo.dellabella.name
2015-01-09, 21:08:31	898 - paologuidotti@hotmail.it
2015-01-09, 21:08:31	899 - info@paolomari.net
2015-01-09, 21:08:32	900 - p.russo@repubblica.it
2015-01-09, 21:08:33	901 - pasquale.rimolo@poste.it
2015-01-09, 21:08:33	902 - stampa@teatrodellapergola.com
2015-01-09, 21:08:34	903 - bradpeter@virgilio.it
2015-01-09, 21:08:34	904 - info@piccoliprincipiteatro.it
2015-01-09, 21:08:35	905 - pierluigivannucchi@gmail.com
2015-01-09, 21:08:36	906 - pieroborri@gmail.com
2015-01-09, 21:08:36	907 - pierobronzi@gmail.com
2015-01-09, 21:08:37	908 - sorrepino@libero.it
2015-01-09, 21:08:37	909 - pippissimo88@hotmail.it
2015-01-09, 21:08:39	910 - pirilla@alice.it
2015-01-09, 21:08:39	911 - pmaccia@inwind.it
2015-01-09, 21:08:39	912 - raffabelli@yahoo.it
2015-01-09, 21:08:40	913 - al.severi@rai.it
2015-01-09, 21:08:40	914 - renatocordovani@alice.it
2015-01-09, 21:08:41	915 - renzo_roselli@libero.it
2015-01-09, 21:08:42	916 - info@toscanaclassica.net
2015-01-09, 21:08:42	917 - r.innocenti@lofficinapsicoacustica.it
2015-01-09, 21:08:43	918 - info@promowine.it
2015-01-09, 21:08:43	919 - riccardo.ciolino@email.com
2015-01-09, 21:08:44	920 - riccardodellocchio@virgilio.it
2015-01-09, 21:08:45	921 - riccardo_galimberti@live.it
2015-01-09, 21:08:45	922 - rc@nestiblack.it
2015-01-09, 21:08:46	923 - onorius@virgilio.it
2015-01-09, 21:08:46	924 - riccardosaveri@virgilio.it
2015-01-09, 21:08:47	925 - rferrazza2000@yahoo.it
2015-01-09, 21:08:48	926 - roberta.ferrazza@esteri.it
2015-01-09, 21:08:48	927 - arovida@tiscalinet.it
2015-01-09, 21:08:50	928 - roberta.serni@istruzione.it
2015-01-09, 21:08:50	929 - libusati@iol.it
2015-01-09, 21:08:50	930 - rob.scheggia@libero.it
2015-01-09, 21:08:51	931 - roberto_benvenuti2003@yahoo.it
2015-01-09, 21:08:51	932 - roboconti@libero.it
2015-01-09, 21:08:52	933 - info@rmprogetti.it
2015-01-09, 21:08:52	934 - manrob1999@yahoo.it
2015-01-09, 21:08:53	935 - bobnistri@gmail.com
2015-01-09, 21:08:54	936 - rodolfosarli@yahoo.it
2015-01-09, 21:08:54	937 - romana.bellato@gmail.com
2015-01-09, 21:08:55	939 - rosippo@tiscali.it
2015-01-09, 21:08:55	941 - rubencha@virgilio.it
2015-01-09, 21:08:56	942 - saxofono@alice.it
2015-01-09, 21:08:57	943 - jazz@morinisport.it
2015-01-09, 21:08:57	944 - scuola.verdi@comune.prato.it
2015-01-09, 21:08:58	945 - dicomano@scuolacomunaledimusica.it
2015-01-09, 21:08:58	946 - smcpontassieve@tiscali.it
2015-01-09, 21:08:59	947 - info@scuoladimusicasesto.it
2015-01-09, 21:09:00	948 - musica@comune.poggibonsi.si.it
2015-01-09, 21:09:00	949 - sdipuccio@hotmail.it
2015-01-09, 21:09:01	950 - segreteria.arcifirenze@gmail.com
2015-01-09, 21:09:02	951 - segreteria@firenzespettacolo.it
2015-01-09, 21:09:02	952 - lsantoni@firenze.cna.it
2015-01-09, 21:09:03	953 - sentieriacustici@gmail.com
2015-01-09, 21:09:03	954 - sermot@alice.it
2015-01-09, 21:09:04	955 - shahrzad_orouji@yahoo.com
2015-01-09, 21:09:04	956 - Cristina.Siani@infrontsports.com
2015-01-09, 21:09:05	957 - silvanopanichi@gmail.com
2015-01-09, 21:09:06	958 - santini.silvia391@tiscali.it
2015-01-09, 21:09:06	959 - simonapiccioli@tiscali.it
2015-01-09, 21:09:07	960 - fallaci@dada.it
2015-01-09, 21:09:07	961 - simonegraziano79@yahoo.it
2015-01-09, 21:09:08	963 - smnsnt68@gmail.com
2015-01-09, 21:09:09	964 - soniacomoni@virgilio.it
2015-01-09, 21:09:09	965 - stefania.doni@gmail.com
2015-01-09, 21:09:10	966 - ste.dell@hotmail.com
2015-01-09, 21:09:10	967 - tatami33@virgilio.it
2015-01-09, 21:09:11	968 - s.bartoli@fastwebnet.it
2015-01-09, 21:09:12	969 - stefdemarco@hotmail.it
2015-01-09, 21:09:12	970 - direzione@scandiccicultura.org
2015-01-09, 21:09:14	971 - contart@dinonet.it
2015-01-09, 21:09:14	972 - stefanomagnolfi@hotmail.com
2015-01-09, 21:09:14	973 - stefano.mangani@unisi.it
2015-01-09, 21:09:15	974 - negri.s@tele2.it
2015-01-09, 21:09:15	975 - stefanoonorati@gmail.com
2015-01-09, 21:09:16	976 - stefanorapicavoli@gmail.com
2015-01-09, 21:09:16	977 - formazione@stefanorusso.it
2015-01-09, 21:09:17	978 - lupomaremmano@katamail.com
2015-01-09, 21:09:18	980 - szenni@tin.it
2015-01-09, 21:09:18	981 - studiorap@libero.it
2015-01-09, 21:09:19	982 - susannastigler@gmail.com
2015-01-09, 21:09:19	983 - susannastigler@informacitta.net
2015-01-09, 21:09:20	984 - susanna.crociani@libero.it
2015-01-09, 21:09:21	985 - info@susybellucci.com
2015-01-09, 21:09:22	986 - t.coppi@mail.regione.toscana.it
2015-01-09, 21:09:22	987 - tamara.coppiceccantini@regione.toscana.it
2015-01-09, 21:09:22	988 - promo@teatrodellalimonaia.it
2015-01-09, 21:09:23	989 - comunicazione@teatrodellapergola.com
2015-01-09, 21:09:24	990 - info@metastasio.it
2015-01-09, 21:09:24	991 - infoteatro@scandiccicultura.it
2015-01-09, 21:09:25	992 - tolminomarianini@yahoo.it
2015-01-09, 21:09:25	993 - info@toscanamusiche.it
2015-01-09, 21:09:26	994 - trinciavelli@effe2srl.it
2015-01-09, 21:09:27	995 - culturaq2@comune.fi.it
2015-01-09, 21:09:27	997 - valentino.s@alice.it
2015-01-09, 21:09:28	998 - vmorelliit@yahoo.it
2015-01-09, 21:09:28	999 - striano@arci.it
2015-01-09, 21:09:29	1000 - vorsetti@hotmail.com
2015-01-09, 21:09:30	1001 - wilmasperanzini@gmail.com
2015-01-09, 21:09:30	1002 - info@spazioalfieri.it
2015-01-09, 21:09:31	1003 - florencematerassi@alice.it
2015-01-09, 21:09:31	1004 - queidellapera@gmail.com
2015-01-09, 21:09:32	1006 - giuliostracciati@hotmail.it
2015-01-09, 21:09:33	1008 - sergio-rizzo@hotmail.it
2015-01-09, 21:09:34	1009 - casa@globeit.it
2015-01-09, 21:09:34	1011 - frasi54@tiscali.it
2015-01-09, 21:09:34	1012 - sanjeev@tin.it
2015-01-09, 21:09:35	1013 - lorellagrecu@gmail.com
2015-01-09, 21:09:36	1015 - nunziati@alice.it
2015-01-09, 21:09:36	1017 - ludolegend@libero.it
2015-01-09, 21:09:37	1018 - marco.lani84@gmail.com
2015-01-09, 21:09:37	1019 - margherithouse@hotmail.it
2015-01-09, 21:09:38	1020 - n.vallese@gmail.com
2015-01-09, 21:09:39	1021 - giuseppe.dipietro50@gmail.com
2015-01-09, 21:09:39	1022 - mattia.ceccantini@email.it
2015-01-09, 21:09:40	1024 - brownmassimo@gmail.com
2015-01-09, 21:09:40	1026 - annamariabaccellini@vodafone.it
2015-01-09, 21:09:41	1027 - damore.stefania@gmail.com
2015-01-09, 21:09:42	1028 - lisehertz@gmail.com
2015-01-09, 21:09:42	1029 - massimo.tempesti@gmail.com
2015-01-09, 21:09:44	1030 - ema19e87@yahoo.it
2015-01-09, 21:09:44	1031 - lorenzo.bagnoli@hotmail.it
2015-01-09, 21:09:44	1032 - otta.giulio@gmail.com
2015-01-09, 21:09:45	1033 - otta.giulio@gmail.com
2015-01-09, 21:09:45	1034 - irene.stolzi@unifi.it
2015-01-09, 21:09:46	1035 - rosannariccio@yahoo.it
2015-01-09, 21:09:46	1036 - patrizia.seravalli@gmail.com
2015-01-09, 21:09:47	1037 - piccini.a@gmail.com
2015-01-09, 21:09:48	1038 - mazzanti.maurizio@gmail.com
2015-01-09, 21:09:48	1039 - f.beghi@centroseta.it
2015-01-09, 21:09:49	1040 - rmartini@libero.it
2015-01-09, 21:09:49	1041 - mari_palom@yahoo.it
2015-01-09, 21:09:50	1042 - bobpratellesi@yahoo.it
2015-01-09, 21:09:51	1043 - laura.mattioli@asf.toscana.it
2015-01-09, 21:09:51	1044 - laura.mattioli@asf.toscana.it
2015-01-09, 21:09:52	1045 - alessandromedda.music@gmail.com
2015-01-09, 21:09:52	1047 - robertadoni60@gmail.com
2015-01-09, 21:09:53	1048 - l.argenziano@yahoo.it
2015-01-09, 21:09:55	1049 - nachibana23@gmail.com
2015-01-09, 21:09:55	1051 - simobrilli@live.it
2015-01-09, 21:09:55	1053 - elisabetta.lucherini@gmail.com
2015-01-09, 21:09:55	1055 - ludolegend@libero.it
2015-01-09, 21:09:56	1056 - galletti.lorenzo98@gmail.com
2015-01-09, 21:09:57	1058 - manrob1999@yahoo.it
2015-01-09, 21:09:57	1059 - daniluk.dado@gmail.com
2015-01-09, 21:09:58	1060 - qui-e-ora@libero.it
2015-01-09, 21:09:58	1061 - fabiozini@alice.it
2015-01-09, 21:09:59	1062 - maurizio.delmastro@gmail.com
2015-01-09, 21:10:00	1064 - laura@mannuccisrl.it
2015-01-09, 21:10:00	1065 - cl.rusconi@gmail.com
2015-01-09, 21:10:01	1066 - machibana23@gmail.it
2015-01-09, 21:10:01	1067 - gaguz1999@gmail.com
2015-01-09, 21:10:02	1068 - gabriele_baratto@libero.it
2015-01-09, 21:10:03	1069 - gennarogiustino@libero.it
2015-01-09, 21:10:03	1070 - anna.basagni@hotmail.it
2015-01-09, 21:10:04	1071 - mniccolai22@gmail.com
2015-01-09, 21:10:05	1074 - scioni57@libero.it
2015-01-09, 21:10:05	1075 - simonagraz@libero.it
2015-01-09, 21:10:06	1076 - info@agriturismocirene.com
2015-01-09, 21:10:06	1077 - andrea.botto@libero.it
2015-01-09, 21:10:07	1078 - borraniantonio@gmail.com
2015-01-09, 21:10:07	1079 - giorgio.varalli@fastwebnet.it
2015-01-09, 21:10:08	1080 - paol.marini@tiscali.it
2015-01-09, 21:10:09	1081 - robmazzi26@gmail.com
2015-01-09, 21:10:09	1082 - ml.berenger@sfr.fr
2015-01-09, 21:10:10	1083 - fam.diste@alice.it
2015-01-09, 21:10:10	1084 - stonatina@gmail.com
2015-01-09, 21:10:11	1085 - umberto.tenaglia@alice.it
2015-01-09, 21:10:12	1086 - riccardoschillaci@msn.com
2015-01-09, 21:10:12	1087 - lombe2012@gmail.com
2015-01-09, 21:10:13	1088 - cingicinzia@yahoo.it
2015-01-09, 21:10:13	1089 - adrianalipsi@gmail.com
2015-01-09, 21:10:14	1090 - francescobarbani@gmail.com
2015-01-09, 21:10:15	1091 - dumm12bg@gmail.com
2015-01-09, 21:10:15	1092 - leomacaluso@libero.it
2015-01-09, 21:10:17	1093 - francy_andrea@yahoo.it
2015-01-09, 21:10:17	1094 - cate.glasser@gmail.com
2015-01-09, 21:10:17	1095 - cate.glasser@gmail.com
2015-01-09, 21:10:18	1096 - ila.zucconi@gmail.com
2015-01-09, 21:10:18	1097 - antosteph@alice.it
2015-01-09, 21:10:19	1098 - bobaoster@gmail.com
2015-01-09, 21:10:19	1099 - g.malevolti@gmail.com
2015-01-09, 21:10:20	1101 - tommypampa@libero.it
2015-01-09, 21:10:21	1102 - rossicarlo93@libero.it
2015-01-09, 21:10:21	1106 - francesco.crimeni59@gmail.com
2015-01-09, 21:10:22	1109 - mcorsini1966@libero.it
2015-01-09, 21:10:22	1110 - valeria.pezzati@gmail.com
2015-01-09, 21:10:23	1111 - f.barbara69@tin.it
2015-01-09, 21:10:24	1112 - franco.frati@gmail.com
2015-01-09, 21:10:24	1114 - senza@mail.it
2015-01-09, 21:10:25	1117 - lauracapecchi@alice.it
2015-01-09, 21:10:26	1118 - lucianacapasso@virgilio.it
2015-01-09, 21:10:26	1119 - lu-gal@hotmail.it
2015-01-09, 21:10:27	1120 - nicolucci@studiomichelangelo.it
2015-01-09, 21:10:27	1121 - gennarogiustino@libero.it
2015-01-09, 21:10:28	1122 - gennarogiustino@libero.it
2015-01-09, 21:10:28	1124 - alessandra.cortese68@gmail.com
2015-01-09, 21:10:29	1125 - cungicinzia@yahoo.it
2015-01-09, 21:10:30	1126 - melezappa@gmail.com
2015-01-09, 21:10:30	1127 - fusarco@gmail.com
2015-01-09, 21:10:31	1128 - giovanna.danza@unifi.it
2015-01-09, 21:10:31	1129 - marty1942@hotmail.it
2015-01-09, 21:10:32	1130 - francesco.martinelli@gmail.com
