2014-09-05, 17:00:02	

=================================================================

2014-09-05, 17:00:02	CAM CORSI 2014/15


2014-09-05, 17:00:02	1 - webmaster@globeit.it
2014-09-05, 17:00:03	2 - info@camfirenze.net
2014-09-05, 17:00:04	3 - g.porzilli@globeit.it
2014-09-05, 17:00:04	4 - jovinericcardo@inwind.it
2014-09-05, 17:00:05	5 - emilmast@tin.it
2014-09-05, 17:00:05	6 - m_bonaiuti@tin.it
2014-09-05, 17:00:06	7 - andreagheri@hotmail.com
2014-09-05, 17:00:07	8 - lenzi.giova@alice.it
2014-09-05, 17:00:07	9 - giuseppe.dipietro@bassilichi.it
2014-09-05, 17:00:09	10 - riccardoschillaci@msn.com
2014-09-05, 17:00:09	11 - pan.and@alice.it
2014-09-05, 17:00:09	12 - stefania.nin@unifi.it
2014-09-05, 17:00:10	13 - elianto96@alice.it
2014-09-05, 17:00:10	14 - ziopino@libero.it
2014-09-05, 17:00:11	15 - fidelegno@email.it
2014-09-05, 17:00:11	16 - nicolucci@studiomichelangelo.com
2014-09-05, 17:00:12	17 - mariapaolapaci@yahoo.it
2014-09-05, 17:00:13	18 - m.jennifer@hotmail.it
2014-09-05, 17:00:13	19 - eleonora.giovannini@hotmail.com
2014-09-05, 17:00:14	20 - federico-micheli@hotmail.it
2014-09-05, 17:00:14	21 - massimo.guidi@tiscali.it
2014-09-05, 17:00:15	22 - melli@melli.bs.it
2014-09-05, 17:00:16	23 - ccorazzi@sebia.it
2014-09-05, 17:00:17	24 - agf.aniko@libero.it
2014-09-05, 17:00:17	25 - giuliamo0601@alice.it
2014-09-05, 17:00:17	26 - gianni.ignesti@virgilio.it
2014-09-05, 17:00:18	27 - leonardo.alessi@tiscali.it
2014-09-05, 17:00:19	28 - manuel.ditardo@gmail.com
2014-09-05, 17:00:19	29 - fulviodori@yahoo.it
2014-09-05, 17:00:20	30 - silvia@rossellino.com
2014-09-05, 17:00:20	31 - cm25mia@yahoo.it
2014-09-05, 17:00:21	32 - vialefanti@libero.it
2014-09-05, 17:00:22	33 - lebuschi@gmail.com
2014-09-05, 17:00:22	34 - imbramat@yahoo.it
2014-09-05, 17:00:23	35 - goretti.gianluca@tiscali.it
2014-09-05, 17:00:23	36 - f.filesi@hotmail.it
2014-09-05, 17:00:24	37 - alessandro.dipuccio@alice.it
2014-09-05, 17:00:25	38 - jimmypeter2@hotmail.com
2014-09-05, 17:00:25	39 - serebaldi@tiscali.it
2014-09-05, 17:00:26	40 - barbe335@gmail.com
2014-09-05, 17:00:26	41 - wequaquet@yahoo.it
2014-09-05, 17:00:27	42 - maria.ricceri2@gmail.com
2014-09-05, 17:00:29	43 - luca.bersaglieri@gmail.com
2014-09-05, 17:00:29	44 - sara.fabbrizzi@virgilio.it
2014-09-05, 17:00:29	45 - scioni57@libero.it
2014-09-05, 17:00:29	46 - fradattolo@gmail.com
2014-09-05, 17:00:30	47 - fallaci@hotmail.it
2014-09-05, 17:00:31	48 - adrianalipsi@gmail.com
2014-09-05, 17:00:31	49 - antongiac@live.it
2014-09-05, 17:00:32	50 - silvia.guenda@gmail.com
2014-09-05, 17:00:32	51 - anna-cocco@virgilio.it
2014-09-05, 17:00:33	52 - theblacken@hotmail.it
2014-09-05, 17:00:34	53 - cosimolai@yahoo.it
2014-09-05, 17:00:34	54 - massimiliano.landi@gmail.com
2014-09-05, 17:00:35	55 - virginiamanco@yahoo.it
2014-09-05, 17:00:35	56 - piabar@alice.it
2014-09-05, 17:00:36	57 - ginettaccio356@gmail.com
2014-09-05, 17:00:37	58 - elena.mazzanti@gmail.com
2014-09-05, 17:00:37	59 - ppieri@hotmail.com
2014-09-05, 17:00:39	60 - philgrims@gmail.com
2014-09-05, 17:00:39	61 - ga.proto@tiscali.it
2014-09-05, 17:00:39	62 - gianluca.sodero@gmail.com
2014-09-05, 17:00:40	63 - cristinavaltriani@gmail.com
2014-09-05, 17:00:40	64 - francespletchan@gmail.com
2014-09-05, 17:00:41	65 - marco.mazzoni75@gmail.com
2014-09-05, 17:00:41	66 - lucrezia.mazzocchi@alice.it
2014-09-05, 17:00:42	67 - matticari.g@tiscali.it
2014-09-05, 17:00:43	68 - soniabertini@hotmail.it
2014-09-05, 17:00:43	69 - alicemanuguerra@libero.it
2014-09-05, 17:00:44	70 - nicco.angioni@yahoo.it
2014-09-05, 17:00:44	71 - etto1re@gmail.com
2014-09-05, 17:00:45	72 - cossusonny@libero.it
2014-09-05, 17:00:46	73 - cicali.filippo@gmail.com
2014-09-05, 17:00:46	74 - leobonechi@dada.it
2014-09-05, 17:00:47	75 - riccardo.levi@yahoo.it
2014-09-05, 17:00:47	76 - patrizia.seravalli@gmail.com
2014-09-05, 17:00:48	77 - brandini.tommaso@gmail.com
2014-09-05, 17:00:49	78 - sbartoli@fashion.it
2014-09-05, 17:00:50	79 - clarissa.bencini@gmail.com
2014-09-05, 17:00:50	80 - william.luzzi@gmail.com
2014-09-05, 17:00:50	81 - cecia92@hotmail.it
2014-09-05, 17:00:51	82 - andrea.giavarini@gmail.com
2014-09-05, 17:00:52	83 - peccino70@hotmail.it
2014-09-05, 17:00:52	84 - luna.decate@gmail.com
2014-09-05, 17:00:53	85 - ilaria.daddi@alice.it
2014-09-05, 17:00:53	86 - tommaso@zurli.it
2014-09-05, 17:00:54	87 - d.scapigliati@scapigliati.it
2014-09-05, 17:00:55	88 - annalisamencattini@virgilio.it
2014-09-05, 17:00:55	89 - giltel62@gmail.com
2014-09-05, 17:00:56	90 - rizzuti.daria@gmail.com
2014-09-05, 17:00:56	91 - andreacagnola1@gmail.com
2014-09-05, 17:00:57	92 - pampet@tiscali.it
2014-09-05, 17:00:58	93 - dittaduepi@libero.it
2014-09-05, 17:00:58	94 - albertomarrini@tiscali.it
2014-09-05, 17:00:59	95 - elisagaglirdi@tuscaniinstitute.it
2014-09-05, 17:01:00	96 - chiarasilvia.vill@gmail.com
2014-09-05, 17:01:00	97 - morillo1982@hotmail.it
2014-09-05, 17:01:01	98 - maeli68@hotmail.com
2014-09-05, 17:01:01	99 - patpenco1@mac.com
2014-09-05, 17:01:02	100 - serena.menicalli90@gmail.com
2014-09-05, 17:01:02	101 - giacomopipitone@icloud.com
2014-09-05, 17:01:03	102 - rossellaeleonardo@virgilio.it
2014-09-05, 17:01:04	103 - emilio.botto@libero.it
2014-09-05, 17:01:04	104 - e.macerini@gmail.com
2014-09-05, 17:01:05	105 - marcolamioni@mac.com
2014-09-05, 17:01:05	106 - robertacolla@simonemicheli.com
2014-09-05, 17:01:06	107 - sabrinapaladini@inwind.it
2014-09-05, 17:01:07	108 - arieccola@gmail.com
2014-09-05, 17:01:07	109 - passalacqua.fulvio@gmail.com
2014-09-05, 17:01:08	110 - ziopina@libero.it
2014-09-05, 17:01:08	111 - nera@atlavia.it
2014-09-05, 17:01:09	112 - frengo75tn@yahoo.it
2014-09-05, 17:01:10	113 - deglinnocentielisa@gmail.com
2014-09-05, 17:01:10	114 - france1611@yahoo.it
2014-09-05, 17:01:11	115 - niccolo.mugelli@gmail.com
2014-09-05, 17:01:12	116 - maxgiallo@tin.it
2014-09-05, 17:01:12	117 - giacomo.londi@hotmail.it
2014-09-05, 17:01:13	118 - lovesmusic@alice.it
2014-09-05, 17:01:13	119 - tabpalmieri@live.it
2014-09-05, 17:01:14	120 - francescogabrilelli@gmail.com
2014-09-05, 17:01:14	121 - regolus_81@hotmail.com
2014-09-05, 17:01:15	122 - walteriano@gmail.com
2014-09-05, 17:01:16	123 - riccardodefelice@gmail.com
2014-09-05, 17:01:16	124 - andpoliti@gmail.com
2014-09-05, 17:01:17	125 - pinogulli@alice.it
2014-09-05, 17:01:17	126 - andreacennini@yahoo.it
2014-09-05, 17:01:18	127 - lucilla_meucci@alice.it
2014-09-05, 17:01:19	128 - giulystairway@hotmail.it
2014-09-05, 17:01:19	129 - lploredana552@gmail.com
2014-09-05, 17:01:20	130 - a.roccatelli@gmail.com
2014-09-05, 17:01:20	131 - gottard@disia.unifit.it
2014-09-05, 17:01:21	132 - laura.mattioli@asf.toscana.it
2014-09-05, 17:01:22	133 - santellipaola@gmail.com
2014-09-05, 17:01:23	134 - elena.tartagli@yahoo.it
2014-09-05, 17:01:23	135 - laura.pagliantini@virgilio
2014-09-05, 17:01:23	136 - massy.a@tiscali.it
2014-09-05, 17:01:24	137 - amorosoluca@tiscali.it
2014-09-05, 17:01:25	138 - drummermichi@hotmail.it
2014-09-05, 17:01:25	139 - flaviano.apollonio@alice.it
2014-09-05, 17:01:26	140 - bib92@hotmail.it
2014-09-05, 17:01:26	141 - mattia.balconi@ge.com
2014-09-05, 17:01:27	142 - _marco_baldini@libero.it
2014-09-05, 17:01:28	143 - theking.3@hotmail.it
2014-09-05, 17:01:28	144 - maria.ricceri2@virgilio.it
2014-09-05, 17:01:29	145 - valentina.barlacchi@libero.it
2014-09-05, 17:01:29	146 - giannanenna03@yahoo.it
2014-09-05, 17:01:30	147 - paolobertocci@libero.it
2014-09-05, 17:01:31	148 - bmblsnmntsra@hotmail.it
2014-09-05, 17:01:31	149 - giacomo.boncompagni@obi.it
2014-09-05, 17:01:32	150 - antonio.branchi@moroshi.it
2014-09-05, 17:01:32	151 - carlottabusignani@yahoo.it
2014-09-05, 17:01:33	152 - iacopocangioli@yahoo.it
2014-09-05, 17:01:34	153 - timoteocarbone@gmail.com
2014-09-05, 17:01:34	154 - casalini_marco@libero.it
2014-09-05, 17:01:36	155 - fabio.cecchini@agronica.eu
2014-09-05, 17:01:36	156 - ufficiotecnico@gfclavoriedili.it
2014-09-05, 17:01:36	157 - riccardo.ciolino@email.it
2014-09-05, 17:01:37	158 - diego_collini85@yahoo.it
2014-09-05, 17:01:37	159 - rabbittaro@hotmail.it
2014-09-05, 17:01:38	160 - foy_m6@hotmail.it
2014-09-05, 17:01:38	161 - studiocortocherubini@alice.it
2014-09-05, 17:01:39	162 - antoniodarone@libero.it
2014-09-05, 17:01:40	163 - pakkidega90@hotmail.it
2014-09-05, 17:01:40	164 - del.carria.marco@gmail.com
2014-09-05, 17:01:41	165 - riccardo.delchiaro@gmail.com
2014-09-05, 17:01:41	166 - fiober@hotmail.it
2014-09-05, 17:01:42	168 - falco.douglasscotti@gmail.com
2014-09-05, 17:01:43	169 - desmar10@libero.it
2014-09-05, 17:01:43	170 - irescimmia@hotmail.it
2014-09-05, 17:01:44	171 - zilatiankuser@hotmail.it
2014-09-05, 17:01:44	172 - guido.fs@hotmail.com
2014-09-05, 17:01:45	173 - giovanni_frasca@virgilio.it
2014-09-05, 17:01:46	174 - lucafrosi@hotmail.it
2014-09-05, 17:01:46	175 - marchinoviolino@gmail.com
2014-09-05, 17:01:48	176 - david@alternativamente.eu
2014-09-05, 17:01:48	177 - lorenzoghere@gmail.com
2014-09-05, 17:01:48	178 - andreagheri83@hotmail.com
2014-09-05, 17:01:49	179 - valter@giacomel.it
2014-09-05, 17:01:49	180 - c.giannardi@arpet.toscana
2014-09-05, 17:01:50	181 - buddy666@hotmail.it
2014-09-05, 17:01:50	182 - clevermenagier@libero.it
2014-09-05, 17:01:51	183 - gioia.griffo@alice.it
2014-09-05, 17:01:52	184 - giulsita@gmail.com
2014-09-05, 17:01:52	185 - iovinericcardo@inwind.it
2014-09-05, 17:01:53	186 - lenzi.lenzi@hotmail.it
2014-09-05, 17:01:53	187 - patriziafaustini@gmail.com
2014-09-05, 17:01:54	188 - agata_teatro@yahoo.it
2014-09-05, 17:01:55	189 - meobargie@yahoo.it
2014-09-05, 17:01:55	190 - marimarta973@yahoo.it
2014-09-05, 17:01:56	191 - franco.piras@tin.it
2014-09-05, 17:01:56	192 - edomen@gmail.com
2014-09-05, 17:01:57	193 - anna.basagni@tele2.it
2014-09-05, 17:01:58	194 - crimiglio@yahoo.it
2014-09-05, 17:01:58	195 - elleemme2@tiscali.it
2014-09-05, 17:02:00	196 - badesaba@tiscali.it
2014-09-05, 17:02:00	197 - moroniserena@gmail.com
2014-09-05, 17:02:00	198 - juliettem@hotmail.it
2014-09-05, 17:02:01	199 - niccolo.mugelli@libero.it
2014-09-05, 17:02:01	200 - teresa.marciaionetto@telecomitalia.it
2014-09-05, 17:02:02	201 - marsiglia93@hotmail.it
2014-09-05, 17:02:02	202 - nicolucci@studiomichelangelo.it
2014-09-05, 17:02:03	203 - panand@tin.it
2014-09-05, 17:02:04	204 - paoletti.l@fastwebnet.it
2014-09-05, 17:02:04	205 - stefanopardini@gmail.com
2014-09-05, 17:02:05	206 - angie.magherini@gmail.com
2014-09-05, 17:02:05	207 - fulvio.passalacqua@teriaenergy.com
2014-09-05, 17:02:06	208 - aphillips1@gm.slc.edu
2014-09-05, 17:02:07	210 - mauro_quinto@virgilio.it
2014-09-05, 17:02:07	211 - ragazzoluca@yahoo.it
2014-09-05, 17:02:08	212 - annarapi@hotmail.it
2014-09-05, 17:02:08	213 - giulia.patrizia@libero.it
2014-09-05, 17:02:09	214 - dario.romagnoli87@gmail.com
2014-09-05, 17:02:10	215 - moniarossi1@virgilio.it
2014-09-05, 17:02:11	216 - p.rubellini@gmail.com
2014-09-05, 17:02:11	217 - wsofia@hotmail.it
2014-09-05, 17:02:11	218 - sacco_89@hotmail.it
2014-09-05, 17:02:12	219 - silvia.zuffanelli@tin.it
2014-09-05, 17:02:13	220 - miresarti@yahoo.it
2014-09-05, 17:02:13	221 - schelde@hotmail.it
2014-09-05, 17:02:14	222 - harven@hotmail.it
2014-09-05, 17:02:14	223 - emi.39@hotmail.com
2014-09-05, 17:02:15	224 - ldelpac@tin.it
2014-09-05, 17:02:16	225 - silvia162@hotmail.com
2014-09-05, 17:02:16	226 - zizhov86@hotmail.com
2014-09-05, 17:02:17	227 - ferdinando.olivieri@gmail.com
2014-09-05, 17:02:17	228 - annabondi@libero.it
2014-09-05, 17:02:18	229 - sanodimente@gmail.com
2014-09-05, 17:02:19	230 - flomungari@hotmailcom
2014-09-05, 17:02:19	232 - leo88pecchio@gmail.com
2014-09-05, 17:02:20	233 - peticacio_95@hotmail.it
2014-09-05, 17:02:21	234 - ariannacarboni@gmx.de
2014-09-05, 17:02:21	235 - andrea.delchiaro@gmail.com
2014-09-05, 17:02:22	236 - luxxx73@yahoo.it
2014-09-05, 17:02:22	237 - personaltrainer@interfree.it
2014-09-05, 17:02:23	238 - cmaddii@hotmail.com
2014-09-05, 17:02:23	239 - cacioz91@live.it
2014-09-05, 17:02:24	240 - giorgia.lanzoni@gmail.com
2014-09-05, 17:02:25	241 - marco.rastrelli@gmail.com
2014-09-05, 17:02:25	242 - dipu13theboss@live.it
2014-09-05, 17:02:26	243 - g.zadro@targetti.it
2014-09-05, 17:02:26	244 - ice.best@fastwebnet.it
2014-09-05, 17:02:27	245 - maurizio.fantini@iol.it
2014-09-05, 17:02:28	246 - petreni126@hotmail.it
2014-09-05, 17:02:28	247 - m.bonaiuti@tin.it
2014-09-05, 17:02:29	248 - ahaas@skidmore.edu
2014-09-05, 17:02:29	249 - leonardo.arcucci@libero.it
2014-09-05, 17:02:30	250 - bastianopoli@hotmail.com
2014-09-05, 17:02:31	251 - cramobladini@live.it
2014-09-05, 17:02:32	252 - v.bargelli@hotmail.com
2014-09-05, 17:02:32	253 - battaglinisara@gmail.com
2014-09-05, 17:02:32	254 - nataliabavar@hotmail.com
2014-09-05, 17:02:33	255 - n.nucci@fondiaria.sai.it
2014-09-05, 17:02:34	256 - claudiaborghesi@yahoo.it
2014-09-05, 17:02:34	257 - camilla.brilli@hotmail.com
2014-09-05, 17:02:35	258 - marcello.brugioni@gmail.com
2014-09-05, 17:02:35	259 - pamel_busonero@alice.it
2014-09-05, 17:02:36	260 - mauro.carnevale@yahoo.it
2014-09-05, 17:02:37	261 - CASALINI_MARIO@LIBERO.IT
2014-09-05, 17:02:37	262 - fabio.ceccantini@tin.it
2014-09-05, 17:02:38	263 - camillacenni@gmail.com
2014-09-05, 17:02:38	265 - leofi77@alice.it
2014-09-05, 17:02:39	266 - clifford.lisa@hotmail.com
2014-09-05, 17:02:40	267 - duccio.bhz@gmail.com
2014-09-05, 17:02:40	268 - barbaravinicio@alice.it
2014-09-05, 17:02:41	269 - iconauta@hotmail.com
2014-09-05, 17:02:41	270 - laura.coradeschi@coradeschi.it
2014-09-05, 17:02:42	271 - anastilosi@inwind.it
2014-09-05, 17:02:43	272 - isabella.pezzatini@gmail.com
2014-09-05, 17:02:43	273 - paolo.arnaldo@gmail.com
2014-09-05, 17:02:45	274 - gabriella.denisi@gmail.com
2014-09-05, 17:02:45	275 - adasmi@dasmi.it
2014-09-05, 17:02:45	276 - michi66fi@gmaiol.com
2014-09-05, 17:02:46	277 - pdettole@alice.it
2014-09-05, 17:02:46	278 - taliannusuli81@yahoo.it
2014-09-05, 17:02:47	279 - nicola.dellungo@gmail.com
2014-09-05, 17:02:47	280 - andreadonato@hotmail.it
2014-09-05, 17:02:48	281 - isafantechi@libero.it
2014-09-05, 17:02:49	282 - fedimak@yahoo.com.hk
2014-09-05, 17:02:49	283 - ferrantini.irene@gmail.com
2014-09-05, 17:02:50	284 - andreafioravanti@libero.it
2014-09-05, 17:02:50	285 - francesca_fiorini@hotmail.com
2014-09-05, 17:02:51	286 - massimofondelli@alice.it
2014-09-05, 17:02:52	287 - diego.furesi@gmail.com
2014-09-05, 17:02:52	288 - luciano.gavini@tin.it
2014-09-05, 17:02:54	289 - chiaraghera@hotmail.it
2014-09-05, 17:02:54	290 - elios.17@hotmail.it
2014-09-05, 17:02:54	291 - gabriele.migani@gmail.com
2014-09-05, 17:02:55	292 - ilaria.lemmi@email.it
2014-09-05, 17:02:55	293 - libero.m@virgilio.it
2014-09-05, 17:02:56	294 - rossanasegnini@libero.it
2014-09-05, 17:02:56	295 - madigner@hotmail.com
2014-09-05, 17:02:57	296 - info@andreamariotti.com
2014-09-05, 17:02:58	297 - pau.marimon@gmail.com
2014-09-05, 17:02:58	298 - elia_26@libero.it
2014-09-05, 17:02:59	299 - alessiom68@gmail.com
2014-09-05, 17:02:59	300 - contemplatingjazz@hotmail.it
2014-09-05, 17:03:00	301 - melli@mellibs.it
2014-09-05, 17:03:01	302 - troy1989@hotmail.iy
2014-09-05, 17:03:01	303 - frengo75@yahoo.it
2014-09-05, 17:03:02	304 - miaim2@gmail.com
2014-09-05, 17:03:03	305 - federico-micheli@hotmail.com
2014-09-05, 17:03:03	306 - ciroistruttore@libero.it
2014-09-05, 17:03:04	307 - laurapacchini@libero.it
2014-09-05, 17:03:04	308 - barbaraberto.paganelli@gmail.it
2014-09-05, 17:03:05	309 - maddamonti@yahoo.it
2014-09-05, 17:03:05	310 - gv.paoletti@fls.unipi.it
2014-09-05, 17:03:06	311 - vita.lorenzo@alice.it
2014-09-05, 17:03:07	312 - terguparenti@gmail.com
2014-09-05, 17:03:07	313 - lorenzo.pascia@libero.it
2014-09-05, 17:03:08	314 - francescapiccioli@libero.it
2014-09-05, 17:03:08	315 - danielaromano79@hotmail.com
2014-09-05, 17:03:09	316 - aran.scala@teletv.it
2014-09-05, 17:03:10	317 - massimo.scardi@selex-comms.com
2014-09-05, 17:03:10	318 - cat.sy@hotmail.it
2014-09-05, 17:03:12	319 - elenat@libero.it
2014-09-05, 17:03:12	320 - leo.terilli@hotmail.com
2014-09-05, 17:03:12	321 - l.tommaso@hotmail.it
2014-09-05, 17:03:13	322 - ale84.max@virgilio.it
2014-09-05, 17:03:13	323 - fabio.truschi@gmail.com
2014-09-05, 17:03:14	324 - bismillah@hotmail.it
2014-09-05, 17:03:14	325 - vinvento@infinito.it
2014-09-05, 17:03:15	326 - info@rasoihairjazz
2014-09-05, 17:03:16	327 - giovavoz@libero.it
2014-09-05, 17:03:16	328 - sofiaweck@hotmail.it
2014-09-05, 17:03:17	329 - donda65@gmail.com
2014-09-05, 17:03:17	330 - zelonig@tiscali.it
2014-09-05, 17:03:18	331 - datastone@libero.it
2014-09-05, 17:03:19	332 - massimo.milazzotto@tin.it
2014-09-05, 17:03:19	333 - g_gracan@hotmail.com
2014-09-05, 17:03:20	334 - roberta62006@hotmail.it
2014-09-05, 17:03:20	335 - kurt_co@hotmail.it
2014-09-05, 17:03:21	336 - willypyron@msn.com
2014-09-05, 17:03:22	337 - gloria.soldatini@gmail.com
2014-09-05, 17:03:22	338 - diegoaureliano@hotmail.it
2014-09-05, 17:03:24	339 - manuelmatera@gmail.com
2014-09-05, 17:03:24	340 - leobecucci@virgilio.it
2014-09-05, 17:03:24	341 - pbini@menarini.it
2014-09-05, 17:03:25	342 - alessiofalcone_mail@libero.it
2014-09-05, 17:03:25	343 - lapofabbri@virgilio.it
2014-09-05, 17:03:26	344 - paolopinarelli@virgilio.it
2014-09-05, 17:03:26	345 - ilbute@alice.it
2014-09-05, 17:03:27	346 - f.cangi@gmail.com
2014-09-05, 17:03:28	347 - tommasojazz@gmail.com
2014-09-05, 17:03:28	348 - y.romboli@libero.it
2014-09-05, 17:03:29	349 - awithrow@harding.edu
2014-09-05, 17:03:29	351 - elsauro@gmail.com
2014-09-05, 17:03:30	352 - baldigiovani1957@libero.it
2014-09-05, 17:03:31	353 - info@hotelperseo.it
2014-09-05, 17:03:31	354 - albichon@tiscali.it
2014-09-05, 17:03:32	355 - barbiggio@alice.it
2014-09-05, 17:03:32	356 - kuoka26@hotmail.com
2014-09-05, 17:03:34	357 - fedecapa@supereva.it
2014-09-05, 17:03:34	358 - lorenzo.caponnetto@virgilio.it
2014-09-05, 17:03:34	359 - ecarlucci@gmail.com
2014-09-05, 17:03:35	360 - cianchi.family@alice.it
2014-09-05, 17:03:35	361 - cibino@libero.it
2014-09-05, 17:03:36	362 - loredana.belloni@hotmail.it
2014-09-05, 17:03:37	363 - rabbittaro@hotmail.com
2014-09-05, 17:03:37	364 - siimsam@hotmail.com
2014-09-05, 17:03:38	365 - kyo_oli@hotmail.com
2014-09-05, 17:03:38	366 - info@over-sound.it
2014-09-05, 17:03:39	367 - nagash91@tiscali.it
2014-09-05, 17:03:40	368 - didi.steiner@libero.it
2014-09-05, 17:03:40	369 - matildedipuccieta@hotmail.it
2014-09-05, 17:03:41	370 - duinomassimo@libero.it
2014-09-05, 17:03:41	371 - famfed@libero.it
2014-09-05, 17:03:42	372 - dark.namras@gmail.com
2014-09-05, 17:03:43	373 - michela.piccardi@gmail.com
2014-09-05, 17:03:43	374 - lindagabriel@libero.it
2014-09-05, 17:03:45	375 - cgabriel@truelite.it
2014-09-05, 17:03:45	376 - gemmeg@libero.it
2014-09-05, 17:03:45	377 - damonche@hotmail.com
2014-09-05, 17:03:46	378 - fredfurio@katamail.com
2014-09-05, 17:03:46	379 - martiguelfi@tiscali.it
2014-09-05, 17:03:47	380 - fidalegno@email.it
2014-09-05, 17:03:47	381 - iovinericaardo@inwind.it
2014-09-05, 17:03:48	382 - brettlalonde@yahoo.com
2014-09-05, 17:03:49	383 - landiandrea@interfree.it
2014-09-05, 17:03:49	384 - fabio.lenzi@poste.it
2014-09-05, 17:03:50	385 - giannagale@tin.it
2014-09-05, 17:03:50	386 - faminore@gmail.com
2014-09-05, 17:03:51	387 - c_maiani@libero.it
2014-09-05, 17:03:52	388 - silviaborroni@alice.it
2014-09-05, 17:03:52	389 - edomen@hotmail.com
2014-09-05, 17:03:54	390 - tiko.4augusto@tiscali.it
2014-09-05, 17:03:54	391 - morgan_3@hotmail.it
2014-09-05, 17:03:54	392 - brunomura@interfree.it
2014-09-05, 17:03:55	393 - iacopop@gmail.com
2014-09-05, 17:03:55	394 - olmo_recami@hotmail.it
2014-09-05, 17:03:56	395 - iacopo.risi@gmail.com
2014-09-05, 17:03:56	396 - nadph@hotmail.it
2014-09-05, 17:03:57	397 - nico.serejazz@alice.it
2014-09-05, 17:03:58	398 - operamail2001@yahoo.com
2014-09-05, 17:03:58	399 - giaxec@tin.it
2014-09-05, 17:03:59	400 - severino.francesca@inwind.it
2014-09-05, 17:03:59	401 - ilo.m@inwind.it
2014-09-05, 17:04:00	402 - donatella.ferri@tin.it
2014-09-05, 17:04:01	403 - alessandrotonarelli@tin.it
2014-09-05, 17:04:01	404 - oltrimboli@gmail.com
2014-09-05, 17:04:02	405 - evendramini@cheapnet.it
2014-09-05, 17:04:02	406 - avmusic@tin.it
2014-09-05, 17:04:04	407 - plvieri@libero.it
2014-09-05, 17:04:04	408 - zallo18@libero.it
2014-09-05, 17:04:04	409 - mattia.hagge@virgilio.it
2014-09-05, 17:04:05	410 - daniele.panella@nyu.edu
2014-09-05, 17:04:05	411 - alessandrapelli@gmail.com
2014-09-05, 17:04:06	412 - leonardopieraccioni@tin.it
2014-09-05, 17:04:07	413 - tellinessa71@gmail.com
2014-09-05, 17:04:07	414 - nazareno.caputo@live.it
2014-09-05, 17:04:08	415 - arianna.guarnieri@comune.fi.it
2014-09-05, 17:04:08	416 - simonagraz@libero.it
2014-09-05, 17:04:09	417 - stefanobazzi@yahoo.it
2014-09-05, 17:04:10	418 - claudio.tommasoni@comune.fi.it
2014-09-05, 17:04:10	419 - assessore.giachi@comune.fi.it
2014-09-05, 17:04:11	420 - ilvivaiodelmalcantone@gmail.com
2014-09-05, 17:04:11	421 - marcolanza@iol.it
2014-09-05, 17:04:12	422 - stefano.cioni@fastwebnet.it
2014-09-05, 17:04:13	423 - fantozzigino@gmail.com
2014-09-05, 17:04:13	424 - marisa.cancilleri@gmail.com
2014-09-05, 17:04:15	425 - botticellialessandro@tiscali.it
2014-09-05, 17:04:15	426 - deluca.alex@hotmail.it
2014-09-05, 17:04:15	427 - carlocatalanodrum@yahoo.it
2014-09-05, 17:04:16	428 - amitarieli@libero.it
2014-09-05, 17:04:16	429 - simonepannoni@hotmail.it
2014-09-05, 17:04:17	430 - grazividili@gmail.com
2014-09-05, 17:04:17	431 - letiziadanti@libero.it
2014-09-05, 17:04:18	432 - chiara.fantini@tiscali.it
2014-09-05, 17:04:19	433 - jimmypeter@hotmail.com
2014-09-05, 17:04:19	434 - laura.galli@live.com
2014-09-05, 17:04:20	435 - fedeone@hotmail.it
2014-09-05, 17:04:20	436 - sarafabbrizzi@virgilio.it
2014-09-05, 17:04:21	437 - marco.casaglia@msmedia.it
2014-09-05, 17:04:22	438 - alessandra.cortese68@gmail.com
2014-09-05, 17:04:22	439 - scoppoli@gmail.com
2014-09-05, 17:04:23	440 - mateldacappelletti@gmail.com
2014-09-05, 17:04:24	441 - regiromella@libero.it
2014-09-05, 17:04:24	442 - maurizio.delmastro@gmail.com
2014-09-05, 17:04:25	443 - francescogabrielli@gmail.com
2014-09-05, 17:04:25	444 - massimilano.landi@gmail.com
2014-09-05, 17:04:26	445 - leomacaluso@libero.it
2014-09-05, 17:04:26	446 - biagiomix@gmail.com
2014-09-05, 17:04:27	447 - kundalini87@yahoo.it
2014-09-05, 17:04:28	448 - margotmiani@libero.it
2014-09-05, 17:04:28	449 - laura.pagliantini@libero.it
2014-09-05, 17:04:29	450 - a.vizzone@alice.it
2014-09-05, 17:04:29	451 - gottard@disia.unifi.it
2014-09-05, 17:04:30	452 - annamaria.barrocu@istruzione.it
2014-09-05, 17:04:31	453 - iovinericcardo6@gmail.com
2014-09-05, 17:04:31	454 - stefanocolucci@yahoo.it
2014-09-05, 17:04:32	455 - tiziana.milani@alice.it
2014-09-05, 17:04:32	456 - info@firenzeclassica.com
2014-09-05, 17:04:33	457 - gregory333@live.it
2014-09-05, 17:04:34	458 - gianniceccantini@tiscali.it
2014-09-05, 17:04:35	459 - dp90@nyu.edu
2014-09-05, 17:04:35	460 - trane61@libero.it
2014-09-05, 17:04:35	461 - pierpaolo.casale@alice.it
2014-09-05, 17:04:36	462 - oscardini@hotmail.it
2014-09-05, 17:04:37	463 - raffaelebellini@live.it
2014-09-05, 17:04:37	464 - andy_mec91@yahoo.it
2014-09-05, 17:04:38	465 - anna.cudin@gmail.com
2014-09-05, 17:04:38	466 - silviamoneti@yahoo.it
2014-09-05, 17:04:39	467 - an.arena@alice.it
2014-09-05, 17:04:40	468 - giorgio.giacomo@alice.it
2014-09-05, 17:04:40	469 - natalie.dandrea@gmail.com
2014-09-05, 17:04:41	470 - luna.eva@hotmail.it
2014-09-05, 17:04:41	471 - elena.zaccagnini@gmail.com
2014-09-05, 17:04:42	472 - giovannimannocci@fastwebnet.it
2014-09-05, 17:04:43	473 - serzan82@hotmail.com
2014-09-05, 17:04:43	474 - gignorobase@diaconiavaldese.org
2014-09-05, 17:04:44	475 - kthari83@gmail.com
2014-09-05, 17:04:44	476 - cbpap@tin.it
2014-09-05, 17:04:45	477 - mgusso@politecnica.it
2014-09-05, 17:04:47	478 - ricamati@yahoo.it
2014-09-05, 17:04:47	479 - alisab.blank@gmail.com
2014-09-05, 17:04:47	480 - moreno.balzani@alice.it
2014-09-05, 17:04:47	481 - zagazucc@hotmail.it
2014-09-05, 17:04:48	482 - francesco.casini@gioiello.it
2014-09-05, 17:04:49	483 - mg.coccioli@virgilio.it
2014-09-05, 17:04:49	484 - mc.max@alice.it
2014-09-05, 17:04:50	485 - alberto.crescioli@hotmail.it
2014-09-05, 17:04:50	486 - baldinilorenzo81@gmail.com
2014-09-05, 17:04:51	487 - pitbull-2909@hotmail.com
2014-09-05, 17:04:52	488 - bandini93@gmail.com
2014-09-05, 17:04:52	489 - marilu.daselo@hotmail.it
2014-09-05, 17:04:53	490 - pamela_busonero@alice.it
2014-09-05, 17:04:53	491 - cupolone69@alice.it
2014-09-05, 17:04:54	492 - chiara.corti.92@alice.it
2014-09-05, 17:04:55	493 - genjiskampino@hotmail.it
2014-09-05, 17:04:56	494 - giulianogenetasio@gmail.com
2014-09-05, 17:04:56	495 - marzilie@yahoo.it
2014-09-05, 17:04:56	496 - andrea.moschettini@alice.it
2014-09-05, 17:04:57	497 - barbara.bertocci@virgilio.it
2014-09-05, 17:04:58	498 - aranscala@alice.it
2014-09-05, 17:04:58	499 - valeriafinardi@yahoo.it
2014-09-05, 17:04:59	500 - v.bargelli@hotmail.it
2014-09-05, 17:04:59	501 - maria.ricceri@gmail.com
2014-09-05, 17:05:00	502 - lucrezia.marzocchi@alice.it
2014-09-05, 17:05:01	503 - martamyosotis@gmail.com
2014-09-05, 17:05:01	504 - lenzilara@yahoo.it
2014-09-05, 17:05:02	505 - elena.mazzanti@gmx.com
2014-09-05, 17:05:02	506 - alexlatinshow@hotmail.it
2014-09-05, 17:05:03	507 - fs9775@gmail.com
2014-09-05, 17:05:04	508 - info@osteriadamelo.com
2014-09-05, 17:05:04	509 - lisehertz@gmail.com
2014-09-05, 17:05:05	510 - barbara.zamy@yahoo.it
2014-09-05, 17:05:05	511 - patriziamarino2004@libero.it
2014-09-05, 17:05:07	512 - branchi.antonio@gmail.com
2014-09-05, 17:05:07	514 - fenderjazz83@yahoo.it
2014-09-05, 17:05:07	515 - lucagfrosi@gmail.com
2014-09-05, 17:05:08	516 - mela.tetti@gmail.com
2014-09-05, 17:05:08	517 - vicedirettore@conservatorio.firenze.it
2014-09-05, 17:05:09	519 - tittanesti@gmail.com
2014-09-05, 17:05:10	520 - rsvp@torrigiani.com
2014-09-05, 17:05:10	521 - fbusson@tin.it
2014-09-05, 17:05:11	522 - newsletter@lajetee.it
2014-09-05, 17:05:11	523 - info@capuanomusica.it
2014-09-05, 17:05:12	524 - alessandro.busa@metropolitanstudies.de
2014-09-05, 17:05:13	525 - info@agriturismocirene.com
2014-09-05, 17:05:13	526 - notcarap@studioalbertocarapelle.191.it
2014-09-05, 17:05:14	527 - NOTARI5f@studioalbertocarapelle.191.it
2014-09-05, 17:05:14	528 - albertodebiase@virgilio.it
2014-09-05, 17:05:15	529 - info@albertopresutti.it
2014-09-05, 17:05:17	530 - alessandrobellucci@tin.it
2014-09-05, 17:05:17	531 - aledrum@virgilio.it
2014-09-05, 17:05:17	532 - alessandro.cresci@hotmail.it
2014-09-05, 17:05:17	533 - cadenza@alice.it
2014-09-05, 17:05:18	534 - info@alessandrogalati.com
2014-09-05, 17:05:19	535 - alessandro.libertini@hotmail.it
2014-09-05, 17:05:19	536 - info@alessandromoretti.it
2014-09-05, 17:05:20	537 - quzilla@alice.it
2014-09-05, 17:05:20	538 - alessandromoretti@inwind.it
2014-09-05, 17:05:21	539 - alessia.bonini70@hotmail.it
2014-09-05, 17:05:22	540 - latitti@teletu.it
2014-09-05, 17:05:22	541 - alfredojacopozzi@tin.it
2014-09-05, 17:05:23	542 - alomabardi@icamus.org
2014-09-05, 17:05:23	543 - alomabardi@gmail.com
2014-09-05, 17:05:24	544 - amitarieli@hotmail.com
2014-09-05, 17:05:25	545 - a.bartolino@alice.it
2014-09-05, 17:05:25	546 - andrea.botto@libero.it
2014-09-05, 17:05:26	547 - andreafranchini5@gmail.com
2014-09-05, 17:05:26	548 - andreaparenti@tim.eu.blackberry.com
2014-09-05, 17:05:28	549 - stigler@informacittafirenze.it
2014-09-05, 17:05:28	550 - andrea@zurli.it
2014-09-05, 17:05:28	551 - annakra@libero.it
2014-09-05, 17:05:29	552 - annabondi2@libero.it
2014-09-05, 17:05:29	553 - anna.giatti@fstfirenze.it
2014-09-05, 17:05:30	554 - annamannini@gmail.com
2014-09-05, 17:05:31	555 - amgabbrielli@virgilio.it
2014-09-05, 17:05:31	556 - ape.goretti@alice.it
2014-09-05, 17:05:32	557 - avvannasantini@yahoo.it
2014-09-05, 17:05:32	558 - annamaria.agostino@unifi.it
2014-09-05, 17:05:33	559 - annegrethoehler@gmx.de
2014-09-05, 17:05:34	560 - lellaarena@gmail.com
2014-09-05, 17:05:34	561 - arena@pittimmagine.com
2014-09-05, 17:05:35	562 - antonella.caponnetto@comune.fi.it
2014-09-05, 17:05:35	563 - antonellafazio@fastwebnet.it
2014-09-05, 17:05:37	564 - borraniantonio@gmail.com
2014-09-05, 17:05:37	565 - antoniocannata@gmail.com
2014-09-05, 17:05:37	566 - antoort@tin.it
2014-09-05, 17:05:38	567 - a.baracchi@tin.it
2014-09-05, 17:05:38	568 - sociale@arcifirenze.it
2014-09-05, 17:05:39	569 - vaballe@gmail.com
2014-09-05, 17:05:40	570 - moreno.balzani@telecomitalia.it
2014-09-05, 17:05:40	571 - bcasini@hotmail.com
2014-09-05, 17:05:41	572 - iadbar@alice.it
2014-09-05, 17:05:41	573 - paolobartolini@tin.it
2014-09-05, 17:05:42	574 - stefanobenifei@libero.it
2014-09-05, 17:05:43	575 - benvenuti@arcifirenze.it
2014-09-05, 17:05:43	576 - beppedati@email.it
2014-09-05, 17:05:45	577 - tirinnanzi@iol.it
2014-09-05, 17:05:45	578 - bernardoguerra@live.it
2014-09-05, 17:05:45	579 - lucia.bertini@comune.fi.it
2014-09-05, 17:05:46	580 - l.bertini@comune.fi.it
2014-09-05, 17:05:46	581 - brahima@libero.it
2014-09-05, 17:05:47	582 - sbrondi@alice.it
2014-09-05, 17:05:47	583 - lafattoriadibruni@virgilio.it
2014-09-05, 17:05:48	584 - capmod@tin.it
2014-09-05, 17:05:49	585 - prometeus1980@hotmail.it
2014-09-05, 17:05:49	586 - Carlo.Romagnoli@mail.wind.it
2014-09-05, 17:05:50	587 - casasua14@gmail.com
2014-09-05, 17:05:50	588 - casparis@pittimmagine.com
2014-09-05, 17:05:51	589 - chiarat@cheapnet.it
2014-09-05, 17:05:52	590 - c.brilli@controradio.it
2014-09-05, 17:05:52	591 - chiara.trinciavelli@gmail.com
2014-09-05, 17:05:53	592 - cinotri@tin.it
2014-09-05, 17:05:53	593 - societaperleidee@gmail.com
2014-09-05, 17:05:54	594 - info@claudiogiovagnoli.it
2014-09-05, 17:05:56	595 - claudio@bext.com
2014-09-05, 17:05:56	596 - claudiotilesi@gmail.com
2014-09-05, 17:05:56	597 - clorella.leni@tin.it
2014-09-05, 17:05:56	598 - consorzio.arci@libero.it
2014-09-05, 17:05:57	599 - cultura@ilcorriereonline.it
2014-09-05, 17:05:58	600 - cosimomarchese@hotmail.com
2014-09-05, 17:05:58	601 - costanzanocentini@hotmail.com
2014-09-05, 17:05:59	602 - cristian.sardelli@gmail.com
2014-09-05, 17:05:59	603 - cristianabudillon@libero.it
2014-09-05, 17:06:00	604 - crisfil08@yahoo.it
2014-09-05, 17:06:01	605 - cristinaitaliani@tiscali.it
2014-09-05, 17:06:01	606 - cris.italiani@gmail.com
2014-09-05, 17:06:02	607 - rdaidone@libero.it
2014-09-05, 17:06:02	608 - d.pelati@fastwebnet.it
2014-09-05, 17:06:03	609 - daniela.dedonno@janegoodall-italia.org
2014-09-05, 17:06:04	610 - dduse@hotmail.com
2014-09-05, 17:06:04	611 - danielafabbri@fastwebnet.it
2014-09-05, 17:06:06	612 - danielalip@hotmail.com
2014-09-05, 17:06:06	613 - matta.daniela@yahoo.it
2014-09-05, 17:06:06	614 - danielapelati@msservizi.it
2014-09-05, 17:06:07	615 - d.tartaglia@socialdesign.eu
2014-09-05, 17:06:07	616 - dunia@dada.it
2014-09-05, 17:06:08	617 - conti@cnatoscana.it
2014-09-05, 17:06:08	618 - pelati.gosport@virgilio.it
2014-09-05, 17:06:09	619 - d.sordi@tin.it
2014-09-05, 17:06:10	620 - danilo_morini@libero.it
2014-09-05, 17:06:10	621 - cecchini3000@gmail.com
2014-09-05, 17:06:11	622 - vicesindaco@comune.fi.it
2014-09-05, 17:06:11	623 - demudav@tiscali.it
2014-09-05, 17:06:12	624 - davis.franceschini@dada.it
2014-09-05, 17:06:13	625 - roberto.dephilippis@unifi.it
2014-09-05, 17:06:13	626 - 3gnometti@gmail.com
2014-09-05, 17:06:14	627 - S.Degl'Innocenti@quadrifoglio.org
2014-09-05, 17:06:14	628 - dego.carra2@gmail.com
2014-09-05, 17:06:15	629 - l.dicoverciano@libero.it
2014-09-05, 17:06:17	630 - direzione.iicpraga@esteri.it
2014-09-05, 17:06:17	631 - direzione@teatrodellapergola.com
2014-09-05, 17:06:17	632 - drinamoretti@gmail.com
2014-09-05, 17:06:17	633 - dcbertini@usa.net
2014-09-05, 17:06:18	634 - ducezio@iol.it
2014-09-05, 17:06:19	635 - strianoc@posteitaliane.it
2014-09-05, 17:06:19	636 - elena.migliorati@gmail.com
2014-09-05, 17:06:20	637 - rebeldemaisha@gmail.com
2014-09-05, 17:06:20	638 - elisagagliardi@tuscaninstitute.it
2014-09-05, 17:06:21	639 - elisabettamanuelli@garzondi.com
2014-09-05, 17:06:22	640 - elisabettasiani@msservizi.it
2014-09-05, 17:06:22	641 - emanuele.torquati@gmail.com
2014-09-05, 17:06:23	642 - emanuele.parrini1@virgilio.it
2014-09-05, 17:06:23	643 - culturaesteri@mail.regione.toscana.it
2014-09-05, 17:06:24	644 - enrico@lucianobenini.it
2014-09-05, 17:06:25	645 - flogfi@virgilio.it
2014-09-05, 17:06:25	646 - enzo.boddi@libero.it
2014-09-05, 17:06:26	647 - enzomileo@tin.it
2014-09-05, 17:06:27	648 - ermannocirri@hotmail.com
2014-09-05, 17:06:27	649 - ettorebonafe@libero.it
2014-09-05, 17:06:28	650 - evaige@riseup.net
2014-09-05, 17:06:28	651 - eventi.iicankara@esteri.it
2014-09-05, 17:06:29	652 - musica@fabbricaeuropa.net
2014-09-05, 17:06:29	653 - laurenzi.fabiana@gmail.com
2014-09-05, 17:06:30	654 - lupifabio63@gmail.com
2014-09-05, 17:06:31	655 - info@fabiomorgera.com
2014-09-05, 17:06:31	656 - fabriziomorga@libero.it
2014-09-05, 17:06:32	657 - facchiniluca@hotmail.com
2014-09-05, 17:06:32	658 - farhad_orouji@yahoo.com
2014-09-05, 17:06:33	659 - federica.marti@virgilio.it
2014-09-05, 17:06:34	660 - info@federicobertelli.com
2014-09-05, 17:06:34	661 - stramortimer@tiscali.it
2014-09-05, 17:06:35	662 - bagatelle_contemporary@yahoo.it
2014-09-05, 17:06:35	663 - filippopedol@alice.it
2014-09-05, 17:06:37	664 - redazione@firenzespettacolo.it
2014-09-05, 17:06:37	665 - auditorium1@virgilio.it
2014-09-05, 17:06:37	666 - fosco.damelio@gmail.com
2014-09-05, 17:06:38	667 - frabernardini@libero.it
2014-09-05, 17:06:38	668 - francesca@francescabreschi.it
2014-09-05, 17:06:39	669 - fra.campigli@gmail.com
2014-09-05, 17:06:40	670 - chiavacci@arci.it
2014-09-05, 17:06:40	671 - francentri@inwind.it
2014-09-05, 17:06:41	672 - simone.franceschi@infogroup.it
2014-09-05, 17:06:41	673 - francescobassi@tin.it
2014-09-05, 17:06:42	674 - birardifrancesco@gmail.com
2014-09-05, 17:06:43	675 - francescodonnini@hotmail.com
2014-09-05, 17:06:43	676 - uffstampa@amicimusica.fi.it
2014-09-05, 17:06:44	677 - effegesualdi@libero.it
2014-09-05, 17:06:44	678 - fmaccia@tiscali.it
2014-09-05, 17:06:45	679 - magnuz@stazionilunari.com
2014-09-05, 17:06:47	680 - michi@arteco.org
2014-09-05, 17:06:47	681 - francoshiatsu@tele2.it
2014-09-05, 17:06:47	682 - franco.busignani@alice.it
2014-09-05, 17:06:47	683 - franave55@gmail.com
2014-09-05, 17:06:48	684 - jbpinza@tin.it
2014-09-05, 17:06:49	685 - frannagiu@hotmail.com
2014-09-05, 17:06:49	686 - frasi54@tiscali.it
2014-09-05, 17:06:50	687 - f.paloscia@repubblica.it
2014-09-05, 17:06:50	688 - gabriele.bartolucci@gmail.com
2014-09-05, 17:06:51	689 - g.bonomo@sugarmusic.com
2014-09-05, 17:06:52	690 - buondonno@chianticlassico.com
2014-09-05, 17:06:52	691 - g.torcia@dfc.unifi.it
2014-09-05, 17:06:53	692 - gige@dada.it
2014-09-05, 17:06:53	693 - gerardo.caso@asftoscana.it
2014-09-05, 17:06:54	694 - sanjeev@tin.it
2014-09-05, 17:06:55	695 - gdebastiani@gmail.com
2014-09-05, 17:06:55	696 - cda@comune.pontassieve.fi.it
2014-09-05, 17:06:56	697 - giada23@tin.it
2014-09-05, 17:06:56	698 - info@mauriziogiammarco.com
2014-09-05, 17:06:58	699 - gianluigi_destefanis@yahoo.it
2014-09-05, 17:06:58	700 - g.cardini@hotmail.it
2014-09-05, 17:06:58	701 - fantafesta2@yahoo.it
2014-09-05, 17:06:59	702 - gc802001@yahoo.it
2014-09-05, 17:06:59	703 - gianfranconarracci@hotmail.com
2014-09-05, 17:07:00	704 - gdibernardo@agenti.manzoni.it
2014-09-05, 17:07:01	705 - giannatarchi@gmail.com
2014-09-05, 17:07:01	706 - gianni.grisolia@alice.it
2014-09-05, 17:07:02	707 - giannipini@eventimusicpool.it
2014-09-05, 17:07:02	708 - gianni.zei@gmail.com
2014-09-05, 17:07:03	709 - gignoromotorio@diaconiavaldese.org
2014-09-05, 17:07:04	710 - Gilberto.Cecchini@unipolbanca.it
2014-09-05, 17:07:04	711 - giorgia.giovannetti@unifi.it
2014-09-05, 17:07:05	712 - giorgio.bassi@promotorifinecobank.it
2014-09-05, 17:07:05	713 - giorgio.prandi59@gmail.com
2014-09-05, 17:07:06	714 - giorgio.varalli@fastwebnet.it
2014-09-05, 17:07:07	715 - giovacchini@pittimmagine.com
2014-09-05, 17:07:07	716 - jobertolino@tiscali.it
2014-09-05, 17:07:09	717 - gbmusic@bigazzimusic.com
2014-09-05, 17:07:09	718 - giovavoz@tin.it
2014-09-05, 17:07:09	719 - gisella.pasquini@hotmail.it
2014-09-05, 17:07:10	720 - gisella.pasquini@carige.it
2014-09-05, 17:07:10	721 - info@nuovieventimusicali.it
2014-09-05, 17:07:11	722 - wigna@dada.it
2014-09-05, 17:07:11	723 - gloria.salviati@alice.it
2014-09-05, 17:07:12	724 - glorialucchesiasso@gmail.com
2014-09-05, 17:07:13	725 - graziabonini@alice.it
2014-09-05, 17:07:13	726 - g.dei@katamail.com
2014-09-05, 17:07:14	727 - g.menicatti@alice.it
2014-09-05, 17:07:14	728 - gregoriomoppi@katamail.com
2014-09-05, 17:07:15	729 - gregorionardi@interfree.it
2014-09-05, 17:07:16	730 - gruppo.primafirenze@comune.fi.it
2014-09-05, 17:07:16	731 - hamadachadli@hotmail.it
2014-09-05, 17:07:17	732 - iacopo23@gmail.com
2014-09-05, 17:07:17	733 - lorella.romagnoli@ilgiornaledellatoscana.it
2014-09-05, 17:07:18	734 - manifesto@aidanet.com
2014-09-05, 17:07:20	735 - immobiliareburgassi@gmail.com
2014-09-05, 17:07:20	736 - info@musipolitana.it
2014-09-05, 17:07:20	737 - info@area-clienti.com
2014-09-05, 17:07:20	738 - info@florencenewspaper.it
2014-09-05, 17:07:21	739 - info@musicfactorylive.it
2014-09-05, 17:07:22	740 - info@villapalagio.it
2014-09-05, 17:07:22	741 - infogiov@comune.fi.it
2014-09-05, 17:07:23	742 - informagiovani.fi@gmail.com
2014-09-05, 17:07:23	743 - informale@libero.it
2014-09-05, 17:07:24	744 - i.coccia@comune.fi.it
2014-09-05, 17:07:25	745 - direzione@istitutofrancese.it
2014-09-05, 17:07:25	746 - ivana.gonnelli@libero.it
2014-09-05, 17:07:26	747 - info@jacopomartini.com
2014-09-05, 17:07:26	748 - munz.jr@gmail.com
2014-09-05, 17:07:27	749 - info@biellajazzclub.com
2014-09-05, 17:07:28	750 - jazzclub@mobilia.it
2014-09-05, 17:07:28	751 - combojazzclub@libero.it
2014-09-05, 17:07:30	752 - modenajazzclub@iol.it
2014-09-05, 17:07:30	753 - info@jazzclub.torino.it
2014-09-05, 17:07:30	754 - info@jazzchalet.com
2014-09-05, 17:07:31	755 - info@panicjazzclub.com
2014-09-05, 17:07:31	756 - redazione@jazzcolours.it
2014-09-05, 17:07:32	757 - joy.devito@gmail.com
2014-09-05, 17:07:32	758 - l.cappelli@gialexong.com
2014-09-05, 17:07:33	759 - labottegadellacquaforte@tin.it
2014-09-05, 17:07:34	760 - cronacafi@lanazione.net
2014-09-05, 17:07:34	761 - firenze@repubblica.it
2014-09-05, 17:07:35	762 - lara.brocca@janegoodall-italia.org
2014-09-05, 17:07:35	763 - lastraioli@interfree.it
2014-09-05, 17:07:36	764 - laura.mauric@gmail.com
2014-09-05, 17:07:37	765 - laura.righi08@gmail.com
2014-09-05, 17:07:37	766 - venturi@los-tudio.com
2014-09-05, 17:07:39	767 - raffaellopareti@alice.it
2014-09-05, 17:07:39	768 - leonardo.bonini@tin.it
2014-09-05, 17:07:39	769 - l.piccioli@tin.it
2014-09-05, 17:07:40	770 - leonardo.pieri@yahoo.it
2014-09-05, 17:07:40	771 - leonardovolo@hotmail.com
2014-09-05, 17:07:41	772 - letizia.cini@lanazione.it
2014-09-05, 17:07:41	773 - info@lacitelibreria.it
2014-09-05, 17:07:42	774 - l.grueff@libero.it
2014-09-05, 17:07:43	775 - lisagi@tiscali.it
2014-09-05, 17:07:43	776 - giardinellil@gmail.com
2014-09-05, 17:07:44	777 - aranguren58@gmail.com
2014-09-05, 17:07:44	778 - jbobin@tin.it
2014-09-05, 17:07:45	779 - accolturato@gmail.com
2014-09-05, 17:07:46	780 - mc.lagreca@virgilio.it
2014-09-05, 17:07:46	781 - sinapsidibiru@libero.it
2014-09-05, 17:07:47	782 - papessa.veg@gmail.com
2014-09-05, 17:07:47	783 - 3476622872@email.it
2014-09-05, 17:07:49	784 - jodown@tin.it
2014-09-05, 17:07:49	785 - qyrano@gmail.com
2014-09-05, 17:07:49	786 - cussottocri@yahoo.it
2014-09-05, 17:07:50	787 - l.giacomi@forresthillrecords.com
2014-09-05, 17:07:50	788 - lopallini@libero.it
2014-09-05, 17:07:51	789 - lorellagrecu@gmail.com
2014-09-05, 17:07:52	790 - lorenza.centola@gmail.com
2014-09-05, 17:07:52	791 - lorenzoballini@tiscali.it
2014-09-05, 17:07:53	792 - lorenzo.forti@alice.it
2014-09-05, 17:07:53	793 - loreghera@gmail.com
2014-09-05, 17:07:54	794 - loresol@tiscali.it
2014-09-05, 17:07:55	795 - luca.debiase@alice.it
2014-09-05, 17:07:55	796 - luca@magrini.net
2014-09-05, 17:07:56	797 - lucaberni@dada.it
2014-09-05, 17:07:56	798 - lucadivolo@tiscali.it
2014-09-05, 17:07:57	799 - luca.fantini83@gmail.com
2014-09-05, 17:07:58	800 - lucajelly71@gmail.com
2014-09-05, 17:07:58	801 - magro@dada.it
2014-09-05, 17:08:00	802 - lucamarianini@gmail.com
2014-09-05, 17:08:00	803 - lucapagnini@tiscali.it
2014-09-05, 17:08:00	804 - zanzanluca@gmail.com
2014-09-05, 17:08:01	805 - luca_cai@virgilio.it
2014-09-05, 17:08:01	806 - lucia.calzolari.rudl@mac.com
2014-09-05, 17:08:02	807 - lucia.calzolari.rudl@me.com
2014-09-05, 17:08:02	808 - lpelatti@firenze.cna.it
2014-09-05, 17:08:03	809 - l.carotti@comune.fi.it
2014-09-05, 17:08:04	810 - lucrezia@lu-nation.com
2014-09-05, 17:08:04	811 - pilarmadd@gmail.com
2014-09-05, 17:08:05	812 - info@maieutike.net
2014-09-05, 17:08:05	813 - management@musipolitana.it
2014-09-05, 17:08:06	814 - Piero.Mannini@fao.org
2014-09-05, 17:08:07	815 - marco.r2002@libero.it
2014-09-05, 17:08:07	816 - marco@magrini.net
2014-09-05, 17:08:08	817 - mbaroncini@yahoo.it
2014-09-05, 17:08:08	818 - m.barsanti1@virgilio.it
2014-09-05, 17:08:10	819 - marco.bini2004@gmail.com
2014-09-05, 17:08:10	820 - marcocattarossi@virgilio.it
2014-09-05, 17:08:10	821 - fancelli2@interfree.it
2014-09-05, 17:08:11	822 - marco.gelli@libero.it
2014-09-05, 17:08:11	823 - marcowar53@gmail.com
2014-09-05, 17:08:12	824 - mlamioni@silence.it
2014-09-05, 17:08:13	825 - lamionimarco@gmail.com
2014-09-05, 17:08:13	826 - m.morandi@katamail.com
2014-09-05, 17:08:14	827 - ben@bianchienardi.it
2014-09-05, 17:08:14	828 - polo@immobilifirenze.com
2014-09-05, 17:08:15	829 - marcosiani@msservizi.it
2014-09-05, 17:08:16	830 - info@marcotriarico.com
2014-09-05, 17:08:16	831 - mail@tarantella-scalza.de
2014-09-05, 17:08:17	832 - margherita.damelio@googlemail.com
2014-09-05, 17:08:17	833 - mloscerbo@libero.it
2014-09-05, 17:08:18	834 - mariapalme@gmail.com
2014-09-05, 17:08:19	835 - mptoscano@tiscali.it
2014-09-05, 17:08:19	836 - marina.bistolfi@gmail.com
2014-09-05, 17:08:20	837 - formazione@fabbricaeuropa.net
2014-09-05, 17:08:21	838 - marina.ciappi@poste.it
2014-09-05, 17:08:21	839 - paol.marini@tiscali.it
2014-09-05, 17:08:22	840 - m.bufano@controradio.it
2014-09-05, 17:08:22	841 - evangelista.mar@gmail.com
2014-09-05, 17:08:23	842 - marta.dipuccio@yahoo.it
2014-09-05, 17:08:23	843 - marti.bombetta@hotmail.it
2014-09-05, 17:08:24	844 - mary.arcuri@gmail.com
2014-09-05, 17:08:25	845 - marzia.frediani@arci.it
2014-09-05, 17:08:25	846 - m.calderai@libero.it
2014-09-05, 17:08:26	847 - gramigni@assomusica.org
2014-09-05, 17:08:26	848 - innocenti.cer@virgilio.it
2014-09-05, 17:08:27	849 - maxrastrelli@alice.it
2014-09-05, 17:08:28	850 - massimosantini53@alice.it
2014-09-05, 17:08:28	851 - m.ercolanelli@tin.it
2014-09-05, 17:08:29	852 - matilde.c94@gmail.com
2014-09-05, 17:08:29	853 - matteo@florenceandabroad.com
2014-09-05, 17:08:31	854 - matthiasschubert@online.de
2014-09-05, 17:08:31	855 - matthew_carrera@hotmail.it
2014-09-05, 17:08:31	856 - maurizio@creativebrains.it
2014-09-05, 17:08:32	857 - mauro.grossi@tin.it
2014-09-05, 17:08:32	858 - ginnasticailpoggetto@alice.it
2014-09-05, 17:08:33	859 - robmazzi26@gmail.com
2014-09-05, 17:08:34	860 - melezappa@gmail.com
2014-09-05, 17:08:34	861 - michbar@tele2.it
2014-09-05, 17:08:35	862 - michee@hotmail.it
2014-09-05, 17:08:35	863 - info@indie-eye.it
2014-09-05, 17:08:36	864 - m.ignelzi@tin.it
2014-09-05, 17:08:37	865 - michelemanzotti@lanazione.it
2014-09-05, 17:08:37	866 - michelepapadia@hotmail.com
2014-09-05, 17:08:38	867 - mikestain@hotmail.com
2014-09-05, 17:08:38	868 - miketurk@tinsandwichmusic.com
2014-09-05, 17:08:40	869 - milneaz@hotmail.com
2014-09-05, 17:08:40	870 - cirkoguerrini@gmail.com
2014-09-05, 17:08:40	871 - info@spbstudio.it
2014-09-05, 17:08:41	872 - ml.berenger@sfr.fr
2014-09-05, 17:08:41	873 - morenoniccolai@virgilio.it
2014-09-05, 17:08:42	874 - stefano@morinisport.it
2014-09-05, 17:08:43	875 - musicus@dada.it
2014-09-05, 17:08:43	876 - fanutti@dada.it
2014-09-05, 17:08:44	877 - neri.torrigiani@torrigiani.com
2014-09-05, 17:08:44	878 - mabenvenuti@gmail.com
2014-09-05, 17:08:45	879 - nicconerb@gmail.com
2014-09-05, 17:08:46	880 - nicola@eipe.it
2014-09-05, 17:08:46	881 - nicola.cellai@gmail.com
2014-09-05, 17:08:47	882 - nicola.maccianti@libero.it
2014-09-05, 17:08:47	883 - nikizazzeri@yahoo.it
2014-09-05, 17:08:48	884 - nicolettamanzini@libero.it
2014-09-05, 17:08:49	885 - ninogioia@gmail.com
2014-09-05, 17:08:49	886 - amministrazionenovaradio@arcifirenze.it
2014-09-05, 17:08:51	887 - nunziati@alice.it
2014-09-05, 17:08:51	888 - orianabaroncelli@libero.it
2014-09-05, 17:08:51	889 - pantanigianluca@gmail.com
2014-09-05, 17:08:52	890 - paola-amadio@tiscali.it
2014-09-05, 17:08:52	891 - paoladili@virgilio.it
2014-09-05, 17:08:53	892 - papinipaola@supereva.it
2014-09-05, 17:08:53	893 - pabillo@libero.it
2014-09-05, 17:08:54	894 - carradori@inwind.it
2014-09-05, 17:08:55	895 - giampaolo.casu@libero.it
2014-09-05, 17:08:56	896 - db@paolo.dellabella.name
2014-09-05, 17:08:56	897 - fam.diste@alice.it
2014-09-05, 17:08:56	898 - paologuidotti@hotmail.it
2014-09-05, 17:08:57	899 - info@paolomari.net
2014-09-05, 17:08:58	900 - p.russo@repubblica.it
2014-09-05, 17:08:58	901 - pasquale.rimolo@poste.it
2014-09-05, 17:08:59	902 - stampa@teatrodellapergola.com
2014-09-05, 17:08:59	903 - bradpeter@virgilio.it
2014-09-05, 17:09:00	904 - info@piccoliprincipiteatro.it
2014-09-05, 17:09:01	905 - pierluigivannucchi@gmail.com
2014-09-05, 17:09:01	906 - pieroborri@gmail.com
2014-09-05, 17:09:02	907 - pierobronzi@gmail.com
2014-09-05, 17:09:02	908 - sorrepino@libero.it
2014-09-05, 17:09:03	909 - pippissimo88@hotmail.it
2014-09-05, 17:09:04	910 - pirilla@alice.it
2014-09-05, 17:09:04	911 - pmaccia@inwind.it
2014-09-05, 17:09:05	912 - raffabelli@yahoo.it
2014-09-05, 17:09:05	913 - al.severi@rai.it
2014-09-05, 17:09:07	914 - renatocordovani@alice.it
2014-09-05, 17:09:07	915 - renzo_roselli@libero.it
2014-09-05, 17:09:07	916 - info@toscanaclassica.net
2014-09-05, 17:09:08	917 - r.innocenti@lofficinapsicoacustica.it
2014-09-05, 17:09:08	918 - info@promowine.it
2014-09-05, 17:09:09	919 - riccardo.ciolino@email.com
2014-09-05, 17:09:10	920 - riccardodellocchio@virgilio.it
2014-09-05, 17:09:10	921 - riccardo_galimberti@live.it
2014-09-05, 17:09:11	922 - rc@nestiblack.it
2014-09-05, 17:09:11	923 - onorius@virgilio.it
2014-09-05, 17:09:12	924 - riccardosaveri@virgilio.it
2014-09-05, 17:09:13	925 - rferrazza2000@yahoo.it
2014-09-05, 17:09:13	926 - roberta.ferrazza@esteri.it
2014-09-05, 17:09:15	927 - arovida@tiscalinet.it
2014-09-05, 17:09:15	928 - roberta.serni@istruzione.it
2014-09-05, 17:09:15	929 - libusati@iol.it
2014-09-05, 17:09:16	930 - rob.scheggia@libero.it
2014-09-05, 17:09:16	931 - roberto_benvenuti2003@yahoo.it
2014-09-05, 17:09:17	932 - roboconti@libero.it
2014-09-05, 17:09:17	933 - info@rmprogetti.it
2014-09-05, 17:09:18	934 - manrob1999@yahoo.it
2014-09-05, 17:09:19	935 - bobnistri@gmail.com
2014-09-05, 17:09:19	936 - rodolfosarli@yahoo.it
2014-09-05, 17:09:20	937 - romana.bellato@gmail.com
2014-09-05, 17:09:20	938 - romano.pratesi@libero.it
2014-09-05, 17:09:21	939 - rosippo@tiscali.it
2014-09-05, 17:09:22	940 - stonatina@gmail.com
2014-09-05, 17:09:22	941 - rubencha@virgilio.it
2014-09-05, 17:09:23	942 - saxofono@alice.it
2014-09-05, 17:09:23	943 - jazz@morinisport.it
2014-09-05, 17:09:25	944 - scuola.verdi@comune.prato.it
2014-09-05, 17:09:25	945 - dicomano@scuolacomunaledimusica.it
2014-09-05, 17:09:25	946 - smcpontassieve@tiscali.it
2014-09-05, 17:09:26	947 - info@scuoladimusicasesto.it
2014-09-05, 17:09:26	948 - musica@comune.poggibonsi.si.it
2014-09-05, 17:09:27	949 - sdipuccio@hotmail.it
2014-09-05, 17:09:28	950 - segreteria.arcifirenze@gmail.com
2014-09-05, 17:09:28	951 - segreteria@firenzespettacolo.it
2014-09-05, 17:09:29	952 - lsantoni@firenze.cna.it
2014-09-05, 17:09:29	953 - sentieriacustici@gmail.com
2014-09-05, 17:09:30	954 - sermot@alice.it
2014-09-05, 17:09:31	955 - shahrzad_orouji@yahoo.com
2014-09-05, 17:09:31	956 - Cristina.Siani@infrontsports.com
2014-09-05, 17:09:32	957 - silvanopanichi@gmail.com
2014-09-05, 17:09:33	958 - santini.silvia391@tiscali.it
2014-09-05, 17:09:33	959 - simonapiccioli@tiscali.it
2014-09-05, 17:09:34	960 - fallaci@dada.it
2014-09-05, 17:09:34	961 - simonegraziano79@yahoo.it
2014-09-05, 17:09:35	962 - devilmans@libero.it
2014-09-05, 17:09:35	963 - smnsnt68@gmail.com
2014-09-05, 17:09:36	964 - soniacomoni@virgilio.it
2014-09-05, 17:09:37	965 - stefania.doni@gmail.com
2014-09-05, 17:09:37	966 - ste.dell@hotmail.com
2014-09-05, 17:09:38	967 - tatami33@virgilio.it
2014-09-05, 17:09:38	968 - s.bartoli@fastwebnet.it
2014-09-05, 17:09:39	969 - stefdemarco@hotmail.it
2014-09-05, 17:09:40	970 - direzione@scandiccicultura.org
2014-09-05, 17:09:40	971 - contart@dinonet.it
2014-09-05, 17:09:41	972 - stefanomagnolfi@hotmail.com
2014-09-05, 17:09:41	973 - stefano.mangani@unisi.it
2014-09-05, 17:09:43	974 - negri.s@tele2.it
2014-09-05, 17:09:43	975 - stefanoonorati@gmail.com
2014-09-05, 17:09:43	976 - stefanorapicavoli@gmail.com
2014-09-05, 17:09:44	977 - formazione@stefanorusso.it
2014-09-05, 17:09:44	978 - lupomaremmano@katamail.com
2014-09-05, 17:09:45	979 - stefanotani@tin.it
2014-09-05, 17:09:46	980 - szenni@tin.it
2014-09-05, 17:09:46	981 - studiorap@libero.it
2014-09-05, 17:09:47	982 - susannastigler@gmail.com
2014-09-05, 17:09:47	983 - susannastigler@informacitta.net
2014-09-05, 17:09:48	984 - susanna.crociani@libero.it
2014-09-05, 17:09:49	985 - info@susybellucci.com
2014-09-05, 17:09:49	986 - t.coppi@mail.regione.toscana.it
2014-09-05, 17:09:50	987 - tamara.coppiceccantini@regione.toscana.it
2014-09-05, 17:09:50	988 - promo@teatrodellalimonaia.it
2014-09-05, 17:09:51	989 - comunicazione@teatrodellapergola.com
2014-09-05, 17:09:53	990 - info@metastasio.it
2014-09-05, 17:09:53	991 - infoteatro@scandiccicultura.it
2014-09-05, 17:09:53	992 - tolminomarianini@yahoo.it
2014-09-05, 17:09:53	993 - info@toscanamusiche.it
2014-09-05, 17:09:54	994 - trinciavelli@effe2srl.it
2014-09-05, 17:09:55	995 - culturaq2@comune.fi.it
2014-09-05, 17:09:55	996 - umberto.tenaglia@alice.it
2014-09-05, 17:09:56	997 - valentino.s@alice.it
2014-09-05, 17:09:56	998 - vmorelliit@yahoo.it
2014-09-05, 17:09:57	999 - striano@arci.it
2014-09-05, 17:09:58	1000 - vorsetti@hotmail.com
2014-09-05, 17:09:58	1001 - wilmasperanzini@gmail.com
2014-09-05, 17:09:59	1002 - info@spazioalfieri.it
2014-09-05, 17:09:59	1003 - florencematerassi@alice.it
2014-09-05, 17:10:01	1004 - queidellapera@gmail.com
2014-09-05, 17:10:01	1005 - micol@micolbarsanti.it
2014-09-05, 17:10:01	1006 - giuliostracciati@hotmail.it
2014-09-05, 17:10:02	1007 - marco_baldini@libero.it
2014-09-05, 17:10:02	1008 - sergio-rizzo@hotmail.it
