2015-05-13, 20:00:03	

=================================================================

2015-05-13, 20:00:03	LABORATORIO ORCHESTRALE SU MUSICHE DI LUCA FLORES E CONCERTI


2015-05-13, 20:00:19	1 - webmaster@globeit.it
2015-05-13, 20:00:20	2 - info@camfirenze.net
2015-05-13, 20:00:21	3 - g.porzilli@globeit.it
2015-05-13, 20:00:21	4 - jovinericcardo@inwind.it
2015-05-13, 20:00:23	5 - emilmast@tin.it
2015-05-13, 20:00:23	6 - m_bonaiuti@tin.it
2015-05-13, 20:00:23	7 - andreagheri@hotmail.com
2015-05-13, 20:00:24	8 - lenzi.giova@alice.it
2015-05-13, 20:00:24	9 - giuseppe.dipietro@bassilichi.it
2015-05-13, 20:00:25	10 - riccardoschillaci@msn.com
2015-05-13, 20:00:25	11 - pan.and@alice.it
2015-05-13, 20:00:26	12 - stefania.nin@unifi.it
2015-05-13, 20:00:27	13 - elianto96@alice.it
2015-05-13, 20:00:27	14 - ziopino@libero.it
2015-05-13, 20:00:28	15 - fidelegno@email.it
2015-05-13, 20:00:28	16 - nicolucci@studiomichelangelo.com
2015-05-13, 20:00:29	17 - mariapaolapaci@yahoo.it
2015-05-13, 20:00:31	18 - m.jennifer@hotmail.it
2015-05-13, 20:00:31	19 - eleonora.giovannini@hotmail.com
2015-05-13, 20:00:31	20 - federico-micheli@hotmail.it
2015-05-13, 20:00:31	21 - massimo.guidi@tiscali.it
2015-05-13, 20:00:32	22 - melli@melli.bs.it
2015-05-13, 20:00:33	23 - ccorazzi@sebia.it
2015-05-13, 20:00:33	24 - agf.aniko@libero.it
2015-05-13, 20:00:34	25 - giuliamo0601@alice.it
2015-05-13, 20:00:34	26 - gianni.ignesti@virgilio.it
2015-05-13, 20:00:35	27 - leonardo.alessi@tiscali.it
2015-05-13, 20:00:36	28 - manuel.ditardo@gmail.com
2015-05-13, 20:00:36	29 - fulviodori@yahoo.it
2015-05-13, 20:00:37	30 - silvia@rossellino.com
2015-05-13, 20:00:37	31 - cm25mia@yahoo.it
2015-05-13, 20:00:39	32 - vialefanti@libero.it
2015-05-13, 20:00:39	33 - lebuschi@gmail.com
2015-05-13, 20:00:39	34 - imbramat@yahoo.it
2015-05-13, 20:00:40	35 - goretti.gianluca@tiscali.it
2015-05-13, 20:00:40	36 - f.filesi@hotmail.it
2015-05-13, 20:00:41	37 - alessandro.dipuccio@alice.it
2015-05-13, 20:00:42	38 - jimmypeter2@hotmail.com
2015-05-13, 20:00:42	39 - serebaldi@tiscali.it
2015-05-13, 20:00:43	40 - barbe335@gmail.com
2015-05-13, 20:00:43	41 - wequaquet@yahoo.it
2015-05-13, 20:00:44	42 - maria.ricceri2@gmail.com
2015-05-13, 20:00:45	43 - luca.bersaglieri@gmail.com
2015-05-13, 20:00:45	44 - sara.fabbrizzi@virgilio.it
2015-05-13, 20:00:46	45 - scioni57@libero.it
2015-05-13, 20:00:46	46 - fradattolo@gmail.com
2015-05-13, 20:00:47	47 - fallaci@hotmail.it
2015-05-13, 20:00:48	48 - adrianalipsi@gmail.com
2015-05-13, 20:00:48	49 - antongiac@live.it
2015-05-13, 20:00:49	50 - silvia.guenda@gmail.com
2015-05-13, 20:00:50	51 - anna-cocco@virgilio.it
2015-05-13, 20:00:50	52 - theblacken@hotmail.it
2015-05-13, 20:00:51	53 - cosimolai@yahoo.it
2015-05-13, 20:00:51	54 - massimiliano.landi@gmail.com
2015-05-13, 20:00:52	55 - virginiamanco@yahoo.it
2015-05-13, 20:00:52	56 - piabar@alice.it
2015-05-13, 20:00:53	57 - ginettaccio356@gmail.com
2015-05-13, 20:00:54	59 - ppieri@hotmail.com
2015-05-13, 20:00:54	60 - philgrims@gmail.com
2015-05-13, 20:00:55	61 - ga.proto@tiscali.it
2015-05-13, 20:00:55	62 - gianluca.sodero@gmail.com
2015-05-13, 20:00:56	63 - cristinavaltriani@gmail.com
2015-05-13, 20:00:57	64 - francespletchan@gmail.com
2015-05-13, 20:00:57	65 - marco.mazzoni75@gmail.com
2015-05-13, 20:00:58	66 - lucrezia.mazzocchi@alice.it
2015-05-13, 20:00:59	67 - matticari.g@tiscali.it
2015-05-13, 20:00:59	68 - soniabertini@hotmail.it
2015-05-13, 20:01:00	69 - alicemanuguerra@libero.it
2015-05-13, 20:01:00	70 - nicco.angioni@yahoo.it
2015-05-13, 20:01:01	71 - etto1re@gmail.com
2015-05-13, 20:01:01	72 - cossusonny@libero.it
2015-05-13, 20:01:02	73 - cicali.filippo@gmail.com
2015-05-13, 20:01:03	74 - leobonechi@dada.it
2015-05-13, 20:01:03	75 - riccardo.levi@yahoo.it
2015-05-13, 20:01:04	76 - patrizia.seravalli@gmail.com
2015-05-13, 20:01:04	77 - brandini.tommaso@gmail.com
2015-05-13, 20:01:05	78 - sbartoli@fashion.it
2015-05-13, 20:01:06	79 - clarissa.bencini@gmail.com
2015-05-13, 20:01:06	80 - william.luzzi@gmail.com
2015-05-13, 20:01:07	81 - cecia92@hotmail.it
2015-05-13, 20:01:07	82 - andrea.giavarini@gmail.com
2015-05-13, 20:01:08	83 - peccino70@hotmail.it
2015-05-13, 20:01:09	84 - luna.decate@gmail.com
2015-05-13, 20:01:10	85 - ilaria.daddi@alice.it
2015-05-13, 20:01:10	86 - tommaso@zurli.it
2015-05-13, 20:01:10	87 - d.scapigliati@scapigliati.it
2015-05-13, 20:01:11	88 - annalisamencattini@virgilio.it
2015-05-13, 20:01:12	89 - giltel62@gmail.com
2015-05-13, 20:01:12	90 - rizzuti.daria@gmail.com
2015-05-13, 20:01:13	91 - andreacagnola1@gmail.com
2015-05-13, 20:01:13	92 - pampet@tiscali.it
2015-05-13, 20:01:14	93 - dittaduepi@libero.it
2015-05-13, 20:01:15	94 - albertomarrini@tiscali.it
2015-05-13, 20:01:15	95 - elisagaglirdi@tuscaniinstitute.it
2015-05-13, 20:01:16	96 - chiarasilvia.vill@gmail.com
2015-05-13, 20:01:16	97 - morillo1982@hotmail.it
2015-05-13, 20:01:17	98 - maeli68@hotmail.com
2015-05-13, 20:01:18	99 - patpenco1@mac.com
2015-05-13, 20:01:18	100 - serena.menicalli90@gmail.com
2015-05-13, 20:01:19	101 - giacomopipitone@icloud.com
2015-05-13, 20:01:19	102 - rossellaeleonardo@virgilio.it
2015-05-13, 20:01:21	103 - emilio.botto@libero.it
2015-05-13, 20:01:21	104 - e.macerini@gmail.com
2015-05-13, 20:01:21	105 - marcolamioni@mac.com
2015-05-13, 20:01:22	106 - robertacolla@simonemicheli.com
2015-05-13, 20:01:22	107 - sabrinapaladini@inwind.it
2015-05-13, 20:01:23	108 - arieccola@gmail.com
2015-05-13, 20:01:24	109 - passalacqua.fulvio@gmail.com
2015-05-13, 20:01:24	110 - ziopina@libero.it
2015-05-13, 20:01:25	111 - nera@atlavia.it
2015-05-13, 20:01:25	112 - frengo75tn@yahoo.it
2015-05-13, 20:01:26	113 - deglinnocentielisa@gmail.com
2015-05-13, 20:01:27	114 - france1611@yahoo.it
2015-05-13, 20:01:27	115 - niccolo.mugelli@gmail.com
2015-05-13, 20:01:28	116 - maxgiallo@tin.it
2015-05-13, 20:01:28	117 - giacomo.londi@hotmail.it
2015-05-13, 20:01:29	118 - lovesmusic@alice.it
2015-05-13, 20:01:30	119 - tabpalmieri@live.it
2015-05-13, 20:01:30	120 - francescogabrilelli@gmail.com
2015-05-13, 20:01:32	121 - regolus_81@hotmail.com
2015-05-13, 20:01:32	122 - walteriano@gmail.com
2015-05-13, 20:01:32	123 - riccardodefelice@gmail.com
2015-05-13, 20:01:33	124 - andpoliti@gmail.com
2015-05-13, 20:01:33	125 - pinogulli@alice.it
2015-05-13, 20:01:34	126 - andreacennini@yahoo.it
2015-05-13, 20:01:34	127 - lucilla_meucci@alice.it
2015-05-13, 20:01:35	128 - giulystairway@hotmail.it
2015-05-13, 20:01:36	129 - lploredana552@gmail.com
2015-05-13, 20:01:36	130 - a.roccatelli@gmail.com
2015-05-13, 20:01:37	131 - gottard@disia.unifit.it
2015-05-13, 20:01:37	132 - laura.mattioli@asf.toscana.it
2015-05-13, 20:01:38	133 - santellipaola@gmail.com
2015-05-13, 20:01:39	134 - elena.tartagli@yahoo.it
2015-05-13, 20:01:39	135 - laura.pagliantini@virgilio
2015-05-13, 20:01:40	136 - massy.a@tiscali.it
2015-05-13, 20:01:40	137 - amorosoluca@tiscali.it
2015-05-13, 20:01:41	138 - drummermichi@hotmail.it
2015-05-13, 20:01:43	139 - flaviano.apollonio@alice.it
2015-05-13, 20:01:43	140 - bib92@hotmail.it
2015-05-13, 20:01:43	141 - mattia.balconi@ge.com
2015-05-13, 20:01:43	142 - _marco_baldini@libero.it
2015-05-13, 20:01:44	143 - theking.3@hotmail.it
2015-05-13, 20:01:45	144 - maria.ricceri2@virgilio.it
2015-05-13, 20:01:45	145 - valentina.barlacchi@libero.it
2015-05-13, 20:01:46	146 - giannanenna03@yahoo.it
2015-05-13, 20:01:46	147 - paolobertocci@libero.it
2015-05-13, 20:01:47	148 - bmblsnmntsra@hotmail.it
2015-05-13, 20:01:48	150 - antonio.branchi@moroshi.it
2015-05-13, 20:01:48	151 - carlottabusignani@yahoo.it
2015-05-13, 20:01:49	152 - iacopocangioli@yahoo.it
2015-05-13, 20:01:49	153 - timoteocarbone@gmail.com
2015-05-13, 20:01:50	154 - casalini_marco@libero.it
2015-05-13, 20:01:51	155 - fabio.cecchini@agronica.eu
2015-05-13, 20:01:51	156 - ufficiotecnico@gfclavoriedili.it
2015-05-13, 20:01:53	157 - riccardo.ciolino@email.it
2015-05-13, 20:01:53	158 - diego_collini85@yahoo.it
2015-05-13, 20:01:53	159 - rabbittaro@hotmail.it
2015-05-13, 20:01:54	160 - foy_m6@hotmail.it
2015-05-13, 20:01:54	161 - studiocortocherubini@alice.it
2015-05-13, 20:01:55	162 - antoniodarone@libero.it
2015-05-13, 20:01:55	163 - pakkidega90@hotmail.it
2015-05-13, 20:01:56	164 - del.carria.marco@gmail.com
2015-05-13, 20:01:57	165 - riccardo.delchiaro@gmail.com
2015-05-13, 20:01:57	166 - fiober@hotmail.it
2015-05-13, 20:01:58	168 - falco.douglasscotti@gmail.com
2015-05-13, 20:01:58	169 - desmar10@libero.it
2015-05-13, 20:01:59	170 - irescimmia@hotmail.it
2015-05-13, 20:02:00	171 - zilatiankuser@hotmail.it
2015-05-13, 20:02:00	172 - guido.fs@hotmail.com
2015-05-13, 20:02:01	173 - giovanni_frasca@virgilio.it
2015-05-13, 20:02:01	174 - lucafrosi@hotmail.it
2015-05-13, 20:02:03	175 - marchinoviolino@gmail.com
2015-05-13, 20:02:03	176 - david@alternativamente.eu
2015-05-13, 20:02:03	177 - lorenzoghere@gmail.com
2015-05-13, 20:02:04	178 - andreagheri83@hotmail.com
2015-05-13, 20:02:04	179 - valter@giacomel.it
2015-05-13, 20:02:05	180 - c.giannardi@arpet.toscana
2015-05-13, 20:02:06	181 - buddy666@hotmail.it
2015-05-13, 20:02:06	182 - clevermenagier@libero.it
2015-05-13, 20:02:07	183 - gioia.griffo@alice.it
2015-05-13, 20:02:07	184 - giulsita@gmail.com
2015-05-13, 20:02:09	185 - iovinericcardo@inwind.it
2015-05-13, 20:02:09	186 - lenzi.lenzi@hotmail.it
2015-05-13, 20:02:09	187 - patriziafaustini@gmail.com
2015-05-13, 20:02:10	188 - agata_teatro@yahoo.it
2015-05-13, 20:02:10	189 - meobargie@yahoo.it
2015-05-13, 20:02:11	190 - marimarta973@yahoo.it
2015-05-13, 20:02:12	191 - franco.piras@tin.it
2015-05-13, 20:02:12	192 - edomen@gmail.com
2015-05-13, 20:02:14	193 - anna.basagni@tele2.it
2015-05-13, 20:02:14	194 - crimiglio@yahoo.it
2015-05-13, 20:02:14	195 - elleemme2@tiscali.it
2015-05-13, 20:02:15	196 - badesaba@tiscali.it
2015-05-13, 20:02:15	197 - moroniserena@gmail.com
2015-05-13, 20:02:16	198 - juliettem@hotmail.it
2015-05-13, 20:02:16	199 - niccolo.mugelli@libero.it
2015-05-13, 20:02:17	200 - teresa.marciaionetto@telecomitalia.it
2015-05-13, 20:02:19	201 - marsiglia93@hotmail.it
2015-05-13, 20:02:19	202 - nicolucci@studiomichelangelo.it
2015-05-13, 20:02:19	203 - panand@tin.it
2015-05-13, 20:02:19	204 - paoletti.l@fastwebnet.it
2015-05-13, 20:02:20	205 - stefanopardini@gmail.com
2015-05-13, 20:02:21	206 - angie.magherini@gmail.com
2015-05-13, 20:02:21	207 - fulvio.passalacqua@teriaenergy.com
2015-05-13, 20:02:23	208 - aphillips1@gm.slc.edu
2015-05-13, 20:02:23	210 - mauro_quinto@virgilio.it
2015-05-13, 20:02:23	211 - ragazzoluca@yahoo.it
2015-05-13, 20:02:24	212 - annarapi@hotmail.it
2015-05-13, 20:02:24	213 - giulia.patrizia@libero.it
2015-05-13, 20:02:25	214 - dario.romagnoli87@gmail.com
2015-05-13, 20:02:26	215 - moniarossi1@virgilio.it
2015-05-13, 20:02:26	216 - p.rubellini@gmail.com
2015-05-13, 20:02:27	217 - wsofia@hotmail.it
2015-05-13, 20:02:27	218 - sacco_89@hotmail.it
2015-05-13, 20:02:28	219 - silvia.zuffanelli@tin.it
2015-05-13, 20:02:28	220 - miresarti@yahoo.it
2015-05-13, 20:02:29	221 - schelde@hotmail.it
2015-05-13, 20:02:30	222 - harven@hotmail.it
2015-05-13, 20:02:30	223 - emi.39@hotmail.com
2015-05-13, 20:02:31	224 - ldelpac@tin.it
2015-05-13, 20:02:31	225 - silvia162@hotmail.com
2015-05-13, 20:02:33	226 - zizhov86@hotmail.com
2015-05-13, 20:02:33	227 - ferdinando.olivieri@gmail.com
2015-05-13, 20:02:33	228 - annabondi@libero.it
2015-05-13, 20:02:34	229 - sanodimente@gmail.com
2015-05-13, 20:02:34	230 - flomungari@hotmailcom
2015-05-13, 20:02:35	232 - leo88pecchio@gmail.com
2015-05-13, 20:02:36	233 - peticacio_95@hotmail.it
2015-05-13, 20:02:36	234 - ariannacarboni@gmx.de
2015-05-13, 20:02:37	235 - andrea.delchiaro@gmail.com
2015-05-13, 20:02:37	236 - luxxx73@yahoo.it
2015-05-13, 20:02:39	237 - personaltrainer@interfree.it
2015-05-13, 20:02:39	238 - cmaddii@hotmail.com
2015-05-13, 20:02:39	239 - cacioz91@live.it
2015-05-13, 20:02:40	240 - giorgia.lanzoni@gmail.com
2015-05-13, 20:02:40	241 - marco.rastrelli@gmail.com
2015-05-13, 20:02:41	242 - dipu13theboss@live.it
2015-05-13, 20:02:42	243 - g.zadro@targetti.it
2015-05-13, 20:02:42	245 - maurizio.fantini@iol.it
2015-05-13, 20:02:44	246 - petreni126@hotmail.it
2015-05-13, 20:02:45	247 - m.bonaiuti@tin.it
2015-05-13, 20:02:45	248 - ahaas@skidmore.edu
2015-05-13, 20:02:45	249 - leonardo.arcucci@libero.it
2015-05-13, 20:02:45	250 - bastianopoli@hotmail.com
2015-05-13, 20:02:46	251 - cramobladini@live.it
2015-05-13, 20:02:46	252 - v.bargelli@hotmail.com
2015-05-13, 20:02:48	253 - battaglinisara@gmail.com
2015-05-13, 20:02:49	254 - nataliabavar@hotmail.com
2015-05-13, 20:02:50	255 - n.nucci@fondiaria.sai.it
2015-05-13, 20:02:50	256 - claudiaborghesi@yahoo.it
2015-05-13, 20:02:50	257 - camilla.brilli@hotmail.com
2015-05-13, 20:02:51	258 - marcello.brugioni@gmail.com
2015-05-13, 20:02:51	259 - pamel_busonero@alice.it
2015-05-13, 20:02:51	260 - mauro.carnevale@yahoo.it
2015-05-13, 20:02:52	261 - CASALINI_MARIO@LIBERO.IT
2015-05-13, 20:02:52	263 - camillacenni@gmail.com
2015-05-13, 20:02:54	265 - leofi77@alice.it
2015-05-13, 20:02:55	266 - clifford.lisa@hotmail.com
2015-05-13, 20:02:55	267 - duccio.bhz@gmail.com
2015-05-13, 20:02:55	268 - barbaravinicio@alice.it
2015-05-13, 20:02:55	269 - iconauta@hotmail.com
2015-05-13, 20:02:56	270 - laura.coradeschi@coradeschi.it
2015-05-13, 20:02:58	271 - anastilosi@inwind.it
2015-05-13, 20:02:58	272 - isabella.pezzatini@gmail.com
2015-05-13, 20:02:58	273 - paolo.arnaldo@gmail.com
2015-05-13, 20:02:58	274 - gabriella.denisi@gmail.com
2015-05-13, 20:02:59	275 - adasmi@dasmi.it
2015-05-13, 20:03:00	276 - michi66fi@gmaiol.com
2015-05-13, 20:03:00	277 - pdettole@alice.it
2015-05-13, 20:03:01	278 - taliannusuli81@yahoo.it
2015-05-13, 20:03:02	279 - nicola.dellungo@gmail.com
2015-05-13, 20:03:02	280 - andreadonato@hotmail.it
2015-05-13, 20:03:03	281 - isafantechi@libero.it
2015-05-13, 20:03:04	282 - fedimak@yahoo.com.hk
2015-05-13, 20:03:04	283 - ferrantini.irene@gmail.com
2015-05-13, 20:03:04	284 - andreafioravanti@libero.it
2015-05-13, 20:03:05	285 - francesca_fiorini@hotmail.com
2015-05-13, 20:03:06	286 - massimofondelli@alice.it
2015-05-13, 20:03:06	287 - diego.furesi@gmail.com
2015-05-13, 20:03:08	288 - luciano.gavini@tin.it
2015-05-13, 20:03:08	289 - chiaraghera@hotmail.it
2015-05-13, 20:03:08	290 - elios.17@hotmail.it
2015-05-13, 20:03:09	291 - gabriele.migani@gmail.com
2015-05-13, 20:03:09	292 - ilaria.lemmi@email.it
2015-05-13, 20:03:11	293 - libero.m@virgilio.it
2015-05-13, 20:03:11	294 - rossanasegnini@libero.it
2015-05-13, 20:03:11	295 - madigner@hotmail.com
2015-05-13, 20:03:12	296 - info@andreamariotti.com
2015-05-13, 20:03:12	297 - pau.marimon@gmail.com
2015-05-13, 20:03:14	298 - elia_26@libero.it
2015-05-13, 20:03:15	299 - alessiom68@gmail.com
2015-05-13, 20:03:15	300 - contemplatingjazz@hotmail.it
2015-05-13, 20:03:15	301 - melli@mellibs.it
2015-05-13, 20:03:15	302 - troy1989@hotmail.iy
2015-05-13, 20:03:16	303 - frengo75@yahoo.it
2015-05-13, 20:03:16	304 - miaim2@gmail.com
2015-05-13, 20:03:18	305 - federico-micheli@hotmail.com
2015-05-13, 20:03:18	306 - ciroistruttore@libero.it
2015-05-13, 20:03:18	308 - barbaraberto.paganelli@gmail.it
2015-05-13, 20:03:19	309 - maddamonti@yahoo.it
2015-05-13, 20:03:20	310 - gv.paoletti@fls.unipi.it
2015-05-13, 20:03:20	311 - vita.lorenzo@alice.it
2015-05-13, 20:03:21	312 - terguparenti@gmail.com
2015-05-13, 20:03:21	314 - francescapiccioli@libero.it
2015-05-13, 20:03:22	315 - danielaromano79@hotmail.com
2015-05-13, 20:03:22	316 - aran.scala@teletv.it
2015-05-13, 20:03:23	317 - massimo.scardi@selex-comms.com
2015-05-13, 20:03:24	318 - cat.sy@hotmail.it
2015-05-13, 20:03:24	319 - elenat@libero.it
2015-05-13, 20:03:25	320 - leo.terilli@hotmail.com
2015-05-13, 20:03:25	321 - l.tommaso@hotmail.it
2015-05-13, 20:03:26	322 - ale84.max@virgilio.it
2015-05-13, 20:03:27	323 - fabio.truschi@gmail.com
2015-05-13, 20:03:27	324 - bismillah@hotmail.it
2015-05-13, 20:03:28	325 - vinvento@infinito.it
2015-05-13, 20:03:29	326 - info@rasoihairjazz
2015-05-13, 20:03:29	327 - giovavoz@libero.it
2015-05-13, 20:03:30	328 - sofiaweck@hotmail.it
2015-05-13, 20:03:30	329 - donda65@gmail.com
2015-05-13, 20:03:31	330 - zelonig@tiscali.it
2015-05-13, 20:03:31	331 - datastone@libero.it
2015-05-13, 20:03:32	332 - massimo.milazzotto@tin.it
2015-05-13, 20:03:33	333 - g_gracan@hotmail.com
2015-05-13, 20:03:33	334 - roberta62006@hotmail.it
2015-05-13, 20:03:34	335 - kurt_co@hotmail.it
2015-05-13, 20:03:34	336 - willypyron@msn.com
2015-05-13, 20:03:35	337 - gloria.soldatini@gmail.com
2015-05-13, 20:03:36	338 - diegoaureliano@hotmail.it
2015-05-13, 20:03:36	339 - manuelmatera@gmail.com
2015-05-13, 20:03:37	340 - leobecucci@virgilio.it
2015-05-13, 20:03:37	341 - pbini@menarini.it
2015-05-13, 20:03:38	343 - lapofabbri@virgilio.it
2015-05-13, 20:03:40	344 - paolopinarelli@virgilio.it
2015-05-13, 20:03:40	345 - ilbute@alice.it
2015-05-13, 20:03:40	346 - f.cangi@gmail.com
2015-05-13, 20:03:40	348 - y.romboli@libero.it
2015-05-13, 20:03:41	349 - awithrow@harding.edu
2015-05-13, 20:03:42	351 - elsauro@gmail.com
2015-05-13, 20:03:42	352 - baldigiovani1957@libero.it
2015-05-13, 20:03:43	353 - info@hotelperseo.it
2015-05-13, 20:03:43	354 - albichon@tiscali.it
2015-05-13, 20:03:44	355 - barbiggio@alice.it
2015-05-13, 20:03:45	356 - kuoka26@hotmail.com
2015-05-13, 20:03:45	357 - fedecapa@supereva.it
2015-05-13, 20:03:46	358 - lorenzo.caponnetto@virgilio.it
2015-05-13, 20:03:46	359 - ecarlucci@gmail.com
2015-05-13, 20:03:47	360 - cianchi.family@alice.it
2015-05-13, 20:03:48	361 - cibino@libero.it
2015-05-13, 20:03:48	362 - loredana.belloni@hotmail.it
2015-05-13, 20:03:49	363 - rabbittaro@hotmail.com
2015-05-13, 20:03:50	364 - siimsam@hotmail.com
2015-05-13, 20:03:50	365 - kyo_oli@hotmail.com
2015-05-13, 20:03:51	366 - info@over-sound.it
2015-05-13, 20:03:51	367 - nagash91@tiscali.it
2015-05-13, 20:03:52	368 - didi.steiner@libero.it
2015-05-13, 20:03:52	369 - matildedipuccieta@hotmail.it
2015-05-13, 20:03:53	370 - duinomassimo@libero.it
2015-05-13, 20:03:54	371 - famfed@libero.it
2015-05-13, 20:03:54	372 - dark.namras@gmail.com
2015-05-13, 20:03:55	373 - michela.piccardi@gmail.com
2015-05-13, 20:03:55	374 - lindagabriel@libero.it
2015-05-13, 20:03:56	376 - gemmeg@libero.it
2015-05-13, 20:03:57	377 - damonche@hotmail.com
2015-05-13, 20:03:57	378 - fredfurio@katamail.com
2015-05-13, 20:03:58	379 - martiguelfi@tiscali.it
2015-05-13, 20:03:58	380 - fidalegno@email.it
2015-05-13, 20:03:59	381 - iovinericaardo@inwind.it
2015-05-13, 20:04:00	382 - brettlalonde@yahoo.com
2015-05-13, 20:04:00	383 - landiandrea@interfree.it
2015-05-13, 20:04:01	386 - faminore@gmail.com
2015-05-13, 20:04:01	387 - c_maiani@libero.it
2015-05-13, 20:04:02	388 - silviaborroni@alice.it
2015-05-13, 20:04:03	389 - edomen@hotmail.com
2015-05-13, 20:04:03	390 - tiko.4augusto@tiscali.it
2015-05-13, 20:04:04	391 - morgan_3@hotmail.it
2015-05-13, 20:04:04	392 - brunomura@interfree.it
2015-05-13, 20:04:05	393 - iacopop@gmail.com
2015-05-13, 20:04:06	394 - olmo_recami@hotmail.it
2015-05-13, 20:04:06	395 - iacopo.risi@gmail.com
2015-05-13, 20:04:07	396 - nadph@hotmail.it
2015-05-13, 20:04:07	397 - nico.serejazz@alice.it
2015-05-13, 20:04:09	398 - operamail2001@yahoo.com
2015-05-13, 20:04:09	399 - giaxec@tin.it
2015-05-13, 20:04:09	400 - severino.francesca@inwind.it
2015-05-13, 20:04:10	401 - ilo.m@inwind.it
2015-05-13, 20:04:10	402 - donatella.ferri@tin.it
2015-05-13, 20:04:11	403 - alessandrotonarelli@tin.it
2015-05-13, 20:04:12	404 - oltrimboli@gmail.com
2015-05-13, 20:04:12	405 - evendramini@cheapnet.it
2015-05-13, 20:04:13	406 - avmusic@tin.it
2015-05-13, 20:04:13	407 - plvieri@libero.it
2015-05-13, 20:04:14	408 - zallo18@libero.it
2015-05-13, 20:04:15	409 - mattia.hagge@virgilio.it
2015-05-13, 20:04:15	410 - daniele.panella@nyu.edu
2015-05-13, 20:04:16	411 - alessandrapelli@gmail.com
2015-05-13, 20:04:16	412 - leonardopieraccioni@tin.it
2015-05-13, 20:04:17	413 - tellinessa71@gmail.com
2015-05-13, 20:04:19	414 - nazareno.caputo@live.it
2015-05-13, 20:04:19	417 - stefanobazzi@yahoo.it
2015-05-13, 20:04:19	418 - claudio.tommasoni@comune.fi.it
2015-05-13, 20:04:19	419 - assessore.giachi@comune.fi.it
2015-05-13, 20:04:20	420 - ilvivaiodelmalcantone@gmail.com
2015-05-13, 20:04:21	421 - marcolanza@iol.it
2015-05-13, 20:04:21	422 - stefano.cioni@fastwebnet.it
2015-05-13, 20:04:22	423 - fantozzigino@gmail.com
2015-05-13, 20:04:22	424 - marisa.cancilleri@gmail.com
2015-05-13, 20:04:23	425 - botticellialessandro@tiscali.it
2015-05-13, 20:04:24	426 - deluca.alex@hotmail.it
2015-05-13, 20:04:24	427 - carlocatalanodrum@yahoo.it
2015-05-13, 20:04:25	428 - amitarieli@libero.it
2015-05-13, 20:04:25	429 - simonepannoni@hotmail.it
2015-05-13, 20:04:26	430 - grazividili@gmail.com
2015-05-13, 20:04:27	431 - letiziadanti@libero.it
2015-05-13, 20:04:27	432 - chiara.fantini@tiscali.it
2015-05-13, 20:04:28	433 - jimmypeter@hotmail.com
2015-05-13, 20:04:28	434 - laura.galli@live.com
2015-05-13, 20:04:30	435 - fedeone@hotmail.it
2015-05-13, 20:04:30	436 - sarafabbrizzi@virgilio.it
2015-05-13, 20:04:30	437 - marco.casaglia@msmedia.it
2015-05-13, 20:04:31	438 - alessandra.cortese68@gmail.com
2015-05-13, 20:04:31	439 - scoppoli@gmail.com
2015-05-13, 20:04:32	440 - mateldacappelletti@gmail.com
2015-05-13, 20:04:33	441 - regiromella@libero.it
2015-05-13, 20:04:33	442 - maurizio.delmastro@gmail.com
2015-05-13, 20:04:34	443 - francescogabrielli@gmail.com
2015-05-13, 20:04:34	444 - massimilano.landi@gmail.com
2015-05-13, 20:04:35	445 - leomacaluso@libero.it
2015-05-13, 20:04:36	446 - biagiomix@gmail.com
2015-05-13, 20:04:36	447 - kundalini87@yahoo.it
2015-05-13, 20:04:37	448 - margotmiani@libero.it
2015-05-13, 20:04:37	449 - laura.pagliantini@libero.it
2015-05-13, 20:04:38	450 - a.vizzone@alice.it
2015-05-13, 20:04:39	451 - gottard@disia.unifi.it
2015-05-13, 20:04:40	452 - annamaria.barrocu@istruzione.it
2015-05-13, 20:04:40	453 - iovinericcardo6@gmail.com
2015-05-13, 20:04:40	454 - stefanocolucci@yahoo.it
2015-05-13, 20:04:41	455 - tiziana.milani@alice.it
2015-05-13, 20:04:42	456 - info@firenzeclassica.com
2015-05-13, 20:04:42	457 - gregory333@live.it
2015-05-13, 20:04:43	458 - gianniceccantini@tiscali.it
2015-05-13, 20:04:43	460 - trane61@libero.it
2015-05-13, 20:04:44	461 - pierpaolo.casale@alice.it
2015-05-13, 20:04:45	462 - oscardini@hotmail.it
2015-05-13, 20:04:45	463 - raffaelebellini@live.it
2015-05-13, 20:04:46	464 - andy_mec91@yahoo.it
2015-05-13, 20:04:46	465 - anna.cudin@gmail.com
2015-05-13, 20:04:47	466 - silviamoneti@yahoo.it
2015-05-13, 20:04:48	467 - an.arena@alice.it
2015-05-13, 20:04:48	468 - giorgio.giacomo@alice.it
2015-05-13, 20:04:49	469 - natalie.dandrea@gmail.com
2015-05-13, 20:04:50	470 - luna.eva@hotmail.it
2015-05-13, 20:04:50	472 - giovannimannocci@fastwebnet.it
2015-05-13, 20:04:51	473 - serzan82@hotmail.com
2015-05-13, 20:04:51	474 - gignorobase@diaconiavaldese.org
2015-05-13, 20:04:52	475 - kthari83@gmail.com
2015-05-13, 20:04:52	477 - mgusso@politecnica.it
2015-05-13, 20:04:53	478 - ricamati@yahoo.it
2015-05-13, 20:04:54	479 - alisab.blank@gmail.com
2015-05-13, 20:04:54	480 - moreno.balzani@alice.it
2015-05-13, 20:04:55	481 - zagazucc@hotmail.it
2015-05-13, 20:04:55	482 - francesco.casini@gioiello.it
2015-05-13, 20:04:56	483 - mg.coccioli@virgilio.it
2015-05-13, 20:04:57	484 - mc.max@alice.it
2015-05-13, 20:04:57	485 - alberto.crescioli@hotmail.it
2015-05-13, 20:04:58	488 - bandini93@gmail.com
2015-05-13, 20:04:58	489 - marilu.daselo@hotmail.it
2015-05-13, 20:04:59	490 - pamela_busonero@alice.it
2015-05-13, 20:05:00	491 - cupolone69@alice.it
2015-05-13, 20:05:01	492 - chiara.corti.92@alice.it
2015-05-13, 20:05:01	493 - genjiskampino@hotmail.it
2015-05-13, 20:05:01	495 - marzilie@yahoo.it
2015-05-13, 20:05:02	496 - andrea.moschettini@alice.it
2015-05-13, 20:05:03	497 - barbara.bertocci@virgilio.it
2015-05-13, 20:05:03	498 - aranscala@alice.it
2015-05-13, 20:05:04	499 - valeriafinardi@yahoo.it
2015-05-13, 20:05:04	500 - v.bargelli@hotmail.it
2015-05-13, 20:05:05	501 - maria.ricceri@gmail.com
2015-05-13, 20:05:06	502 - lucrezia.marzocchi@alice.it
2015-05-13, 20:05:06	503 - martamyosotis@gmail.com
2015-05-13, 20:05:07	504 - lenzilara@yahoo.it
2015-05-13, 20:05:07	505 - elena.mazzanti@gmx.com
2015-05-13, 20:05:08	506 - alexlatinshow@hotmail.it
2015-05-13, 20:05:09	507 - fs9775@gmail.com
2015-05-13, 20:05:09	508 - info@osteriadamelo.com
2015-05-13, 20:05:11	509 - lisehertz@gmail.com
2015-05-13, 20:05:11	510 - barbara.zamy@yahoo.it
2015-05-13, 20:05:11	511 - patriziamarino2004@libero.it
2015-05-13, 20:05:12	512 - branchi.antonio@gmail.com
2015-05-13, 20:05:12	514 - fenderjazz83@yahoo.it
2015-05-13, 20:05:13	515 - lucagfrosi@gmail.com
2015-05-13, 20:05:13	516 - mela.tetti@gmail.com
2015-05-13, 20:05:14	517 - vicedirettore@conservatorio.firenze.it
2015-05-13, 20:05:15	519 - tittanesti@gmail.com
2015-05-13, 20:05:15	520 - rsvp@torrigiani.com
2015-05-13, 20:05:16	521 - fbusson@tin.it
2015-05-13, 20:05:16	522 - newsletter@lajetee.it
2015-05-13, 20:05:17	523 - info@capuanomusica.it
2015-05-13, 20:05:18	524 - alessandro.busa@metropolitanstudies.de
2015-05-13, 20:05:18	526 - notcarap@studioalbertocarapelle.191.it
2015-05-13, 20:05:19	527 - NOTARI5f@studioalbertocarapelle.191.it
2015-05-13, 20:05:19	528 - albertodebiase@virgilio.it
2015-05-13, 20:05:21	529 - info@albertopresutti.it
2015-05-13, 20:05:21	530 - alessandrobellucci@tin.it
2015-05-13, 20:05:21	531 - aledrum@virgilio.it
2015-05-13, 20:05:22	533 - cadenza@alice.it
2015-05-13, 20:05:22	534 - info@alessandrogalati.com
2015-05-13, 20:05:23	535 - alessandro.libertini@hotmail.it
2015-05-13, 20:05:24	536 - info@alessandromoretti.it
2015-05-13, 20:05:24	537 - quzilla@alice.it
2015-05-13, 20:05:25	538 - alessandromoretti@inwind.it
2015-05-13, 20:05:25	539 - alessia.bonini70@hotmail.it
2015-05-13, 20:05:26	540 - latitti@teletu.it
2015-05-13, 20:05:27	541 - alfredojacopozzi@tin.it
2015-05-13, 20:05:27	542 - alomabardi@icamus.org
2015-05-13, 20:05:28	543 - alomabardi@gmail.com
2015-05-13, 20:05:28	544 - amitarieli@hotmail.com
2015-05-13, 20:05:29	545 - a.bartolino@alice.it
2015-05-13, 20:05:30	547 - andreafranchini5@gmail.com
2015-05-13, 20:05:31	548 - andreaparenti@tim.eu.blackberry.com
2015-05-13, 20:05:31	549 - stigler@informacittafirenze.it
2015-05-13, 20:05:31	550 - andrea@zurli.it
2015-05-13, 20:05:32	551 - annakra@libero.it
2015-05-13, 20:05:33	552 - annabondi2@libero.it
2015-05-13, 20:05:33	553 - anna.giatti@fstfirenze.it
2015-05-13, 20:05:34	554 - annamannini@gmail.com
2015-05-13, 20:05:34	555 - amgabbrielli@virgilio.it
2015-05-13, 20:05:35	556 - ape.goretti@alice.it
2015-05-13, 20:05:36	557 - avvannasantini@yahoo.it
2015-05-13, 20:05:36	558 - annamaria.agostino@unifi.it
2015-05-13, 20:05:37	559 - annegrethoehler@gmx.de
2015-05-13, 20:05:37	560 - lellaarena@gmail.com
2015-05-13, 20:05:38	561 - arena@pittimmagine.com
2015-05-13, 20:05:39	562 - antonella.caponnetto@comune.fi.it
2015-05-13, 20:05:40	563 - antonellafazio@fastwebnet.it
2015-05-13, 20:05:40	565 - antoniocannata@gmail.com
2015-05-13, 20:05:40	566 - antoort@tin.it
2015-05-13, 20:05:41	567 - a.baracchi@tin.it
2015-05-13, 20:05:42	568 - sociale@arcifirenze.it
2015-05-13, 20:05:42	569 - vaballe@gmail.com
2015-05-13, 20:05:43	570 - moreno.balzani@telecomitalia.it
2015-05-13, 20:05:43	571 - bcasini@hotmail.com
2015-05-13, 20:05:44	572 - iadbar@alice.it
2015-05-13, 20:05:45	573 - paolobartolini@tin.it
2015-05-13, 20:05:45	574 - stefanobenifei@libero.it
2015-05-13, 20:05:46	575 - benvenuti@arcifirenze.it
2015-05-13, 20:05:46	576 - beppedati@email.it
2015-05-13, 20:05:47	577 - tirinnanzi@iol.it
2015-05-13, 20:05:48	578 - bernardoguerra@live.it
2015-05-13, 20:05:48	581 - brahima@libero.it
2015-05-13, 20:05:49	582 - sbrondi@alice.it
2015-05-13, 20:05:49	583 - lafattoriadibruni@virgilio.it
2015-05-13, 20:05:50	585 - prometeus1980@hotmail.it
2015-05-13, 20:05:51	587 - casasua14@gmail.com
2015-05-13, 20:05:52	588 - casparis@pittimmagine.com
2015-05-13, 20:05:52	589 - chiarat@cheapnet.it
2015-05-13, 20:05:52	590 - c.brilli@controradio.it
2015-05-13, 20:05:53	591 - chiara.trinciavelli@gmail.com
2015-05-13, 20:05:54	592 - cinotri@tin.it
2015-05-13, 20:05:54	593 - societaperleidee@gmail.com
2015-05-13, 20:05:55	594 - info@claudiogiovagnoli.it
2015-05-13, 20:05:55	595 - claudio@bext.com
2015-05-13, 20:05:56	596 - claudiotilesi@gmail.com
2015-05-13, 20:05:57	597 - clorella.leni@tin.it
2015-05-13, 20:05:57	598 - consorzio.arci@libero.it
2015-05-13, 20:05:58	599 - cultura@ilcorriereonline.it
2015-05-13, 20:05:58	600 - cosimomarchese@hotmail.com
2015-05-13, 20:05:59	601 - costanzanocentini@hotmail.com
2015-05-13, 20:06:00	602 - cristian.sardelli@gmail.com
2015-05-13, 20:06:00	603 - cristianabudillon@libero.it
2015-05-13, 20:06:01	604 - crisfil08@yahoo.it
2015-05-13, 20:06:01	605 - cristinaitaliani@tiscali.it
2015-05-13, 20:06:03	606 - cris.italiani@gmail.com
2015-05-13, 20:06:03	607 - rdaidone@libero.it
2015-05-13, 20:06:03	608 - d.pelati@fastwebnet.it
2015-05-13, 20:06:04	609 - daniela.dedonno@janegoodall-italia.org
2015-05-13, 20:06:04	610 - dduse@hotmail.com
2015-05-13, 20:06:05	612 - danielalip@hotmail.com
2015-05-13, 20:06:06	613 - matta.daniela@yahoo.it
2015-05-13, 20:06:06	615 - d.tartaglia@socialdesign.eu
2015-05-13, 20:06:07	616 - dunia@dada.it
2015-05-13, 20:06:07	617 - conti@cnatoscana.it
2015-05-13, 20:06:08	618 - pelati.gosport@virgilio.it
2015-05-13, 20:06:09	619 - d.sordi@tin.it
2015-05-13, 20:06:09	620 - danilo_morini@libero.it
2015-05-13, 20:06:10	621 - cecchini3000@gmail.com
2015-05-13, 20:06:10	622 - vicesindaco@comune.fi.it
2015-05-13, 20:06:11	623 - demudav@tiscali.it
2015-05-13, 20:06:13	624 - davis.franceschini@dada.it
2015-05-13, 20:06:13	625 - roberto.dephilippis@unifi.it
2015-05-13, 20:06:13	626 - 3gnometti@gmail.com
2015-05-13, 20:06:13	627 - S.Degl'Innocenti@quadrifoglio.org
2015-05-13, 20:06:14	628 - dego.carra2@gmail.com
2015-05-13, 20:06:15	629 - l.dicoverciano@libero.it
2015-05-13, 20:06:15	630 - direzione.iicpraga@esteri.it
2015-05-13, 20:06:16	631 - direzione@teatrodellapergola.com
2015-05-13, 20:06:16	632 - drinamoretti@gmail.com
2015-05-13, 20:06:17	633 - dcbertini@usa.net
2015-05-13, 20:06:18	634 - ducezio@iol.it
2015-05-13, 20:06:18	635 - strianoc@posteitaliane.it
2015-05-13, 20:06:19	636 - elena.migliorati@gmail.com
2015-05-13, 20:06:19	637 - rebeldemaisha@gmail.com
2015-05-13, 20:06:21	638 - elisagagliardi@tuscaninstitute.it
2015-05-13, 20:06:21	639 - elisabettamanuelli@garzondi.com
2015-05-13, 20:06:21	640 - elisabettasiani@msservizi.it
2015-05-13, 20:06:22	641 - emanuele.torquati@gmail.com
2015-05-13, 20:06:22	642 - emanuele.parrini1@virgilio.it
2015-05-13, 20:06:23	643 - culturaesteri@mail.regione.toscana.it
2015-05-13, 20:06:24	644 - enrico@lucianobenini.it
2015-05-13, 20:06:24	645 - flogfi@virgilio.it
2015-05-13, 20:06:25	646 - enzo.boddi@libero.it
2015-05-13, 20:06:25	647 - enzomileo@tin.it
2015-05-13, 20:06:26	648 - ermannocirri@hotmail.com
2015-05-13, 20:06:27	649 - ettorebonafe@libero.it
2015-05-13, 20:06:27	650 - evaige@riseup.net
2015-05-13, 20:06:28	651 - eventi.iicankara@esteri.it
2015-05-13, 20:06:28	652 - musica@fabbricaeuropa.net
2015-05-13, 20:06:29	653 - laurenzi.fabiana@gmail.com
2015-05-13, 20:06:30	654 - lupifabio63@gmail.com
2015-05-13, 20:06:30	655 - info@fabiomorgera.com
2015-05-13, 20:06:31	656 - fabriziomorga@libero.it
2015-05-13, 20:06:32	657 - facchiniluca@hotmail.com
2015-05-13, 20:06:32	658 - farhad_orouji@yahoo.com
2015-05-13, 20:06:33	659 - federica.marti@virgilio.it
2015-05-13, 20:06:33	660 - info@federicobertelli.com
2015-05-13, 20:06:34	661 - stramortimer@tiscali.it
2015-05-13, 20:06:34	662 - bagatelle_contemporary@yahoo.it
2015-05-13, 20:06:35	663 - filippopedol@alice.it
2015-05-13, 20:06:36	664 - redazione@firenzespettacolo.it
2015-05-13, 20:06:36	665 - auditorium1@virgilio.it
2015-05-13, 20:06:37	666 - fosco.damelio@gmail.com
2015-05-13, 20:06:37	667 - frabernardini@libero.it
2015-05-13, 20:06:38	668 - francesca@francescabreschi.it
2015-05-13, 20:06:39	669 - fra.campigli@gmail.com
2015-05-13, 20:06:39	670 - chiavacci@arci.it
2015-05-13, 20:06:40	671 - francentri@inwind.it
2015-05-13, 20:06:40	672 - simone.franceschi@infogroup.it
2015-05-13, 20:06:41	673 - francescobassi@tin.it
2015-05-13, 20:06:42	674 - birardifrancesco@gmail.com
2015-05-13, 20:06:42	675 - francescodonnini@hotmail.com
2015-05-13, 20:06:44	676 - uffstampa@amicimusica.fi.it
2015-05-13, 20:06:44	678 - fmaccia@tiscali.it
2015-05-13, 20:06:44	679 - magnuz@stazionilunari.com
2015-05-13, 20:06:45	680 - michi@arteco.org
2015-05-13, 20:06:45	681 - francoshiatsu@tele2.it
2015-05-13, 20:06:46	682 - franco.busignani@alice.it
2015-05-13, 20:06:46	683 - franave55@gmail.com
2015-05-13, 20:06:47	684 - jbpinza@tin.it
2015-05-13, 20:06:48	685 - frannagiu@hotmail.com
2015-05-13, 20:06:48	687 - f.paloscia@repubblica.it
2015-05-13, 20:06:49	688 - gabriele.bartolucci@gmail.com
2015-05-13, 20:06:49	689 - g.bonomo@sugarmusic.com
2015-05-13, 20:06:51	690 - buondonno@chianticlassico.com
2015-05-13, 20:06:51	691 - g.torcia@dfc.unifi.it
2015-05-13, 20:06:51	692 - gige@dada.it
2015-05-13, 20:06:52	693 - gerardo.caso@asftoscana.it
2015-05-13, 20:06:52	695 - gdebastiani@gmail.com
2015-05-13, 20:06:53	696 - cda@comune.pontassieve.fi.it
2015-05-13, 20:06:54	697 - giada23@tin.it
2015-05-13, 20:06:54	698 - info@mauriziogiammarco.com
2015-05-13, 20:06:55	699 - gianluigi_destefanis@yahoo.it
2015-05-13, 20:06:55	700 - g.cardini@hotmail.it
2015-05-13, 20:06:56	701 - fantafesta2@yahoo.it
2015-05-13, 20:06:57	702 - gc802001@yahoo.it
2015-05-13, 20:06:57	703 - gianfranconarracci@hotmail.com
2015-05-13, 20:06:58	704 - gdibernardo@agenti.manzoni.it
2015-05-13, 20:06:58	705 - giannatarchi@gmail.com
2015-05-13, 20:06:59	706 - gianni.grisolia@alice.it
2015-05-13, 20:07:00	707 - giannipini@eventimusicpool.it
2015-05-13, 20:07:00	709 - gignoromotorio@diaconiavaldese.org
2015-05-13, 20:07:01	710 - Gilberto.Cecchini@unipolbanca.it
2015-05-13, 20:07:02	711 - giorgia.giovannetti@unifi.it
2015-05-13, 20:07:02	712 - giorgio.bassi@promotorifinecobank.it
2015-05-13, 20:07:03	713 - giorgio.prandi59@gmail.com
2015-05-13, 20:07:03	715 - giovacchini@pittimmagine.com
2015-05-13, 20:07:04	716 - jobertolino@tiscali.it
2015-05-13, 20:07:04	717 - gbmusic@bigazzimusic.com
2015-05-13, 20:07:05	718 - giovavoz@tin.it
2015-05-13, 20:07:06	719 - gisella.pasquini@hotmail.it
2015-05-13, 20:07:06	720 - gisella.pasquini@carige.it
2015-05-13, 20:07:07	721 - info@nuovieventimusicali.it
2015-05-13, 20:07:07	722 - wigna@dada.it
2015-05-13, 20:07:08	723 - gloria.salviati@alice.it
2015-05-13, 20:07:09	724 - glorialucchesiasso@gmail.com
2015-05-13, 20:07:09	725 - graziabonini@alice.it
2015-05-13, 20:07:10	726 - g.dei@katamail.com
2015-05-13, 20:07:10	727 - g.menicatti@alice.it
2015-05-13, 20:07:11	728 - gregoriomoppi@katamail.com
2015-05-13, 20:07:12	729 - gregorionardi@interfree.it
2015-05-13, 20:07:12	731 - hamadachadli@hotmail.it
2015-05-13, 20:07:14	732 - iacopo23@gmail.com
2015-05-13, 20:07:14	733 - lorella.romagnoli@ilgiornaledellatoscana.it
2015-05-13, 20:07:14	735 - immobiliareburgassi@gmail.com
2015-05-13, 20:07:15	736 - info@musipolitana.it
2015-05-13, 20:07:15	737 - info@area-clienti.com
2015-05-13, 20:07:16	738 - info@florencenewspaper.it
2015-05-13, 20:07:16	739 - info@musicfactorylive.it
2015-05-13, 20:07:17	740 - info@villapalagio.it
2015-05-13, 20:07:18	741 - infogiov@comune.fi.it
2015-05-13, 20:07:18	742 - informagiovani.fi@gmail.com
2015-05-13, 20:07:19	743 - informale@libero.it
2015-05-13, 20:07:19	744 - i.coccia@comune.fi.it
2015-05-13, 20:07:20	745 - direzione@istitutofrancese.it
2015-05-13, 20:07:21	747 - info@jacopomartini.com
2015-05-13, 20:07:21	748 - munz.jr@gmail.com
2015-05-13, 20:07:22	749 - info@biellajazzclub.com
2015-05-13, 20:07:23	750 - jazzclub@mobilia.it
2015-05-13, 20:07:23	751 - combojazzclub@libero.it
2015-05-13, 20:07:24	752 - modenajazzclub@iol.it
2015-05-13, 20:07:24	753 - info@jazzclub.torino.it
2015-05-13, 20:07:25	754 - info@jazzchalet.com
2015-05-13, 20:07:25	755 - info@panicjazzclub.com
2015-05-13, 20:07:26	756 - redazione@jazzcolours.it
2015-05-13, 20:07:27	757 - joy.devito@gmail.com
2015-05-13, 20:07:27	758 - l.cappelli@gialexong.com
2015-05-13, 20:07:28	759 - labottegadellacquaforte@tin.it
2015-05-13, 20:07:28	760 - cronacafi@lanazione.net
2015-05-13, 20:07:29	761 - firenze@repubblica.it
2015-05-13, 20:07:30	762 - lara.brocca@janegoodall-italia.org
2015-05-13, 20:07:30	763 - lastraioli@interfree.it
2015-05-13, 20:07:31	764 - laura.mauric@gmail.com
2015-05-13, 20:07:31	765 - laura.righi08@gmail.com
2015-05-13, 20:07:32	766 - venturi@los-tudio.com
2015-05-13, 20:07:34	767 - raffaellopareti@alice.it
2015-05-13, 20:07:34	768 - leonardo.bonini@tin.it
2015-05-13, 20:07:34	769 - l.piccioli@tin.it
2015-05-13, 20:07:34	770 - leonardo.pieri@yahoo.it
2015-05-13, 20:07:35	771 - leonardovolo@hotmail.com
2015-05-13, 20:07:36	772 - letizia.cini@lanazione.it
2015-05-13, 20:07:36	773 - info@lacitelibreria.it
2015-05-13, 20:07:37	774 - l.grueff@libero.it
2015-05-13, 20:07:37	775 - lisagi@tiscali.it
2015-05-13, 20:07:38	776 - giardinellil@gmail.com
2015-05-13, 20:07:39	777 - aranguren58@gmail.com
2015-05-13, 20:07:39	778 - jbobin@tin.it
2015-05-13, 20:07:40	779 - accolturato@gmail.com
2015-05-13, 20:07:40	780 - mc.lagreca@virgilio.it
2015-05-13, 20:07:41	781 - sinapsidibiru@libero.it
2015-05-13, 20:07:42	782 - papessa.veg@gmail.com
2015-05-13, 20:07:43	783 - 3476622872@email.it
2015-05-13, 20:07:43	784 - jodown@tin.it
2015-05-13, 20:07:43	785 - qyrano@gmail.com
2015-05-13, 20:07:44	786 - cussottocri@yahoo.it
2015-05-13, 20:07:45	787 - l.giacomi@forresthillrecords.com
2015-05-13, 20:07:45	788 - lopallini@libero.it
2015-05-13, 20:07:46	790 - lorenza.centola@gmail.com
2015-05-13, 20:07:46	791 - lorenzoballini@tiscali.it
2015-05-13, 20:07:47	792 - lorenzo.forti@alice.it
2015-05-13, 20:07:48	793 - loreghera@gmail.com
2015-05-13, 20:07:48	794 - loresol@tiscali.it
2015-05-13, 20:07:49	795 - luca.debiase@alice.it
2015-05-13, 20:07:49	796 - luca@magrini.net
2015-05-13, 20:07:50	797 - lucaberni@dada.it
2015-05-13, 20:07:51	798 - lucadivolo@tiscali.it
2015-05-13, 20:07:51	799 - luca.fantini83@gmail.com
2015-05-13, 20:07:52	800 - lucajelly71@gmail.com
2015-05-13, 20:07:52	801 - magro@dada.it
2015-05-13, 20:07:53	802 - lucamarianini@gmail.com
2015-05-13, 20:07:55	803 - lucapagnini@tiscali.it
2015-05-13, 20:07:55	804 - zanzanluca@gmail.com
2015-05-13, 20:07:55	805 - luca_cai@virgilio.it
2015-05-13, 20:07:55	806 - lucia.calzolari.rudl@mac.com
2015-05-13, 20:07:56	807 - lucia.calzolari.rudl@me.com
2015-05-13, 20:07:57	808 - lpelatti@firenze.cna.it
2015-05-13, 20:07:57	810 - lucrezia@lu-nation.com
2015-05-13, 20:07:58	811 - pilarmadd@gmail.com
2015-05-13, 20:07:58	812 - info@maieutike.net
2015-05-13, 20:07:59	813 - management@musipolitana.it
2015-05-13, 20:08:00	814 - Piero.Mannini@fao.org
2015-05-13, 20:08:00	815 - marco.r2002@libero.it
2015-05-13, 20:08:01	816 - marco@magrini.net
2015-05-13, 20:08:01	817 - mbaroncini@yahoo.it
2015-05-13, 20:08:02	818 - m.barsanti1@virgilio.it
2015-05-13, 20:08:03	819 - marco.bini2004@gmail.com
2015-05-13, 20:08:03	820 - marcocattarossi@virgilio.it
2015-05-13, 20:08:05	821 - fancelli2@interfree.it
2015-05-13, 20:08:05	822 - marco.gelli@libero.it
2015-05-13, 20:08:05	823 - marcowar53@gmail.com
2015-05-13, 20:08:06	824 - mlamioni@silence.it
2015-05-13, 20:08:06	825 - lamionimarco@gmail.com
2015-05-13, 20:08:07	826 - m.morandi@katamail.com
2015-05-13, 20:08:07	827 - ben@bianchienardi.it
2015-05-13, 20:08:08	828 - polo@immobilifirenze.com
2015-05-13, 20:08:09	829 - marcosiani@msservizi.it
2015-05-13, 20:08:09	830 - info@marcotriarico.com
2015-05-13, 20:08:10	831 - mail@tarantella-scalza.de
2015-05-13, 20:08:10	832 - margherita.damelio@googlemail.com
2015-05-13, 20:08:11	833 - mloscerbo@libero.it
2015-05-13, 20:08:12	834 - mariapalme@gmail.com
2015-05-13, 20:08:12	835 - mptoscano@tiscali.it
2015-05-13, 20:08:13	836 - marina.bistolfi@gmail.com
2015-05-13, 20:08:14	837 - formazione@fabbricaeuropa.net
2015-05-13, 20:08:14	838 - marina.ciappi@poste.it
2015-05-13, 20:08:15	840 - m.bufano@controradio.it
2015-05-13, 20:08:15	841 - evangelista.mar@gmail.com
2015-05-13, 20:08:16	842 - marta.dipuccio@yahoo.it
2015-05-13, 20:08:16	843 - marti.bombetta@hotmail.it
2015-05-13, 20:08:17	844 - mary.arcuri@gmail.com
2015-05-13, 20:08:18	845 - marzia.frediani@arci.it
2015-05-13, 20:08:18	846 - m.calderai@libero.it
2015-05-13, 20:08:19	847 - gramigni@assomusica.org
2015-05-13, 20:08:19	848 - innocenti.cer@virgilio.it
2015-05-13, 20:08:20	849 - maxrastrelli@alice.it
2015-05-13, 20:08:21	850 - massimosantini53@alice.it
2015-05-13, 20:08:21	851 - m.ercolanelli@tin.it
2015-05-13, 20:08:22	853 - matteo@florenceandabroad.com
2015-05-13, 20:08:22	854 - matthiasschubert@online.de
2015-05-13, 20:08:23	855 - matthew_carrera@hotmail.it
2015-05-13, 20:08:24	856 - maurizio@creativebrains.it
2015-05-13, 20:08:25	857 - mauro.grossi@tin.it
2015-05-13, 20:08:25	858 - ginnasticailpoggetto@alice.it
2015-05-13, 20:08:25	861 - michbar@tele2.it
2015-05-13, 20:08:26	862 - michee@hotmail.it
2015-05-13, 20:08:27	863 - cs@indie-eye.it
2015-05-13, 20:08:27	864 - m.ignelzi@tin.it
2015-05-13, 20:08:28	865 - michelemanzotti@lanazione.it
2015-05-13, 20:08:28	866 - michelepapadia@hotmail.com
2015-05-13, 20:08:29	867 - mikestain@hotmail.com
2015-05-13, 20:08:30	868 - miketurk@tinsandwichmusic.com
2015-05-13, 20:08:30	869 - milneaz@hotmail.com
2015-05-13, 20:08:31	870 - cirkoguerrini@gmail.com
2015-05-13, 20:08:31	871 - info@spbstudio.it
2015-05-13, 20:08:32	873 - morenoniccolai@virgilio.it
2015-05-13, 20:08:33	874 - stefano@morinisport.it
2015-05-13, 20:08:33	875 - musicus@dada.it
2015-05-13, 20:08:34	876 - fanutti@dada.it
2015-05-13, 20:08:35	877 - neri.torrigiani@torrigiani.com
2015-05-13, 20:08:35	878 - mabenvenuti@gmail.com
2015-05-13, 20:08:36	879 - nicconerb@gmail.com
2015-05-13, 20:08:36	880 - nicola@eipe.it
2015-05-13, 20:08:37	881 - nicola.cellai@gmail.com
2015-05-13, 20:08:37	882 - nicola.maccianti@libero.it
2015-05-13, 20:08:38	883 - nikizazzeri@yahoo.it
2015-05-13, 20:08:39	884 - nicolettamanzini@libero.it
2015-05-13, 20:08:39	885 - ninogioia@gmail.com
2015-05-13, 20:08:40	886 - amministrazionenovaradio@arcifirenze.it
2015-05-13, 20:08:40	889 - pantanigianluca@gmail.com
2015-05-13, 20:08:41	890 - paola-amadio@tiscali.it
2015-05-13, 20:08:42	891 - paoladili@virgilio.it
2015-05-13, 20:08:42	892 - papinipaola@supereva.it
2015-05-13, 20:08:43	893 - pabillo@libero.it
2015-05-13, 20:08:43	894 - carradori@inwind.it
2015-05-13, 20:08:45	895 - giampaolo.casu@libero.it
2015-05-13, 20:08:45	896 - db@paolo.dellabella.name
2015-05-13, 20:08:45	898 - paologuidotti@hotmail.it
2015-05-13, 20:08:46	899 - info@paolomari.net
2015-05-13, 20:08:46	900 - p.russo@repubblica.it
2015-05-13, 20:08:47	901 - pasquale.rimolo@poste.it
2015-05-13, 20:08:48	904 - info@piccoliprincipiteatro.it
2015-05-13, 20:08:48	905 - pierluigivannucchi@gmail.com
2015-05-13, 20:08:49	906 - pieroborri@gmail.com
2015-05-13, 20:08:49	907 - pierobronzi@gmail.com
2015-05-13, 20:08:50	908 - sorrepino@libero.it
2015-05-13, 20:08:51	909 - pippissimo88@hotmail.it
2015-05-13, 20:08:51	910 - pirilla@alice.it
2015-05-13, 20:08:53	911 - pmaccia@inwind.it
2015-05-13, 20:08:53	912 - raffabelli@yahoo.it
2015-05-13, 20:08:53	913 - al.severi@rai.it
2015-05-13, 20:08:54	914 - renatocordovani@alice.it
2015-05-13, 20:08:54	915 - renzo_roselli@libero.it
2015-05-13, 20:08:55	916 - redazione@toscanaclassica.net
2015-05-13, 20:08:55	917 - r.innocenti@lofficinapsicoacustica.it
2015-05-13, 20:08:56	918 - info@promowine.it
2015-05-13, 20:08:57	919 - riccardo.ciolino@email.com
2015-05-13, 20:08:57	920 - riccardodellocchio@virgilio.it
2015-05-13, 20:08:58	921 - riccardo_galimberti@live.it
2015-05-13, 20:08:58	922 - rc@nestiblack.it
2015-05-13, 20:08:59	923 - onorius@virgilio.it
2015-05-13, 20:09:00	924 - riccardosaveri@virgilio.it
2015-05-13, 20:09:01	925 - rferrazza2000@yahoo.it
2015-05-13, 20:09:01	926 - roberta.ferrazza@esteri.it
2015-05-13, 20:09:01	927 - arovida@tiscalinet.it
2015-05-13, 20:09:02	928 - roberta.serni@istruzione.it
2015-05-13, 20:09:03	929 - libusati@iol.it
2015-05-13, 20:09:03	930 - rob.scheggia@libero.it
2015-05-13, 20:09:04	931 - roberto_benvenuti2003@yahoo.it
2015-05-13, 20:09:04	932 - roboconti@libero.it
2015-05-13, 20:09:05	933 - info@rmprogetti.it
2015-05-13, 20:09:06	934 - manrob1999@yahoo.it
2015-05-13, 20:09:06	935 - bobnistri@gmail.com
2015-05-13, 20:09:07	936 - rodolfosarli@yahoo.it
2015-05-13, 20:09:07	937 - romana.bellato@gmail.com
2015-05-13, 20:09:08	939 - rosippo@tiscali.it
2015-05-13, 20:09:09	941 - rubencha@virgilio.it
2015-05-13, 20:09:09	942 - saxofono@alice.it
2015-05-13, 20:09:10	943 - jazz@morinisport.it
2015-05-13, 20:09:10	944 - scuola.verdi@comune.prato.it
2015-05-13, 20:09:11	945 - dicomano@scuolacomunaledimusica.it
2015-05-13, 20:09:13	946 - smcpontassieve@tiscali.it
2015-05-13, 20:09:13	947 - info@scuoladimusicasesto.it
2015-05-13, 20:09:13	948 - musica@comune.poggibonsi.si.it
2015-05-13, 20:09:13	949 - sdipuccio@hotmail.it
2015-05-13, 20:09:14	950 - segreteria.arcifirenze@gmail.com
2015-05-13, 20:09:15	951 - segreteria@firenzespettacolo.it
2015-05-13, 20:09:15	952 - lsantoni@firenze.cna.it
2015-05-13, 20:09:16	953 - sentieriacustici@gmail.com
2015-05-13, 20:09:16	954 - sermot@alice.it
2015-05-13, 20:09:17	955 - shahrzad_orouji@yahoo.com
2015-05-13, 20:09:18	956 - Cristina.Siani@infrontsports.com
2015-05-13, 20:09:18	957 - silvanopanichi@gmail.com
2015-05-13, 20:09:19	958 - santini.silvia391@tiscali.it
2015-05-13, 20:09:19	959 - simonapiccioli@tiscali.it
2015-05-13, 20:09:20	960 - fallaci@dada.it
2015-05-13, 20:09:21	961 - simonegraziano79@yahoo.it
2015-05-13, 20:09:21	963 - smnsnt68@gmail.com
2015-05-13, 20:09:23	964 - soniacomoni@virgilio.it
2015-05-13, 20:09:23	965 - stefania.doni@gmail.com
2015-05-13, 20:09:23	966 - ste.dell@hotmail.com
2015-05-13, 20:09:24	967 - tatami33@virgilio.it
2015-05-13, 20:09:24	968 - s.bartoli@fastwebnet.it
2015-05-13, 20:09:25	969 - stefdemarco@hotmail.it
2015-05-13, 20:09:25	970 - direzione@scandiccicultura.org
2015-05-13, 20:09:26	971 - contart@dinonet.it
2015-05-13, 20:09:27	972 - stefanomagnolfi@hotmail.com
2015-05-13, 20:09:27	973 - stefano.mangani@unisi.it
2015-05-13, 20:09:28	974 - negri.s@tele2.it
2015-05-13, 20:09:28	975 - stefanoonorati@gmail.com
2015-05-13, 20:09:29	976 - stefanorapicavoli@gmail.com
2015-05-13, 20:09:30	977 - formazione@stefanorusso.it
2015-05-13, 20:09:30	978 - lupomaremmano@katamail.com
2015-05-13, 20:09:31	980 - szenni@tin.it
2015-05-13, 20:09:32	981 - studiorap@libero.it
2015-05-13, 20:09:32	982 - susannastigler@gmail.com
2015-05-13, 20:09:33	983 - susannastigler@informacitta.net
2015-05-13, 20:09:33	984 - susanna.crociani@libero.it
2015-05-13, 20:09:34	985 - info@susybellucci.com
2015-05-13, 20:09:34	986 - t.coppi@mail.regione.toscana.it
2015-05-13, 20:09:35	987 - tamara.coppiceccantini@regione.toscana.it
2015-05-13, 20:09:36	988 - promo@teatrodellalimonaia.it
2015-05-13, 20:09:36	989 - comunicazione@teatrodellapergola.com
2015-05-13, 20:09:37	990 - info@metastasio.it
2015-05-13, 20:09:37	991 - infoteatro@scandiccicultura.it
2015-05-13, 20:09:38	992 - tolminomarianini@yahoo.it
2015-05-13, 20:09:39	993 - info@toscanamusiche.it
2015-05-13, 20:09:39	994 - trinciavelli@effe2srl.it
2015-05-13, 20:09:40	995 - culturaq2@comune.fi.it
2015-05-13, 20:09:40	997 - valentino.s@alice.it
2015-05-13, 20:09:41	998 - vmorelliit@yahoo.it
2015-05-13, 20:09:42	999 - striano@arci.it
2015-05-13, 20:09:42	1000 - vorsetti@hotmail.com
2015-05-13, 20:09:44	1001 - wilmasperanzini@gmail.com
2015-05-13, 20:09:44	1002 - info@spazioalfieri.it
2015-05-13, 20:09:44	1006 - giuliostracciati@hotmail.it
2015-05-13, 20:09:45	1008 - sergio-rizzo@hotmail.it
2015-05-13, 20:09:45	1009 - casa@globeit.it
2015-05-13, 20:09:46	1012 - sanjeev@tin.it
2015-05-13, 20:09:46	1013 - lorellagrecu@gmail.com
2015-05-13, 20:09:47	1015 - nunziati@alice.it
2015-05-13, 20:09:48	1017 - ludolegend@libero.it
2015-05-13, 20:09:48	1018 - marco.lani84@gmail.com
2015-05-13, 20:09:49	1019 - margherithouse@hotmail.it
2015-05-13, 20:09:49	1020 - n.vallese@gmail.com
2015-05-13, 20:09:50	1021 - giuseppe.dipietro50@gmail.com
2015-05-13, 20:09:52	1022 - mattia.ceccantini@email.it
2015-05-13, 20:09:52	1024 - brownmassimo@gmail.com
2015-05-13, 20:09:52	1026 - annamariabaccellini@vodafone.it
2015-05-13, 20:09:52	1027 - damore.stefania@gmail.com
2015-05-13, 20:09:53	1028 - lisehertz@gmail.com
2015-05-13, 20:09:54	1029 - massimo.tempesti@gmail.com
2015-05-13, 20:09:54	1030 - ema19e87@yahoo.it
2015-05-13, 20:09:55	1031 - lorenzo.bagnoli@hotmail.it
2015-05-13, 20:09:55	1032 - otta.giulio@gmail.com
2015-05-13, 20:09:56	1033 - otta.giulio@gmail.com
2015-05-13, 20:09:57	1034 - irene.stolzi@unifi.it
2015-05-13, 20:09:57	1035 - rosannariccio@yahoo.it
2015-05-13, 20:09:58	1036 - patrizia.seravalli@gmail.com
2015-05-13, 20:09:58	1037 - piccini.a@gmail.com
2015-05-13, 20:09:59	1038 - mazzanti.maurizio@gmail.com
2015-05-13, 20:10:01	1039 - f.beghi@centroseta.it
2015-05-13, 20:10:01	1040 - rmartini@libero.it
2015-05-13, 20:10:01	1041 - mari_palom@yahoo.it
2015-05-13, 20:10:01	1042 - bobpratellesi@yahoo.it
2015-05-13, 20:10:02	1043 - laura.mattioli@asf.toscana.it
2015-05-13, 20:10:03	1044 - laura.mattioli@asf.toscana.it
2015-05-13, 20:10:03	1045 - alessandromedda.music@gmail.com
2015-05-13, 20:10:04	1047 - robertadoni60@gmail.com
2015-05-13, 20:10:04	1049 - nachibana23@gmail.com
2015-05-13, 20:10:05	1051 - simobrilli@live.it
2015-05-13, 20:10:06	1053 - elisabetta.lucherini@gmail.com
2015-05-13, 20:10:06	1055 - ludolegend@libero.it
2015-05-13, 20:10:07	1056 - galletti.lorenzo98@gmail.com
2015-05-13, 20:10:07	1058 - manrob1999@yahoo.it
2015-05-13, 20:10:08	1059 - daniluk.dado@gmail.com
2015-05-13, 20:10:09	1060 - qui-e-ora@libero.it
2015-05-13, 20:10:09	1061 - fabiozini@alice.it
2015-05-13, 20:10:10	1062 - maurizio.delmastro@gmail.com
2015-05-13, 20:10:11	1064 - laura@mannuccisrl.it
2015-05-13, 20:10:11	1065 - cl.rusconi@gmail.com
2015-05-13, 20:10:12	1066 - machibana23@gmail.it
2015-05-13, 20:10:12	1067 - gaguz1999@gmail.com
2015-05-13, 20:10:13	1068 - gabriele_baratto@libero.it
2015-05-13, 20:10:13	1069 - gennarogiustino@libero.it
2015-05-13, 20:10:14	1070 - anna.basagni@hotmail.it
2015-05-13, 20:10:15	1071 - mniccolai22@gmail.com
2015-05-13, 20:10:15	1074 - scioni57@libero.it
2015-05-13, 20:10:16	1075 - simonagraz@libero.it
2015-05-13, 20:10:16	1076 - info@agriturismocirene.com
2015-05-13, 20:10:17	1078 - borraniantonio@gmail.com
2015-05-13, 20:10:18	1079 - giorgio.varalli@fastwebnet.it
2015-05-13, 20:10:18	1080 - paol.marini@tiscali.it
2015-05-13, 20:10:19	1081 - robmazzi26@gmail.com
2015-05-13, 20:10:19	1082 - ml.berenger@sfr.fr
2015-05-13, 20:10:21	1083 - fam.diste@alice.it
2015-05-13, 20:10:21	1085 - umberto.tenaglia@alice.it
2015-05-13, 20:10:21	1086 - riccardoschillaci@msn.com
2015-05-13, 20:10:22	1087 - lombe2012@gmail.com
2015-05-13, 20:10:22	1088 - cingicinzia@yahoo.it
2015-05-13, 20:10:23	1089 - adrianalipsi@gmail.com
2015-05-13, 20:10:24	1090 - francescobarbani@gmail.com
2015-05-13, 20:10:24	1091 - dumm12bg@gmail.com
2015-05-13, 20:10:25	1092 - leomacaluso@libero.it
2015-05-13, 20:10:25	1093 - francy_andrea@yahoo.it
2015-05-13, 20:10:26	1094 - cate.glasser@gmail.com
2015-05-13, 20:10:27	1095 - cate.glasser@gmail.com
2015-05-13, 20:10:27	1096 - ila.zucconi@gmail.com
2015-05-13, 20:10:28	1097 - antosteph@alice.it
2015-05-13, 20:10:28	1098 - bobaoster@gmail.com
2015-05-13, 20:10:30	1099 - g.malevolti@gmail.com
2015-05-13, 20:10:30	1101 - tommypampa@libero.it
2015-05-13, 20:10:30	1102 - rossicarlo93@libero.it
2015-05-13, 20:10:31	1106 - francesco.crimeni59@gmail.com
2015-05-13, 20:10:31	1109 - mcorsini1966@libero.it
2015-05-13, 20:10:32	1110 - valeria.pezzati@gmail.com
2015-05-13, 20:10:33	1111 - f.barbara69@tin.it
2015-05-13, 20:10:33	1112 - franco.frati@gmail.com
2015-05-13, 20:10:34	1114 - senza@mail.it
2015-05-13, 20:10:34	1117 - lauracapecchi@alice.it
2015-05-13, 20:10:35	1118 - lucianacapasso@virgilio.it
2015-05-13, 20:10:36	1119 - lu-gal@hotmail.it
2015-05-13, 20:10:36	1120 - nicolucci@studiomichelangelo.it
2015-05-13, 20:10:37	1121 - gennarogiustino@libero.it
2015-05-13, 20:10:37	1122 - gennarogiustino@libero.it
2015-05-13, 20:10:38	1124 - alessandra.cortese68@gmail.com
2015-05-13, 20:10:39	1125 - cungicinzia@yahoo.it
2015-05-13, 20:10:39	1126 - melezappa@gmail.com
2015-05-13, 20:10:41	1127 - fusarco@gmail.com
2015-05-13, 20:10:41	1128 - giovanna.danza@unifi.it
2015-05-13, 20:10:41	1129 - marty1942@hotmail.it
2015-05-13, 20:10:42	1130 - francesco.martinelli@gmail.com
2015-05-13, 20:10:42	1131 - pintoka@libero.it
2015-05-13, 20:10:43	1132 - silvia@poggiali.it
2015-05-13, 20:10:43	1133 - stefano.dare1@gmail.com
2015-05-13, 20:10:44	1134 - letiziadanti@libero.it
2015-05-13, 20:10:45	1135 - monica.ulivieri@gmail.com
2015-05-13, 20:10:45	1136 - bobnistri@gmail.com
2015-05-13, 20:10:46	1137 - stike73@libero.it
2015-05-13, 20:10:46	1138 - giancarlo.cardini@aol.com
2015-05-13, 20:10:47	1139 - alfonso.borghese@virgilio.it
2015-05-13, 20:10:48	1140 - alvarocompany@tiscali.it
2015-05-13, 20:10:48	1141 - fiamma.nicolodi@unifi.it
2015-05-13, 20:10:49	1142 - mr@marioruffini.it
2015-05-13, 20:10:49	1143 - paolo.somigli@fastwebnet.it
2015-05-13, 20:10:51	1144 - rfabbriciani@alice.it
2015-05-13, 20:10:51	1145 - paola.gibbin@beniculturali.it
2015-05-13, 20:10:51	1146 - info@danielelombardi.com
2015-05-13, 20:10:52	1147 - fg@temporeale.it
2015-05-13, 20:10:52	1148 - lc@leliocamilleri.it
2015-05-13, 20:10:53	1149 - albert.mayr@gmail.com
2015-05-13, 20:10:54	1150 - romano.pezzati@gmail.com
2015-05-13, 20:10:54	1151 - orsellicesare@libero.it
2015-05-13, 20:10:55	1152 - elcefi@hotmail.it
2015-05-13, 20:10:55	1154 - sofiaweckdomenici@gmail.com
2015-05-13, 20:10:56	1155 - passalacqua.fulvio@gmail.com
2015-05-13, 20:10:57	1157 - francesco.zampini93@gmail.com
2015-05-13, 20:10:57	1158 - ticarfora65@gmail.com
2015-05-13, 20:10:58	1159 - chiara.fantini@tiscali.it
2015-05-13, 20:10:58	1160 - flaviornr@hotmail.it
2015-05-13, 20:10:59	1161 - giannifrati@alice.it
2015-05-13, 20:11:00	1162 - production@limenmusic.com
2015-05-13, 20:11:00	1163 - filippopedol@alice.it
2015-05-13, 20:11:01	1164 - andrea@sleepiscommercial.com
2015-05-13, 20:11:02	1165 - francescatofanari@gmail.com
2015-05-13, 20:11:02	1166 - casinipippo@gmail.com
2015-05-13, 20:11:03	1167 - roskeith@libero.it
2015-05-13, 20:11:03	1168 - giuseppe.tavanti@gmail.com
2015-05-13, 20:11:04	1169 - stefanomagnaschi@tiscali.it
2015-05-13, 20:11:04	1170 - giancodel@libero.it
2015-05-13, 20:11:05	1174 - f.iacometti@tiscali.it
2015-05-13, 20:11:06	1175 - luigi.ripa@gmail.com
2015-05-13, 20:11:06	1176 - dilauro.ripa@gmail.com
