2015-10-01, 20:00:02	

=================================================================

2015-10-01, 20:00:02	ATTENZIONE: NUOVO CORSI DI CORO


2015-10-01, 20:00:02	1 - webmaster@globeit.it
2015-10-01, 20:00:03	2 - info@camfirenze.net
2015-10-01, 20:00:04	3 - g.porzilli@globeit.it
2015-10-01, 20:00:05	4 - jovinericcardo@inwind.it
2015-10-01, 20:00:05	5 - emilmast@tin.it
2015-10-01, 20:00:05	6 - m_bonaiuti@tin.it
2015-10-01, 20:00:06	7 - andreagheri@hotmail.com
2015-10-01, 20:00:07	8 - lenzi.giova@alice.it
2015-10-01, 20:00:07	9 - giuseppe.dipietro@bassilichi.it
2015-10-01, 20:00:08	10 - riccardoschillaci@msn.com
2015-10-01, 20:00:08	11 - pan.and@alice.it
2015-10-01, 20:00:09	12 - stefania.nin@unifi.it
2015-10-01, 20:00:10	13 - elianto96@alice.it
2015-10-01, 20:00:10	14 - ziopino@libero.it
2015-10-01, 20:00:11	15 - fidelegno@email.it
2015-10-01, 20:00:12	16 - nicolucci@studiomichelangelo.com
2015-10-01, 20:00:12	17 - mariapaolapaci@yahoo.it
2015-10-01, 20:00:13	18 - m.jennifer@hotmail.it
2015-10-01, 20:00:13	19 - eleonora.giovannini@hotmail.com
2015-10-01, 20:00:14	20 - federico-micheli@hotmail.it
2015-10-01, 20:00:14	21 - massimo.guidi@tiscali.it
2015-10-01, 20:00:15	22 - melli@melli.bs.it
2015-10-01, 20:00:16	23 - ccorazzi@sebia.it
2015-10-01, 20:00:16	24 - agf.aniko@libero.it
2015-10-01, 20:00:17	25 - giuliamo0601@alice.it
2015-10-01, 20:00:17	26 - gianni.ignesti@virgilio.it
2015-10-01, 20:00:18	27 - leonardo.alessi@tiscali.it
2015-10-01, 20:00:19	28 - manuel.ditardo@gmail.com
2015-10-01, 20:00:19	29 - fulviodori@yahoo.it
2015-10-01, 20:00:21	30 - silvia@rossellino.com
2015-10-01, 20:00:21	31 - cm25mia@yahoo.it
2015-10-01, 20:00:21	32 - vialefanti@libero.it
2015-10-01, 20:00:22	33 - lebuschi@gmail.com
2015-10-01, 20:00:22	34 - imbramat@yahoo.it
2015-10-01, 20:00:23	35 - goretti.gianluca@tiscali.it
2015-10-01, 20:00:23	36 - f.filesi@hotmail.it
2015-10-01, 20:00:24	37 - alessandro.dipuccio@alice.it
2015-10-01, 20:00:25	38 - jimmypeter2@hotmail.com
2015-10-01, 20:00:25	39 - serebaldi@tiscali.it
2015-10-01, 20:00:26	40 - barbe335@gmail.com
2015-10-01, 20:00:26	41 - wequaquet@yahoo.it
2015-10-01, 20:00:27	42 - maria.ricceri2@gmail.com
2015-10-01, 20:00:28	43 - luca.bersaglieri@gmail.com
2015-10-01, 20:00:28	44 - sara.fabbrizzi@virgilio.it
2015-10-01, 20:00:30	45 - scioni57@libero.it
2015-10-01, 20:00:30	46 - fradattolo@gmail.com
2015-10-01, 20:00:30	47 - fallaci@hotmail.it
2015-10-01, 20:00:31	48 - adrianalipsi@gmail.com
2015-10-01, 20:00:31	49 - antongiac@live.it
2015-10-01, 20:00:32	50 - silvia.guenda@gmail.com
2015-10-01, 20:00:32	51 - anna-cocco@virgilio.it
2015-10-01, 20:00:33	52 - theblacken@hotmail.it
2015-10-01, 20:00:34	53 - cosimolai@yahoo.it
2015-10-01, 20:00:34	54 - massimiliano.landi@gmail.com
2015-10-01, 20:00:35	55 - virginiamanco@yahoo.it
2015-10-01, 20:00:35	56 - piabar@alice.it
2015-10-01, 20:00:36	57 - ginettaccio356@gmail.com
2015-10-01, 20:00:37	59 - ppieri@hotmail.com
2015-10-01, 20:00:37	60 - philgrims@gmail.com
2015-10-01, 20:00:38	61 - ga.proto@tiscali.it
2015-10-01, 20:00:38	62 - gianluca.sodero@gmail.com
2015-10-01, 20:00:40	63 - cristinavaltriani@gmail.com
2015-10-01, 20:00:40	64 - francespletchan@gmail.com
2015-10-01, 20:00:40	65 - marco.mazzoni75@gmail.com
2015-10-01, 20:00:41	66 - lucrezia.mazzocchi@alice.it
2015-10-01, 20:00:41	67 - matticari.g@tiscali.it
2015-10-01, 20:00:42	68 - soniabertini@hotmail.it
2015-10-01, 20:00:43	69 - alicemanuguerra@libero.it
2015-10-01, 20:00:43	70 - nicco.angioni@yahoo.it
2015-10-01, 20:00:44	71 - etto1re@gmail.com
2015-10-01, 20:00:44	72 - cossusonny@libero.it
2015-10-01, 20:00:45	73 - cicali.filippo@gmail.com
2015-10-01, 20:00:46	74 - leobonechi@dada.it
2015-10-01, 20:00:46	75 - riccardo.levi@yahoo.it
2015-10-01, 20:00:47	76 - patrizia.seravalli@gmail.com
2015-10-01, 20:00:48	77 - brandini.tommaso@gmail.com
2015-10-01, 20:00:48	78 - sbartoli@fashion.it
2015-10-01, 20:00:49	79 - clarissa.bencini@gmail.com
2015-10-01, 20:00:49	80 - william.luzzi@gmail.com
2015-10-01, 20:00:50	81 - cecia92@hotmail.it
2015-10-01, 20:00:50	82 - andrea.giavarini@gmail.com
2015-10-01, 20:00:51	83 - peccino70@hotmail.it
2015-10-01, 20:00:52	84 - luna.decate@gmail.com
2015-10-01, 20:00:52	85 - ilaria.daddi@alice.it
2015-10-01, 20:00:53	86 - tommaso@zurli.it
2015-10-01, 20:00:53	87 - d.scapigliati@scapigliati.it
2015-10-01, 20:00:54	88 - annalisamencattini@virgilio.it
2015-10-01, 20:00:55	89 - giltel62@gmail.com
2015-10-01, 20:00:55	90 - rizzuti.daria@gmail.com
2015-10-01, 20:00:56	91 - andreacagnola1@gmail.com
2015-10-01, 20:00:56	92 - pampet@tiscali.it
2015-10-01, 20:00:57	94 - albertomarrini@tiscali.it
2015-10-01, 20:00:58	95 - elisagaglirdi@tuscaniinstitute.it
2015-10-01, 20:00:59	96 - chiarasilvia.vill@gmail.com
2015-10-01, 20:00:59	97 - morillo1982@hotmail.it
2015-10-01, 20:00:59	98 - maeli68@hotmail.com
2015-10-01, 20:01:00	99 - patpenco1@mac.com
2015-10-01, 20:01:01	100 - serena.menicalli90@gmail.com
2015-10-01, 20:01:01	101 - giacomopipitone@icloud.com
2015-10-01, 20:01:02	102 - rossellaeleonardo@virgilio.it
2015-10-01, 20:01:02	103 - emilio.botto@libero.it
2015-10-01, 20:01:03	104 - e.macerini@gmail.com
2015-10-01, 20:01:04	105 - marcolamioni@mac.com
2015-10-01, 20:01:04	106 - robertacolla@simonemicheli.com
2015-10-01, 20:01:05	107 - sabrinapaladini@inwind.it
2015-10-01, 20:01:05	108 - arieccola@gmail.com
2015-10-01, 20:01:06	109 - passalacqua.fulvio@gmail.com
2015-10-01, 20:01:08	110 - ziopina@libero.it
2015-10-01, 20:01:08	111 - nera@atlavia.it
2015-10-01, 20:01:08	112 - frengo75tn@yahoo.it
2015-10-01, 20:01:08	113 - deglinnocentielisa@gmail.com
2015-10-01, 20:01:09	114 - france1611@yahoo.it
2015-10-01, 20:01:10	115 - niccolo.mugelli@gmail.com
2015-10-01, 20:01:10	116 - maxgiallo@tin.it
2015-10-01, 20:01:11	117 - giacomo.londi@hotmail.it
2015-10-01, 20:01:11	118 - lovesmusic@alice.it
2015-10-01, 20:01:12	119 - tabpalmieri@live.it
2015-10-01, 20:01:13	120 - francescogabrilelli@gmail.com
2015-10-01, 20:01:13	121 - regolus_81@hotmail.com
2015-10-01, 20:01:14	122 - walteriano@gmail.com
2015-10-01, 20:01:14	123 - riccardodefelice@gmail.com
2015-10-01, 20:01:16	124 - andpoliti@gmail.com
2015-10-01, 20:01:16	125 - pinogulli@alice.it
2015-10-01, 20:01:16	126 - andreacennini@yahoo.it
2015-10-01, 20:01:17	127 - lucilla_meucci@alice.it
2015-10-01, 20:01:17	128 - giulystairway@hotmail.it
2015-10-01, 20:01:18	129 - lploredana552@gmail.com
2015-10-01, 20:01:19	130 - a.roccatelli@gmail.com
2015-10-01, 20:01:19	131 - gottard@disia.unifit.it
2015-10-01, 20:01:20	132 - laura.mattioli@asf.toscana.it
2015-10-01, 20:01:20	133 - santellipaola@gmail.com
2015-10-01, 20:01:21	134 - elena.tartagli@yahoo.it
2015-10-01, 20:01:22	135 - laura.pagliantini@virgilio
2015-10-01, 20:01:22	136 - massy.a@tiscali.it
2015-10-01, 20:01:23	137 - amorosoluca@tiscali.it
2015-10-01, 20:01:23	138 - drummermichi@hotmail.it
2015-10-01, 20:01:24	139 - flaviano.apollonio@alice.it
2015-10-01, 20:01:26	140 - bib92@hotmail.it
2015-10-01, 20:01:26	141 - mattia.balconi@ge.com
2015-10-01, 20:01:26	142 - _marco_baldini@libero.it
2015-10-01, 20:01:26	143 - theking.3@hotmail.it
2015-10-01, 20:01:27	144 - maria.ricceri2@virgilio.it
2015-10-01, 20:01:28	145 - valentina.barlacchi@libero.it
2015-10-01, 20:01:28	146 - giannanenna03@yahoo.it
2015-10-01, 20:01:29	147 - paolobertocci@libero.it
2015-10-01, 20:01:29	148 - bmblsnmntsra@hotmail.it
2015-10-01, 20:01:30	150 - antonio.branchi@moroshi.it
2015-10-01, 20:01:31	151 - carlottabusignani@yahoo.it
2015-10-01, 20:01:31	152 - iacopocangioli@yahoo.it
2015-10-01, 20:01:32	153 - timoteocarbone@gmail.com
2015-10-01, 20:01:32	154 - casalini_marco@libero.it
2015-10-01, 20:01:34	155 - fabio.cecchini@agronica.eu
2015-10-01, 20:01:34	156 - ufficiotecnico@gfclavoriedili.it
2015-10-01, 20:01:34	157 - riccardo.ciolino@email.it
2015-10-01, 20:01:35	158 - diego_collini85@yahoo.it
2015-10-01, 20:01:35	159 - rabbittaro@hotmail.it
2015-10-01, 20:01:36	160 - foy_m6@hotmail.it
2015-10-01, 20:01:37	161 - studiocortocherubini@alice.it
2015-10-01, 20:01:37	162 - antoniodarone@libero.it
2015-10-01, 20:01:38	163 - pakkidega90@hotmail.it
2015-10-01, 20:01:38	164 - del.carria.marco@gmail.com
2015-10-01, 20:01:39	165 - riccardo.delchiaro@gmail.com
2015-10-01, 20:01:40	166 - fiober@hotmail.it
2015-10-01, 20:01:40	169 - desmar10@libero.it
2015-10-01, 20:01:42	170 - irescimmia@hotmail.it
2015-10-01, 20:01:42	171 - zilatiankuser@hotmail.it
2015-10-01, 20:01:42	172 - guido.fs@hotmail.com
2015-10-01, 20:01:43	173 - giovanni_frasca@virgilio.it
2015-10-01, 20:01:43	174 - lucafrosi@hotmail.it
2015-10-01, 20:01:44	175 - marchinoviolino@gmail.com
2015-10-01, 20:01:44	176 - david@alternativamente.eu
2015-10-01, 20:01:45	177 - lorenzoghere@gmail.com
2015-10-01, 20:01:46	178 - andreagheri83@hotmail.com
2015-10-01, 20:01:46	179 - valter@giacomel.it
2015-10-01, 20:01:47	180 - c.giannardi@arpet.toscana
2015-10-01, 20:01:47	181 - buddy666@hotmail.it
2015-10-01, 20:01:48	182 - clevermenagier@libero.it
2015-10-01, 20:01:49	183 - gioia.griffo@alice.it
2015-10-01, 20:01:50	184 - giulsita@gmail.com
2015-10-01, 20:01:50	185 - iovinericcardo@inwind.it
2015-10-01, 20:01:50	186 - lenzi.lenzi@hotmail.it
2015-10-01, 20:01:51	187 - patriziafaustini@gmail.com
2015-10-01, 20:01:52	188 - agata_teatro@yahoo.it
2015-10-01, 20:01:52	189 - meobargie@yahoo.it
2015-10-01, 20:01:53	190 - marimarta973@yahoo.it
2015-10-01, 20:01:53	191 - franco.piras@tin.it
2015-10-01, 20:01:54	192 - edomen@gmail.com
2015-10-01, 20:01:55	193 - anna.basagni@tele2.it
2015-10-01, 20:01:55	194 - crimiglio@yahoo.it
2015-10-01, 20:01:56	195 - elleemme2@tiscali.it
2015-10-01, 20:01:56	196 - badesaba@tiscali.it
2015-10-01, 20:01:57	197 - moroniserena@gmail.com
2015-10-01, 20:01:58	198 - juliettem@hotmail.it
2015-10-01, 20:01:59	199 - niccolo.mugelli@libero.it
2015-10-01, 20:01:59	200 - teresa.marciaionetto@telecomitalia.it
2015-10-01, 20:01:59	201 - marsiglia93@hotmail.it
2015-10-01, 20:02:00	202 - nicolucci@studiomichelangelo.it
2015-10-01, 20:02:01	203 - panand@tin.it
2015-10-01, 20:02:01	204 - paoletti.l@fastwebnet.it
2015-10-01, 20:02:02	205 - stefanopardini@gmail.com
2015-10-01, 20:02:02	206 - angie.magherini@gmail.com
2015-10-01, 20:02:03	207 - fulvio.passalacqua@teriaenergy.com
2015-10-01, 20:02:04	208 - aphillips1@gm.slc.edu
2015-10-01, 20:02:04	210 - mauro_quinto@virgilio.it
2015-10-01, 20:02:05	211 - ragazzoluca@yahoo.it
2015-10-01, 20:02:05	212 - annarapi@hotmail.it
2015-10-01, 20:02:06	213 - giulia.patrizia@libero.it
2015-10-01, 20:02:08	215 - moniarossi1@virgilio.it
2015-10-01, 20:02:08	216 - p.rubellini@gmail.com
2015-10-01, 20:02:08	217 - wsofia@hotmail.it
2015-10-01, 20:02:08	218 - sacco_89@hotmail.it
2015-10-01, 20:02:09	219 - silvia.zuffanelli@tin.it
2015-10-01, 20:02:10	220 - miresarti@yahoo.it
2015-10-01, 20:02:10	221 - schelde@hotmail.it
2015-10-01, 20:02:11	222 - harven@hotmail.it
2015-10-01, 20:02:11	223 - emi.39@hotmail.com
2015-10-01, 20:02:12	224 - ldelpac@tin.it
2015-10-01, 20:02:13	225 - silvia162@hotmail.com
2015-10-01, 20:02:13	226 - zizhov86@hotmail.com
2015-10-01, 20:02:14	227 - ferdinando.olivieri@gmail.com
2015-10-01, 20:02:14	228 - annabondi@libero.it
2015-10-01, 20:02:16	229 - sanodimente@gmail.com
2015-10-01, 20:02:16	230 - flomungari@hotmailcom
2015-10-01, 20:02:16	232 - leo88pecchio@gmail.com
2015-10-01, 20:02:17	233 - peticacio_95@hotmail.it
2015-10-01, 20:02:17	234 - ariannacarboni@gmx.de
2015-10-01, 20:02:18	235 - andrea.delchiaro@gmail.com
2015-10-01, 20:02:19	236 - luxxx73@yahoo.it
2015-10-01, 20:02:19	237 - personaltrainer@interfree.it
2015-10-01, 20:02:20	238 - cmaddii@hotmail.com
2015-10-01, 20:02:20	239 - cacioz91@live.it
2015-10-01, 20:02:21	240 - giorgia.lanzoni@gmail.com
2015-10-01, 20:02:22	241 - marco.rastrelli@gmail.com
2015-10-01, 20:02:23	242 - dipu13theboss@live.it
2015-10-01, 20:02:23	243 - g.zadro@targetti.it
2015-10-01, 20:02:23	245 - maurizio.fantini@iol.it
2015-10-01, 20:02:24	246 - petreni126@hotmail.it
2015-10-01, 20:02:25	247 - m.bonaiuti@tin.it
2015-10-01, 20:02:25	248 - ahaas@skidmore.edu
2015-10-01, 20:02:26	249 - leonardo.arcucci@libero.it
2015-10-01, 20:02:26	250 - bastianopoli@hotmail.com
2015-10-01, 20:02:27	251 - cramobladini@live.it
2015-10-01, 20:02:28	252 - v.bargelli@hotmail.com
2015-10-01, 20:02:28	253 - battaglinisara@gmail.com
2015-10-01, 20:02:29	254 - nataliabavar@hotmail.com
2015-10-01, 20:02:29	255 - n.nucci@fondiaria.sai.it
2015-10-01, 20:02:30	256 - claudiaborghesi@yahoo.it
2015-10-01, 20:02:31	257 - camilla.brilli@hotmail.com
2015-10-01, 20:02:31	258 - marcello.brugioni@gmail.com
2015-10-01, 20:02:33	259 - pamel_busonero@alice.it
2015-10-01, 20:02:33	260 - mauro.carnevale@yahoo.it
2015-10-01, 20:02:33	261 - CASALINI_MARIO@LIBERO.IT
2015-10-01, 20:02:34	263 - camillacenni@gmail.com
2015-10-01, 20:02:34	265 - leofi77@alice.it
2015-10-01, 20:02:35	266 - clifford.lisa@hotmail.com
2015-10-01, 20:02:35	267 - duccio.bhz@gmail.com
2015-10-01, 20:02:36	268 - barbaravinicio@alice.it
2015-10-01, 20:02:37	269 - iconauta@hotmail.com
2015-10-01, 20:02:37	270 - laura.coradeschi@coradeschi.it
2015-10-01, 20:02:38	271 - anastilosi@inwind.it
2015-10-01, 20:02:38	272 - isabella.pezzatini@gmail.com
2015-10-01, 20:02:39	273 - paolo.arnaldo@gmail.com
2015-10-01, 20:02:40	274 - gabriella.denisi@gmail.com
2015-10-01, 20:02:41	275 - adasmi@dasmi.it
2015-10-01, 20:02:41	276 - michi66fi@gmaiol.com
2015-10-01, 20:02:41	277 - pdettole@alice.it
2015-10-01, 20:02:42	278 - taliannusuli81@yahoo.it
2015-10-01, 20:02:43	279 - nicola.dellungo@gmail.com
2015-10-01, 20:02:43	280 - andreadonato@hotmail.it
2015-10-01, 20:02:44	281 - isafantechi@libero.it
2015-10-01, 20:02:44	282 - fedimak@yahoo.com.hk
2015-10-01, 20:02:45	283 - ferrantini.irene@gmail.com
2015-10-01, 20:02:46	284 - andreafioravanti@libero.it
2015-10-01, 20:02:46	285 - francesca_fiorini@hotmail.com
2015-10-01, 20:02:47	286 - massimofondelli@alice.it
2015-10-01, 20:02:47	287 - diego.furesi@gmail.com
2015-10-01, 20:02:48	288 - luciano.gavini@tin.it
2015-10-01, 20:02:50	289 - chiaraghera@hotmail.it
2015-10-01, 20:02:50	290 - elios.17@hotmail.it
2015-10-01, 20:02:50	291 - gabriele.migani@gmail.com
2015-10-01, 20:02:50	292 - ilaria.lemmi@email.it
2015-10-01, 20:02:51	293 - libero.m@virgilio.it
2015-10-01, 20:02:52	294 - rossanasegnini@libero.it
2015-10-01, 20:02:52	295 - madigner@hotmail.com
2015-10-01, 20:02:53	296 - info@andreamariotti.com
2015-10-01, 20:02:53	297 - pau.marimon@gmail.com
2015-10-01, 20:02:54	298 - elia_26@libero.it
2015-10-01, 20:02:55	299 - alessiom68@gmail.com
2015-10-01, 20:02:55	300 - contemplatingjazz@hotmail.it
2015-10-01, 20:02:56	301 - melli@mellibs.it
2015-10-01, 20:02:56	302 - troy1989@hotmail.iy
2015-10-01, 20:02:58	303 - frengo75@yahoo.it
2015-10-01, 20:02:58	304 - miaim2@gmail.com
2015-10-01, 20:02:58	305 - federico-micheli@hotmail.com
2015-10-01, 20:02:59	306 - ciroistruttore@libero.it
2015-10-01, 20:02:59	308 - barbaraberto.paganelli@gmail.it
2015-10-01, 20:03:00	309 - maddamonti@yahoo.it
2015-10-01, 20:03:01	310 - gv.paoletti@fls.unipi.it
2015-10-01, 20:03:01	311 - vita.lorenzo@alice.it
2015-10-01, 20:03:02	312 - terguparenti@gmail.com
2015-10-01, 20:03:02	314 - francescapiccioli@libero.it
2015-10-01, 20:03:03	315 - danielaromano79@hotmail.com
2015-10-01, 20:03:04	316 - aran.scala@teletv.it
2015-10-01, 20:03:04	317 - massimo.scardi@selex-comms.com
2015-10-01, 20:03:05	318 - cat.sy@hotmail.it
2015-10-01, 20:03:06	319 - elenat@libero.it
2015-10-01, 20:03:06	320 - leo.terilli@hotmail.com
2015-10-01, 20:03:07	321 - l.tommaso@hotmail.it
2015-10-01, 20:03:07	322 - ale84.max@virgilio.it
2015-10-01, 20:03:08	323 - fabio.truschi@gmail.com
2015-10-01, 20:03:08	324 - bismillah@hotmail.it
2015-10-01, 20:03:09	325 - vinvento@infinito.it
2015-10-01, 20:03:10	326 - info@rasoihairjazz
2015-10-01, 20:03:10	327 - giovavoz@libero.it
2015-10-01, 20:03:11	328 - sofiaweck@hotmail.it
2015-10-01, 20:03:11	329 - donda65@gmail.com
2015-10-01, 20:03:12	330 - zelonig@tiscali.it
2015-10-01, 20:03:13	331 - datastone@libero.it
2015-10-01, 20:03:14	332 - massimo.milazzotto@tin.it
2015-10-01, 20:03:14	333 - g_gracan@hotmail.com
2015-10-01, 20:03:14	334 - roberta62006@hotmail.it
2015-10-01, 20:03:15	335 - kurt_co@hotmail.it
2015-10-01, 20:03:16	336 - willypyron@msn.com
2015-10-01, 20:03:16	337 - gloria.soldatini@gmail.com
2015-10-01, 20:03:17	338 - diegoaureliano@hotmail.it
2015-10-01, 20:03:17	339 - manuelmatera@gmail.com
2015-10-01, 20:03:18	340 - leobecucci@virgilio.it
2015-10-01, 20:03:19	341 - pbini@menarini.it
2015-10-01, 20:03:19	343 - lapofabbri@virgilio.it
2015-10-01, 20:03:20	344 - paolopinarelli@virgilio.it
2015-10-01, 20:03:20	345 - ilbute@alice.it
2015-10-01, 20:03:21	346 - f.cangi@gmail.com
2015-10-01, 20:03:22	348 - y.romboli@libero.it
2015-10-01, 20:03:22	349 - awithrow@harding.edu
2015-10-01, 20:03:24	351 - elsauro@gmail.com
2015-10-01, 20:03:24	352 - baldigiovani1957@libero.it
2015-10-01, 20:03:24	353 - info@hotelperseo.it
2015-10-01, 20:03:25	354 - albichon@tiscali.it
2015-10-01, 20:03:25	355 - barbiggio@alice.it
2015-10-01, 20:03:26	356 - kuoka26@hotmail.com
2015-10-01, 20:03:26	357 - fedecapa@supereva.it
2015-10-01, 20:03:27	358 - lorenzo.caponnetto@virgilio.it
2015-10-01, 20:03:28	359 - ecarlucci@gmail.com
2015-10-01, 20:03:28	360 - cianchi.family@alice.it
2015-10-01, 20:03:29	361 - cibino@libero.it
2015-10-01, 20:03:29	362 - loredana.belloni@hotmail.it
2015-10-01, 20:03:30	363 - rabbittaro@hotmail.com
2015-10-01, 20:03:32	364 - siimsam@hotmail.com
2015-10-01, 20:03:32	365 - kyo_oli@hotmail.com
2015-10-01, 20:03:32	366 - info@over-sound.it
2015-10-01, 20:03:32	367 - nagash91@tiscali.it
2015-10-01, 20:03:33	368 - didi.steiner@libero.it
2015-10-01, 20:03:34	369 - matildedipuccieta@hotmail.it
2015-10-01, 20:03:34	370 - duinomassimo@libero.it
2015-10-01, 20:03:35	371 - famfed@libero.it
2015-10-01, 20:03:35	372 - dark.namras@gmail.com
2015-10-01, 20:03:36	373 - michela.piccardi@gmail.com
2015-10-01, 20:03:37	374 - lindagabriel@libero.it
2015-10-01, 20:03:37	376 - gemmeg@libero.it
2015-10-01, 20:03:38	377 - damonche@hotmail.com
2015-10-01, 20:03:38	378 - fredfurio@katamail.com
2015-10-01, 20:03:39	379 - martiguelfi@tiscali.it
2015-10-01, 20:03:40	380 - fidalegno@email.it
2015-10-01, 20:03:41	381 - iovinericaardo@inwind.it
2015-10-01, 20:03:41	382 - brettlalonde@yahoo.com
2015-10-01, 20:03:41	383 - landiandrea@interfree.it
2015-10-01, 20:03:42	386 - faminore@gmail.com
2015-10-01, 20:03:43	387 - c_maiani@libero.it
2015-10-01, 20:03:43	388 - silviaborroni@alice.it
2015-10-01, 20:03:44	389 - edomen@hotmail.com
2015-10-01, 20:03:44	390 - tiko.4augusto@tiscali.it
2015-10-01, 20:03:45	391 - morgan_3@hotmail.it
2015-10-01, 20:03:46	392 - brunomura@interfree.it
2015-10-01, 20:03:46	393 - iacopop@gmail.com
2015-10-01, 20:03:47	394 - olmo_recami@hotmail.it
2015-10-01, 20:03:47	395 - iacopo.risi@gmail.com
2015-10-01, 20:03:48	396 - nadph@hotmail.it
2015-10-01, 20:03:50	397 - nico.serejazz@alice.it
2015-10-01, 20:03:50	398 - operamail2001@yahoo.com
2015-10-01, 20:03:50	399 - giaxec@tin.it
2015-10-01, 20:03:50	400 - severino.francesca@inwind.it
2015-10-01, 20:03:51	401 - ilo.m@inwind.it
2015-10-01, 20:03:52	402 - donatella.ferri@tin.it
2015-10-01, 20:03:52	403 - alessandrotonarelli@tin.it
2015-10-01, 20:03:53	404 - oltrimboli@gmail.com
2015-10-01, 20:03:53	405 - evendramini@cheapnet.it
2015-10-01, 20:03:54	406 - avmusic@tin.it
2015-10-01, 20:03:55	407 - plvieri@libero.it
2015-10-01, 20:03:55	408 - zallo18@libero.it
2015-10-01, 20:03:56	409 - mattia.hagge@virgilio.it
2015-10-01, 20:03:56	410 - daniele.panella@nyu.edu
2015-10-01, 20:03:58	411 - alessandrapelli@gmail.com
2015-10-01, 20:03:58	412 - leonardopieraccioni@tin.it
2015-10-01, 20:03:58	413 - tellinessa71@gmail.com
2015-10-01, 20:03:59	414 - nazareno.caputo@live.it
2015-10-01, 20:03:59	417 - stefanobazzi@yahoo.it
2015-10-01, 20:04:00	418 - claudio.tommasoni@comune.fi.it
2015-10-01, 20:04:01	419 - assessore.giachi@comune.fi.it
2015-10-01, 20:04:01	420 - ilvivaiodelmalcantone@gmail.com
2015-10-01, 20:04:02	421 - marcolanza@iol.it
2015-10-01, 20:04:02	422 - stefano.cioni@fastwebnet.it
2015-10-01, 20:04:03	423 - fantozzigino@gmail.com
2015-10-01, 20:04:04	424 - marisa.cancilleri@gmail.com
2015-10-01, 20:04:04	425 - botticellialessandro@tiscali.it
2015-10-01, 20:04:05	426 - deluca.alex@hotmail.it
2015-10-01, 20:04:05	427 - carlocatalanodrum@yahoo.it
2015-10-01, 20:04:06	428 - amitarieli@libero.it
2015-10-01, 20:04:08	429 - simonepannoni@hotmail.it
2015-10-01, 20:04:08	430 - grazividili@gmail.com
2015-10-01, 20:04:08	431 - letiziadanti@libero.it
2015-10-01, 20:04:08	432 - chiara.fantini@tiscali.it
2015-10-01, 20:04:09	433 - jimmypeter@hotmail.com
2015-10-01, 20:04:10	434 - laura.galli@live.com
2015-10-01, 20:04:10	435 - fedeone@hotmail.it
2015-10-01, 20:04:11	436 - sarafabbrizzi@virgilio.it
2015-10-01, 20:04:11	437 - marco.casaglia@msmedia.it
2015-10-01, 20:04:12	438 - alessandra.cortese68@gmail.com
2015-10-01, 20:04:13	439 - scoppoli@gmail.com
2015-10-01, 20:04:13	440 - mateldacappelletti@gmail.com
2015-10-01, 20:04:14	441 - regiromella@libero.it
2015-10-01, 20:04:14	442 - maurizio.delmastro@gmail.com
2015-10-01, 20:04:15	443 - francescogabrielli@gmail.com
2015-10-01, 20:04:17	444 - massimilano.landi@gmail.com
2015-10-01, 20:04:17	445 - leomacaluso@libero.it
2015-10-01, 20:04:17	446 - biagiomix@gmail.com
2015-10-01, 20:04:17	447 - kundalini87@yahoo.it
2015-10-01, 20:04:18	448 - margotmiani@libero.it
2015-10-01, 20:04:19	449 - laura.pagliantini@libero.it
2015-10-01, 20:04:19	450 - a.vizzone@alice.it
2015-10-01, 20:04:20	451 - gottard@disia.unifi.it
2015-10-01, 20:04:20	452 - annamaria.barrocu@istruzione.it
2015-10-01, 20:04:21	453 - iovinericcardo6@gmail.com
2015-10-01, 20:04:22	454 - stefanocolucci@yahoo.it
2015-10-01, 20:04:22	455 - tiziana.milani@alice.it
2015-10-01, 20:04:23	456 - info@firenzeclassica.com
2015-10-01, 20:04:23	457 - gregory333@live.it
2015-10-01, 20:04:24	458 - gianniceccantini@tiscali.it
2015-10-01, 20:04:26	460 - trane61@libero.it
2015-10-01, 20:04:26	461 - pierpaolo.casale@alice.it
2015-10-01, 20:04:26	462 - oscardini@hotmail.it
2015-10-01, 20:04:26	463 - raffaelebellini@live.it
2015-10-01, 20:04:27	464 - andy_mec91@yahoo.it
2015-10-01, 20:04:28	465 - anna.cudin@gmail.com
2015-10-01, 20:04:28	466 - silviamoneti@yahoo.it
2015-10-01, 20:04:29	467 - an.arena@alice.it
2015-10-01, 20:04:29	468 - giorgio.giacomo@alice.it
2015-10-01, 20:04:30	469 - natalie.dandrea@gmail.com
2015-10-01, 20:04:31	470 - luna.eva@hotmail.it
2015-10-01, 20:04:31	472 - giovannimannocci@fastwebnet.it
2015-10-01, 20:04:32	473 - serzan82@hotmail.com
2015-10-01, 20:04:32	474 - gignorobase@diaconiavaldese.org
2015-10-01, 20:04:33	475 - kthari83@gmail.com
2015-10-01, 20:04:34	477 - mgusso@politecnica.it
2015-10-01, 20:04:34	478 - ricamati@yahoo.it
2015-10-01, 20:04:36	479 - alisab.blank@gmail.com
2015-10-01, 20:04:36	480 - moreno.balzani@alice.it
2015-10-01, 20:04:36	481 - zagazucc@hotmail.it
2015-10-01, 20:04:37	482 - francesco.casini@gioiello.it
2015-10-01, 20:04:37	483 - mg.coccioli@virgilio.it
2015-10-01, 20:04:38	484 - mc.max@alice.it
2015-10-01, 20:04:38	485 - alberto.crescioli@hotmail.it
2015-10-01, 20:04:39	488 - bandini93@gmail.com
2015-10-01, 20:04:40	489 - marilu.daselo@hotmail.it
2015-10-01, 20:04:40	490 - pamela_busonero@alice.it
2015-10-01, 20:04:41	491 - cupolone69@alice.it
2015-10-01, 20:04:41	492 - chiara.corti.92@alice.it
2015-10-01, 20:04:43	493 - genjiskampino@hotmail.it
2015-10-01, 20:04:43	495 - marzilie@yahoo.it
2015-10-01, 20:04:43	496 - andrea.moschettini@alice.it
2015-10-01, 20:04:44	497 - barbara.bertocci@virgilio.it
2015-10-01, 20:04:44	498 - aranscala@alice.it
2015-10-01, 20:04:45	499 - valeriafinardi@yahoo.it
2015-10-01, 20:04:46	500 - v.bargelli@hotmail.it
2015-10-01, 20:04:46	501 - maria.ricceri@gmail.com
2015-10-01, 20:04:47	502 - lucrezia.marzocchi@alice.it
2015-10-01, 20:04:47	503 - martamyosotis@gmail.com
2015-10-01, 20:04:48	504 - lenzilara@yahoo.it
2015-10-01, 20:04:49	505 - elena.mazzanti@gmx.com
2015-10-01, 20:04:49	506 - alexlatinshow@hotmail.it
2015-10-01, 20:04:50	507 - fs9775@gmail.com
2015-10-01, 20:04:50	508 - info@osteriadamelo.com
2015-10-01, 20:04:51	509 - lisehertz@gmail.com
2015-10-01, 20:04:53	510 - barbara.zamy@yahoo.it
2015-10-01, 20:04:53	511 - patriziamarino2004@libero.it
2015-10-01, 20:04:53	512 - branchi.antonio@gmail.com
2015-10-01, 20:04:53	514 - fenderjazz83@yahoo.it
2015-10-01, 20:04:54	515 - lucagfrosi@gmail.com
2015-10-01, 20:04:55	516 - mela.tetti@gmail.com
2015-10-01, 20:04:55	517 - vicedirettore@conservatorio.firenze.it
2015-10-01, 20:04:56	519 - tittanesti@gmail.com
2015-10-01, 20:04:56	520 - rsvp@torrigiani.com
2015-10-01, 20:04:57	521 - fbusson@tin.it
2015-10-01, 20:04:58	522 - newsletter@lajetee.it
2015-10-01, 20:04:58	523 - info@capuanomusica.it
2015-10-01, 20:04:59	524 - alessandro.busa@metropolitanstudies.de
2015-10-01, 20:04:59	526 - notcarap@studioalbertocarapelle.191.it
2015-10-01, 20:05:00	527 - NOTARI5f@studioalbertocarapelle.191.it
2015-10-01, 20:05:01	528 - albertodebiase@virgilio.it
2015-10-01, 20:05:02	529 - info@albertopresutti.it
2015-10-01, 20:05:02	530 - alessandrobellucci@tin.it
2015-10-01, 20:05:02	531 - aledrum@virgilio.it
2015-10-01, 20:05:03	533 - cadenza@alice.it
2015-10-01, 20:05:04	534 - info@alessandrogalati.com
2015-10-01, 20:05:04	535 - alessandro.libertini@hotmail.it
2015-10-01, 20:05:05	536 - info@alessandromoretti.it
2015-10-01, 20:05:05	537 - quzilla@alice.it
2015-10-01, 20:05:06	538 - alessandromoretti@inwind.it
2015-10-01, 20:05:07	539 - alessia.bonini70@hotmail.it
2015-10-01, 20:05:07	540 - latitti@teletu.it
2015-10-01, 20:05:08	541 - alfredojacopozzi@tin.it
2015-10-01, 20:05:08	542 - alomabardi@icamus.org
2015-10-01, 20:05:09	543 - alomabardi@gmail.com
2015-10-01, 20:05:11	544 - amitarieli@hotmail.com
2015-10-01, 20:05:11	545 - a.bartolino@alice.it
2015-10-01, 20:05:11	547 - andreafranchini5@gmail.com
2015-10-01, 20:05:11	548 - andreaparenti@tim.eu.blackberry.com
2015-10-01, 20:05:12	549 - stigler@informacittafirenze.it
2015-10-01, 20:05:13	550 - andrea@zurli.it
2015-10-01, 20:05:13	551 - annakra@libero.it
2015-10-01, 20:05:14	552 - annabondi2@libero.it
2015-10-01, 20:05:14	553 - anna.giatti@fstfirenze.it
2015-10-01, 20:05:15	554 - annamannini@gmail.com
2015-10-01, 20:05:16	555 - amgabbrielli@virgilio.it
2015-10-01, 20:05:16	556 - ape.goretti@alice.it
2015-10-01, 20:05:17	557 - avvannasantini@yahoo.it
2015-10-01, 20:05:17	558 - annamaria.agostino@unifi.it
2015-10-01, 20:05:18	559 - annegrethoehler@gmx.de
2015-10-01, 20:05:20	560 - lellaarena@gmail.com
2015-10-01, 20:05:20	561 - arena@pittimmagine.com
2015-10-01, 20:05:20	562 - antonella.caponnetto@comune.fi.it
2015-10-01, 20:05:20	563 - antonellafazio@fastwebnet.it
2015-10-01, 20:05:21	565 - antoniocannata@gmail.com
2015-10-01, 20:05:22	566 - antoort@tin.it
2015-10-01, 20:05:22	567 - a.baracchi@tin.it
2015-10-01, 20:05:23	568 - sociale@arcifirenze.it
2015-10-01, 20:05:23	569 - vaballe@gmail.com
2015-10-01, 20:05:24	570 - moreno.balzani@telecomitalia.it
2015-10-01, 20:05:25	571 - bcasini@hotmail.com
2015-10-01, 20:05:25	572 - iadbar@alice.it
2015-10-01, 20:05:26	573 - paolobartolini@tin.it
2015-10-01, 20:05:26	574 - stefanobenifei@libero.it
2015-10-01, 20:05:27	575 - benvenuti@arcifirenze.it
2015-10-01, 20:05:29	576 - beppedati@email.it
2015-10-01, 20:05:29	577 - tirinnanzi@iol.it
2015-10-01, 20:05:29	578 - bernardoguerra@live.it
2015-10-01, 20:05:29	582 - sbrondi@alice.it
2015-10-01, 20:05:30	583 - lafattoriadibruni@virgilio.it
2015-10-01, 20:05:31	587 - casasua14@gmail.com
2015-10-01, 20:05:31	588 - casparis@pittimmagine.com
2015-10-01, 20:05:32	589 - chiarat@cheapnet.it
2015-10-01, 20:05:32	590 - c.brilli@controradio.it
2015-10-01, 20:05:33	591 - chiara.trinciavelli@gmail.com
2015-10-01, 20:05:34	592 - cinotri@tin.it
2015-10-01, 20:05:34	593 - societaperleidee@gmail.com
2015-10-01, 20:05:35	594 - info@claudiogiovagnoli.it
2015-10-01, 20:05:35	595 - claudio@bext.com
2015-10-01, 20:05:37	596 - claudiotilesi@gmail.com
2015-10-01, 20:05:37	597 - clorella.leni@tin.it
2015-10-01, 20:05:37	598 - consorzio.arci@libero.it
2015-10-01, 20:05:38	599 - cultura@ilcorriereonline.it
2015-10-01, 20:05:38	600 - cosimomarchese@hotmail.com
2015-10-01, 20:05:39	601 - costanzanocentini@hotmail.com
2015-10-01, 20:05:40	602 - cristian.sardelli@gmail.com
2015-10-01, 20:05:40	603 - cristianabudillon@libero.it
2015-10-01, 20:05:41	604 - crisfil08@yahoo.it
2015-10-01, 20:05:41	605 - cristinaitaliani@tiscali.it
2015-10-01, 20:05:42	606 - cris.italiani@gmail.com
2015-10-01, 20:05:43	607 - rdaidone@libero.it
2015-10-01, 20:05:43	608 - d.pelati@fastwebnet.it
2015-10-01, 20:05:44	609 - daniela.dedonno@janegoodall-italia.org
2015-10-01, 20:05:44	610 - dduse@hotmail.com
2015-10-01, 20:05:46	612 - danielalip@hotmail.com
2015-10-01, 20:05:46	613 - matta.daniela@yahoo.it
2015-10-01, 20:05:46	615 - d.tartaglia@socialdesign.eu
2015-10-01, 20:05:47	616 - dunia@dada.it
2015-10-01, 20:05:47	617 - conti@cnatoscana.it
2015-10-01, 20:05:48	618 - pelati.gosport@virgilio.it
2015-10-01, 20:05:49	619 - d.sordi@tin.it
2015-10-01, 20:05:49	620 - danilo_morini@libero.it
2015-10-01, 20:05:50	621 - cecchini3000@gmail.com
2015-10-01, 20:05:50	622 - vicesindaco@comune.fi.it
2015-10-01, 20:05:51	623 - demudav@tiscali.it
2015-10-01, 20:05:52	624 - davis.franceschini@dada.it
2015-10-01, 20:05:52	625 - roberto.dephilippis@unifi.it
2015-10-01, 20:05:53	626 - 3gnometti@gmail.com
2015-10-01, 20:05:53	627 - S.Degl'Innocenti@quadrifoglio.org
2015-10-01, 20:05:55	628 - dego.carra2@gmail.com
2015-10-01, 20:05:55	629 - l.dicoverciano@libero.it
2015-10-01, 20:05:55	630 - direzione.iicpraga@esteri.it
2015-10-01, 20:05:56	631 - direzione@teatrodellapergola.com
2015-10-01, 20:05:56	632 - drinamoretti@gmail.com
2015-10-01, 20:05:57	633 - dcbertini@usa.net
2015-10-01, 20:05:58	634 - ducezio@iol.it
2015-10-01, 20:05:58	635 - strianoc@posteitaliane.it
2015-10-01, 20:05:59	636 - elena.migliorati@gmail.com
2015-10-01, 20:05:59	637 - rebeldemaisha@gmail.com
2015-10-01, 20:06:00	638 - elisagagliardi@tuscaninstitute.it
2015-10-01, 20:06:01	639 - elisabettamanuelli@garzondi.com
2015-10-01, 20:06:01	640 - elisabettasiani@msservizi.it
2015-10-01, 20:06:02	641 - emanuele.torquati@gmail.com
2015-10-01, 20:06:03	642 - emanuele.parrini1@virgilio.it
2015-10-01, 20:06:03	643 - culturaesteri@mail.regione.toscana.it
2015-10-01, 20:06:04	644 - enrico@lucianobenini.it
2015-10-01, 20:06:04	645 - flogfi@virgilio.it
2015-10-01, 20:06:05	646 - enzo.boddi@libero.it
2015-10-01, 20:06:05	647 - enzomileo@tin.it
2015-10-01, 20:06:06	648 - ermannocirri@hotmail.com
2015-10-01, 20:06:07	649 - ettorebonafe@libero.it
2015-10-01, 20:06:07	650 - evaige@riseup.net
2015-10-01, 20:06:08	651 - eventi.iicankara@esteri.it
2015-10-01, 20:06:08	652 - musica@fabbricaeuropa.net
2015-10-01, 20:06:09	653 - laurenzi.fabiana@gmail.com
2015-10-01, 20:06:10	654 - lupifabio63@gmail.com
2015-10-01, 20:06:11	655 - info@fabiomorgera.com
2015-10-01, 20:06:11	656 - fabriziomorga@libero.it
2015-10-01, 20:06:11	657 - facchiniluca@hotmail.com
2015-10-01, 20:06:12	658 - farhad_orouji@yahoo.com
2015-10-01, 20:06:13	659 - federica.marti@virgilio.it
2015-10-01, 20:06:13	660 - info@federicobertelli.com
2015-10-01, 20:06:14	661 - stramortimer@tiscali.it
2015-10-01, 20:06:14	662 - bagatelle_contemporary@yahoo.it
2015-10-01, 20:06:15	663 - filippopedol@alice.it
2015-10-01, 20:06:16	664 - redazione@firenzespettacolo.it
2015-10-01, 20:06:16	665 - auditorium1@virgilio.it
2015-10-01, 20:06:17	666 - fosco.damelio@gmail.com
2015-10-01, 20:06:17	667 - frabernardini@libero.it
2015-10-01, 20:06:19	668 - francesca@francescabreschi.it
2015-10-01, 20:06:19	669 - fra.campigli@gmail.com
2015-10-01, 20:06:19	670 - chiavacci@arci.it
2015-10-01, 20:06:20	671 - francentri@inwind.it
2015-10-01, 20:06:20	672 - simone.franceschi@infogroup.it
2015-10-01, 20:06:21	673 - francescobassi@tin.it
2015-10-01, 20:06:22	674 - birardifrancesco@gmail.com
2015-10-01, 20:06:22	675 - francescodonnini@hotmail.com
2015-10-01, 20:06:23	676 - uffstampa@amicimusica.fi.it
2015-10-01, 20:06:23	678 - fmaccia@tiscali.it
2015-10-01, 20:06:24	679 - magnuz@stazionilunari.com
2015-10-01, 20:06:25	680 - michi@arteco.org
2015-10-01, 20:06:25	681 - francoshiatsu@tele2.it
2015-10-01, 20:06:26	682 - franco.busignani@alice.it
2015-10-01, 20:06:26	683 - franave55@gmail.com
2015-10-01, 20:06:27	684 - jbpinza@tin.it
2015-10-01, 20:06:29	685 - frannagiu@hotmail.com
2015-10-01, 20:06:29	687 - f.paloscia@repubblica.it
2015-10-01, 20:06:29	688 - gabriele.bartolucci@gmail.com
2015-10-01, 20:06:29	689 - g.bonomo@sugarmusic.com
2015-10-01, 20:06:30	690 - buondonno@chianticlassico.com
2015-10-01, 20:06:31	691 - g.torcia@dfc.unifi.it
2015-10-01, 20:06:31	692 - gige@dada.it
2015-10-01, 20:06:32	693 - gerardo.caso@asftoscana.it
2015-10-01, 20:06:32	695 - gdebastiani@gmail.com
2015-10-01, 20:06:33	696 - cda@comune.pontassieve.fi.it
2015-10-01, 20:06:34	697 - giada23@tin.it
2015-10-01, 20:06:34	698 - info@mauriziogiammarco.com
2015-10-01, 20:06:35	699 - gianluigi_destefanis@yahoo.it
2015-10-01, 20:06:35	700 - g.cardini@hotmail.it
2015-10-01, 20:06:36	701 - fantafesta2@yahoo.it
2015-10-01, 20:06:37	702 - gc802001@yahoo.it
2015-10-01, 20:06:38	703 - gianfranconarracci@hotmail.com
2015-10-01, 20:06:38	704 - gdibernardo@agenti.manzoni.it
2015-10-01, 20:06:38	705 - giannatarchi@gmail.com
2015-10-01, 20:06:39	706 - gianni.grisolia@alice.it
2015-10-01, 20:06:40	707 - giannipini@eventimusicpool.it
2015-10-01, 20:06:40	709 - gignoromotorio@diaconiavaldese.org
2015-10-01, 20:06:41	710 - Gilberto.Cecchini@unipolbanca.it
2015-10-01, 20:06:41	711 - giorgia.giovannetti@unifi.it
2015-10-01, 20:06:42	712 - giorgio.bassi@promotorifinecobank.it
2015-10-01, 20:06:43	713 - giorgio.prandi59@gmail.com
2015-10-01, 20:06:43	715 - giovacchini@pittimmagine.com
2015-10-01, 20:06:44	716 - jobertolino@tiscali.it
2015-10-01, 20:06:44	717 - gbmusic@bigazzimusic.com
2015-10-01, 20:06:45	718 - giovavoz@tin.it
2015-10-01, 20:06:46	719 - gisella.pasquini@hotmail.it
2015-10-01, 20:06:47	720 - gisella.pasquini@carige.it
2015-10-01, 20:06:47	721 - info@nuovieventimusicali.it
2015-10-01, 20:06:47	722 - wigna@dada.it
2015-10-01, 20:06:48	723 - gloria.salviati@alice.it
2015-10-01, 20:06:49	724 - glorialucchesiasso@gmail.com
2015-10-01, 20:06:49	725 - graziabonini@alice.it
2015-10-01, 20:06:50	726 - g.dei@katamail.com
2015-10-01, 20:06:50	727 - g.menicatti@alice.it
2015-10-01, 20:06:51	728 - gregoriomoppi@katamail.com
2015-10-01, 20:06:52	729 - gregorionardi@interfree.it
2015-10-01, 20:06:52	731 - hamadachadli@hotmail.it
2015-10-01, 20:06:53	732 - iacopo23@gmail.com
2015-10-01, 20:06:53	733 - lorella.romagnoli@ilgiornaledellatoscana.it
2015-10-01, 20:06:55	735 - immobiliareburgassi@gmail.com
2015-10-01, 20:06:55	736 - info@musipolitana.it
2015-10-01, 20:06:55	737 - info@area-clienti.com
2015-10-01, 20:06:56	738 - info@florencenewspaper.it
2015-10-01, 20:06:56	739 - info@musicfactorylive.it
2015-10-01, 20:06:57	740 - info@villapalagio.it
2015-10-01, 20:06:58	741 - infogiov@comune.fi.it
2015-10-01, 20:06:58	742 - informagiovani.fi@gmail.com
2015-10-01, 20:06:59	743 - informale@libero.it
2015-10-01, 20:06:59	744 - i.coccia@comune.fi.it
2015-10-01, 20:07:00	745 - direzione@istitutofrancese.it
2015-10-01, 20:07:01	747 - info@jacopomartini.com
2015-10-01, 20:07:01	748 - munz.jr@gmail.com
2015-10-01, 20:07:02	749 - info@biellajazzclub.com
2015-10-01, 20:07:02	750 - jazzclub@mobilia.it
2015-10-01, 20:07:04	751 - combojazzclub@libero.it
2015-10-01, 20:07:04	752 - modenajazzclub@iol.it
2015-10-01, 20:07:04	753 - info@jazzclub.torino.it
2015-10-01, 20:07:05	754 - info@jazzchalet.com
2015-10-01, 20:07:05	755 - info@panicjazzclub.com
2015-10-01, 20:07:06	756 - redazione@jazzcolours.it
2015-10-01, 20:07:07	757 - joy.devito@gmail.com
2015-10-01, 20:07:07	758 - l.cappelli@gialexong.com
2015-10-01, 20:07:08	759 - labottegadellacquaforte@tin.it
2015-10-01, 20:07:08	760 - cronacafi@lanazione.net
2015-10-01, 20:07:09	761 - firenze@repubblica.it
2015-10-01, 20:07:10	762 - lara.brocca@janegoodall-italia.org
2015-10-01, 20:07:10	763 - lastraioli@interfree.it
2015-10-01, 20:07:11	764 - laura.mauric@gmail.com
2015-10-01, 20:07:11	765 - laura.righi08@gmail.com
2015-10-01, 20:07:12	766 - venturi@los-tudio.com
2015-10-01, 20:07:14	767 - raffaellopareti@alice.it
2015-10-01, 20:07:14	768 - leonardo.bonini@tin.it
2015-10-01, 20:07:14	769 - l.piccioli@tin.it
2015-10-01, 20:07:14	770 - leonardo.pieri@yahoo.it
2015-10-01, 20:07:15	771 - leonardovolo@hotmail.com
2015-10-01, 20:07:16	772 - letizia.cini@lanazione.it
2015-10-01, 20:07:16	773 - info@lacitelibreria.it
2015-10-01, 20:07:17	774 - l.grueff@libero.it
2015-10-01, 20:07:17	775 - lisagi@tiscali.it
2015-10-01, 20:07:18	776 - giardinellil@gmail.com
2015-10-01, 20:07:19	777 - aranguren58@gmail.com
2015-10-01, 20:07:19	778 - jbobin@tin.it
2015-10-01, 20:07:21	779 - accolturato@gmail.com
2015-10-01, 20:07:21	780 - mc.lagreca@virgilio.it
2015-10-01, 20:07:21	781 - sinapsidibiru@libero.it
2015-10-01, 20:07:22	782 - papessa.veg@gmail.com
2015-10-01, 20:07:22	783 - 3476622872@email.it
2015-10-01, 20:07:23	784 - jodown@tin.it
2015-10-01, 20:07:23	785 - qyrano@gmail.com
2015-10-01, 20:07:24	786 - cussottocri@yahoo.it
2015-10-01, 20:07:25	787 - l.giacomi@forresthillrecords.com
2015-10-01, 20:07:25	788 - lopallini@libero.it
2015-10-01, 20:07:26	790 - lorenza.centola@gmail.com
2015-10-01, 20:07:26	791 - lorenzoballini@tiscali.it
2015-10-01, 20:07:27	792 - lorenzo.forti@alice.it
2015-10-01, 20:07:28	793 - loreghera@gmail.com
2015-10-01, 20:07:28	794 - loresol@tiscali.it
2015-10-01, 20:07:30	795 - luca.debiase@alice.it
2015-10-01, 20:07:30	796 - luca@magrini.net
2015-10-01, 20:07:30	797 - lucaberni@dada.it
2015-10-01, 20:07:31	798 - lucadivolo@tiscali.it
2015-10-01, 20:07:31	799 - luca.fantini83@gmail.com
2015-10-01, 20:07:32	800 - lucajelly71@gmail.com
2015-10-01, 20:07:32	801 - magro@dada.it
2015-10-01, 20:07:33	802 - lucamarianini@gmail.com
2015-10-01, 20:07:34	803 - lucapagnini@tiscali.it
2015-10-01, 20:07:34	804 - zanzanluca@gmail.com
2015-10-01, 20:07:35	805 - luca_cai@virgilio.it
2015-10-01, 20:07:35	806 - lucia.calzolari.rudl@mac.com
2015-10-01, 20:07:36	807 - lucia.calzolari.rudl@me.com
2015-10-01, 20:07:37	808 - lpelatti@firenze.cna.it
2015-10-01, 20:07:37	810 - lucrezia@lu-nation.com
2015-10-01, 20:07:38	811 - pilarmadd@gmail.com
2015-10-01, 20:07:38	812 - info@maieutike.net
2015-10-01, 20:07:40	813 - management@musipolitana.it
2015-10-01, 20:07:40	814 - Piero.Mannini@fao.org
2015-10-01, 20:07:40	815 - marco.r2002@libero.it
2015-10-01, 20:07:41	816 - marco@magrini.net
2015-10-01, 20:07:41	817 - mbaroncini@yahoo.it
2015-10-01, 20:07:42	818 - m.barsanti1@virgilio.it
2015-10-01, 20:07:43	819 - marco.bini2004@gmail.com
2015-10-01, 20:07:43	820 - marcocattarossi@virgilio.it
2015-10-01, 20:07:44	821 - fancelli2@interfree.it
2015-10-01, 20:07:44	822 - marco.gelli@libero.it
2015-10-01, 20:07:45	823 - marcowar53@gmail.com
2015-10-01, 20:07:46	824 - mlamioni@silence.it
2015-10-01, 20:07:46	825 - lamionimarco@gmail.com
2015-10-01, 20:07:47	826 - m.morandi@katamail.com
2015-10-01, 20:07:47	827 - ben@bianchienardi.it
2015-10-01, 20:07:48	828 - polo@immobilifirenze.com
2015-10-01, 20:07:49	830 - info@marcotriarico.com
2015-10-01, 20:07:49	831 - mail@tarantella-scalza.de
2015-10-01, 20:07:51	832 - margherita.damelio@googlemail.com
2015-10-01, 20:07:51	833 - mloscerbo@libero.it
2015-10-01, 20:07:51	834 - mariapalme@gmail.com
2015-10-01, 20:07:52	835 - mptoscano@tiscali.it
2015-10-01, 20:07:52	836 - marina.bistolfi@gmail.com
2015-10-01, 20:07:53	837 - formazione@fabbricaeuropa.net
2015-10-01, 20:07:53	838 - marina.ciappi@poste.it
2015-10-01, 20:07:54	840 - m.bufano@controradio.it
2015-10-01, 20:07:55	841 - evangelista.mar@gmail.com
2015-10-01, 20:07:55	842 - marta.dipuccio@yahoo.it
2015-10-01, 20:07:56	843 - marti.bombetta@hotmail.it
2015-10-01, 20:07:56	844 - mary.arcuri@gmail.com
2015-10-01, 20:07:57	845 - marzia.frediani@arci.it
2015-10-01, 20:07:58	846 - m.calderai@libero.it
2015-10-01, 20:07:58	847 - gramigni@assomusica.org
2015-10-01, 20:07:59	848 - innocenti.cer@virgilio.it
2015-10-01, 20:07:59	849 - maxrastrelli@alice.it
2015-10-01, 20:08:01	850 - massimosantini53@alice.it
2015-10-01, 20:08:01	851 - m.ercolanelli@tin.it
2015-10-01, 20:08:01	853 - matteo@florenceandabroad.com
2015-10-01, 20:08:02	854 - matthiasschubert@online.de
2015-10-01, 20:08:02	855 - matthew_carrera@hotmail.it
2015-10-01, 20:08:03	856 - maurizio@creativebrains.it
2015-10-01, 20:08:04	857 - mauro.grossi@tin.it
2015-10-01, 20:08:04	858 - ginnasticailpoggetto@alice.it
2015-10-01, 20:08:05	861 - michbar@tele2.it
2015-10-01, 20:08:05	862 - michee@hotmail.it
2015-10-01, 20:08:06	863 - cs@indie-eye.it
2015-10-01, 20:08:07	864 - m.ignelzi@tin.it
2015-10-01, 20:08:07	865 - michelemanzotti@lanazione.it
2015-10-01, 20:08:09	866 - michelepapadia@hotmail.com
2015-10-01, 20:08:09	867 - mikestain@hotmail.com
2015-10-01, 20:08:09	868 - miketurk@tinsandwichmusic.com
2015-10-01, 20:08:10	869 - milneaz@hotmail.com
2015-10-01, 20:08:10	870 - cirkoguerrini@gmail.com
2015-10-01, 20:08:11	871 - info@spbstudio.it
2015-10-01, 20:08:11	873 - morenoniccolai@virgilio.it
2015-10-01, 20:08:12	874 - stefano@morinisport.it
2015-10-01, 20:08:13	875 - musicus@dada.it
2015-10-01, 20:08:13	876 - fanutti@dada.it
2015-10-01, 20:08:14	877 - neri.torrigiani@torrigiani.com
2015-10-01, 20:08:14	878 - mabenvenuti@gmail.com
2015-10-01, 20:08:15	879 - nicconerb@gmail.com
2015-10-01, 20:08:16	880 - nicola@eipe.it
2015-10-01, 20:08:16	881 - nicola.cellai@gmail.com
2015-10-01, 20:08:17	882 - nicola.maccianti@libero.it
2015-10-01, 20:08:18	883 - nikizazzeri@yahoo.it
2015-10-01, 20:08:18	884 - nicolettamanzini@libero.it
2015-10-01, 20:08:19	885 - ninogioia@gmail.com
2015-10-01, 20:08:19	886 - amministrazionenovaradio@arcifirenze.it
2015-10-01, 20:08:20	889 - pantanigianluca@gmail.com
2015-10-01, 20:08:20	890 - paola-amadio@tiscali.it
2015-10-01, 20:08:21	891 - paoladili@virgilio.it
2015-10-01, 20:08:22	892 - papinipaola@supereva.it
2015-10-01, 20:08:22	893 - pabillo@libero.it
2015-10-01, 20:08:23	894 - carradori@inwind.it
2015-10-01, 20:08:23	895 - giampaolo.casu@libero.it
2015-10-01, 20:08:24	896 - db@paolo.dellabella.name
2015-10-01, 20:08:25	898 - paologuidotti@hotmail.it
2015-10-01, 20:08:25	899 - info@paolomari.net
2015-10-01, 20:08:27	900 - p.russo@repubblica.it
2015-10-01, 20:08:27	901 - pasquale.rimolo@poste.it
2015-10-01, 20:08:27	904 - info@piccoliprincipiteatro.it
2015-10-01, 20:08:28	905 - pierluigivannucchi@gmail.com
2015-10-01, 20:08:28	906 - pieroborri@gmail.com
2015-10-01, 20:08:29	907 - pierobronzi@gmail.com
2015-10-01, 20:08:29	908 - sorrepino@libero.it
2015-10-01, 20:08:30	909 - pippissimo88@hotmail.it
2015-10-01, 20:08:31	910 - pirilla@alice.it
2015-10-01, 20:08:31	911 - pmaccia@inwind.it
2015-10-01, 20:08:32	912 - raffabelli@yahoo.it
2015-10-01, 20:08:32	913 - al.severi@rai.it
2015-10-01, 20:08:33	914 - renatocordovani@alice.it
2015-10-01, 20:08:34	915 - renzo_roselli@libero.it
2015-10-01, 20:08:34	916 - redazione@toscanaclassica.net
2015-10-01, 20:08:36	917 - r.innocenti@lofficinapsicoacustica.it
2015-10-01, 20:08:36	918 - info@promowine.it
2015-10-01, 20:08:36	919 - riccardo.ciolino@email.com
2015-10-01, 20:08:37	920 - riccardodellocchio@virgilio.it
2015-10-01, 20:08:37	921 - riccardo_galimberti@live.it
2015-10-01, 20:08:38	922 - rc@nestiblack.it
2015-10-01, 20:08:38	923 - onorius@virgilio.it
2015-10-01, 20:08:39	924 - riccardosaveri@virgilio.it
2015-10-01, 20:08:40	925 - rferrazza2000@yahoo.it
2015-10-01, 20:08:40	926 - roberta.ferrazza@esteri.it
2015-10-01, 20:08:41	927 - arovida@tiscalinet.it
2015-10-01, 20:08:41	928 - roberta.serni@istruzione.it
2015-10-01, 20:08:42	929 - libusati@iol.it
2015-10-01, 20:08:43	930 - rob.scheggia@libero.it
2015-10-01, 20:08:43	931 - roberto_benvenuti2003@yahoo.it
2015-10-01, 20:08:44	932 - roboconti@libero.it
2015-10-01, 20:08:45	933 - info@rmprogetti.it
2015-10-01, 20:08:45	934 - manrob1999@yahoo.it
2015-10-01, 20:08:46	935 - bobnistri@gmail.com
2015-10-01, 20:08:46	936 - rodolfosarli@yahoo.it
2015-10-01, 20:08:47	937 - romana.bellato@gmail.com
2015-10-01, 20:08:47	939 - rosippo@tiscali.it
2015-10-01, 20:08:48	941 - rubencha@virgilio.it
2015-10-01, 20:08:49	942 - saxofono@alice.it
2015-10-01, 20:08:49	943 - jazz@morinisport.it
2015-10-01, 20:08:50	944 - scuola.verdi@comune.prato.it
2015-10-01, 20:08:50	945 - dicomano@scuolacomunaledimusica.it
2015-10-01, 20:08:51	946 - smcpontassieve@tiscali.it
2015-10-01, 20:08:52	947 - info@scuoladimusicasesto.it
2015-10-01, 20:08:52	948 - musica@comune.poggibonsi.si.it
2015-10-01, 20:08:53	949 - sdipuccio@hotmail.it
2015-10-01, 20:08:53	950 - segreteria.arcifirenze@gmail.com
2015-10-01, 20:08:55	951 - segreteria@firenzespettacolo.it
2015-10-01, 20:08:55	952 - lsantoni@firenze.cna.it
2015-10-01, 20:08:55	953 - sentieriacustici@gmail.com
2015-10-01, 20:08:56	954 - sermot@alice.it
2015-10-01, 20:08:56	955 - shahrzad_orouji@yahoo.com
2015-10-01, 20:08:57	956 - Cristina.Siani@infrontsports.com
2015-10-01, 20:08:58	957 - silvanopanichi@gmail.com
2015-10-01, 20:08:58	958 - santini.silvia391@tiscali.it
2015-10-01, 20:08:59	959 - simonapiccioli@tiscali.it
2015-10-01, 20:08:59	960 - fallaci@dada.it
2015-10-01, 20:09:00	961 - simonegraziano79@yahoo.it
2015-10-01, 20:09:01	963 - smnsnt68@gmail.com
2015-10-01, 20:09:01	964 - soniacomoni@virgilio.it
2015-10-01, 20:09:02	965 - stefania.doni@gmail.com
2015-10-01, 20:09:02	966 - ste.dell@hotmail.com
2015-10-01, 20:09:04	967 - tatami33@virgilio.it
2015-10-01, 20:09:04	968 - s.bartoli@fastwebnet.it
2015-10-01, 20:09:04	969 - stefdemarco@hotmail.it
2015-10-01, 20:09:05	970 - direzione@scandiccicultura.org
2015-10-01, 20:09:05	971 - contart@dinonet.it
2015-10-01, 20:09:06	972 - stefanomagnolfi@hotmail.com
2015-10-01, 20:09:07	973 - stefano.mangani@unisi.it
2015-10-01, 20:09:07	974 - negri.s@tele2.it
2015-10-01, 20:09:08	975 - stefanoonorati@gmail.com
2015-10-01, 20:09:08	976 - stefanorapicavoli@gmail.com
2015-10-01, 20:09:09	977 - formazione@stefanorusso.it
2015-10-01, 20:09:10	978 - lupomaremmano@katamail.com
2015-10-01, 20:09:10	980 - szenni@tin.it
2015-10-01, 20:09:11	981 - studiorap@libero.it
2015-10-01, 20:09:11	982 - susannastigler@gmail.com
2015-10-01, 20:09:12	983 - susannastigler@informacitta.net
2015-10-01, 20:09:13	984 - susanna.crociani@libero.it
2015-10-01, 20:09:14	985 - info@susybellucci.com
2015-10-01, 20:09:14	986 - t.coppi@mail.regione.toscana.it
2015-10-01, 20:09:14	987 - tamara.coppiceccantini@regione.toscana.it
2015-10-01, 20:09:15	988 - promo@teatrodellalimonaia.it
2015-10-01, 20:09:16	989 - comunicazione@teatrodellapergola.com
2015-10-01, 20:09:16	990 - info@metastasio.it
2015-10-01, 20:09:17	991 - infoteatro@scandiccicultura.it
2015-10-01, 20:09:17	992 - tolminomarianini@yahoo.it
2015-10-01, 20:09:18	993 - info@toscanamusiche.it
2015-10-01, 20:09:19	994 - trinciavelli@effe2srl.it
2015-10-01, 20:09:19	995 - culturaq2@comune.fi.it
2015-10-01, 20:09:20	997 - valentino.s@alice.it
2015-10-01, 20:09:20	998 - vmorelliit@yahoo.it
2015-10-01, 20:09:21	999 - striano@arci.it
2015-10-01, 20:09:22	1000 - vorsetti@hotmail.com
2015-10-01, 20:09:22	1001 - wilmasperanzini@gmail.com
2015-10-01, 20:09:24	1002 - info@spazioalfieri.it
2015-10-01, 20:09:24	1006 - giuliostracciati@hotmail.it
2015-10-01, 20:09:24	1008 - sergio-rizzo@hotmail.it
2015-10-01, 20:09:25	1009 - casa@globeit.it
2015-10-01, 20:09:25	1012 - sanjeev@tin.it
2015-10-01, 20:09:26	1013 - lorellagrecu@gmail.com
2015-10-01, 20:09:26	1015 - nunziati@alice.it
2015-10-01, 20:09:27	1017 - ludolegend@libero.it
2015-10-01, 20:09:28	1018 - marco.lani84@gmail.com
2015-10-01, 20:09:28	1019 - margherithouse@hotmail.it
2015-10-01, 20:09:29	1020 - n.vallese@gmail.com
2015-10-01, 20:09:29	1021 - giuseppe.dipietro50@gmail.com
2015-10-01, 20:09:30	1022 - mattia.ceccantini@email.it
2015-10-01, 20:09:31	1024 - brownmassimo@gmail.com
2015-10-01, 20:09:31	1026 - annamariabaccellini@vodafone.it
2015-10-01, 20:09:33	1027 - damore.stefania@gmail.com
2015-10-01, 20:09:33	1028 - lisehertz@gmail.com
2015-10-01, 20:09:33	1029 - massimo.tempesti@gmail.com
2015-10-01, 20:09:34	1030 - ema19e87@yahoo.it
2015-10-01, 20:09:34	1031 - lorenzo.bagnoli@hotmail.it
2015-10-01, 20:09:35	1032 - otta.giulio@gmail.com
2015-10-01, 20:09:35	1033 - otta.giulio@gmail.com
2015-10-01, 20:09:36	1034 - irene.stolzi@unifi.it
2015-10-01, 20:09:37	1035 - rosannariccio@yahoo.it
2015-10-01, 20:09:37	1036 - patrizia.seravalli@gmail.com
2015-10-01, 20:09:38	1037 - piccini.a@gmail.com
2015-10-01, 20:09:38	1038 - mazzanti.maurizio@gmail.com
2015-10-01, 20:09:39	1039 - f.beghi@centroseta.it
2015-10-01, 20:09:40	1040 - rmartini@libero.it
2015-10-01, 20:09:41	1041 - mari_palom@yahoo.it
2015-10-01, 20:09:41	1042 - bobpratellesi@yahoo.it
2015-10-01, 20:09:41	1043 - laura.mattioli@asf.toscana.it
2015-10-01, 20:09:42	1044 - laura.mattioli@asf.toscana.it
2015-10-01, 20:09:43	1045 - alessandromedda.music@gmail.com
2015-10-01, 20:09:43	1047 - robertadoni60@gmail.com
2015-10-01, 20:09:44	1049 - nachibana23@gmail.com
2015-10-01, 20:09:44	1051 - simobrilli@live.it
2015-10-01, 20:09:45	1053 - elisabetta.lucherini@gmail.com
2015-10-01, 20:09:46	1055 - ludolegend@libero.it
2015-10-01, 20:09:46	1056 - galletti.lorenzo98@gmail.com
2015-10-01, 20:09:47	1058 - manrob1999@yahoo.it
2015-10-01, 20:09:47	1059 - daniluk.dado@gmail.com
2015-10-01, 20:09:48	1060 - qui-e-ora@libero.it
2015-10-01, 20:09:49	1061 - fabiozini@alice.it
2015-10-01, 20:09:49	1062 - maurizio.delmastro@gmail.com
2015-10-01, 20:09:51	1064 - laura@mannuccisrl.it
2015-10-01, 20:09:51	1065 - cl.rusconi@gmail.com
2015-10-01, 20:09:51	1066 - machibana23@gmail.it
2015-10-01, 20:09:52	1067 - gaguz1999@gmail.com
2015-10-01, 20:09:52	1068 - gabriele_baratto@libero.it
2015-10-01, 20:09:53	1070 - anna.basagni@hotmail.it
2015-10-01, 20:09:53	1071 - mniccolai22@gmail.com
2015-10-01, 20:09:54	1074 - scioni57@libero.it
2015-10-01, 20:09:55	1075 - simonagraz@libero.it
2015-10-01, 20:09:55	1076 - info@agriturismocirene.com
2015-10-01, 20:09:56	1078 - borraniantonio@gmail.com
2015-10-01, 20:09:56	1079 - giorgio.varalli@fastwebnet.it
2015-10-01, 20:09:57	1080 - paol.marini@tiscali.it
2015-10-01, 20:09:58	1082 - ml.berenger@sfr.fr
2015-10-01, 20:09:58	1083 - fam.diste@alice.it
2015-10-01, 20:09:59	1085 - umberto.tenaglia@alice.it
2015-10-01, 20:09:59	1086 - riccardoschillaci@msn.com
2015-10-01, 20:10:00	1087 - lombe2012@gmail.com
2015-10-01, 20:10:02	1088 - cingicinzia@yahoo.it
2015-10-01, 20:10:02	1089 - adrianalipsi@gmail.com
2015-10-01, 20:10:02	1090 - francescobarbani@gmail.com
2015-10-01, 20:10:02	1091 - dumm12bg@gmail.com
2015-10-01, 20:10:03	1092 - leomacaluso@libero.it
2015-10-01, 20:10:04	1093 - francy_andrea@yahoo.it
2015-10-01, 20:10:04	1094 - cate.glasser@gmail.com
2015-10-01, 20:10:05	1095 - cate.glasser@gmail.com
2015-10-01, 20:10:05	1096 - ila.zucconi@gmail.com
2015-10-01, 20:10:06	1097 - antosteph@alice.it
2015-10-01, 20:10:07	1098 - bobaoster@gmail.com
2015-10-01, 20:10:07	1099 - g.malevolti@gmail.com
2015-10-01, 20:10:08	1101 - tommypampa@libero.it
2015-10-01, 20:10:08	1102 - rossicarlo93@libero.it
2015-10-01, 20:10:09	1106 - francesco.crimeni59@gmail.com
2015-10-01, 20:10:10	1109 - mcorsini1966@libero.it
2015-10-01, 20:10:10	1110 - valeria.pezzati@gmail.com
2015-10-01, 20:10:12	1111 - f.barbara69@tin.it
2015-10-01, 20:10:12	1112 - franco.frati@gmail.com
2015-10-01, 20:10:12	1114 - senza@mail.it
2015-10-01, 20:10:13	1117 - lauracapecchi@alice.it
2015-10-01, 20:10:13	1118 - lucianacapasso@virgilio.it
2015-10-01, 20:10:14	1119 - lu-gal@hotmail.it
2015-10-01, 20:10:14	1120 - nicolucci@studiomichelangelo.it
2015-10-01, 20:10:15	1121 - gennarogiustino@libero.it
2015-10-01, 20:10:16	1122 - gennarogiustino@libero.it
2015-10-01, 20:10:16	1124 - alessandra.cortese68@gmail.com
2015-10-01, 20:10:17	1125 - cungicinzia@yahoo.it
2015-10-01, 20:10:17	1126 - melezappa@gmail.com
2015-10-01, 20:10:18	1127 - fusarco@gmail.com
2015-10-01, 20:10:19	1128 - giovanna.danza@unifi.it
2015-10-01, 20:10:19	1129 - marty1942@hotmail.it
2015-10-01, 20:10:20	1130 - francesco.martinelli@gmail.com
2015-10-01, 20:10:20	1131 - pintoka@libero.it
2015-10-01, 20:10:22	1132 - silvia@poggiali.it
2015-10-01, 20:10:22	1133 - stefano.dare1@gmail.com
2015-10-01, 20:10:22	1134 - letiziadanti@libero.it
2015-10-01, 20:10:23	1135 - monica.ulivieri@gmail.com
2015-10-01, 20:10:23	1136 - bobnistri@gmail.com
2015-10-01, 20:10:24	1137 - stike73@libero.it
2015-10-01, 20:10:25	1138 - giancarlo.cardini@aol.com
2015-10-01, 20:10:25	1139 - alfonso.borghese@virgilio.it
2015-10-01, 20:10:26	1140 - alvarocompany@tiscali.it
2015-10-01, 20:10:26	1141 - fiamma.nicolodi@unifi.it
2015-10-01, 20:10:27	1142 - mr@marioruffini.it
2015-10-01, 20:10:28	1143 - paolo.somigli@fastwebnet.it
2015-10-01, 20:10:28	1144 - rfabbriciani@alice.it
2015-10-01, 20:10:29	1145 - paola.gibbin@beniculturali.it
2015-10-01, 20:10:29	1146 - info@danielelombardi.com
2015-10-01, 20:10:30	1147 - fg@temporeale.it
2015-10-01, 20:10:31	1148 - lc@leliocamilleri.it
2015-10-01, 20:10:31	1149 - albert.mayr@gmail.com
2015-10-01, 20:10:33	1150 - romano.pezzati@gmail.com
2015-10-01, 20:10:33	1151 - orsellicesare@libero.it
2015-10-01, 20:10:33	1152 - elcefi@hotmail.it
2015-10-01, 20:10:34	1154 - sofiaweckdomenici@gmail.com
2015-10-01, 20:10:34	1155 - passalacqua.fulvio@gmail.com
2015-10-01, 20:10:35	1157 - francesco.zampini93@gmail.com
2015-10-01, 20:10:35	1158 - ticarfora65@gmail.com
2015-10-01, 20:10:36	1159 - chiara.fantini@tiscali.it
2015-10-01, 20:10:37	1160 - flaviornr@hotmail.it
2015-10-01, 20:10:37	1161 - giannifrati@alice.it
2015-10-01, 20:10:38	1162 - production@limenmusic.com
2015-10-01, 20:10:38	1163 - filippopedol@alice.it
2015-10-01, 20:10:39	1164 - andrea@sleepiscommercial.com
2015-10-01, 20:10:40	1165 - francescatofanari@gmail.com
2015-10-01, 20:10:40	1166 - casinipippo@gmail.com
2015-10-01, 20:10:41	1167 - roskeith@libero.it
2015-10-01, 20:10:41	1168 - giuseppe.tavanti@gmail.com
2015-10-01, 20:10:43	1169 - stefanomagnaschi@tiscali.it
2015-10-01, 20:10:43	1170 - giancodel@libero.it
2015-10-01, 20:10:43	1174 - f.iacometti@tiscali.it
2015-10-01, 20:10:44	1175 - luigi.ripa@gmail.com
2015-10-01, 20:10:44	1176 - dilauro.ripa@gmail.com
2015-10-01, 20:10:45	1177 - giulia.bartolini0@gmail.com
2015-10-01, 20:10:46	1180 - michdr86@yahoo.it
2015-10-01, 20:10:46	1181 - dylauro@alice.it
2015-10-01, 20:10:47	1182 - beatrice.padelletti@gmail.com
2015-10-01, 20:10:47	1183 - basilmari@tiscali.it
2015-10-01, 20:10:48	1184 - eughenes@alice.it
2015-10-01, 20:10:49	1185 - g.martignon@gmail.com
2015-10-01, 20:10:49	1186 - o.pettini@libero.it
2015-10-01, 20:10:51	1187 - o.pettini@libero.it
2015-10-01, 20:10:51	1188 - alex.gentili90@gmail.com
2015-10-01, 20:10:51	1189 - iolandastrozza@gmail.com
2015-10-01, 20:10:52	1190 - patgrass@libero.it
2015-10-01, 20:10:52	1191 - sarapassavinti@gmail.com
2015-10-01, 20:10:53	1192 - michelepizzolli@live.com
2015-10-01, 20:10:53	1193 - giovavoz@gmail.com
2015-10-01, 20:10:54	1194 - alessandrofani@hotmail.com
2015-10-01, 20:10:55	1195 - pinaxi@libero.it
2015-10-01, 20:10:55	1196 - benedetta.calonaci@unifi.it
2015-10-01, 20:10:56	1197 - benedetta.calonaci@unifi.it
2015-10-01, 20:10:56	1199 - mcsansoni@hotmail.com
2015-10-01, 20:10:57	1200 - gioia.griffo@alice.it
2015-10-01, 20:10:58	1201 - nicolesiecat@gmail.com
2015-10-01, 20:10:58	1202 - g.baldi@avvocatobaldi.com
2015-10-01, 20:10:59	1203 - carlo.ortolani@tin.it
2015-10-01, 20:10:59	1204 - lapofabbri@virgilio.it
2015-10-01, 20:11:01	1205 - erika.baldi@tiscali.it
2015-10-01, 20:11:01	1206 - anastilosi@inwind.it
2015-10-01, 20:11:01	1207 - fusarco@gmail.com
2015-10-01, 20:11:02	1208 - fredfashion@hotmail.it
2015-10-01, 20:11:02	1209 - lcodacci@yahoo.com
