2015-03-13, 21:00:01	

=================================================================

2015-03-13, 21:00:01	CONCERTI AL "PORTO DI MARE"


2015-03-13, 21:00:01	1 - webmaster@globeit.it
2015-03-13, 21:00:03	2 - info@camfirenze.net
2015-03-13, 21:00:03	3 - g.porzilli@globeit.it
2015-03-13, 21:00:03	4 - jovinericcardo@inwind.it
2015-03-13, 21:00:04	5 - emilmast@tin.it
2015-03-13, 21:00:04	6 - m_bonaiuti@tin.it
2015-03-13, 21:00:05	7 - andreagheri@hotmail.com
2015-03-13, 21:00:06	8 - lenzi.giova@alice.it
2015-03-13, 21:00:06	9 - giuseppe.dipietro@bassilichi.it
2015-03-13, 21:00:07	10 - riccardoschillaci@msn.com
2015-03-13, 21:00:07	11 - pan.and@alice.it
2015-03-13, 21:00:08	12 - stefania.nin@unifi.it
2015-03-13, 21:00:09	13 - elianto96@alice.it
2015-03-13, 21:00:09	14 - ziopino@libero.it
2015-03-13, 21:00:10	15 - fidelegno@email.it
2015-03-13, 21:00:10	16 - nicolucci@studiomichelangelo.com
2015-03-13, 21:00:11	17 - mariapaolapaci@yahoo.it
2015-03-13, 21:00:13	18 - m.jennifer@hotmail.it
2015-03-13, 21:00:13	19 - eleonora.giovannini@hotmail.com
2015-03-13, 21:00:13	20 - federico-micheli@hotmail.it
2015-03-13, 21:00:13	21 - massimo.guidi@tiscali.it
2015-03-13, 21:00:14	22 - melli@melli.bs.it
2015-03-13, 21:00:15	23 - ccorazzi@sebia.it
2015-03-13, 21:00:15	24 - agf.aniko@libero.it
2015-03-13, 21:00:16	25 - giuliamo0601@alice.it
2015-03-13, 21:00:16	26 - gianni.ignesti@virgilio.it
2015-03-13, 21:00:17	27 - leonardo.alessi@tiscali.it
2015-03-13, 21:00:18	28 - manuel.ditardo@gmail.com
2015-03-13, 21:00:18	29 - fulviodori@yahoo.it
2015-03-13, 21:00:19	30 - silvia@rossellino.com
2015-03-13, 21:00:19	31 - cm25mia@yahoo.it
2015-03-13, 21:00:20	32 - vialefanti@libero.it
2015-03-13, 21:00:21	33 - lebuschi@gmail.com
2015-03-13, 21:00:21	34 - imbramat@yahoo.it
2015-03-13, 21:00:22	35 - goretti.gianluca@tiscali.it
2015-03-13, 21:00:23	36 - f.filesi@hotmail.it
2015-03-13, 21:00:23	37 - alessandro.dipuccio@alice.it
2015-03-13, 21:00:24	38 - jimmypeter2@hotmail.com
2015-03-13, 21:00:24	39 - serebaldi@tiscali.it
2015-03-13, 21:00:25	40 - barbe335@gmail.com
2015-03-13, 21:00:25	41 - wequaquet@yahoo.it
2015-03-13, 21:00:26	42 - maria.ricceri2@gmail.com
2015-03-13, 21:00:27	43 - luca.bersaglieri@gmail.com
2015-03-13, 21:00:27	44 - sara.fabbrizzi@virgilio.it
2015-03-13, 21:00:28	45 - scioni57@libero.it
2015-03-13, 21:00:28	46 - fradattolo@gmail.com
2015-03-13, 21:00:29	47 - fallaci@hotmail.it
2015-03-13, 21:00:30	48 - adrianalipsi@gmail.com
2015-03-13, 21:00:30	49 - antongiac@live.it
2015-03-13, 21:00:31	50 - silvia.guenda@gmail.com
2015-03-13, 21:00:31	51 - anna-cocco@virgilio.it
2015-03-13, 21:00:32	52 - theblacken@hotmail.it
2015-03-13, 21:00:33	53 - cosimolai@yahoo.it
2015-03-13, 21:00:34	54 - massimiliano.landi@gmail.com
2015-03-13, 21:00:34	55 - virginiamanco@yahoo.it
2015-03-13, 21:00:34	56 - piabar@alice.it
2015-03-13, 21:00:35	57 - ginettaccio356@gmail.com
2015-03-13, 21:00:36	58 - elena.mazzanti@gmail.com
2015-03-13, 21:00:36	59 - ppieri@hotmail.com
2015-03-13, 21:00:37	60 - philgrims@gmail.com
2015-03-13, 21:00:37	61 - ga.proto@tiscali.it
2015-03-13, 21:00:38	62 - gianluca.sodero@gmail.com
2015-03-13, 21:00:39	63 - cristinavaltriani@gmail.com
2015-03-13, 21:00:39	64 - francespletchan@gmail.com
2015-03-13, 21:00:40	65 - marco.mazzoni75@gmail.com
2015-03-13, 21:00:40	66 - lucrezia.mazzocchi@alice.it
2015-03-13, 21:00:41	67 - matticari.g@tiscali.it
2015-03-13, 21:00:42	68 - soniabertini@hotmail.it
2015-03-13, 21:00:42	69 - alicemanuguerra@libero.it
2015-03-13, 21:00:43	70 - nicco.angioni@yahoo.it
2015-03-13, 21:00:43	71 - etto1re@gmail.com
2015-03-13, 21:00:45	72 - cossusonny@libero.it
2015-03-13, 21:00:45	73 - cicali.filippo@gmail.com
2015-03-13, 21:00:45	74 - leobonechi@dada.it
2015-03-13, 21:00:46	75 - riccardo.levi@yahoo.it
2015-03-13, 21:00:46	76 - patrizia.seravalli@gmail.com
2015-03-13, 21:00:47	77 - brandini.tommaso@gmail.com
2015-03-13, 21:00:48	78 - sbartoli@fashion.it
2015-03-13, 21:00:48	79 - clarissa.bencini@gmail.com
2015-03-13, 21:00:49	80 - william.luzzi@gmail.com
2015-03-13, 21:00:49	81 - cecia92@hotmail.it
2015-03-13, 21:00:50	82 - andrea.giavarini@gmail.com
2015-03-13, 21:00:51	83 - peccino70@hotmail.it
2015-03-13, 21:00:51	84 - luna.decate@gmail.com
2015-03-13, 21:00:52	85 - ilaria.daddi@alice.it
2015-03-13, 21:00:52	86 - tommaso@zurli.it
2015-03-13, 21:00:53	87 - d.scapigliati@scapigliati.it
2015-03-13, 21:00:54	88 - annalisamencattini@virgilio.it
2015-03-13, 21:00:54	89 - giltel62@gmail.com
2015-03-13, 21:00:55	90 - rizzuti.daria@gmail.com
2015-03-13, 21:00:56	91 - andreacagnola1@gmail.com
2015-03-13, 21:00:56	92 - pampet@tiscali.it
2015-03-13, 21:00:57	93 - dittaduepi@libero.it
2015-03-13, 21:00:57	94 - albertomarrini@tiscali.it
2015-03-13, 21:00:58	95 - elisagaglirdi@tuscaniinstitute.it
2015-03-13, 21:00:58	96 - chiarasilvia.vill@gmail.com
2015-03-13, 21:00:59	97 - morillo1982@hotmail.it
2015-03-13, 21:01:00	98 - maeli68@hotmail.com
2015-03-13, 21:01:00	99 - patpenco1@mac.com
2015-03-13, 21:01:01	100 - serena.menicalli90@gmail.com
2015-03-13, 21:01:01	101 - giacomopipitone@icloud.com
2015-03-13, 21:01:02	102 - rossellaeleonardo@virgilio.it
2015-03-13, 21:01:03	103 - emilio.botto@libero.it
2015-03-13, 21:01:03	104 - e.macerini@gmail.com
2015-03-13, 21:01:04	105 - marcolamioni@mac.com
2015-03-13, 21:01:04	106 - robertacolla@simonemicheli.com
2015-03-13, 21:01:05	107 - sabrinapaladini@inwind.it
2015-03-13, 21:01:06	108 - arieccola@gmail.com
2015-03-13, 21:01:06	109 - passalacqua.fulvio@gmail.com
2015-03-13, 21:01:08	110 - ziopina@libero.it
2015-03-13, 21:01:08	111 - nera@atlavia.it
2015-03-13, 21:01:08	112 - frengo75tn@yahoo.it
2015-03-13, 21:01:09	113 - deglinnocentielisa@gmail.com
2015-03-13, 21:01:09	114 - france1611@yahoo.it
2015-03-13, 21:01:10	115 - niccolo.mugelli@gmail.com
2015-03-13, 21:01:10	116 - maxgiallo@tin.it
2015-03-13, 21:01:11	117 - giacomo.londi@hotmail.it
2015-03-13, 21:01:12	118 - lovesmusic@alice.it
2015-03-13, 21:01:12	119 - tabpalmieri@live.it
2015-03-13, 21:01:13	120 - francescogabrilelli@gmail.com
2015-03-13, 21:01:13	121 - regolus_81@hotmail.com
2015-03-13, 21:01:14	122 - walteriano@gmail.com
2015-03-13, 21:01:15	123 - riccardodefelice@gmail.com
2015-03-13, 21:01:15	124 - andpoliti@gmail.com
2015-03-13, 21:01:17	125 - pinogulli@alice.it
2015-03-13, 21:01:17	126 - andreacennini@yahoo.it
2015-03-13, 21:01:17	127 - lucilla_meucci@alice.it
2015-03-13, 21:01:18	128 - giulystairway@hotmail.it
2015-03-13, 21:01:18	129 - lploredana552@gmail.com
2015-03-13, 21:01:19	130 - a.roccatelli@gmail.com
2015-03-13, 21:01:19	131 - gottard@disia.unifit.it
2015-03-13, 21:01:20	132 - laura.mattioli@asf.toscana.it
2015-03-13, 21:01:21	133 - santellipaola@gmail.com
2015-03-13, 21:01:21	134 - elena.tartagli@yahoo.it
2015-03-13, 21:01:22	135 - laura.pagliantini@virgilio
2015-03-13, 21:01:22	136 - massy.a@tiscali.it
2015-03-13, 21:01:23	137 - amorosoluca@tiscali.it
2015-03-13, 21:01:24	138 - drummermichi@hotmail.it
2015-03-13, 21:01:24	139 - flaviano.apollonio@alice.it
2015-03-13, 21:01:25	140 - bib92@hotmail.it
2015-03-13, 21:01:25	141 - mattia.balconi@ge.com
2015-03-13, 21:01:26	142 - _marco_baldini@libero.it
2015-03-13, 21:01:27	143 - theking.3@hotmail.it
2015-03-13, 21:01:27	144 - maria.ricceri2@virgilio.it
2015-03-13, 21:01:29	145 - valentina.barlacchi@libero.it
2015-03-13, 21:01:29	146 - giannanenna03@yahoo.it
2015-03-13, 21:01:29	147 - paolobertocci@libero.it
2015-03-13, 21:01:30	148 - bmblsnmntsra@hotmail.it
2015-03-13, 21:01:30	150 - antonio.branchi@moroshi.it
2015-03-13, 21:01:31	151 - carlottabusignani@yahoo.it
2015-03-13, 21:01:31	152 - iacopocangioli@yahoo.it
2015-03-13, 21:01:32	153 - timoteocarbone@gmail.com
2015-03-13, 21:01:33	154 - casalini_marco@libero.it
2015-03-13, 21:01:33	155 - fabio.cecchini@agronica.eu
2015-03-13, 21:01:34	156 - ufficiotecnico@gfclavoriedili.it
2015-03-13, 21:01:34	157 - riccardo.ciolino@email.it
2015-03-13, 21:01:35	158 - diego_collini85@yahoo.it
2015-03-13, 21:01:36	159 - rabbittaro@hotmail.it
2015-03-13, 21:01:36	160 - foy_m6@hotmail.it
2015-03-13, 21:01:37	161 - studiocortocherubini@alice.it
2015-03-13, 21:01:37	162 - antoniodarone@libero.it
2015-03-13, 21:01:38	163 - pakkidega90@hotmail.it
2015-03-13, 21:01:40	164 - del.carria.marco@gmail.com
2015-03-13, 21:01:40	165 - riccardo.delchiaro@gmail.com
2015-03-13, 21:01:40	166 - fiober@hotmail.it
2015-03-13, 21:01:40	168 - falco.douglasscotti@gmail.com
2015-03-13, 21:01:41	169 - desmar10@libero.it
2015-03-13, 21:01:42	170 - irescimmia@hotmail.it
2015-03-13, 21:01:42	171 - zilatiankuser@hotmail.it
2015-03-13, 21:01:43	172 - guido.fs@hotmail.com
2015-03-13, 21:01:43	173 - giovanni_frasca@virgilio.it
2015-03-13, 21:01:44	174 - lucafrosi@hotmail.it
2015-03-13, 21:01:45	175 - marchinoviolino@gmail.com
2015-03-13, 21:01:45	176 - david@alternativamente.eu
2015-03-13, 21:01:46	177 - lorenzoghere@gmail.com
2015-03-13, 21:01:46	178 - andreagheri83@hotmail.com
2015-03-13, 21:01:47	179 - valter@giacomel.it
2015-03-13, 21:01:48	180 - c.giannardi@arpet.toscana
2015-03-13, 21:01:48	181 - buddy666@hotmail.it
2015-03-13, 21:01:49	182 - clevermenagier@libero.it
2015-03-13, 21:01:50	183 - gioia.griffo@alice.it
2015-03-13, 21:01:50	184 - giulsita@gmail.com
2015-03-13, 21:01:51	185 - iovinericcardo@inwind.it
2015-03-13, 21:01:51	186 - lenzi.lenzi@hotmail.it
2015-03-13, 21:01:52	187 - patriziafaustini@gmail.com
2015-03-13, 21:01:52	188 - agata_teatro@yahoo.it
2015-03-13, 21:01:53	189 - meobargie@yahoo.it
2015-03-13, 21:01:54	190 - marimarta973@yahoo.it
2015-03-13, 21:01:54	191 - franco.piras@tin.it
2015-03-13, 21:01:55	192 - edomen@gmail.com
2015-03-13, 21:01:55	193 - anna.basagni@tele2.it
2015-03-13, 21:01:56	194 - crimiglio@yahoo.it
2015-03-13, 21:01:57	195 - elleemme2@tiscali.it
2015-03-13, 21:01:57	196 - badesaba@tiscali.it
2015-03-13, 21:01:58	197 - moroniserena@gmail.com
2015-03-13, 21:01:58	198 - juliettem@hotmail.it
2015-03-13, 21:01:59	199 - niccolo.mugelli@libero.it
2015-03-13, 21:02:00	200 - teresa.marciaionetto@telecomitalia.it
2015-03-13, 21:02:00	201 - marsiglia93@hotmail.it
2015-03-13, 21:02:02	202 - nicolucci@studiomichelangelo.it
2015-03-13, 21:02:02	203 - panand@tin.it
2015-03-13, 21:02:02	204 - paoletti.l@fastwebnet.it
2015-03-13, 21:02:03	205 - stefanopardini@gmail.com
2015-03-13, 21:02:03	206 - angie.magherini@gmail.com
2015-03-13, 21:02:04	207 - fulvio.passalacqua@teriaenergy.com
2015-03-13, 21:02:04	208 - aphillips1@gm.slc.edu
2015-03-13, 21:02:05	210 - mauro_quinto@virgilio.it
2015-03-13, 21:02:06	211 - ragazzoluca@yahoo.it
2015-03-13, 21:02:06	212 - annarapi@hotmail.it
2015-03-13, 21:02:07	213 - giulia.patrizia@libero.it
2015-03-13, 21:02:07	214 - dario.romagnoli87@gmail.com
2015-03-13, 21:02:08	215 - moniarossi1@virgilio.it
2015-03-13, 21:02:09	216 - p.rubellini@gmail.com
2015-03-13, 21:02:09	217 - wsofia@hotmail.it
2015-03-13, 21:02:10	218 - sacco_89@hotmail.it
2015-03-13, 21:02:10	219 - silvia.zuffanelli@tin.it
2015-03-13, 21:02:11	220 - miresarti@yahoo.it
2015-03-13, 21:02:12	221 - schelde@hotmail.it
2015-03-13, 21:02:12	222 - harven@hotmail.it
2015-03-13, 21:02:14	223 - emi.39@hotmail.com
2015-03-13, 21:02:14	224 - ldelpac@tin.it
2015-03-13, 21:02:14	225 - silvia162@hotmail.com
2015-03-13, 21:02:15	226 - zizhov86@hotmail.com
2015-03-13, 21:02:15	227 - ferdinando.olivieri@gmail.com
2015-03-13, 21:02:16	228 - annabondi@libero.it
2015-03-13, 21:02:16	229 - sanodimente@gmail.com
2015-03-13, 21:02:17	230 - flomungari@hotmailcom
2015-03-13, 21:02:18	232 - leo88pecchio@gmail.com
2015-03-13, 21:02:18	233 - peticacio_95@hotmail.it
2015-03-13, 21:02:19	234 - ariannacarboni@gmx.de
2015-03-13, 21:02:19	235 - andrea.delchiaro@gmail.com
2015-03-13, 21:02:20	236 - luxxx73@yahoo.it
2015-03-13, 21:02:21	237 - personaltrainer@interfree.it
2015-03-13, 21:02:21	238 - cmaddii@hotmail.com
2015-03-13, 21:02:22	239 - cacioz91@live.it
2015-03-13, 21:02:22	240 - giorgia.lanzoni@gmail.com
2015-03-13, 21:02:23	241 - marco.rastrelli@gmail.com
2015-03-13, 21:02:25	242 - dipu13theboss@live.it
2015-03-13, 21:02:25	243 - g.zadro@targetti.it
2015-03-13, 21:02:25	244 - ice.best@fastwebnet.it
2015-03-13, 21:02:25	245 - maurizio.fantini@iol.it
2015-03-13, 21:02:26	246 - petreni126@hotmail.it
2015-03-13, 21:02:27	247 - m.bonaiuti@tin.it
2015-03-13, 21:02:27	248 - ahaas@skidmore.edu
2015-03-13, 21:02:28	249 - leonardo.arcucci@libero.it
2015-03-13, 21:02:28	250 - bastianopoli@hotmail.com
2015-03-13, 21:02:29	251 - cramobladini@live.it
2015-03-13, 21:02:30	252 - v.bargelli@hotmail.com
2015-03-13, 21:02:30	253 - battaglinisara@gmail.com
2015-03-13, 21:02:31	254 - nataliabavar@hotmail.com
2015-03-13, 21:02:31	255 - n.nucci@fondiaria.sai.it
2015-03-13, 21:02:32	256 - claudiaborghesi@yahoo.it
2015-03-13, 21:02:33	257 - camilla.brilli@hotmail.com
2015-03-13, 21:02:33	258 - marcello.brugioni@gmail.com
2015-03-13, 21:02:34	259 - pamel_busonero@alice.it
2015-03-13, 21:02:34	260 - mauro.carnevale@yahoo.it
2015-03-13, 21:02:35	261 - CASALINI_MARIO@LIBERO.IT
2015-03-13, 21:02:36	263 - camillacenni@gmail.com
2015-03-13, 21:02:37	265 - leofi77@alice.it
2015-03-13, 21:02:37	266 - clifford.lisa@hotmail.com
2015-03-13, 21:02:37	267 - duccio.bhz@gmail.com
2015-03-13, 21:02:38	268 - barbaravinicio@alice.it
2015-03-13, 21:02:39	269 - iconauta@hotmail.com
2015-03-13, 21:02:39	270 - laura.coradeschi@coradeschi.it
2015-03-13, 21:02:40	271 - anastilosi@inwind.it
2015-03-13, 21:02:40	272 - isabella.pezzatini@gmail.com
2015-03-13, 21:02:41	273 - paolo.arnaldo@gmail.com
2015-03-13, 21:02:42	274 - gabriella.denisi@gmail.com
2015-03-13, 21:02:42	275 - adasmi@dasmi.it
2015-03-13, 21:02:43	276 - michi66fi@gmaiol.com
2015-03-13, 21:02:43	277 - pdettole@alice.it
2015-03-13, 21:02:44	278 - taliannusuli81@yahoo.it
2015-03-13, 21:02:45	279 - nicola.dellungo@gmail.com
2015-03-13, 21:02:45	280 - andreadonato@hotmail.it
2015-03-13, 21:02:46	281 - isafantechi@libero.it
2015-03-13, 21:02:46	282 - fedimak@yahoo.com.hk
2015-03-13, 21:02:48	283 - ferrantini.irene@gmail.com
2015-03-13, 21:02:48	284 - andreafioravanti@libero.it
2015-03-13, 21:02:48	285 - francesca_fiorini@hotmail.com
2015-03-13, 21:02:49	286 - massimofondelli@alice.it
2015-03-13, 21:02:49	287 - diego.furesi@gmail.com
2015-03-13, 21:02:50	288 - luciano.gavini@tin.it
2015-03-13, 21:02:51	289 - chiaraghera@hotmail.it
2015-03-13, 21:02:51	290 - elios.17@hotmail.it
2015-03-13, 21:02:52	291 - gabriele.migani@gmail.com
2015-03-13, 21:02:52	292 - ilaria.lemmi@email.it
2015-03-13, 21:02:53	293 - libero.m@virgilio.it
2015-03-13, 21:02:54	294 - rossanasegnini@libero.it
2015-03-13, 21:02:54	295 - madigner@hotmail.com
2015-03-13, 21:02:55	296 - info@andreamariotti.com
2015-03-13, 21:02:55	297 - pau.marimon@gmail.com
2015-03-13, 21:02:56	298 - elia_26@libero.it
2015-03-13, 21:02:57	299 - alessiom68@gmail.com
2015-03-13, 21:02:57	300 - contemplatingjazz@hotmail.it
2015-03-13, 21:02:58	301 - melli@mellibs.it
2015-03-13, 21:02:59	302 - troy1989@hotmail.iy
2015-03-13, 21:02:59	303 - frengo75@yahoo.it
2015-03-13, 21:03:00	304 - miaim2@gmail.com
2015-03-13, 21:03:00	305 - federico-micheli@hotmail.com
2015-03-13, 21:03:01	306 - ciroistruttore@libero.it
2015-03-13, 21:03:01	308 - barbaraberto.paganelli@gmail.it
2015-03-13, 21:03:02	309 - maddamonti@yahoo.it
2015-03-13, 21:03:03	310 - gv.paoletti@fls.unipi.it
2015-03-13, 21:03:03	311 - vita.lorenzo@alice.it
2015-03-13, 21:03:04	312 - terguparenti@gmail.com
2015-03-13, 21:03:04	314 - francescapiccioli@libero.it
2015-03-13, 21:03:05	315 - danielaromano79@hotmail.com
2015-03-13, 21:03:06	316 - aran.scala@teletv.it
2015-03-13, 21:03:06	317 - massimo.scardi@selex-comms.com
2015-03-13, 21:03:07	318 - cat.sy@hotmail.it
2015-03-13, 21:03:07	319 - elenat@libero.it
2015-03-13, 21:03:08	320 - leo.terilli@hotmail.com
2015-03-13, 21:03:10	321 - l.tommaso@hotmail.it
2015-03-13, 21:03:10	322 - ale84.max@virgilio.it
2015-03-13, 21:03:10	323 - fabio.truschi@gmail.com
2015-03-13, 21:03:10	324 - bismillah@hotmail.it
2015-03-13, 21:03:11	325 - vinvento@infinito.it
2015-03-13, 21:03:12	326 - info@rasoihairjazz
2015-03-13, 21:03:12	327 - giovavoz@libero.it
2015-03-13, 21:03:13	328 - sofiaweck@hotmail.it
2015-03-13, 21:03:13	329 - donda65@gmail.com
2015-03-13, 21:03:14	330 - zelonig@tiscali.it
2015-03-13, 21:03:15	331 - datastone@libero.it
2015-03-13, 21:03:15	332 - massimo.milazzotto@tin.it
2015-03-13, 21:03:16	333 - g_gracan@hotmail.com
2015-03-13, 21:03:16	334 - roberta62006@hotmail.it
2015-03-13, 21:03:17	335 - kurt_co@hotmail.it
2015-03-13, 21:03:18	336 - willypyron@msn.com
2015-03-13, 21:03:19	337 - gloria.soldatini@gmail.com
2015-03-13, 21:03:19	338 - diegoaureliano@hotmail.it
2015-03-13, 21:03:19	339 - manuelmatera@gmail.com
2015-03-13, 21:03:20	340 - leobecucci@virgilio.it
2015-03-13, 21:03:21	341 - pbini@menarini.it
2015-03-13, 21:03:21	343 - lapofabbri@virgilio.it
2015-03-13, 21:03:22	344 - paolopinarelli@virgilio.it
2015-03-13, 21:03:22	345 - ilbute@alice.it
2015-03-13, 21:03:23	346 - f.cangi@gmail.com
2015-03-13, 21:03:24	348 - y.romboli@libero.it
2015-03-13, 21:03:24	349 - awithrow@harding.edu
2015-03-13, 21:03:25	351 - elsauro@gmail.com
2015-03-13, 21:03:25	352 - baldigiovani1957@libero.it
2015-03-13, 21:03:26	353 - info@hotelperseo.it
2015-03-13, 21:03:27	354 - albichon@tiscali.it
2015-03-13, 21:03:27	355 - barbiggio@alice.it
2015-03-13, 21:03:28	356 - kuoka26@hotmail.com
2015-03-13, 21:03:28	357 - fedecapa@supereva.it
2015-03-13, 21:03:30	358 - lorenzo.caponnetto@virgilio.it
2015-03-13, 21:03:30	359 - ecarlucci@gmail.com
2015-03-13, 21:03:30	360 - cianchi.family@alice.it
2015-03-13, 21:03:31	361 - cibino@libero.it
2015-03-13, 21:03:31	362 - loredana.belloni@hotmail.it
2015-03-13, 21:03:32	363 - rabbittaro@hotmail.com
2015-03-13, 21:03:33	364 - siimsam@hotmail.com
2015-03-13, 21:03:33	365 - kyo_oli@hotmail.com
2015-03-13, 21:03:34	366 - info@over-sound.it
2015-03-13, 21:03:34	367 - nagash91@tiscali.it
2015-03-13, 21:03:36	368 - didi.steiner@libero.it
2015-03-13, 21:03:36	369 - matildedipuccieta@hotmail.it
2015-03-13, 21:03:36	370 - duinomassimo@libero.it
2015-03-13, 21:03:37	371 - famfed@libero.it
2015-03-13, 21:03:37	372 - dark.namras@gmail.com
2015-03-13, 21:03:38	373 - michela.piccardi@gmail.com
2015-03-13, 21:03:39	374 - lindagabriel@libero.it
2015-03-13, 21:03:39	376 - gemmeg@libero.it
2015-03-13, 21:03:40	377 - damonche@hotmail.com
2015-03-13, 21:03:40	378 - fredfurio@katamail.com
2015-03-13, 21:03:41	379 - martiguelfi@tiscali.it
2015-03-13, 21:03:42	380 - fidalegno@email.it
2015-03-13, 21:03:42	381 - iovinericaardo@inwind.it
2015-03-13, 21:03:44	382 - brettlalonde@yahoo.com
2015-03-13, 21:03:44	383 - landiandrea@interfree.it
2015-03-13, 21:03:44	386 - faminore@gmail.com
2015-03-13, 21:03:45	387 - c_maiani@libero.it
2015-03-13, 21:03:45	388 - silviaborroni@alice.it
2015-03-13, 21:03:46	389 - edomen@hotmail.com
2015-03-13, 21:03:46	390 - tiko.4augusto@tiscali.it
2015-03-13, 21:03:47	391 - morgan_3@hotmail.it
2015-03-13, 21:03:48	392 - brunomura@interfree.it
2015-03-13, 21:03:48	393 - iacopop@gmail.com
2015-03-13, 21:03:49	394 - olmo_recami@hotmail.it
2015-03-13, 21:03:49	395 - iacopo.risi@gmail.com
2015-03-13, 21:03:50	396 - nadph@hotmail.it
2015-03-13, 21:03:51	397 - nico.serejazz@alice.it
2015-03-13, 21:03:51	398 - operamail2001@yahoo.com
2015-03-13, 21:03:52	399 - giaxec@tin.it
2015-03-13, 21:03:52	400 - severino.francesca@inwind.it
2015-03-13, 21:03:53	401 - ilo.m@inwind.it
2015-03-13, 21:03:54	402 - donatella.ferri@tin.it
2015-03-13, 21:03:54	403 - alessandrotonarelli@tin.it
2015-03-13, 21:03:55	404 - oltrimboli@gmail.com
2015-03-13, 21:03:55	405 - evendramini@cheapnet.it
2015-03-13, 21:03:56	406 - avmusic@tin.it
2015-03-13, 21:03:57	407 - plvieri@libero.it
2015-03-13, 21:03:57	408 - zallo18@libero.it
2015-03-13, 21:03:58	409 - mattia.hagge@virgilio.it
2015-03-13, 21:03:58	410 - daniele.panella@nyu.edu
2015-03-13, 21:03:59	411 - alessandrapelli@gmail.com
2015-03-13, 21:04:00	412 - leonardopieraccioni@tin.it
2015-03-13, 21:04:00	413 - tellinessa71@gmail.com
2015-03-13, 21:04:01	414 - nazareno.caputo@live.it
2015-03-13, 21:04:01	417 - stefanobazzi@yahoo.it
2015-03-13, 21:04:02	418 - claudio.tommasoni@comune.fi.it
2015-03-13, 21:04:03	419 - assessore.giachi@comune.fi.it
2015-03-13, 21:04:03	420 - ilvivaiodelmalcantone@gmail.com
2015-03-13, 21:04:04	421 - marcolanza@iol.it
2015-03-13, 21:04:04	422 - stefano.cioni@fastwebnet.it
2015-03-13, 21:04:06	423 - fantozzigino@gmail.com
2015-03-13, 21:04:06	424 - marisa.cancilleri@gmail.com
2015-03-13, 21:04:06	425 - botticellialessandro@tiscali.it
2015-03-13, 21:04:07	426 - deluca.alex@hotmail.it
2015-03-13, 21:04:07	427 - carlocatalanodrum@yahoo.it
2015-03-13, 21:04:08	428 - amitarieli@libero.it
2015-03-13, 21:04:09	429 - simonepannoni@hotmail.it
2015-03-13, 21:04:09	430 - grazividili@gmail.com
2015-03-13, 21:04:10	431 - letiziadanti@libero.it
2015-03-13, 21:04:10	432 - chiara.fantini@tiscali.it
2015-03-13, 21:04:11	433 - jimmypeter@hotmail.com
2015-03-13, 21:04:12	434 - laura.galli@live.com
2015-03-13, 21:04:12	435 - fedeone@hotmail.it
2015-03-13, 21:04:13	436 - sarafabbrizzi@virgilio.it
2015-03-13, 21:04:13	437 - marco.casaglia@msmedia.it
2015-03-13, 21:04:14	438 - alessandra.cortese68@gmail.com
2015-03-13, 21:04:15	439 - scoppoli@gmail.com
2015-03-13, 21:04:16	440 - mateldacappelletti@gmail.com
2015-03-13, 21:04:16	441 - regiromella@libero.it
2015-03-13, 21:04:16	442 - maurizio.delmastro@gmail.com
2015-03-13, 21:04:17	443 - francescogabrielli@gmail.com
2015-03-13, 21:04:18	444 - massimilano.landi@gmail.com
2015-03-13, 21:04:18	445 - leomacaluso@libero.it
2015-03-13, 21:04:19	446 - biagiomix@gmail.com
2015-03-13, 21:04:19	447 - kundalini87@yahoo.it
2015-03-13, 21:04:20	448 - margotmiani@libero.it
2015-03-13, 21:04:21	449 - laura.pagliantini@libero.it
2015-03-13, 21:04:21	450 - a.vizzone@alice.it
2015-03-13, 21:04:22	451 - gottard@disia.unifi.it
2015-03-13, 21:04:22	452 - annamaria.barrocu@istruzione.it
2015-03-13, 21:04:23	453 - iovinericcardo6@gmail.com
2015-03-13, 21:04:24	454 - stefanocolucci@yahoo.it
2015-03-13, 21:04:24	455 - tiziana.milani@alice.it
2015-03-13, 21:04:25	456 - info@firenzeclassica.com
2015-03-13, 21:04:25	457 - gregory333@live.it
2015-03-13, 21:04:26	458 - gianniceccantini@tiscali.it
2015-03-13, 21:04:28	460 - trane61@libero.it
2015-03-13, 21:04:28	461 - pierpaolo.casale@alice.it
2015-03-13, 21:04:28	462 - oscardini@hotmail.it
2015-03-13, 21:04:28	463 - raffaelebellini@live.it
2015-03-13, 21:04:29	464 - andy_mec91@yahoo.it
2015-03-13, 21:04:30	465 - anna.cudin@gmail.com
2015-03-13, 21:04:30	466 - silviamoneti@yahoo.it
2015-03-13, 21:04:31	467 - an.arena@alice.it
2015-03-13, 21:04:31	468 - giorgio.giacomo@alice.it
2015-03-13, 21:04:32	469 - natalie.dandrea@gmail.com
2015-03-13, 21:04:33	470 - luna.eva@hotmail.it
2015-03-13, 21:04:33	472 - giovannimannocci@fastwebnet.it
2015-03-13, 21:04:34	473 - serzan82@hotmail.com
2015-03-13, 21:04:34	474 - gignorobase@diaconiavaldese.org
2015-03-13, 21:04:35	475 - kthari83@gmail.com
2015-03-13, 21:04:36	477 - mgusso@politecnica.it
2015-03-13, 21:04:37	478 - ricamati@yahoo.it
2015-03-13, 21:04:37	479 - alisab.blank@gmail.com
2015-03-13, 21:04:37	480 - moreno.balzani@alice.it
2015-03-13, 21:04:38	481 - zagazucc@hotmail.it
2015-03-13, 21:04:39	482 - francesco.casini@gioiello.it
2015-03-13, 21:04:39	483 - mg.coccioli@virgilio.it
2015-03-13, 21:04:40	484 - mc.max@alice.it
2015-03-13, 21:04:40	485 - alberto.crescioli@hotmail.it
2015-03-13, 21:04:41	488 - bandini93@gmail.com
2015-03-13, 21:04:42	489 - marilu.daselo@hotmail.it
2015-03-13, 21:04:42	490 - pamela_busonero@alice.it
2015-03-13, 21:04:43	491 - cupolone69@alice.it
2015-03-13, 21:04:43	492 - chiara.corti.92@alice.it
2015-03-13, 21:04:45	493 - genjiskampino@hotmail.it
2015-03-13, 21:04:45	495 - marzilie@yahoo.it
2015-03-13, 21:04:45	496 - andrea.moschettini@alice.it
2015-03-13, 21:04:46	497 - barbara.bertocci@virgilio.it
2015-03-13, 21:04:46	498 - aranscala@alice.it
2015-03-13, 21:04:47	499 - valeriafinardi@yahoo.it
2015-03-13, 21:04:48	500 - v.bargelli@hotmail.it
2015-03-13, 21:04:48	501 - maria.ricceri@gmail.com
2015-03-13, 21:04:49	502 - lucrezia.marzocchi@alice.it
2015-03-13, 21:04:49	503 - martamyosotis@gmail.com
2015-03-13, 21:04:50	504 - lenzilara@yahoo.it
2015-03-13, 21:04:51	505 - elena.mazzanti@gmx.com
2015-03-13, 21:04:51	506 - alexlatinshow@hotmail.it
2015-03-13, 21:04:52	507 - fs9775@gmail.com
2015-03-13, 21:04:52	508 - info@osteriadamelo.com
2015-03-13, 21:04:54	509 - lisehertz@gmail.com
2015-03-13, 21:04:54	510 - barbara.zamy@yahoo.it
2015-03-13, 21:04:54	511 - patriziamarino2004@libero.it
2015-03-13, 21:04:55	512 - branchi.antonio@gmail.com
2015-03-13, 21:04:55	514 - fenderjazz83@yahoo.it
2015-03-13, 21:04:56	515 - lucagfrosi@gmail.com
2015-03-13, 21:04:57	516 - mela.tetti@gmail.com
2015-03-13, 21:04:57	517 - vicedirettore@conservatorio.firenze.it
2015-03-13, 21:04:58	519 - tittanesti@gmail.com
2015-03-13, 21:04:58	520 - rsvp@torrigiani.com
2015-03-13, 21:04:59	521 - fbusson@tin.it
2015-03-13, 21:05:00	522 - newsletter@lajetee.it
2015-03-13, 21:05:00	523 - info@capuanomusica.it
2015-03-13, 21:05:01	524 - alessandro.busa@metropolitanstudies.de
2015-03-13, 21:05:01	526 - notcarap@studioalbertocarapelle.191.it
2015-03-13, 21:05:02	527 - NOTARI5f@studioalbertocarapelle.191.it
2015-03-13, 21:05:03	528 - albertodebiase@virgilio.it
2015-03-13, 21:05:04	529 - info@albertopresutti.it
2015-03-13, 21:05:04	530 - alessandrobellucci@tin.it
2015-03-13, 21:05:04	531 - aledrum@virgilio.it
2015-03-13, 21:05:05	533 - cadenza@alice.it
2015-03-13, 21:05:06	534 - info@alessandrogalati.com
2015-03-13, 21:05:06	535 - alessandro.libertini@hotmail.it
2015-03-13, 21:05:07	536 - info@alessandromoretti.it
2015-03-13, 21:05:07	537 - quzilla@alice.it
2015-03-13, 21:05:08	538 - alessandromoretti@inwind.it
2015-03-13, 21:05:09	539 - alessia.bonini70@hotmail.it
2015-03-13, 21:05:09	540 - latitti@teletu.it
2015-03-13, 21:05:10	541 - alfredojacopozzi@tin.it
2015-03-13, 21:05:10	542 - alomabardi@icamus.org
2015-03-13, 21:05:11	543 - alomabardi@gmail.com
2015-03-13, 21:05:12	544 - amitarieli@hotmail.com
2015-03-13, 21:05:12	545 - a.bartolino@alice.it
2015-03-13, 21:05:13	547 - andreafranchini5@gmail.com
2015-03-13, 21:05:14	548 - andreaparenti@tim.eu.blackberry.com
2015-03-13, 21:05:14	549 - stigler@informacittafirenze.it
2015-03-13, 21:05:15	550 - andrea@zurli.it
2015-03-13, 21:05:15	551 - annakra@libero.it
2015-03-13, 21:05:16	552 - annabondi2@libero.it
2015-03-13, 21:05:16	553 - anna.giatti@fstfirenze.it
2015-03-13, 21:05:17	554 - annamannini@gmail.com
2015-03-13, 21:05:18	555 - amgabbrielli@virgilio.it
2015-03-13, 21:05:18	556 - ape.goretti@alice.it
2015-03-13, 21:05:19	557 - avvannasantini@yahoo.it
2015-03-13, 21:05:19	558 - annamaria.agostino@unifi.it
2015-03-13, 21:05:20	559 - annegrethoehler@gmx.de
2015-03-13, 21:05:21	560 - lellaarena@gmail.com
2015-03-13, 21:05:21	561 - arena@pittimmagine.com
2015-03-13, 21:05:22	562 - antonella.caponnetto@comune.fi.it
2015-03-13, 21:05:22	563 - antonellafazio@fastwebnet.it
2015-03-13, 21:05:23	565 - antoniocannata@gmail.com
2015-03-13, 21:05:25	566 - antoort@tin.it
2015-03-13, 21:05:25	567 - a.baracchi@tin.it
2015-03-13, 21:05:25	568 - sociale@arcifirenze.it
2015-03-13, 21:05:25	569 - vaballe@gmail.com
2015-03-13, 21:05:26	570 - moreno.balzani@telecomitalia.it
2015-03-13, 21:05:27	571 - bcasini@hotmail.com
2015-03-13, 21:05:27	572 - iadbar@alice.it
2015-03-13, 21:05:28	573 - paolobartolini@tin.it
2015-03-13, 21:05:28	574 - stefanobenifei@libero.it
2015-03-13, 21:05:29	575 - benvenuti@arcifirenze.it
2015-03-13, 21:05:30	576 - beppedati@email.it
2015-03-13, 21:05:30	577 - tirinnanzi@iol.it
2015-03-13, 21:05:31	578 - bernardoguerra@live.it
2015-03-13, 21:05:31	581 - brahima@libero.it
2015-03-13, 21:05:32	582 - sbrondi@alice.it
2015-03-13, 21:05:33	583 - lafattoriadibruni@virgilio.it
2015-03-13, 21:05:33	585 - prometeus1980@hotmail.it
2015-03-13, 21:05:35	587 - casasua14@gmail.com
2015-03-13, 21:05:35	588 - casparis@pittimmagine.com
2015-03-13, 21:05:35	589 - chiarat@cheapnet.it
2015-03-13, 21:05:36	590 - c.brilli@controradio.it
2015-03-13, 21:05:36	591 - chiara.trinciavelli@gmail.com
2015-03-13, 21:05:37	592 - cinotri@tin.it
2015-03-13, 21:05:37	593 - societaperleidee@gmail.com
2015-03-13, 21:05:38	594 - info@claudiogiovagnoli.it
2015-03-13, 21:05:39	595 - claudio@bext.com
2015-03-13, 21:05:39	596 - claudiotilesi@gmail.com
2015-03-13, 21:05:40	597 - clorella.leni@tin.it
2015-03-13, 21:05:40	598 - consorzio.arci@libero.it
2015-03-13, 21:05:41	599 - cultura@ilcorriereonline.it
2015-03-13, 21:05:42	600 - cosimomarchese@hotmail.com
2015-03-13, 21:05:42	601 - costanzanocentini@hotmail.com
2015-03-13, 21:05:43	602 - cristian.sardelli@gmail.com
2015-03-13, 21:05:44	603 - cristianabudillon@libero.it
2015-03-13, 21:05:44	604 - crisfil08@yahoo.it
2015-03-13, 21:05:45	605 - cristinaitaliani@tiscali.it
2015-03-13, 21:05:45	606 - cris.italiani@gmail.com
2015-03-13, 21:05:46	607 - rdaidone@libero.it
2015-03-13, 21:05:46	608 - d.pelati@fastwebnet.it
2015-03-13, 21:05:47	609 - daniela.dedonno@janegoodall-italia.org
2015-03-13, 21:05:48	610 - dduse@hotmail.com
2015-03-13, 21:05:48	612 - danielalip@hotmail.com
2015-03-13, 21:05:49	613 - matta.daniela@yahoo.it
2015-03-13, 21:05:49	615 - d.tartaglia@socialdesign.eu
2015-03-13, 21:05:50	616 - dunia@dada.it
2015-03-13, 21:05:51	617 - conti@cnatoscana.it
2015-03-13, 21:05:51	618 - pelati.gosport@virgilio.it
2015-03-13, 21:05:52	619 - d.sordi@tin.it
2015-03-13, 21:05:52	620 - danilo_morini@libero.it
2015-03-13, 21:05:53	621 - cecchini3000@gmail.com
2015-03-13, 21:05:54	622 - vicesindaco@comune.fi.it
2015-03-13, 21:05:54	623 - demudav@tiscali.it
2015-03-13, 21:05:56	624 - davis.franceschini@dada.it
2015-03-13, 21:05:56	625 - roberto.dephilippis@unifi.it
2015-03-13, 21:05:56	626 - 3gnometti@gmail.com
2015-03-13, 21:05:57	627 - S.Degl'Innocenti@quadrifoglio.org
2015-03-13, 21:05:57	628 - dego.carra2@gmail.com
2015-03-13, 21:05:58	629 - l.dicoverciano@libero.it
2015-03-13, 21:05:58	630 - direzione.iicpraga@esteri.it
2015-03-13, 21:05:59	631 - direzione@teatrodellapergola.com
2015-03-13, 21:06:00	632 - drinamoretti@gmail.com
2015-03-13, 21:06:00	633 - dcbertini@usa.net
2015-03-13, 21:06:01	634 - ducezio@iol.it
2015-03-13, 21:06:01	635 - strianoc@posteitaliane.it
2015-03-13, 21:06:02	636 - elena.migliorati@gmail.com
2015-03-13, 21:06:03	637 - rebeldemaisha@gmail.com
2015-03-13, 21:06:03	638 - elisagagliardi@tuscaninstitute.it
2015-03-13, 21:06:04	639 - elisabettamanuelli@garzondi.com
2015-03-13, 21:06:04	640 - elisabettasiani@msservizi.it
2015-03-13, 21:06:06	641 - emanuele.torquati@gmail.com
2015-03-13, 21:06:06	642 - emanuele.parrini1@virgilio.it
2015-03-13, 21:06:06	643 - culturaesteri@mail.regione.toscana.it
2015-03-13, 21:06:07	644 - enrico@lucianobenini.it
2015-03-13, 21:06:07	645 - flogfi@virgilio.it
2015-03-13, 21:06:08	646 - enzo.boddi@libero.it
2015-03-13, 21:06:09	647 - enzomileo@tin.it
2015-03-13, 21:06:09	648 - ermannocirri@hotmail.com
2015-03-13, 21:06:10	649 - ettorebonafe@libero.it
2015-03-13, 21:06:10	650 - evaige@riseup.net
2015-03-13, 21:06:11	651 - eventi.iicankara@esteri.it
2015-03-13, 21:06:12	652 - musica@fabbricaeuropa.net
2015-03-13, 21:06:12	653 - laurenzi.fabiana@gmail.com
2015-03-13, 21:06:14	654 - lupifabio63@gmail.com
2015-03-13, 21:06:14	655 - info@fabiomorgera.com
2015-03-13, 21:06:14	656 - fabriziomorga@libero.it
2015-03-13, 21:06:15	657 - facchiniluca@hotmail.com
2015-03-13, 21:06:15	658 - farhad_orouji@yahoo.com
2015-03-13, 21:06:16	659 - federica.marti@virgilio.it
2015-03-13, 21:06:16	660 - info@federicobertelli.com
2015-03-13, 21:06:17	661 - stramortimer@tiscali.it
2015-03-13, 21:06:18	662 - bagatelle_contemporary@yahoo.it
2015-03-13, 21:06:18	663 - filippopedol@alice.it
2015-03-13, 21:06:19	664 - redazione@firenzespettacolo.it
2015-03-13, 21:06:19	665 - auditorium1@virgilio.it
2015-03-13, 21:06:20	666 - fosco.damelio@gmail.com
2015-03-13, 21:06:21	667 - frabernardini@libero.it
2015-03-13, 21:06:21	668 - francesca@francescabreschi.it
2015-03-13, 21:06:22	669 - fra.campigli@gmail.com
2015-03-13, 21:06:22	670 - chiavacci@arci.it
2015-03-13, 21:06:23	671 - francentri@inwind.it
2015-03-13, 21:06:24	672 - simone.franceschi@infogroup.it
2015-03-13, 21:06:25	673 - francescobassi@tin.it
2015-03-13, 21:06:25	674 - birardifrancesco@gmail.com
2015-03-13, 21:06:25	675 - francescodonnini@hotmail.com
2015-03-13, 21:06:26	676 - uffstampa@amicimusica.fi.it
2015-03-13, 21:06:27	678 - fmaccia@tiscali.it
2015-03-13, 21:06:27	679 - magnuz@stazionilunari.com
2015-03-13, 21:06:28	680 - michi@arteco.org
2015-03-13, 21:06:28	681 - francoshiatsu@tele2.it
2015-03-13, 21:06:29	682 - franco.busignani@alice.it
2015-03-13, 21:06:30	683 - franave55@gmail.com
2015-03-13, 21:06:30	684 - jbpinza@tin.it
2015-03-13, 21:06:31	685 - frannagiu@hotmail.com
2015-03-13, 21:06:31	687 - f.paloscia@repubblica.it
2015-03-13, 21:06:32	688 - gabriele.bartolucci@gmail.com
2015-03-13, 21:06:33	689 - g.bonomo@sugarmusic.com
2015-03-13, 21:06:34	690 - buondonno@chianticlassico.com
2015-03-13, 21:06:34	691 - g.torcia@dfc.unifi.it
2015-03-13, 21:06:34	692 - gige@dada.it
2015-03-13, 21:06:35	693 - gerardo.caso@asftoscana.it
2015-03-13, 21:06:36	695 - gdebastiani@gmail.com
2015-03-13, 21:06:36	696 - cda@comune.pontassieve.fi.it
2015-03-13, 21:06:37	697 - giada23@tin.it
2015-03-13, 21:06:37	698 - info@mauriziogiammarco.com
2015-03-13, 21:06:38	699 - gianluigi_destefanis@yahoo.it
2015-03-13, 21:06:39	700 - g.cardini@hotmail.it
2015-03-13, 21:06:39	701 - fantafesta2@yahoo.it
2015-03-13, 21:06:40	702 - gc802001@yahoo.it
2015-03-13, 21:06:40	703 - gianfranconarracci@hotmail.com
2015-03-13, 21:06:41	704 - gdibernardo@agenti.manzoni.it
2015-03-13, 21:06:42	705 - giannatarchi@gmail.com
2015-03-13, 21:06:42	706 - gianni.grisolia@alice.it
2015-03-13, 21:06:43	707 - giannipini@eventimusicpool.it
2015-03-13, 21:06:43	709 - gignoromotorio@diaconiavaldese.org
2015-03-13, 21:06:44	710 - Gilberto.Cecchini@unipolbanca.it
2015-03-13, 21:06:45	711 - giorgia.giovannetti@unifi.it
2015-03-13, 21:06:46	712 - giorgio.bassi@promotorifinecobank.it
2015-03-13, 21:06:46	713 - giorgio.prandi59@gmail.com
2015-03-13, 21:06:46	715 - giovacchini@pittimmagine.com
2015-03-13, 21:06:47	716 - jobertolino@tiscali.it
2015-03-13, 21:06:48	717 - gbmusic@bigazzimusic.com
2015-03-13, 21:06:48	718 - giovavoz@tin.it
2015-03-13, 21:06:49	719 - gisella.pasquini@hotmail.it
2015-03-13, 21:06:49	720 - gisella.pasquini@carige.it
2015-03-13, 21:06:50	721 - info@nuovieventimusicali.it
2015-03-13, 21:06:51	722 - wigna@dada.it
2015-03-13, 21:06:51	723 - gloria.salviati@alice.it
2015-03-13, 21:06:52	724 - glorialucchesiasso@gmail.com
2015-03-13, 21:06:52	725 - graziabonini@alice.it
2015-03-13, 21:06:53	726 - g.dei@katamail.com
2015-03-13, 21:06:54	727 - g.menicatti@alice.it
2015-03-13, 21:06:54	728 - gregoriomoppi@katamail.com
2015-03-13, 21:06:55	729 - gregorionardi@interfree.it
2015-03-13, 21:06:56	731 - hamadachadli@hotmail.it
2015-03-13, 21:06:56	732 - iacopo23@gmail.com
2015-03-13, 21:06:57	733 - lorella.romagnoli@ilgiornaledellatoscana.it
2015-03-13, 21:06:57	735 - immobiliareburgassi@gmail.com
2015-03-13, 21:06:58	736 - info@musipolitana.it
2015-03-13, 21:06:58	737 - info@area-clienti.com
2015-03-13, 21:06:59	738 - info@florencenewspaper.it
2015-03-13, 21:07:00	739 - info@musicfactorylive.it
2015-03-13, 21:07:00	740 - info@villapalagio.it
2015-03-13, 21:07:01	741 - infogiov@comune.fi.it
2015-03-13, 21:07:01	742 - informagiovani.fi@gmail.com
2015-03-13, 21:07:02	743 - informale@libero.it
2015-03-13, 21:07:03	744 - i.coccia@comune.fi.it
2015-03-13, 21:07:03	745 - direzione@istitutofrancese.it
2015-03-13, 21:07:04	747 - info@jacopomartini.com
2015-03-13, 21:07:04	748 - munz.jr@gmail.com
2015-03-13, 21:07:05	749 - info@biellajazzclub.com
2015-03-13, 21:07:07	750 - jazzclub@mobilia.it
2015-03-13, 21:07:07	751 - combojazzclub@libero.it
2015-03-13, 21:07:07	752 - modenajazzclub@iol.it
2015-03-13, 21:07:07	753 - info@jazzclub.torino.it
2015-03-13, 21:07:08	754 - info@jazzchalet.com
2015-03-13, 21:07:09	755 - info@panicjazzclub.com
2015-03-13, 21:07:09	756 - redazione@jazzcolours.it
2015-03-13, 21:07:10	757 - joy.devito@gmail.com
2015-03-13, 21:07:10	758 - l.cappelli@gialexong.com
2015-03-13, 21:07:11	759 - labottegadellacquaforte@tin.it
2015-03-13, 21:07:12	760 - cronacafi@lanazione.net
2015-03-13, 21:07:12	761 - firenze@repubblica.it
2015-03-13, 21:07:13	762 - lara.brocca@janegoodall-italia.org
2015-03-13, 21:07:13	763 - lastraioli@interfree.it
2015-03-13, 21:07:14	764 - laura.mauric@gmail.com
2015-03-13, 21:07:15	765 - laura.righi08@gmail.com
2015-03-13, 21:07:15	766 - venturi@los-tudio.com
2015-03-13, 21:07:16	767 - raffaellopareti@alice.it
2015-03-13, 21:07:17	768 - leonardo.bonini@tin.it
2015-03-13, 21:07:17	769 - l.piccioli@tin.it
2015-03-13, 21:07:18	770 - leonardo.pieri@yahoo.it
2015-03-13, 21:07:18	771 - leonardovolo@hotmail.com
2015-03-13, 21:07:19	772 - letizia.cini@lanazione.it
2015-03-13, 21:07:19	773 - info@lacitelibreria.it
2015-03-13, 21:07:20	774 - l.grueff@libero.it
2015-03-13, 21:07:21	775 - lisagi@tiscali.it
2015-03-13, 21:07:21	776 - giardinellil@gmail.com
2015-03-13, 21:07:22	777 - aranguren58@gmail.com
2015-03-13, 21:07:22	778 - jbobin@tin.it
2015-03-13, 21:07:23	779 - accolturato@gmail.com
2015-03-13, 21:07:24	780 - mc.lagreca@virgilio.it
2015-03-13, 21:07:24	781 - sinapsidibiru@libero.it
2015-03-13, 21:07:25	782 - papessa.veg@gmail.com
2015-03-13, 21:07:25	783 - 3476622872@email.it
2015-03-13, 21:07:26	784 - jodown@tin.it
2015-03-13, 21:07:27	785 - qyrano@gmail.com
2015-03-13, 21:07:28	786 - cussottocri@yahoo.it
2015-03-13, 21:07:28	787 - l.giacomi@forresthillrecords.com
2015-03-13, 21:07:28	788 - lopallini@libero.it
2015-03-13, 21:07:29	790 - lorenza.centola@gmail.com
2015-03-13, 21:07:30	791 - lorenzoballini@tiscali.it
2015-03-13, 21:07:30	792 - lorenzo.forti@alice.it
2015-03-13, 21:07:31	793 - loreghera@gmail.com
2015-03-13, 21:07:31	794 - loresol@tiscali.it
2015-03-13, 21:07:32	795 - luca.debiase@alice.it
2015-03-13, 21:07:33	796 - luca@magrini.net
2015-03-13, 21:07:33	797 - lucaberni@dada.it
2015-03-13, 21:07:34	798 - lucadivolo@tiscali.it
2015-03-13, 21:07:34	799 - luca.fantini83@gmail.com
2015-03-13, 21:07:35	800 - lucajelly71@gmail.com
2015-03-13, 21:07:36	801 - magro@dada.it
2015-03-13, 21:07:36	802 - lucamarianini@gmail.com
2015-03-13, 21:07:37	803 - lucapagnini@tiscali.it
2015-03-13, 21:07:37	804 - zanzanluca@gmail.com
2015-03-13, 21:07:38	805 - luca_cai@virgilio.it
2015-03-13, 21:07:40	806 - lucia.calzolari.rudl@mac.com
2015-03-13, 21:07:40	807 - lucia.calzolari.rudl@me.com
2015-03-13, 21:07:40	808 - lpelatti@firenze.cna.it
2015-03-13, 21:07:40	810 - lucrezia@lu-nation.com
2015-03-13, 21:07:41	811 - pilarmadd@gmail.com
2015-03-13, 21:07:42	812 - info@maieutike.net
2015-03-13, 21:07:42	813 - management@musipolitana.it
2015-03-13, 21:07:43	814 - Piero.Mannini@fao.org
2015-03-13, 21:07:43	815 - marco.r2002@libero.it
2015-03-13, 21:07:44	816 - marco@magrini.net
2015-03-13, 21:07:45	817 - mbaroncini@yahoo.it
2015-03-13, 21:07:45	818 - m.barsanti1@virgilio.it
2015-03-13, 21:07:46	819 - marco.bini2004@gmail.com
2015-03-13, 21:07:46	820 - marcocattarossi@virgilio.it
2015-03-13, 21:07:47	821 - fancelli2@interfree.it
2015-03-13, 21:07:48	822 - marco.gelli@libero.it
2015-03-13, 21:07:49	823 - marcowar53@gmail.com
2015-03-13, 21:07:49	824 - mlamioni@silence.it
2015-03-13, 21:07:49	825 - lamionimarco@gmail.com
2015-03-13, 21:07:50	826 - m.morandi@katamail.com
2015-03-13, 21:07:51	827 - ben@bianchienardi.it
2015-03-13, 21:07:51	828 - polo@immobilifirenze.com
2015-03-13, 21:07:52	829 - marcosiani@msservizi.it
2015-03-13, 21:07:52	830 - info@marcotriarico.com
2015-03-13, 21:07:53	831 - mail@tarantella-scalza.de
2015-03-13, 21:07:54	832 - margherita.damelio@googlemail.com
2015-03-13, 21:07:54	833 - mloscerbo@libero.it
2015-03-13, 21:07:55	834 - mariapalme@gmail.com
2015-03-13, 21:07:55	835 - mptoscano@tiscali.it
2015-03-13, 21:07:56	836 - marina.bistolfi@gmail.com
2015-03-13, 21:07:57	837 - formazione@fabbricaeuropa.net
2015-03-13, 21:07:57	838 - marina.ciappi@poste.it
2015-03-13, 21:07:58	840 - m.bufano@controradio.it
2015-03-13, 21:07:58	841 - evangelista.mar@gmail.com
2015-03-13, 21:07:59	842 - marta.dipuccio@yahoo.it
2015-03-13, 21:08:00	843 - marti.bombetta@hotmail.it
2015-03-13, 21:08:01	844 - mary.arcuri@gmail.com
2015-03-13, 21:08:01	845 - marzia.frediani@arci.it
2015-03-13, 21:08:01	846 - m.calderai@libero.it
2015-03-13, 21:08:02	847 - gramigni@assomusica.org
2015-03-13, 21:08:03	848 - innocenti.cer@virgilio.it
2015-03-13, 21:08:03	849 - maxrastrelli@alice.it
2015-03-13, 21:08:04	850 - massimosantini53@alice.it
2015-03-13, 21:08:04	851 - m.ercolanelli@tin.it
2015-03-13, 21:08:05	853 - matteo@florenceandabroad.com
2015-03-13, 21:08:06	854 - matthiasschubert@online.de
2015-03-13, 21:08:06	855 - matthew_carrera@hotmail.it
2015-03-13, 21:08:07	856 - maurizio@creativebrains.it
2015-03-13, 21:08:07	857 - mauro.grossi@tin.it
2015-03-13, 21:08:08	858 - ginnasticailpoggetto@alice.it
2015-03-13, 21:08:09	861 - michbar@tele2.it
2015-03-13, 21:08:09	862 - michee@hotmail.it
2015-03-13, 21:08:10	863 - cs@indie-eye.it
2015-03-13, 21:08:11	864 - m.ignelzi@tin.it
2015-03-13, 21:08:11	865 - michelemanzotti@lanazione.it
2015-03-13, 21:08:12	866 - michelepapadia@hotmail.com
2015-03-13, 21:08:12	867 - mikestain@hotmail.com
2015-03-13, 21:08:13	868 - miketurk@tinsandwichmusic.com
2015-03-13, 21:08:13	869 - milneaz@hotmail.com
2015-03-13, 21:08:14	870 - cirkoguerrini@gmail.com
2015-03-13, 21:08:15	871 - info@spbstudio.it
2015-03-13, 21:08:15	873 - morenoniccolai@virgilio.it
2015-03-13, 21:08:16	874 - stefano@morinisport.it
2015-03-13, 21:08:16	875 - musicus@dada.it
2015-03-13, 21:08:17	876 - fanutti@dada.it
2015-03-13, 21:08:18	877 - neri.torrigiani@torrigiani.com
2015-03-13, 21:08:18	878 - mabenvenuti@gmail.com
2015-03-13, 21:08:19	879 - nicconerb@gmail.com
2015-03-13, 21:08:19	880 - nicola@eipe.it
2015-03-13, 21:08:20	881 - nicola.cellai@gmail.com
2015-03-13, 21:08:21	882 - nicola.maccianti@libero.it
2015-03-13, 21:08:21	883 - nikizazzeri@yahoo.it
2015-03-13, 21:08:23	884 - nicolettamanzini@libero.it
2015-03-13, 21:08:23	885 - ninogioia@gmail.com
2015-03-13, 21:08:23	886 - amministrazionenovaradio@arcifirenze.it
2015-03-13, 21:08:24	889 - pantanigianluca@gmail.com
2015-03-13, 21:08:24	890 - paola-amadio@tiscali.it
2015-03-13, 21:08:25	891 - paoladili@virgilio.it
2015-03-13, 21:08:25	892 - papinipaola@supereva.it
2015-03-13, 21:08:26	893 - pabillo@libero.it
2015-03-13, 21:08:27	894 - carradori@inwind.it
2015-03-13, 21:08:27	895 - giampaolo.casu@libero.it
2015-03-13, 21:08:28	896 - db@paolo.dellabella.name
2015-03-13, 21:08:28	898 - paologuidotti@hotmail.it
2015-03-13, 21:08:29	899 - info@paolomari.net
2015-03-13, 21:08:30	900 - p.russo@repubblica.it
2015-03-13, 21:08:30	901 - pasquale.rimolo@poste.it
2015-03-13, 21:08:32	903 - bradpeter@virgilio.it
2015-03-13, 21:08:32	904 - info@piccoliprincipiteatro.it
2015-03-13, 21:08:32	905 - pierluigivannucchi@gmail.com
2015-03-13, 21:08:33	906 - pieroborri@gmail.com
2015-03-13, 21:08:33	907 - pierobronzi@gmail.com
2015-03-13, 21:08:34	908 - sorrepino@libero.it
2015-03-13, 21:08:34	909 - pippissimo88@hotmail.it
2015-03-13, 21:08:35	910 - pirilla@alice.it
2015-03-13, 21:08:36	911 - pmaccia@inwind.it
2015-03-13, 21:08:36	912 - raffabelli@yahoo.it
2015-03-13, 21:08:37	913 - al.severi@rai.it
2015-03-13, 21:08:37	914 - renatocordovani@alice.it
2015-03-13, 21:08:38	915 - renzo_roselli@libero.it
2015-03-13, 21:08:39	916 - info@toscanaclassica.net
2015-03-13, 21:08:39	917 - r.innocenti@lofficinapsicoacustica.it
2015-03-13, 21:08:40	918 - info@promowine.it
2015-03-13, 21:08:40	919 - riccardo.ciolino@email.com
2015-03-13, 21:08:42	920 - riccardodellocchio@virgilio.it
2015-03-13, 21:08:42	921 - riccardo_galimberti@live.it
2015-03-13, 21:08:42	922 - rc@nestiblack.it
2015-03-13, 21:08:43	923 - onorius@virgilio.it
2015-03-13, 21:08:43	924 - riccardosaveri@virgilio.it
2015-03-13, 21:08:44	925 - rferrazza2000@yahoo.it
2015-03-13, 21:08:45	926 - roberta.ferrazza@esteri.it
2015-03-13, 21:08:45	927 - arovida@tiscalinet.it
2015-03-13, 21:08:46	928 - roberta.serni@istruzione.it
2015-03-13, 21:08:46	929 - libusati@iol.it
2015-03-13, 21:08:47	930 - rob.scheggia@libero.it
2015-03-13, 21:08:48	931 - roberto_benvenuti2003@yahoo.it
2015-03-13, 21:08:48	932 - roboconti@libero.it
2015-03-13, 21:08:49	933 - info@rmprogetti.it
2015-03-13, 21:08:49	934 - manrob1999@yahoo.it
2015-03-13, 21:08:50	935 - bobnistri@gmail.com
2015-03-13, 21:08:51	936 - rodolfosarli@yahoo.it
2015-03-13, 21:08:51	937 - romana.bellato@gmail.com
2015-03-13, 21:08:52	939 - rosippo@tiscali.it
2015-03-13, 21:08:52	941 - rubencha@virgilio.it
2015-03-13, 21:08:54	942 - saxofono@alice.it
2015-03-13, 21:08:54	943 - jazz@morinisport.it
2015-03-13, 21:08:54	944 - scuola.verdi@comune.prato.it
2015-03-13, 21:08:55	945 - dicomano@scuolacomunaledimusica.it
2015-03-13, 21:08:55	946 - smcpontassieve@tiscali.it
2015-03-13, 21:08:56	947 - info@scuoladimusicasesto.it
2015-03-13, 21:08:57	948 - musica@comune.poggibonsi.si.it
2015-03-13, 21:08:57	949 - sdipuccio@hotmail.it
2015-03-13, 21:08:58	950 - segreteria.arcifirenze@gmail.com
2015-03-13, 21:08:58	951 - segreteria@firenzespettacolo.it
2015-03-13, 21:08:59	952 - lsantoni@firenze.cna.it
2015-03-13, 21:09:00	953 - sentieriacustici@gmail.com
2015-03-13, 21:09:00	954 - sermot@alice.it
2015-03-13, 21:09:01	955 - shahrzad_orouji@yahoo.com
2015-03-13, 21:09:01	956 - Cristina.Siani@infrontsports.com
2015-03-13, 21:09:03	957 - silvanopanichi@gmail.com
2015-03-13, 21:09:03	958 - santini.silvia391@tiscali.it
2015-03-13, 21:09:03	959 - simonapiccioli@tiscali.it
2015-03-13, 21:09:04	960 - fallaci@dada.it
2015-03-13, 21:09:04	961 - simonegraziano79@yahoo.it
2015-03-13, 21:09:05	963 - smnsnt68@gmail.com
2015-03-13, 21:09:06	964 - soniacomoni@virgilio.it
2015-03-13, 21:09:06	965 - stefania.doni@gmail.com
2015-03-13, 21:09:07	966 - ste.dell@hotmail.com
2015-03-13, 21:09:07	967 - tatami33@virgilio.it
2015-03-13, 21:09:08	968 - s.bartoli@fastwebnet.it
2015-03-13, 21:09:09	969 - stefdemarco@hotmail.it
2015-03-13, 21:09:09	970 - direzione@scandiccicultura.org
2015-03-13, 21:09:10	971 - contart@dinonet.it
2015-03-13, 21:09:10	972 - stefanomagnolfi@hotmail.com
2015-03-13, 21:09:11	973 - stefano.mangani@unisi.it
2015-03-13, 21:09:12	974 - negri.s@tele2.it
2015-03-13, 21:09:12	975 - stefanoonorati@gmail.com
2015-03-13, 21:09:13	976 - stefanorapicavoli@gmail.com
2015-03-13, 21:09:14	977 - formazione@stefanorusso.it
2015-03-13, 21:09:14	978 - lupomaremmano@katamail.com
2015-03-13, 21:09:15	980 - szenni@tin.it
2015-03-13, 21:09:15	981 - studiorap@libero.it
2015-03-13, 21:09:16	982 - susannastigler@gmail.com
2015-03-13, 21:09:16	983 - susannastigler@informacitta.net
2015-03-13, 21:09:17	984 - susanna.crociani@libero.it
2015-03-13, 21:09:18	985 - info@susybellucci.com
2015-03-13, 21:09:18	986 - t.coppi@mail.regione.toscana.it
2015-03-13, 21:09:19	987 - tamara.coppiceccantini@regione.toscana.it
2015-03-13, 21:09:19	988 - promo@teatrodellalimonaia.it
2015-03-13, 21:09:20	989 - comunicazione@teatrodellapergola.com
2015-03-13, 21:09:21	990 - info@metastasio.it
2015-03-13, 21:09:21	991 - infoteatro@scandiccicultura.it
2015-03-13, 21:09:22	992 - tolminomarianini@yahoo.it
2015-03-13, 21:09:22	993 - info@toscanamusiche.it
2015-03-13, 21:09:23	994 - trinciavelli@effe2srl.it
2015-03-13, 21:09:25	995 - culturaq2@comune.fi.it
2015-03-13, 21:09:25	997 - valentino.s@alice.it
2015-03-13, 21:09:25	998 - vmorelliit@yahoo.it
2015-03-13, 21:09:25	999 - striano@arci.it
2015-03-13, 21:09:26	1000 - vorsetti@hotmail.com
2015-03-13, 21:09:27	1001 - wilmasperanzini@gmail.com
2015-03-13, 21:09:27	1002 - info@spazioalfieri.it
2015-03-13, 21:09:28	1006 - giuliostracciati@hotmail.it
2015-03-13, 21:09:28	1008 - sergio-rizzo@hotmail.it
2015-03-13, 21:09:29	1009 - casa@globeit.it
2015-03-13, 21:09:30	1012 - sanjeev@tin.it
2015-03-13, 21:09:30	1013 - lorellagrecu@gmail.com
2015-03-13, 21:09:31	1015 - nunziati@alice.it
2015-03-13, 21:09:31	1017 - ludolegend@libero.it
2015-03-13, 21:09:32	1018 - marco.lani84@gmail.com
2015-03-13, 21:09:33	1019 - margherithouse@hotmail.it
2015-03-13, 21:09:33	1020 - n.vallese@gmail.com
2015-03-13, 21:09:34	1021 - giuseppe.dipietro50@gmail.com
2015-03-13, 21:09:34	1022 - mattia.ceccantini@email.it
2015-03-13, 21:09:36	1024 - brownmassimo@gmail.com
2015-03-13, 21:09:36	1026 - annamariabaccellini@vodafone.it
2015-03-13, 21:09:36	1027 - damore.stefania@gmail.com
2015-03-13, 21:09:37	1028 - lisehertz@gmail.com
2015-03-13, 21:09:37	1029 - massimo.tempesti@gmail.com
2015-03-13, 21:09:38	1030 - ema19e87@yahoo.it
2015-03-13, 21:09:39	1031 - lorenzo.bagnoli@hotmail.it
2015-03-13, 21:09:39	1032 - otta.giulio@gmail.com
2015-03-13, 21:09:40	1033 - otta.giulio@gmail.com
2015-03-13, 21:09:40	1034 - irene.stolzi@unifi.it
2015-03-13, 21:09:41	1035 - rosannariccio@yahoo.it
2015-03-13, 21:09:42	1036 - patrizia.seravalli@gmail.com
2015-03-13, 21:09:42	1037 - piccini.a@gmail.com
2015-03-13, 21:09:43	1038 - mazzanti.maurizio@gmail.com
2015-03-13, 21:09:43	1039 - f.beghi@centroseta.it
2015-03-13, 21:09:44	1040 - rmartini@libero.it
2015-03-13, 21:09:45	1041 - mari_palom@yahoo.it
2015-03-13, 21:09:45	1042 - bobpratellesi@yahoo.it
2015-03-13, 21:09:47	1043 - laura.mattioli@asf.toscana.it
2015-03-13, 21:09:47	1044 - laura.mattioli@asf.toscana.it
2015-03-13, 21:09:47	1045 - alessandromedda.music@gmail.com
2015-03-13, 21:09:48	1047 - robertadoni60@gmail.com
2015-03-13, 21:09:48	1048 - l.argenziano@yahoo.it
2015-03-13, 21:09:49	1049 - nachibana23@gmail.com
2015-03-13, 21:09:49	1051 - simobrilli@live.it
2015-03-13, 21:09:50	1053 - elisabetta.lucherini@gmail.com
2015-03-13, 21:09:51	1055 - ludolegend@libero.it
2015-03-13, 21:09:51	1056 - galletti.lorenzo98@gmail.com
2015-03-13, 21:09:52	1058 - manrob1999@yahoo.it
2015-03-13, 21:09:52	1059 - daniluk.dado@gmail.com
2015-03-13, 21:09:53	1060 - qui-e-ora@libero.it
2015-03-13, 21:09:54	1061 - fabiozini@alice.it
2015-03-13, 21:09:54	1062 - maurizio.delmastro@gmail.com
2015-03-13, 21:09:55	1064 - laura@mannuccisrl.it
2015-03-13, 21:09:56	1065 - cl.rusconi@gmail.com
2015-03-13, 21:09:56	1066 - machibana23@gmail.it
2015-03-13, 21:09:57	1067 - gaguz1999@gmail.com
2015-03-13, 21:09:57	1068 - gabriele_baratto@libero.it
2015-03-13, 21:09:58	1069 - gennarogiustino@libero.it
2015-03-13, 21:09:58	1070 - anna.basagni@hotmail.it
2015-03-13, 21:09:59	1071 - mniccolai22@gmail.com
2015-03-13, 21:10:00	1074 - scioni57@libero.it
2015-03-13, 21:10:00	1075 - simonagraz@libero.it
2015-03-13, 21:10:01	1076 - info@agriturismocirene.com
2015-03-13, 21:10:01	1078 - borraniantonio@gmail.com
2015-03-13, 21:10:02	1079 - giorgio.varalli@fastwebnet.it
2015-03-13, 21:10:03	1080 - paol.marini@tiscali.it
2015-03-13, 21:10:03	1081 - robmazzi26@gmail.com
2015-03-13, 21:10:04	1082 - ml.berenger@sfr.fr
2015-03-13, 21:10:04	1083 - fam.diste@alice.it
2015-03-13, 21:10:05	1084 - stonatina@gmail.com
2015-03-13, 21:10:06	1085 - umberto.tenaglia@alice.it
2015-03-13, 21:10:06	1086 - riccardoschillaci@msn.com
2015-03-13, 21:10:07	1087 - lombe2012@gmail.com
2015-03-13, 21:10:08	1088 - cingicinzia@yahoo.it
2015-03-13, 21:10:08	1089 - adrianalipsi@gmail.com
2015-03-13, 21:10:09	1090 - francescobarbani@gmail.com
2015-03-13, 21:10:09	1091 - dumm12bg@gmail.com
2015-03-13, 21:10:10	1092 - leomacaluso@libero.it
2015-03-13, 21:10:10	1093 - francy_andrea@yahoo.it
2015-03-13, 21:10:11	1094 - cate.glasser@gmail.com
2015-03-13, 21:10:12	1095 - cate.glasser@gmail.com
2015-03-13, 21:10:12	1096 - ila.zucconi@gmail.com
2015-03-13, 21:10:13	1097 - antosteph@alice.it
2015-03-13, 21:10:13	1098 - bobaoster@gmail.com
2015-03-13, 21:10:14	1099 - g.malevolti@gmail.com
2015-03-13, 21:10:15	1101 - tommypampa@libero.it
2015-03-13, 21:10:15	1102 - rossicarlo93@libero.it
2015-03-13, 21:10:16	1106 - francesco.crimeni59@gmail.com
2015-03-13, 21:10:16	1109 - mcorsini1966@libero.it
2015-03-13, 21:10:17	1110 - valeria.pezzati@gmail.com
2015-03-13, 21:10:18	1111 - f.barbara69@tin.it
2015-03-13, 21:10:19	1112 - franco.frati@gmail.com
2015-03-13, 21:10:19	1114 - senza@mail.it
2015-03-13, 21:10:19	1117 - lauracapecchi@alice.it
2015-03-13, 21:10:20	1118 - lucianacapasso@virgilio.it
2015-03-13, 21:10:21	1119 - lu-gal@hotmail.it
2015-03-13, 21:10:21	1120 - nicolucci@studiomichelangelo.it
2015-03-13, 21:10:22	1121 - gennarogiustino@libero.it
2015-03-13, 21:10:22	1122 - gennarogiustino@libero.it
2015-03-13, 21:10:23	1124 - alessandra.cortese68@gmail.com
2015-03-13, 21:10:24	1125 - cungicinzia@yahoo.it
2015-03-13, 21:10:24	1126 - melezappa@gmail.com
2015-03-13, 21:10:25	1127 - fusarco@gmail.com
2015-03-13, 21:10:25	1128 - giovanna.danza@unifi.it
2015-03-13, 21:10:26	1129 - marty1942@hotmail.it
2015-03-13, 21:10:27	1130 - francesco.martinelli@gmail.com
2015-03-13, 21:10:27	1131 - pintoka@libero.it
2015-03-13, 21:10:28	1132 - silvia@poggiali.it
2015-03-13, 21:10:29	1133 - stefano.dare1@gmail.com
2015-03-13, 21:10:29	1134 - letiziadanti@libero.it
2015-03-13, 21:10:30	1135 - monica.ulivieri@gmail.com
2015-03-13, 21:10:30	1136 - bobnistri@gmail.com
2015-03-13, 21:10:31	1137 - stike73@libero.it
2015-03-13, 21:10:31	1138 - giancarlo.cardini@aol.com
2015-03-13, 21:10:32	1139 - alfonso.borghese@virgilio.it
2015-03-13, 21:10:33	1140 - alvarocompany@tiscali.it
2015-03-13, 21:10:33	1141 - fiamma.nicolodi@unifi.it
2015-03-13, 21:10:34	1142 - mr@marioruffini.it
2015-03-13, 21:10:34	1143 - paolo.somigli@fastwebnet.it
2015-03-13, 21:10:35	1144 - rfabbriciani@alice.it
2015-03-13, 21:10:36	1145 - paola.gibbin@beniculturali.it
2015-03-13, 21:10:36	1146 - info@danielelombardi.com
2015-03-13, 21:10:37	1147 - fg@temporeale.it
2015-03-13, 21:10:37	1148 - lc@leliocamilleri.it
2015-03-13, 21:10:38	1149 - albert.mayr@gmail.com
2015-03-13, 21:10:39	1150 - romano.pezzati@gmail.com
2015-03-13, 21:10:39	1151 - orsellicesare@libero.it
2015-03-13, 21:10:41	1152 - elcefi@hotmail.it
2015-03-13, 21:10:41	1154 - sofiaweckdomenici@gmail.com
2015-03-13, 21:10:41	1155 - passalacqua.fulvio@gmail.com
2015-03-13, 21:10:42	1156 - silvia.masetti@anomie.it
2015-03-13, 21:10:42	1157 - francesco.zampini93@gmail.com
2015-03-13, 21:10:43	1158 - ticarfora65@gmail.com
2015-03-13, 21:10:43	1159 - chiara.fantini@tiscali.it
2015-03-13, 21:10:44	1160 - flaviornr@hotmail.it
2015-03-13, 21:10:45	1161 - giannifrati@alice.it
2015-03-13, 21:10:45	1162 - production@limenmusic.com
2015-03-13, 21:10:46	1163 - filippopedol@alice.it
2015-03-13, 21:10:46	1164 - andrea@sleepiscommercial.com
2015-03-13, 21:10:47	1165 - francescatofanari@gmail.com
2015-03-13, 21:10:48	1166 - casinipippo@gmail.com
