2016-01-20, 21:11:26	

=================================================================

2016-01-20, 21:11:26	VISUAL ORCHESTRA Giovedì 28 gennaio 21.30 a L'Appartamento


2016-01-20, 21:11:26	1 - webmaster@globeit.it
2016-01-20, 21:11:27	2 - info@camfirenze.net
2016-01-20, 21:11:27	3 - g.porzilli@globeit.it
2016-01-20, 21:11:28	4 - jovinericcardo@inwind.it
2016-01-20, 21:11:29	5 - emilmast@tin.it
2016-01-20, 21:11:29	6 - m_bonaiuti@tin.it
2016-01-20, 21:11:30	7 - andreagheri@hotmail.com
2016-01-20, 21:11:30	8 - lenzi.giova@alice.it
2016-01-20, 21:11:31	9 - giuseppe.dipietro@bassilichi.it
2016-01-20, 21:11:32	10 - riccardoschillaci@msn.com
2016-01-20, 21:11:33	11 - pan.and@alice.it
2016-01-20, 21:11:33	12 - stefania.nin@unifi.it
2016-01-20, 21:11:33	13 - elianto96@alice.it
2016-01-20, 21:11:34	14 - ziopino@libero.it
2016-01-20, 21:11:35	15 - fidelegno@email.it
2016-01-20, 21:11:35	16 - nicolucci@studiomichelangelo.com
2016-01-20, 21:11:36	17 - mariapaolapaci@yahoo.it
2016-01-20, 21:11:36	18 - m.jennifer@hotmail.it
2016-01-20, 21:11:37	19 - eleonora.giovannini@hotmail.com
2016-01-20, 21:11:38	20 - federico-micheli@hotmail.it
2016-01-20, 21:11:38	21 - massimo.guidi@tiscali.it
2016-01-20, 21:11:39	22 - melli@melli.bs.it
2016-01-20, 21:11:39	23 - ccorazzi@sebia.it
2016-01-20, 21:11:40	24 - agf.aniko@libero.it
2016-01-20, 21:11:41	25 - giuliamo0601@alice.it
2016-01-20, 21:11:41	26 - gianni.ignesti@virgilio.it
2016-01-20, 21:11:43	27 - leonardo.alessi@tiscali.it
2016-01-20, 21:11:43	28 - manuel.ditardo@gmail.com
2016-01-20, 21:11:43	29 - fulviodori@yahoo.it
2016-01-20, 21:11:44	30 - silvia@rossellino.com
2016-01-20, 21:11:44	31 - cm25mia@yahoo.it
2016-01-20, 21:11:45	32 - vialefanti@libero.it
2016-01-20, 21:11:45	33 - lebuschi@gmail.com
2016-01-20, 21:11:46	34 - imbramat@yahoo.it
2016-01-20, 21:11:47	35 - goretti.gianluca@tiscali.it
2016-01-20, 21:11:47	36 - f.filesi@hotmail.it
2016-01-20, 21:11:48	37 - alessandro.dipuccio@alice.it
2016-01-20, 21:11:48	38 - jimmypeter2@hotmail.com
2016-01-20, 21:11:49	39 - serebaldi@tiscali.it
2016-01-20, 21:11:50	40 - barbe335@gmail.com
2016-01-20, 21:11:50	41 - wequaquet@yahoo.it
2016-01-20, 21:11:51	42 - maria.ricceri2@gmail.com
2016-01-20, 21:11:51	43 - luca.bersaglieri@gmail.com
2016-01-20, 21:11:52	44 - sara.fabbrizzi@virgilio.it
2016-01-20, 21:11:54	45 - scioni57@libero.it
2016-01-20, 21:11:54	46 - fradattolo@gmail.com
2016-01-20, 21:11:54	47 - fallaci@hotmail.it
2016-01-20, 21:11:54	48 - adrianalipsi@gmail.com
2016-01-20, 21:11:55	49 - antongiac@live.it
2016-01-20, 21:11:56	50 - silvia.guenda@gmail.com
2016-01-20, 21:11:56	51 - anna-cocco@virgilio.it
2016-01-20, 21:11:57	52 - theblacken@hotmail.it
2016-01-20, 21:11:57	53 - cosimolai@yahoo.it
2016-01-20, 21:11:58	54 - massimiliano.landi@gmail.com
2016-01-20, 21:11:59	55 - virginiamanco@yahoo.it
2016-01-20, 21:11:59	56 - piabar@alice.it
2016-01-20, 21:12:00	57 - ginettaccio356@gmail.com
2016-01-20, 21:12:00	59 - ppieri@hotmail.com
2016-01-20, 21:12:01	60 - philgrims@gmail.com
2016-01-20, 21:12:02	61 - ga.proto@tiscali.it
2016-01-20, 21:12:02	62 - gianluca.sodero@gmail.com
2016-01-20, 21:12:04	63 - cristinavaltriani@gmail.com
2016-01-20, 21:12:04	64 - francespletchan@gmail.com
2016-01-20, 21:12:04	65 - marco.mazzoni75@gmail.com
2016-01-20, 21:12:05	66 - lucrezia.mazzocchi@alice.it
2016-01-20, 21:12:05	67 - matticari.g@tiscali.it
2016-01-20, 21:12:06	68 - soniabertini@hotmail.it
2016-01-20, 21:12:06	69 - alicemanuguerra@libero.it
2016-01-20, 21:12:07	70 - nicco.angioni@yahoo.it
2016-01-20, 21:12:08	71 - etto1re@gmail.com
2016-01-20, 21:12:08	72 - cossusonny@libero.it
2016-01-20, 21:12:09	73 - cicali.filippo@gmail.com
2016-01-20, 21:12:09	74 - leobonechi@dada.it
2016-01-20, 21:12:10	75 - riccardo.levi@yahoo.it
2016-01-20, 21:12:11	76 - patrizia.seravalli@gmail.com
2016-01-20, 21:12:11	77 - brandini.tommaso@gmail.com
2016-01-20, 21:12:12	78 - sbartoli@fashion.it
2016-01-20, 21:12:12	79 - clarissa.bencini@gmail.com
2016-01-20, 21:12:14	80 - william.luzzi@gmail.com
2016-01-20, 21:12:14	81 - cecia92@hotmail.it
2016-01-20, 21:12:14	82 - andrea.giavarini@gmail.com
2016-01-20, 21:12:15	83 - peccino70@hotmail.it
2016-01-20, 21:12:15	84 - luna.decate@gmail.com
2016-01-20, 21:12:16	85 - ilaria.daddi@alice.it
2016-01-20, 21:12:17	86 - tommaso@zurli.it
2016-01-20, 21:12:17	87 - d.scapigliati@scapigliati.it
2016-01-20, 21:12:18	88 - annalisamencattini@virgilio.it
2016-01-20, 21:12:18	89 - giltel62@gmail.com
2016-01-20, 21:12:19	90 - rizzuti.daria@gmail.com
2016-01-20, 21:12:20	91 - andreacagnola1@gmail.com
2016-01-20, 21:12:20	92 - pampet@tiscali.it
2016-01-20, 21:12:21	94 - albertomarrini@tiscali.it
2016-01-20, 21:12:21	95 - elisagaglirdi@tuscaniinstitute.it
2016-01-20, 21:12:22	96 - chiarasilvia.vill@gmail.com
2016-01-20, 21:12:24	97 - morillo1982@hotmail.it
2016-01-20, 21:12:24	98 - maeli68@hotmail.com
2016-01-20, 21:12:24	99 - patpenco1@mac.com
2016-01-20, 21:12:24	100 - serena.menicalli90@gmail.com
2016-01-20, 21:12:25	101 - giacomopipitone@icloud.com
2016-01-20, 21:12:26	102 - rossellaeleonardo@virgilio.it
2016-01-20, 21:12:26	103 - emilio.botto@libero.it
2016-01-20, 21:12:27	104 - e.macerini@gmail.com
2016-01-20, 21:12:27	105 - marcolamioni@mac.com
2016-01-20, 21:12:28	106 - robertacolla@simonemicheli.com
2016-01-20, 21:12:29	107 - sabrinapaladini@inwind.it
2016-01-20, 21:12:29	108 - arieccola@gmail.com
2016-01-20, 21:12:30	109 - passalacqua.fulvio@gmail.com
2016-01-20, 21:12:30	110 - ziopina@libero.it
2016-01-20, 21:12:31	111 - nera@atlavia.it
2016-01-20, 21:12:33	112 - frengo75tn@yahoo.it
2016-01-20, 21:12:33	113 - deglinnocentielisa@gmail.com
2016-01-20, 21:12:33	114 - france1611@yahoo.it
2016-01-20, 21:12:33	115 - niccolo.mugelli@gmail.com
2016-01-20, 21:12:34	116 - maxgiallo@tin.it
2016-01-20, 21:12:35	117 - giacomo.londi@hotmail.it
2016-01-20, 21:12:35	118 - lovesmusic@alice.it
2016-01-20, 21:12:36	119 - tabpalmieri@live.it
2016-01-20, 21:12:36	120 - francescogabrilelli@gmail.com
2016-01-20, 21:12:37	121 - regolus_81@hotmail.com
2016-01-20, 21:12:38	122 - walteriano@gmail.com
2016-01-20, 21:12:38	123 - riccardodefelice@gmail.com
2016-01-20, 21:12:39	124 - andpoliti@gmail.com
2016-01-20, 21:12:39	125 - pinogulli@alice.it
2016-01-20, 21:12:40	126 - andreacennini@yahoo.it
2016-01-20, 21:12:41	127 - lucilla_meucci@alice.it
2016-01-20, 21:12:41	128 - giulystairway@hotmail.it
2016-01-20, 21:12:43	129 - lploredana552@gmail.com
2016-01-20, 21:12:43	130 - a.roccatelli@gmail.com
2016-01-20, 21:12:43	131 - gottard@disia.unifit.it
2016-01-20, 21:12:44	132 - laura.mattioli@asf.toscana.it
2016-01-20, 21:12:44	133 - santellipaola@gmail.com
2016-01-20, 21:12:45	134 - elena.tartagli@yahoo.it
2016-01-20, 21:12:45	135 - laura.pagliantini@virgilio
2016-01-20, 21:12:46	136 - massy.a@tiscali.it
2016-01-20, 21:12:47	137 - amorosoluca@tiscali.it
2016-01-20, 21:12:47	138 - drummermichi@hotmail.it
2016-01-20, 21:12:48	139 - flaviano.apollonio@alice.it
2016-01-20, 21:12:48	140 - bib92@hotmail.it
2016-01-20, 21:12:49	141 - mattia.balconi@ge.com
2016-01-20, 21:12:50	142 - _marco_baldini@libero.it
2016-01-20, 21:12:50	143 - theking.3@hotmail.it
2016-01-20, 21:12:51	144 - maria.ricceri2@virgilio.it
2016-01-20, 21:12:51	145 - valentina.barlacchi@libero.it
2016-01-20, 21:12:53	146 - giannanenna03@yahoo.it
2016-01-20, 21:12:53	147 - paolobertocci@libero.it
2016-01-20, 21:12:53	148 - bmblsnmntsra@hotmail.it
2016-01-20, 21:12:54	150 - antonio.branchi@moroshi.it
2016-01-20, 21:12:54	151 - carlottabusignani@yahoo.it
2016-01-20, 21:12:55	152 - iacopocangioli@yahoo.it
2016-01-20, 21:12:56	153 - timoteocarbone@gmail.com
2016-01-20, 21:12:56	154 - casalini_marco@libero.it
2016-01-20, 21:12:57	155 - fabio.cecchini@agronica.eu
2016-01-20, 21:12:57	156 - ufficiotecnico@gfclavoriedili.it
2016-01-20, 21:12:58	157 - riccardo.ciolino@email.it
2016-01-20, 21:12:59	158 - diego_collini85@yahoo.it
2016-01-20, 21:12:59	159 - rabbittaro@hotmail.it
2016-01-20, 21:13:00	160 - foy_m6@hotmail.it
2016-01-20, 21:13:00	161 - studiocortocherubini@alice.it
2016-01-20, 21:13:01	162 - antoniodarone@libero.it
2016-01-20, 21:13:02	163 - pakkidega90@hotmail.it
2016-01-20, 21:13:03	164 - del.carria.marco@gmail.com
2016-01-20, 21:13:03	165 - riccardo.delchiaro@gmail.com
2016-01-20, 21:13:03	166 - fiober@hotmail.it
2016-01-20, 21:13:04	169 - desmar10@libero.it
2016-01-20, 21:13:05	170 - irescimmia@hotmail.it
2016-01-20, 21:13:05	171 - zilatiankuser@hotmail.it
2016-01-20, 21:13:06	172 - guido.fs@hotmail.com
2016-01-20, 21:13:06	173 - giovanni_frasca@virgilio.it
2016-01-20, 21:13:07	174 - lucafrosi@hotmail.it
2016-01-20, 21:13:08	175 - marchinoviolino@gmail.com
2016-01-20, 21:13:08	176 - david@alternativamente.eu
2016-01-20, 21:13:09	177 - lorenzoghere@gmail.com
2016-01-20, 21:13:09	178 - andreagheri83@hotmail.com
2016-01-20, 21:13:10	179 - valter@giacomel.it
2016-01-20, 21:13:11	180 - c.giannardi@arpet.toscana
2016-01-20, 21:13:11	181 - buddy666@hotmail.it
2016-01-20, 21:13:13	182 - clevermenagier@libero.it
2016-01-20, 21:13:13	183 - gioia.griffo@alice.it
2016-01-20, 21:13:13	184 - giulsita@gmail.com
2016-01-20, 21:13:14	185 - iovinericcardo@inwind.it
2016-01-20, 21:13:14	186 - lenzi.lenzi@hotmail.it
2016-01-20, 21:13:15	187 - patriziafaustini@gmail.com
2016-01-20, 21:13:15	188 - agata_teatro@yahoo.it
2016-01-20, 21:13:16	189 - meobargie@yahoo.it
2016-01-20, 21:13:17	190 - marimarta973@yahoo.it
2016-01-20, 21:13:17	191 - franco.piras@tin.it
2016-01-20, 21:13:18	192 - edomen@gmail.com
2016-01-20, 21:13:18	193 - anna.basagni@tele2.it
2016-01-20, 21:13:19	194 - crimiglio@yahoo.it
2016-01-20, 21:13:20	195 - elleemme2@tiscali.it
2016-01-20, 21:13:20	196 - badesaba@tiscali.it
2016-01-20, 21:13:22	197 - moroniserena@gmail.com
2016-01-20, 21:13:22	198 - juliettem@hotmail.it
2016-01-20, 21:13:22	199 - niccolo.mugelli@libero.it
2016-01-20, 21:13:23	200 - teresa.marciaionetto@telecomitalia.it
2016-01-20, 21:13:23	201 - marsiglia93@hotmail.it
2016-01-20, 21:13:24	202 - nicolucci@studiomichelangelo.it
2016-01-20, 21:13:24	203 - panand@tin.it
2016-01-20, 21:13:25	204 - paoletti.l@fastwebnet.it
2016-01-20, 21:13:26	205 - stefanopardini@gmail.com
2016-01-20, 21:13:26	206 - angie.magherini@gmail.com
2016-01-20, 21:13:27	207 - fulvio.passalacqua@teriaenergy.com
2016-01-20, 21:13:27	208 - aphillips1@gm.slc.edu
2016-01-20, 21:13:28	210 - mauro_quinto@virgilio.it
2016-01-20, 21:13:30	211 - ragazzoluca@yahoo.it
2016-01-20, 21:13:30	212 - annarapi@hotmail.it
2016-01-20, 21:13:30	213 - giulia.patrizia@libero.it
2016-01-20, 21:13:30	215 - moniarossi1@virgilio.it
2016-01-20, 21:13:31	216 - p.rubellini@gmail.com
2016-01-20, 21:13:32	217 - wsofia@hotmail.it
2016-01-20, 21:13:32	218 - sacco_89@hotmail.it
2016-01-20, 21:13:33	219 - silvia.zuffanelli@tin.it
2016-01-20, 21:13:33	220 - miresarti@yahoo.it
2016-01-20, 21:13:34	221 - schelde@hotmail.it
2016-01-20, 21:13:35	222 - harven@hotmail.it
2016-01-20, 21:13:35	223 - emi.39@hotmail.com
2016-01-20, 21:13:36	224 - ldelpac@tin.it
2016-01-20, 21:13:36	225 - silvia162@hotmail.com
2016-01-20, 21:13:37	226 - zizhov86@hotmail.com
2016-01-20, 21:13:39	227 - ferdinando.olivieri@gmail.com
2016-01-20, 21:13:39	228 - annabondi@libero.it
2016-01-20, 21:13:39	229 - sanodimente@gmail.com
2016-01-20, 21:13:39	230 - flomungari@hotmailcom
2016-01-20, 21:13:40	232 - leo88pecchio@gmail.com
2016-01-20, 21:13:41	233 - peticacio_95@hotmail.it
2016-01-20, 21:13:41	234 - ariannacarboni@gmx.de
2016-01-20, 21:13:42	235 - andrea.delchiaro@gmail.com
2016-01-20, 21:13:42	236 - luxxx73@yahoo.it
2016-01-20, 21:13:43	237 - personaltrainer@interfree.it
2016-01-20, 21:13:44	238 - cmaddii@hotmail.com
2016-01-20, 21:13:44	239 - cacioz91@live.it
2016-01-20, 21:13:45	240 - giorgia.lanzoni@gmail.com
2016-01-20, 21:13:45	241 - marco.rastrelli@gmail.com
2016-01-20, 21:13:46	242 - dipu13theboss@live.it
2016-01-20, 21:13:47	243 - g.zadro@targetti.it
2016-01-20, 21:13:47	245 - maurizio.fantini@iol.it
2016-01-20, 21:13:49	246 - petreni126@hotmail.it
2016-01-20, 21:13:49	247 - m.bonaiuti@tin.it
2016-01-20, 21:13:49	248 - ahaas@skidmore.edu
2016-01-20, 21:13:50	249 - leonardo.arcucci@libero.it
2016-01-20, 21:13:50	250 - bastianopoli@hotmail.com
2016-01-20, 21:13:51	251 - cramobladini@live.it
2016-01-20, 21:13:51	252 - v.bargelli@hotmail.com
2016-01-20, 21:13:52	253 - battaglinisara@gmail.com
2016-01-20, 21:13:53	254 - nataliabavar@hotmail.com
2016-01-20, 21:13:53	255 - n.nucci@fondiaria.sai.it
2016-01-20, 21:13:54	256 - claudiaborghesi@yahoo.it
2016-01-20, 21:13:54	257 - camilla.brilli@hotmail.com
2016-01-20, 21:13:55	258 - marcello.brugioni@gmail.com
2016-01-20, 21:13:57	259 - pamel_busonero@alice.it
2016-01-20, 21:13:57	260 - mauro.carnevale@yahoo.it
2016-01-20, 21:13:57	261 - CASALINI_MARIO@LIBERO.IT
2016-01-20, 21:13:57	263 - camillacenni@gmail.com
2016-01-20, 21:13:58	265 - leofi77@alice.it
2016-01-20, 21:13:59	266 - clifford.lisa@hotmail.com
2016-01-20, 21:13:59	267 - duccio.bhz@gmail.com
2016-01-20, 21:14:00	268 - barbaravinicio@alice.it
2016-01-20, 21:14:00	269 - iconauta@hotmail.com
2016-01-20, 21:14:01	270 - laura.coradeschi@coradeschi.it
2016-01-20, 21:14:02	271 - anastilosi@inwind.it
2016-01-20, 21:14:02	272 - isabella.pezzatini@gmail.com
2016-01-20, 21:14:03	273 - paolo.arnaldo@gmail.com
2016-01-20, 21:14:03	274 - gabriella.denisi@gmail.com
2016-01-20, 21:14:04	275 - adasmi@dasmi.it
2016-01-20, 21:14:05	276 - michi66fi@gmaiol.com
2016-01-20, 21:14:05	277 - pdettole@alice.it
2016-01-20, 21:14:06	278 - taliannusuli81@yahoo.it
2016-01-20, 21:14:07	279 - nicola.dellungo@gmail.com
2016-01-20, 21:14:07	280 - andreadonato@hotmail.it
2016-01-20, 21:14:08	281 - isafantechi@libero.it
2016-01-20, 21:14:08	282 - fedimak@yahoo.com.hk
2016-01-20, 21:14:09	283 - ferrantini.irene@gmail.com
2016-01-20, 21:14:09	284 - andreafioravanti@libero.it
2016-01-20, 21:14:10	285 - francesca_fiorini@hotmail.com
2016-01-20, 21:14:11	286 - massimofondelli@alice.it
2016-01-20, 21:14:11	287 - diego.furesi@gmail.com
2016-01-20, 21:14:12	288 - luciano.gavini@tin.it
2016-01-20, 21:14:12	289 - chiaraghera@hotmail.it
2016-01-20, 21:14:13	290 - elios.17@hotmail.it
2016-01-20, 21:14:14	291 - gabriele.migani@gmail.com
2016-01-20, 21:14:14	292 - ilaria.lemmi@email.it
2016-01-20, 21:14:15	293 - libero.m@virgilio.it
2016-01-20, 21:14:15	294 - rossanasegnini@libero.it
2016-01-20, 21:14:16	295 - madigner@hotmail.com
2016-01-20, 21:14:17	296 - info@andreamariotti.com
2016-01-20, 21:14:18	297 - pau.marimon@gmail.com
2016-01-20, 21:14:18	298 - elia_26@libero.it
2016-01-20, 21:14:18	299 - alessiom68@gmail.com
2016-01-20, 21:14:19	300 - contemplatingjazz@hotmail.it
2016-01-20, 21:14:20	301 - melli@mellibs.it
2016-01-20, 21:14:20	302 - troy1989@hotmail.iy
2016-01-20, 21:14:21	303 - frengo75@yahoo.it
2016-01-20, 21:14:21	304 - miaim2@gmail.com
2016-01-20, 21:14:22	305 - federico-micheli@hotmail.com
2016-01-20, 21:14:23	306 - ciroistruttore@libero.it
2016-01-20, 21:14:23	308 - barbaraberto.paganelli@gmail.it
2016-01-20, 21:14:24	309 - maddamonti@yahoo.it
2016-01-20, 21:14:24	310 - gv.paoletti@fls.unipi.it
2016-01-20, 21:14:25	311 - vita.lorenzo@alice.it
2016-01-20, 21:14:26	312 - terguparenti@gmail.com
2016-01-20, 21:14:26	314 - francescapiccioli@libero.it
2016-01-20, 21:14:28	315 - danielaromano79@hotmail.com
2016-01-20, 21:14:28	316 - aran.scala@teletv.it
2016-01-20, 21:14:28	317 - massimo.scardi@selex-comms.com
2016-01-20, 21:14:29	318 - cat.sy@hotmail.it
2016-01-20, 21:14:29	319 - elenat@libero.it
2016-01-20, 21:14:30	320 - leo.terilli@hotmail.com
2016-01-20, 21:14:30	321 - l.tommaso@hotmail.it
2016-01-20, 21:14:31	322 - ale84.max@virgilio.it
2016-01-20, 21:14:32	323 - fabio.truschi@gmail.com
2016-01-20, 21:14:32	324 - bismillah@hotmail.it
2016-01-20, 21:14:33	325 - vinvento@infinito.it
2016-01-20, 21:14:33	326 - info@rasoihairjazz
2016-01-20, 21:14:34	327 - giovavoz@libero.it
2016-01-20, 21:14:35	328 - sofiaweck@hotmail.it
2016-01-20, 21:14:35	330 - zelonig@tiscali.it
2016-01-20, 21:14:36	331 - datastone@libero.it
2016-01-20, 21:14:37	332 - massimo.milazzotto@tin.it
2016-01-20, 21:14:37	333 - g_gracan@hotmail.com
2016-01-20, 21:14:38	334 - roberta62006@hotmail.it
2016-01-20, 21:14:38	335 - kurt_co@hotmail.it
2016-01-20, 21:14:39	336 - willypyron@msn.com
2016-01-20, 21:14:39	337 - gloria.soldatini@gmail.com
2016-01-20, 21:14:40	338 - diegoaureliano@hotmail.it
2016-01-20, 21:14:41	339 - manuelmatera@gmail.com
2016-01-20, 21:14:41	340 - leobecucci@virgilio.it
2016-01-20, 21:14:42	341 - pbini@menarini.it
2016-01-20, 21:14:42	343 - lapofabbri@virgilio.it
2016-01-20, 21:14:43	344 - paolopinarelli@virgilio.it
2016-01-20, 21:14:44	345 - ilbute@alice.it
2016-01-20, 21:14:44	346 - f.cangi@gmail.com
2016-01-20, 21:14:46	348 - y.romboli@libero.it
2016-01-20, 21:14:46	349 - awithrow@harding.edu
2016-01-20, 21:14:46	351 - elsauro@gmail.com
2016-01-20, 21:14:47	352 - baldigiovani1957@libero.it
2016-01-20, 21:14:47	353 - info@hotelperseo.it
2016-01-20, 21:14:48	354 - albichon@tiscali.it
2016-01-20, 21:14:48	355 - barbiggio@alice.it
2016-01-20, 21:14:49	356 - kuoka26@hotmail.com
2016-01-20, 21:14:50	357 - fedecapa@supereva.it
2016-01-20, 21:14:50	358 - lorenzo.caponnetto@virgilio.it
2016-01-20, 21:14:51	359 - ecarlucci@gmail.com
2016-01-20, 21:14:51	360 - cianchi.family@alice.it
2016-01-20, 21:14:52	361 - cibino@libero.it
2016-01-20, 21:14:53	362 - loredana.belloni@hotmail.it
2016-01-20, 21:14:53	363 - rabbittaro@hotmail.com
2016-01-20, 21:14:54	364 - siimsam@hotmail.com
2016-01-20, 21:14:54	365 - kyo_oli@hotmail.com
2016-01-20, 21:14:56	366 - info@over-sound.it
2016-01-20, 21:14:56	367 - nagash91@tiscali.it
2016-01-20, 21:14:56	368 - didi.steiner@libero.it
2016-01-20, 21:14:57	369 - matildedipuccieta@hotmail.it
2016-01-20, 21:14:57	370 - duinomassimo@libero.it
2016-01-20, 21:14:58	371 - famfed@libero.it
2016-01-20, 21:14:59	372 - dark.namras@gmail.com
2016-01-20, 21:14:59	373 - michela.piccardi@gmail.com
2016-01-20, 21:15:00	374 - lindagabriel@libero.it
2016-01-20, 21:15:00	376 - gemmeg@libero.it
2016-01-20, 21:15:01	377 - damonche@hotmail.com
2016-01-20, 21:15:02	378 - fredfurio@katamail.com
2016-01-20, 21:15:02	379 - martiguelfi@tiscali.it
2016-01-20, 21:15:03	380 - fidalegno@email.it
2016-01-20, 21:15:03	381 - iovinericaardo@inwind.it
2016-01-20, 21:15:04	382 - brettlalonde@yahoo.com
2016-01-20, 21:15:05	383 - landiandrea@interfree.it
2016-01-20, 21:15:05	386 - faminore@gmail.com
2016-01-20, 21:15:07	387 - c_maiani@libero.it
2016-01-20, 21:15:07	388 - silviaborroni@alice.it
2016-01-20, 21:15:07	389 - edomen@hotmail.com
2016-01-20, 21:15:08	390 - tiko.4augusto@tiscali.it
2016-01-20, 21:15:08	391 - morgan_3@hotmail.it
2016-01-20, 21:15:09	392 - brunomura@interfree.it
2016-01-20, 21:15:09	393 - iacopop@gmail.com
2016-01-20, 21:15:10	394 - olmo_recami@hotmail.it
2016-01-20, 21:15:11	395 - iacopo.risi@gmail.com
2016-01-20, 21:15:11	396 - nadph@hotmail.it
2016-01-20, 21:15:12	397 - nico.serejazz@alice.it
2016-01-20, 21:15:12	398 - operamail2001@yahoo.com
2016-01-20, 21:15:13	399 - giaxec@tin.it
2016-01-20, 21:15:14	400 - severino.francesca@inwind.it
2016-01-20, 21:15:14	401 - ilo.m@inwind.it
2016-01-20, 21:15:15	402 - donatella.ferri@tin.it
2016-01-20, 21:15:15	403 - alessandrotonarelli@tin.it
2016-01-20, 21:15:17	404 - oltrimboli@gmail.com
2016-01-20, 21:15:17	405 - evendramini@cheapnet.it
2016-01-20, 21:15:17	406 - avmusic@tin.it
2016-01-20, 21:15:18	407 - plvieri@libero.it
2016-01-20, 21:15:18	408 - zallo18@libero.it
2016-01-20, 21:15:19	409 - mattia.hagge@virgilio.it
2016-01-20, 21:15:20	410 - daniele.panella@nyu.edu
2016-01-20, 21:15:20	411 - alessandrapelli@gmail.com
2016-01-20, 21:15:21	412 - leonardopieraccioni@tin.it
2016-01-20, 21:15:21	413 - tellinessa71@gmail.com
2016-01-20, 21:15:22	414 - nazareno.caputo@live.it
2016-01-20, 21:15:23	417 - stefanobazzi@yahoo.it
2016-01-20, 21:15:23	418 - claudio.tommasoni@comune.fi.it
2016-01-20, 21:15:24	419 - assessore.giachi@comune.fi.it
2016-01-20, 21:15:24	420 - ilvivaiodelmalcantone@gmail.com
2016-01-20, 21:15:25	421 - marcolanza@iol.it
2016-01-20, 21:15:27	422 - stefano.cioni@fastwebnet.it
2016-01-20, 21:15:27	423 - fantozzigino@gmail.com
2016-01-20, 21:15:27	424 - marisa.cancilleri@gmail.com
2016-01-20, 21:15:27	425 - botticellialessandro@tiscali.it
2016-01-20, 21:15:28	426 - deluca.alex@hotmail.it
2016-01-20, 21:15:29	427 - carlocatalanodrum@yahoo.it
2016-01-20, 21:15:29	428 - amitarieli@libero.it
2016-01-20, 21:15:30	429 - simonepannoni@hotmail.it
2016-01-20, 21:15:30	430 - grazividili@gmail.com
2016-01-20, 21:15:31	431 - letiziadanti@libero.it
2016-01-20, 21:15:32	432 - chiara.fantini@tiscali.it
2016-01-20, 21:15:32	433 - jimmypeter@hotmail.com
2016-01-20, 21:15:33	434 - laura.galli@live.com
2016-01-20, 21:15:33	435 - fedeone@hotmail.it
2016-01-20, 21:15:35	436 - sarafabbrizzi@virgilio.it
2016-01-20, 21:15:35	437 - marco.casaglia@msmedia.it
2016-01-20, 21:15:35	438 - alessandra.cortese68@gmail.com
2016-01-20, 21:15:36	439 - scoppoli@gmail.com
2016-01-20, 21:15:36	440 - mateldacappelletti@gmail.com
2016-01-20, 21:15:37	441 - regiromella@libero.it
2016-01-20, 21:15:38	442 - maurizio.delmastro@gmail.com
2016-01-20, 21:15:38	443 - francescogabrielli@gmail.com
2016-01-20, 21:15:39	444 - massimilano.landi@gmail.com
2016-01-20, 21:15:39	445 - leomacaluso@libero.it
2016-01-20, 21:15:40	446 - biagiomix@gmail.com
2016-01-20, 21:15:41	447 - kundalini87@yahoo.it
2016-01-20, 21:15:41	448 - margotmiani@libero.it
2016-01-20, 21:15:42	449 - laura.pagliantini@libero.it
2016-01-20, 21:15:42	450 - a.vizzone@alice.it
2016-01-20, 21:15:43	451 - gottard@disia.unifi.it
2016-01-20, 21:15:44	452 - annamaria.barrocu@istruzione.it
2016-01-20, 21:15:45	453 - iovinericcardo6@gmail.com
2016-01-20, 21:15:45	454 - stefanocolucci@yahoo.it
2016-01-20, 21:15:45	455 - tiziana.milani@alice.it
2016-01-20, 21:15:46	456 - info@firenzeclassica.com
2016-01-20, 21:15:47	457 - gregory333@live.it
2016-01-20, 21:15:47	458 - gianniceccantini@tiscali.it
2016-01-20, 21:15:48	460 - trane61@libero.it
2016-01-20, 21:15:48	461 - pierpaolo.casale@alice.it
2016-01-20, 21:15:49	462 - oscardini@hotmail.it
2016-01-20, 21:15:50	463 - raffaelebellini@live.it
2016-01-20, 21:15:50	464 - andy_mec91@yahoo.it
2016-01-20, 21:15:51	465 - anna.cudin@gmail.com
2016-01-20, 21:15:51	466 - silviamoneti@yahoo.it
2016-01-20, 21:15:52	467 - an.arena@alice.it
2016-01-20, 21:15:53	468 - giorgio.giacomo@alice.it
2016-01-20, 21:15:53	469 - natalie.dandrea@gmail.com
2016-01-20, 21:15:54	470 - luna.eva@hotmail.it
2016-01-20, 21:15:55	472 - giovannimannocci@fastwebnet.it
2016-01-20, 21:15:55	473 - serzan82@hotmail.com
2016-01-20, 21:15:56	474 - gignorobase@diaconiavaldese.org
2016-01-20, 21:15:56	475 - kthari83@gmail.com
2016-01-20, 21:15:57	477 - mgusso@politecnica.it
2016-01-20, 21:15:57	478 - ricamati@yahoo.it
2016-01-20, 21:15:58	479 - alisab.blank@gmail.com
2016-01-20, 21:15:59	480 - moreno.balzani@alice.it
2016-01-20, 21:15:59	481 - zagazucc@hotmail.it
2016-01-20, 21:16:00	482 - francesco.casini@gioiello.it
2016-01-20, 21:16:00	483 - mg.coccioli@virgilio.it
2016-01-20, 21:16:02	484 - mc.max@alice.it
2016-01-20, 21:16:02	485 - alberto.crescioli@hotmail.it
2016-01-20, 21:16:02	488 - bandini93@gmail.com
2016-01-20, 21:16:03	489 - marilu.daselo@hotmail.it
2016-01-20, 21:16:03	490 - pamela_busonero@alice.it
2016-01-20, 21:16:04	491 - cupolone69@alice.it
2016-01-20, 21:16:05	492 - chiara.corti.92@alice.it
2016-01-20, 21:16:05	493 - genjiskampino@hotmail.it
2016-01-20, 21:16:06	495 - marzilie@yahoo.it
2016-01-20, 21:16:06	496 - andrea.moschettini@alice.it
2016-01-20, 21:16:07	497 - barbara.bertocci@virgilio.it
2016-01-20, 21:16:08	498 - aranscala@alice.it
2016-01-20, 21:16:08	499 - valeriafinardi@yahoo.it
2016-01-20, 21:16:09	500 - v.bargelli@hotmail.it
2016-01-20, 21:16:10	501 - maria.ricceri@gmail.com
2016-01-20, 21:16:10	502 - lucrezia.marzocchi@alice.it
2016-01-20, 21:16:11	503 - martamyosotis@gmail.com
2016-01-20, 21:16:11	504 - lenzilara@yahoo.it
2016-01-20, 21:16:12	505 - elena.mazzanti@gmx.com
2016-01-20, 21:16:12	506 - alexlatinshow@hotmail.it
2016-01-20, 21:16:13	507 - fs9775@gmail.com
2016-01-20, 21:16:14	508 - info@osteriadamelo.com
2016-01-20, 21:16:14	509 - lisehertz@gmail.com
2016-01-20, 21:16:15	510 - barbara.zamy@yahoo.it
2016-01-20, 21:16:15	511 - patriziamarino2004@libero.it
2016-01-20, 21:16:16	512 - branchi.antonio@gmail.com
2016-01-20, 21:16:17	514 - fenderjazz83@yahoo.it
2016-01-20, 21:16:17	515 - lucagfrosi@gmail.com
2016-01-20, 21:16:19	516 - mela.tetti@gmail.com
2016-01-20, 21:16:19	517 - vicedirettore@conservatorio.firenze.it
2016-01-20, 21:16:19	519 - tittanesti@gmail.com
2016-01-20, 21:16:20	520 - rsvp@torrigiani.com
2016-01-20, 21:16:20	521 - fbusson@tin.it
2016-01-20, 21:16:21	522 - newsletter@lajetee.it
2016-01-20, 21:16:21	523 - info@capuanomusica.it
2016-01-20, 21:16:22	524 - alessandro.busa@metropolitanstudies.de
2016-01-20, 21:16:23	526 - notcarap@studioalbertocarapelle.191.it
2016-01-20, 21:16:23	527 - NOTARI5f@studioalbertocarapelle.191.it
2016-01-20, 21:16:24	528 - albertodebiase@virgilio.it
2016-01-20, 21:16:24	529 - info@albertopresutti.it
2016-01-20, 21:16:25	530 - alessandrobellucci@tin.it
2016-01-20, 21:16:26	531 - aledrum@virgilio.it
2016-01-20, 21:16:26	533 - cadenza@alice.it
2016-01-20, 21:16:27	534 - info@alessandrogalati.com
2016-01-20, 21:16:27	535 - alessandro.libertini@hotmail.it
2016-01-20, 21:16:28	536 - info@alessandromoretti.it
2016-01-20, 21:16:29	537 - quzilla@alice.it
2016-01-20, 21:16:29	538 - alessandromoretti@inwind.it
2016-01-20, 21:16:31	539 - alessia.bonini70@hotmail.it
2016-01-20, 21:16:31	540 - latitti@teletu.it
2016-01-20, 21:16:31	541 - alfredojacopozzi@tin.it
2016-01-20, 21:16:32	542 - alomabardi@icamus.org
2016-01-20, 21:16:32	543 - alomabardi@gmail.com
2016-01-20, 21:16:33	544 - amitarieli@hotmail.com
2016-01-20, 21:16:33	545 - a.bartolino@alice.it
2016-01-20, 21:16:34	547 - andreafranchini5@gmail.com
2016-01-20, 21:16:35	548 - andreaparenti@tim.eu.blackberry.com
2016-01-20, 21:16:35	549 - stigler@informacittafirenze.it
2016-01-20, 21:16:36	550 - andrea@zurli.it
2016-01-20, 21:16:36	551 - annakra@libero.it
2016-01-20, 21:16:37	552 - annabondi2@libero.it
2016-01-20, 21:16:38	553 - anna.giatti@fstfirenze.it
2016-01-20, 21:16:38	554 - annamannini@gmail.com
2016-01-20, 21:16:39	555 - amgabbrielli@virgilio.it
2016-01-20, 21:16:39	556 - ape.goretti@alice.it
2016-01-20, 21:16:41	557 - avvannasantini@yahoo.it
2016-01-20, 21:16:41	558 - annamaria.agostino@unifi.it
2016-01-20, 21:16:41	559 - annegrethoehler@gmx.de
2016-01-20, 21:16:42	560 - lellaarena@gmail.com
2016-01-20, 21:16:42	561 - arena@pittimmagine.com
2016-01-20, 21:16:43	562 - antonella.caponnetto@comune.fi.it
2016-01-20, 21:16:44	563 - antonellafazio@fastwebnet.it
2016-01-20, 21:16:44	565 - antoniocannata@gmail.com
2016-01-20, 21:16:45	566 - antoort@tin.it
2016-01-20, 21:16:45	567 - a.baracchi@tin.it
2016-01-20, 21:16:46	568 - sociale@arcifirenze.it
2016-01-20, 21:16:47	569 - vaballe@gmail.com
2016-01-20, 21:16:47	570 - moreno.balzani@telecomitalia.it
2016-01-20, 21:16:48	571 - bcasini@hotmail.com
2016-01-20, 21:16:49	572 - iadbar@alice.it
2016-01-20, 21:16:49	573 - paolobartolini@tin.it
2016-01-20, 21:16:50	574 - stefanobenifei@libero.it
2016-01-20, 21:16:50	575 - benvenuti@arcifirenze.it
2016-01-20, 21:16:51	576 - beppedati@email.it
2016-01-20, 21:16:51	577 - tirinnanzi@iol.it
2016-01-20, 21:16:52	578 - bernardoguerra@live.it
2016-01-20, 21:16:53	582 - sbrondi@alice.it
2016-01-20, 21:16:53	583 - lafattoriadibruni@virgilio.it
2016-01-20, 21:16:54	587 - casasua14@gmail.com
2016-01-20, 21:16:54	588 - casparis@pittimmagine.com
2016-01-20, 21:16:55	589 - chiarat@cheapnet.it
2016-01-20, 21:16:56	590 - c.brilli@controradio.it
2016-01-20, 21:16:56	591 - chiara.trinciavelli@gmail.com
2016-01-20, 21:16:57	592 - cinotri@tin.it
2016-01-20, 21:16:57	593 - societaperleidee@gmail.com
2016-01-20, 21:16:58	594 - info@claudiogiovagnoli.it
2016-01-20, 21:16:59	595 - claudio@bext.com
2016-01-20, 21:16:59	596 - claudiotilesi@gmail.com
2016-01-20, 21:17:01	597 - clorella.leni@tin.it
2016-01-20, 21:17:01	598 - consorzio.arci@libero.it
2016-01-20, 21:17:01	599 - cultura@ilcorriereonline.it
2016-01-20, 21:17:02	600 - cosimomarchese@hotmail.com
2016-01-20, 21:17:02	601 - costanzanocentini@hotmail.com
2016-01-20, 21:17:03	602 - cristian.sardelli@gmail.com
2016-01-20, 21:17:03	603 - cristianabudillon@libero.it
2016-01-20, 21:17:04	604 - crisfil08@yahoo.it
2016-01-20, 21:17:05	605 - cristinaitaliani@tiscali.it
2016-01-20, 21:17:05	606 - cris.italiani@gmail.com
2016-01-20, 21:17:06	607 - rdaidone@libero.it
2016-01-20, 21:17:06	608 - d.pelati@fastwebnet.it
2016-01-20, 21:17:07	609 - daniela.dedonno@janegoodall-italia.org
2016-01-20, 21:17:08	610 - dduse@hotmail.com
2016-01-20, 21:17:08	612 - danielalip@hotmail.com
2016-01-20, 21:17:09	613 - matta.daniela@yahoo.it
2016-01-20, 21:17:09	615 - d.tartaglia@socialdesign.eu
2016-01-20, 21:17:11	616 - dunia@dada.it
2016-01-20, 21:17:11	617 - conti@cnatoscana.it
2016-01-20, 21:17:11	618 - pelati.gosport@virgilio.it
2016-01-20, 21:17:12	619 - d.sordi@tin.it
2016-01-20, 21:17:12	620 - danilo_morini@libero.it
2016-01-20, 21:17:13	621 - cecchini3000@gmail.com
2016-01-20, 21:17:14	622 - vicesindaco@comune.fi.it
2016-01-20, 21:17:14	623 - demudav@tiscali.it
2016-01-20, 21:17:15	624 - davis.franceschini@dada.it
2016-01-20, 21:17:15	625 - roberto.dephilippis@unifi.it
2016-01-20, 21:17:16	626 - 3gnometti@gmail.com
2016-01-20, 21:17:17	627 - S.Degl'Innocenti@quadrifoglio.org
2016-01-20, 21:17:17	628 - dego.carra2@gmail.com
2016-01-20, 21:17:18	629 - l.dicoverciano@libero.it
2016-01-20, 21:17:18	630 - direzione.iicpraga@esteri.it
2016-01-20, 21:17:19	631 - direzione@teatrodellapergola.com
2016-01-20, 21:17:20	632 - drinamoretti@gmail.com
2016-01-20, 21:17:20	633 - dcbertini@usa.net
2016-01-20, 21:17:21	634 - ducezio@iol.it
2016-01-20, 21:17:22	635 - strianoc@posteitaliane.it
2016-01-20, 21:17:22	636 - elena.migliorati@gmail.com
2016-01-20, 21:17:23	637 - rebeldemaisha@gmail.com
2016-01-20, 21:17:23	638 - elisagagliardi@tuscaninstitute.it
2016-01-20, 21:17:24	639 - elisabettamanuelli@garzondi.com
2016-01-20, 21:17:24	640 - elisabettasiani@msservizi.it
2016-01-20, 21:17:25	641 - emanuele.torquati@gmail.com
2016-01-20, 21:17:26	642 - emanuele.parrini1@virgilio.it
2016-01-20, 21:17:26	643 - culturaesteri@mail.regione.toscana.it
2016-01-20, 21:17:27	644 - enrico@lucianobenini.it
2016-01-20, 21:17:27	645 - flogfi@virgilio.it
2016-01-20, 21:17:28	646 - enzo.boddi@libero.it
2016-01-20, 21:17:29	647 - enzomileo@tin.it
2016-01-20, 21:17:29	648 - ermannocirri@hotmail.com
2016-01-20, 21:17:30	649 - ettorebonafe@libero.it
2016-01-20, 21:17:30	650 - evaige@riseup.net
2016-01-20, 21:17:31	651 - eventi.iicankara@esteri.it
2016-01-20, 21:17:33	652 - musica@fabbricaeuropa.net
2016-01-20, 21:17:33	653 - laurenzi.fabiana@gmail.com
2016-01-20, 21:17:33	654 - lupifabio63@gmail.com
2016-01-20, 21:17:33	655 - info@fabiomorgera.com
2016-01-20, 21:17:34	656 - fabriziomorga@libero.it
2016-01-20, 21:17:35	657 - facchiniluca@hotmail.com
2016-01-20, 21:17:35	658 - farhad_orouji@yahoo.com
2016-01-20, 21:17:36	659 - federica.marti@virgilio.it
2016-01-20, 21:17:36	660 - info@federicobertelli.com
2016-01-20, 21:17:37	661 - stramortimer@tiscali.it
2016-01-20, 21:17:38	662 - bagatelle_contemporary@yahoo.it
2016-01-20, 21:17:38	663 - filippopedol@alice.it
2016-01-20, 21:17:39	664 - redazione@firenzespettacolo.it
2016-01-20, 21:17:39	665 - auditorium1@virgilio.it
2016-01-20, 21:17:40	666 - fosco.damelio@gmail.com
2016-01-20, 21:17:41	667 - frabernardini@libero.it
2016-01-20, 21:17:41	668 - francesca@francescabreschi.it
2016-01-20, 21:17:42	669 - fra.campigli@gmail.com
2016-01-20, 21:17:43	670 - chiavacci@arci.it
2016-01-20, 21:17:43	671 - francentri@inwind.it
2016-01-20, 21:17:44	672 - simone.franceschi@infogroup.it
2016-01-20, 21:17:44	673 - francescobassi@tin.it
2016-01-20, 21:17:45	674 - birardifrancesco@gmail.com
2016-01-20, 21:17:45	675 - francescodonnini@hotmail.com
2016-01-20, 21:17:46	676 - uffstampa@amicimusica.fi.it
2016-01-20, 21:17:47	678 - fmaccia@tiscali.it
2016-01-20, 21:17:47	679 - magnuz@stazionilunari.com
2016-01-20, 21:17:48	680 - michi@arteco.org
2016-01-20, 21:17:48	681 - francoshiatsu@tele2.it
2016-01-20, 21:17:49	682 - franco.busignani@alice.it
2016-01-20, 21:17:50	683 - franave55@gmail.com
2016-01-20, 21:17:50	684 - jbpinza@tin.it
2016-01-20, 21:17:51	685 - frannagiu@hotmail.com
2016-01-20, 21:17:51	687 - f.paloscia@repubblica.it
2016-01-20, 21:17:52	688 - gabriele.bartolucci@gmail.com
2016-01-20, 21:17:53	689 - g.bonomo@sugarmusic.com
2016-01-20, 21:17:54	690 - buondonno@chianticlassico.com
2016-01-20, 21:17:54	691 - g.torcia@dfc.unifi.it
2016-01-20, 21:17:54	692 - gige@dada.it
2016-01-20, 21:17:55	693 - gerardo.caso@asftoscana.it
2016-01-20, 21:17:56	695 - gdebastiani@gmail.com
2016-01-20, 21:17:56	696 - cda@comune.pontassieve.fi.it
2016-01-20, 21:17:57	697 - giada23@tin.it
2016-01-20, 21:17:57	698 - info@mauriziogiammarco.com
2016-01-20, 21:17:58	699 - gianluigi_destefanis@yahoo.it
2016-01-20, 21:17:59	700 - g.cardini@hotmail.it
2016-01-20, 21:17:59	701 - fantafesta2@yahoo.it
2016-01-20, 21:18:00	702 - gc802001@yahoo.it
2016-01-20, 21:18:00	703 - gianfranconarracci@hotmail.com
2016-01-20, 21:18:01	704 - gdibernardo@agenti.manzoni.it
2016-01-20, 21:18:02	705 - giannatarchi@gmail.com
2016-01-20, 21:18:02	706 - gianni.grisolia@alice.it
2016-01-20, 21:18:03	707 - giannipini@eventimusicpool.it
2016-01-20, 21:18:03	709 - gignoromotorio@diaconiavaldese.org
2016-01-20, 21:18:05	710 - Gilberto.Cecchini@unipolbanca.it
2016-01-20, 21:18:05	711 - giorgia.giovannetti@unifi.it
2016-01-20, 21:18:05	712 - giorgio.bassi@promotorifinecobank.it
2016-01-20, 21:18:06	713 - giorgio.prandi59@gmail.com
2016-01-20, 21:18:06	715 - giovacchini@pittimmagine.com
2016-01-20, 21:18:07	716 - jobertolino@tiscali.it
2016-01-20, 21:18:08	717 - gbmusic@bigazzimusic.com
2016-01-20, 21:18:08	718 - giovavoz@tin.it
2016-01-20, 21:18:09	719 - gisella.pasquini@hotmail.it
2016-01-20, 21:18:09	720 - gisella.pasquini@carige.it
2016-01-20, 21:18:10	721 - info@nuovieventimusicali.it
2016-01-20, 21:18:11	722 - wigna@dada.it
2016-01-20, 21:18:11	723 - gloria.salviati@alice.it
2016-01-20, 21:18:12	724 - glorialucchesiasso@gmail.com
2016-01-20, 21:18:12	725 - graziabonini@alice.it
2016-01-20, 21:18:13	726 - g.dei@katamail.com
2016-01-20, 21:18:14	727 - g.menicatti@alice.it
2016-01-20, 21:18:15	728 - gregoriomoppi@katamail.com
2016-01-20, 21:18:15	729 - gregorionardi@interfree.it
2016-01-20, 21:18:15	731 - hamadachadli@hotmail.it
2016-01-20, 21:18:16	732 - iacopo23@gmail.com
2016-01-20, 21:18:17	733 - lorella.romagnoli@ilgiornaledellatoscana.it
2016-01-20, 21:18:17	735 - immobiliareburgassi@gmail.com
2016-01-20, 21:18:18	736 - info@musipolitana.it
2016-01-20, 21:18:18	737 - info@area-clienti.com
2016-01-20, 21:18:19	738 - info@florencenewspaper.it
2016-01-20, 21:18:20	739 - info@musicfactorylive.it
2016-01-20, 21:18:20	740 - info@villapalagio.it
2016-01-20, 21:18:21	741 - infogiov@comune.fi.it
2016-01-20, 21:18:21	742 - informagiovani.fi@gmail.com
2016-01-20, 21:18:22	743 - informale@libero.it
2016-01-20, 21:18:23	744 - i.coccia@comune.fi.it
2016-01-20, 21:18:23	745 - direzione@istitutofrancese.it
2016-01-20, 21:18:24	747 - info@jacopomartini.com
2016-01-20, 21:18:25	748 - munz.jr@gmail.com
2016-01-20, 21:18:25	749 - info@biellajazzclub.com
2016-01-20, 21:18:26	750 - jazzclub@mobilia.it
2016-01-20, 21:18:26	751 - combojazzclub@libero.it
2016-01-20, 21:18:27	752 - modenajazzclub@iol.it
2016-01-20, 21:18:27	753 - info@jazzclub.torino.it
2016-01-20, 21:18:28	754 - info@jazzchalet.com
2016-01-20, 21:18:29	755 - info@panicjazzclub.com
2016-01-20, 21:18:29	756 - redazione@jazzcolours.it
2016-01-20, 21:18:30	757 - joy.devito@gmail.com
2016-01-20, 21:18:30	758 - l.cappelli@gialexong.com
2016-01-20, 21:18:31	759 - labottegadellacquaforte@tin.it
2016-01-20, 21:18:32	760 - cronacafi@lanazione.net
2016-01-20, 21:18:32	761 - firenze@repubblica.it
2016-01-20, 21:18:33	762 - lara.brocca@janegoodall-italia.org
2016-01-20, 21:18:33	763 - lastraioli@interfree.it
2016-01-20, 21:18:34	764 - laura.mauric@gmail.com
2016-01-20, 21:18:35	765 - laura.righi08@gmail.com
2016-01-20, 21:18:35	766 - venturi@los-tudio.com
2016-01-20, 21:18:37	767 - raffaellopareti@alice.it
2016-01-20, 21:18:37	768 - leonardo.bonini@tin.it
2016-01-20, 21:18:37	769 - l.piccioli@tin.it
2016-01-20, 21:18:38	770 - leonardo.pieri@yahoo.it
2016-01-20, 21:18:38	771 - leonardovolo@hotmail.com
2016-01-20, 21:18:39	772 - letizia.cini@lanazione.it
2016-01-20, 21:18:39	773 - info@lacitelibreria.it
2016-01-20, 21:18:40	774 - l.grueff@libero.it
2016-01-20, 21:18:41	775 - lisagi@tiscali.it
2016-01-20, 21:18:41	776 - giardinellil@gmail.com
2016-01-20, 21:18:42	777 - aranguren58@gmail.com
2016-01-20, 21:18:42	778 - jbobin@tin.it
2016-01-20, 21:18:43	779 - accolturato@gmail.com
2016-01-20, 21:18:44	780 - mc.lagreca@virgilio.it
2016-01-20, 21:18:44	781 - sinapsidibiru@libero.it
2016-01-20, 21:18:45	782 - papessa.veg@gmail.com
2016-01-20, 21:18:45	783 - 3476622872@email.it
2016-01-20, 21:18:47	784 - jodown@tin.it
2016-01-20, 21:18:47	785 - qyrano@gmail.com
2016-01-20, 21:18:47	786 - cussottocri@yahoo.it
2016-01-20, 21:18:48	787 - l.giacomi@forresthillrecords.com
2016-01-20, 21:18:48	788 - lopallini@libero.it
2016-01-20, 21:18:49	790 - lorenza.centola@gmail.com
2016-01-20, 21:18:50	791 - lorenzoballini@tiscali.it
2016-01-20, 21:18:50	792 - lorenzo.forti@alice.it
2016-01-20, 21:18:51	793 - loreghera@gmail.com
2016-01-20, 21:18:51	794 - loresol@tiscali.it
2016-01-20, 21:18:52	795 - luca.debiase@alice.it
2016-01-20, 21:18:53	796 - luca@magrini.net
2016-01-20, 21:18:53	797 - lucaberni@dada.it
2016-01-20, 21:18:54	798 - lucadivolo@tiscali.it
2016-01-20, 21:18:54	799 - luca.fantini83@gmail.com
2016-01-20, 21:18:55	800 - lucajelly71@gmail.com
2016-01-20, 21:18:56	801 - magro@dada.it
2016-01-20, 21:18:56	802 - lucamarianini@gmail.com
2016-01-20, 21:18:57	803 - lucapagnini@tiscali.it
2016-01-20, 21:18:57	804 - zanzanluca@gmail.com
2016-01-20, 21:18:59	805 - luca_cai@virgilio.it
2016-01-20, 21:18:59	806 - lucia.calzolari.rudl@mac.com
2016-01-20, 21:18:59	807 - lucia.calzolari.rudl@me.com
2016-01-20, 21:19:00	808 - lpelatti@firenze.cna.it
2016-01-20, 21:19:00	810 - lucrezia@lu-nation.com
2016-01-20, 21:19:01	811 - pilarmadd@gmail.com
2016-01-20, 21:19:02	812 - info@maieutike.net
2016-01-20, 21:19:02	813 - management@musipolitana.it
2016-01-20, 21:19:03	814 - Piero.Mannini@fao.org
2016-01-20, 21:19:03	815 - marco.r2002@libero.it
2016-01-20, 21:19:04	816 - marco@magrini.net
2016-01-20, 21:19:05	817 - mbaroncini@yahoo.it
2016-01-20, 21:19:05	818 - m.barsanti1@virgilio.it
2016-01-20, 21:19:06	819 - marco.bini2004@gmail.com
2016-01-20, 21:19:06	820 - marcocattarossi@virgilio.it
2016-01-20, 21:19:07	821 - fancelli2@interfree.it
2016-01-20, 21:19:08	822 - marco.gelli@libero.it
2016-01-20, 21:19:09	823 - marcowar53@gmail.com
2016-01-20, 21:19:09	824 - mlamioni@silence.it
2016-01-20, 21:19:09	825 - lamionimarco@gmail.com
2016-01-20, 21:19:10	826 - m.morandi@katamail.com
2016-01-20, 21:19:11	827 - ben@bianchienardi.it
2016-01-20, 21:19:11	828 - polo@immobilifirenze.com
2016-01-20, 21:19:12	830 - info@marcotriarico.com
2016-01-20, 21:19:12	831 - mail@tarantella-scalza.de
2016-01-20, 21:19:13	832 - margherita.damelio@googlemail.com
2016-01-20, 21:19:14	833 - mloscerbo@libero.it
2016-01-20, 21:19:14	834 - mariapalme@gmail.com
2016-01-20, 21:19:15	835 - mptoscano@tiscali.it
2016-01-20, 21:19:15	836 - marina.bistolfi@gmail.com
2016-01-20, 21:19:16	837 - formazione@fabbricaeuropa.net
2016-01-20, 21:19:17	838 - marina.ciappi@poste.it
2016-01-20, 21:19:17	840 - m.bufano@controradio.it
2016-01-20, 21:19:18	841 - evangelista.mar@gmail.com
2016-01-20, 21:19:18	842 - marta.dipuccio@yahoo.it
2016-01-20, 21:19:20	843 - marti.bombetta@hotmail.it
2016-01-20, 21:19:20	844 - mary.arcuri@gmail.com
2016-01-20, 21:19:20	845 - marzia.frediani@arci.it
2016-01-20, 21:19:21	846 - m.calderai@libero.it
2016-01-20, 21:19:21	847 - gramigni@assomusica.org
2016-01-20, 21:19:22	848 - innocenti.cer@virgilio.it
2016-01-20, 21:19:23	849 - maxrastrelli@alice.it
2016-01-20, 21:19:23	850 - massimosantini53@alice.it
2016-01-20, 21:19:24	851 - m.ercolanelli@tin.it
2016-01-20, 21:19:24	853 - matteo@florenceandabroad.com
2016-01-20, 21:19:25	854 - matthiasschubert@online.de
2016-01-20, 21:19:26	855 - matthew_carrera@hotmail.it
2016-01-20, 21:19:26	856 - maurizio@creativebrains.it
2016-01-20, 21:19:27	857 - mauro.grossi@tin.it
2016-01-20, 21:19:27	858 - ginnasticailpoggetto@alice.it
2016-01-20, 21:19:28	861 - michbar@tele2.it
2016-01-20, 21:19:29	862 - michee@hotmail.it
2016-01-20, 21:19:29	863 - cs@indie-eye.it
2016-01-20, 21:19:30	864 - m.ignelzi@tin.it
2016-01-20, 21:19:30	865 - michelemanzotti@lanazione.it
2016-01-20, 21:19:32	866 - michelepapadia@hotmail.com
2016-01-20, 21:19:32	867 - mikestain@hotmail.com
2016-01-20, 21:19:32	868 - miketurk@tinsandwichmusic.com
2016-01-20, 21:19:33	869 - milneaz@hotmail.com
2016-01-20, 21:19:33	870 - cirkoguerrini@gmail.com
2016-01-20, 21:19:34	871 - info@spbstudio.it
2016-01-20, 21:19:35	873 - morenoniccolai@virgilio.it
2016-01-20, 21:19:35	874 - stefano@morinisport.it
2016-01-20, 21:19:36	875 - musicus@dada.it
2016-01-20, 21:19:36	876 - fanutti@dada.it
2016-01-20, 21:19:37	877 - neri.torrigiani@torrigiani.com
2016-01-20, 21:19:38	878 - mabenvenuti@gmail.com
2016-01-20, 21:19:38	879 - nicconerb@gmail.com
2016-01-20, 21:19:39	880 - nicola@eipe.it
2016-01-20, 21:19:39	881 - nicola.cellai@gmail.com
2016-01-20, 21:19:40	882 - nicola.maccianti@libero.it
2016-01-20, 21:19:41	883 - nikizazzeri@yahoo.it
2016-01-20, 21:19:41	884 - nicolettamanzini@libero.it
2016-01-20, 21:19:42	885 - ninogioia@gmail.com
2016-01-20, 21:19:43	886 - amministrazionenovaradio@arcifirenze.it
2016-01-20, 21:19:43	889 - pantanigianluca@gmail.com
2016-01-20, 21:19:44	890 - paola-amadio@tiscali.it
2016-01-20, 21:19:44	891 - paoladili@virgilio.it
2016-01-20, 21:19:45	892 - papinipaola@supereva.it
2016-01-20, 21:19:45	893 - pabillo@libero.it
2016-01-20, 21:19:46	894 - carradori@inwind.it
2016-01-20, 21:19:47	895 - giampaolo.casu@libero.it
2016-01-20, 21:19:47	896 - db@paolo.dellabella.name
2016-01-20, 21:19:48	898 - paologuidotti@hotmail.it
2016-01-20, 21:19:48	899 - info@paolomari.net
2016-01-20, 21:19:49	900 - p.russo@repubblica.it
2016-01-20, 21:19:50	901 - pasquale.rimolo@poste.it
2016-01-20, 21:19:50	904 - info@piccoliprincipiteatro.it
2016-01-20, 21:19:51	905 - pierluigivannucchi@gmail.com
2016-01-20, 21:19:51	906 - pieroborri@gmail.com
2016-01-20, 21:19:52	907 - pierobronzi@gmail.com
2016-01-20, 21:19:53	908 - sorrepino@libero.it
2016-01-20, 21:19:53	909 - pippissimo88@hotmail.it
2016-01-20, 21:19:55	910 - pirilla@alice.it
2016-01-20, 21:19:55	911 - pmaccia@inwind.it
2016-01-20, 21:19:55	912 - raffabelli@yahoo.it
2016-01-20, 21:19:56	913 - al.severi@rai.it
2016-01-20, 21:19:56	914 - renatocordovani@alice.it
2016-01-20, 21:19:57	915 - renzo_roselli@libero.it
2016-01-20, 21:19:57	916 - redazione@toscanaclassica.net
2016-01-20, 21:19:58	917 - r.innocenti@lofficinapsicoacustica.it
2016-01-20, 21:19:59	918 - info@promowine.it
2016-01-20, 21:19:59	919 - riccardo.ciolino@email.com
2016-01-20, 21:20:00	920 - riccardodellocchio@virgilio.it
2016-01-20, 21:20:00	921 - riccardo_galimberti@live.it
2016-01-20, 21:20:01	922 - rc@nestiblack.it
2016-01-20, 21:20:02	923 - onorius@virgilio.it
2016-01-20, 21:20:02	924 - riccardosaveri@virgilio.it
2016-01-20, 21:20:03	925 - rferrazza2000@yahoo.it
2016-01-20, 21:20:03	926 - roberta.ferrazza@esteri.it
2016-01-20, 21:20:04	927 - arovida@tiscalinet.it
2016-01-20, 21:20:05	928 - roberta.serni@istruzione.it
2016-01-20, 21:20:06	929 - libusati@iol.it
2016-01-20, 21:20:06	930 - rob.scheggia@libero.it
2016-01-20, 21:20:06	931 - roberto_benvenuti2003@yahoo.it
2016-01-20, 21:20:07	932 - roboconti@libero.it
2016-01-20, 21:20:08	933 - info@rmprogetti.it
2016-01-20, 21:20:08	934 - manrob1999@yahoo.it
2016-01-20, 21:20:09	935 - bobnistri@gmail.com
2016-01-20, 21:20:09	936 - rodolfosarli@yahoo.it
2016-01-20, 21:20:10	937 - romana.bellato@gmail.com
2016-01-20, 21:20:11	939 - rosippo@tiscali.it
2016-01-20, 21:20:11	941 - rubencha@virgilio.it
2016-01-20, 21:20:12	942 - saxofono@alice.it
2016-01-20, 21:20:12	943 - jazz@morinisport.it
2016-01-20, 21:20:13	944 - scuola.verdi@comune.prato.it
2016-01-20, 21:20:14	945 - dicomano@scuolacomunaledimusica.it
2016-01-20, 21:20:14	946 - smcpontassieve@tiscali.it
2016-01-20, 21:20:15	947 - info@scuoladimusicasesto.it
2016-01-20, 21:20:16	948 - musica@comune.poggibonsi.si.it
2016-01-20, 21:20:16	949 - sdipuccio@hotmail.it
2016-01-20, 21:20:17	950 - segreteria.arcifirenze@gmail.com
2016-01-20, 21:20:17	951 - segreteria@firenzespettacolo.it
2016-01-20, 21:20:18	952 - lsantoni@firenze.cna.it
2016-01-20, 21:20:18	953 - sentieriacustici@gmail.com
2016-01-20, 21:20:19	954 - sermot@alice.it
2016-01-20, 21:20:20	955 - shahrzad_orouji@yahoo.com
2016-01-20, 21:20:20	956 - Cristina.Siani@infrontsports.com
2016-01-20, 21:20:21	957 - silvanopanichi@gmail.com
2016-01-20, 21:20:21	958 - santini.silvia391@tiscali.it
2016-01-20, 21:20:22	959 - simonapiccioli@tiscali.it
2016-01-20, 21:20:23	960 - fallaci@dada.it
2016-01-20, 21:20:23	961 - simonegraziano79@yahoo.it
2016-01-20, 21:20:24	963 - smnsnt68@gmail.com
2016-01-20, 21:20:24	964 - soniacomoni@virgilio.it
2016-01-20, 21:20:25	965 - stefania.doni@gmail.com
2016-01-20, 21:20:26	966 - ste.dell@hotmail.com
2016-01-20, 21:20:27	967 - tatami33@virgilio.it
2016-01-20, 21:20:27	968 - s.bartoli@fastwebnet.it
2016-01-20, 21:20:27	969 - stefdemarco@hotmail.it
2016-01-20, 21:20:28	970 - direzione@scandiccicultura.org
2016-01-20, 21:20:29	971 - contart@dinonet.it
2016-01-20, 21:20:29	972 - stefanomagnolfi@hotmail.com
2016-01-20, 21:20:30	973 - stefano.mangani@unisi.it
2016-01-20, 21:20:30	974 - negri.s@tele2.it
2016-01-20, 21:20:31	975 - stefanoonorati@gmail.com
2016-01-20, 21:20:32	976 - stefanorapicavoli@gmail.com
2016-01-20, 21:20:32	977 - formazione@stefanorusso.it
2016-01-20, 21:20:33	978 - lupomaremmano@katamail.com
2016-01-20, 21:20:33	980 - szenni@tin.it
2016-01-20, 21:20:34	981 - studiorap@libero.it
2016-01-20, 21:20:35	982 - susannastigler@gmail.com
2016-01-20, 21:20:35	983 - susannastigler@informacitta.net
2016-01-20, 21:20:36	984 - susanna.crociani@libero.it
2016-01-20, 21:20:36	985 - info@susybellucci.com
2016-01-20, 21:20:37	986 - t.coppi@mail.regione.toscana.it
2016-01-20, 21:20:38	987 - tamara.coppiceccantini@regione.toscana.it
2016-01-20, 21:20:38	988 - promo@teatrodellalimonaia.it
2016-01-20, 21:20:40	989 - comunicazione@teatrodellapergola.com
2016-01-20, 21:20:40	990 - info@metastasio.it
2016-01-20, 21:20:40	991 - infoteatro@scandiccicultura.it
2016-01-20, 21:20:41	992 - tolminomarianini@yahoo.it
2016-01-20, 21:20:41	993 - info@toscanamusiche.it
2016-01-20, 21:20:42	994 - trinciavelli@effe2srl.it
2016-01-20, 21:20:42	995 - culturaq2@comune.fi.it
2016-01-20, 21:20:43	997 - valentino.s@alice.it
2016-01-20, 21:20:44	998 - vmorelliit@yahoo.it
2016-01-20, 21:20:44	999 - striano@arci.it
2016-01-20, 21:20:45	1000 - vorsetti@hotmail.com
2016-01-20, 21:20:45	1001 - wilmasperanzini@gmail.com
2016-01-20, 21:20:46	1002 - info@spazioalfieri.it
2016-01-20, 21:20:47	1006 - giuliostracciati@hotmail.it
2016-01-20, 21:20:47	1008 - sergio-rizzo@hotmail.it
2016-01-20, 21:20:48	1009 - casa@globeit.it
2016-01-20, 21:20:49	1012 - sanjeev@tin.it
2016-01-20, 21:20:49	1013 - lorellagrecu@gmail.com
2016-01-20, 21:20:50	1015 - nunziati@alice.it
2016-01-20, 21:20:50	1017 - ludolegend@libero.it
2016-01-20, 21:20:51	1018 - marco.lani84@gmail.com
2016-01-20, 21:20:51	1019 - margherithouse@hotmail.it
2016-01-20, 21:20:52	1020 - n.vallese@gmail.com
2016-01-20, 21:20:53	1021 - giuseppe.dipietro50@gmail.com
2016-01-20, 21:20:53	1022 - mattia.ceccantini@email.it
2016-01-20, 21:20:54	1024 - brownmassimo@gmail.com
2016-01-20, 21:20:54	1026 - annamariabaccellini@vodafone.it
2016-01-20, 21:20:55	1027 - damore.stefania@gmail.com
2016-01-20, 21:20:56	1028 - lisehertz@gmail.com
2016-01-20, 21:20:56	1029 - massimo.tempesti@gmail.com
2016-01-20, 21:20:57	1030 - ema19e87@yahoo.it
2016-01-20, 21:20:58	1031 - lorenzo.bagnoli@hotmail.it
2016-01-20, 21:20:58	1032 - otta.giulio@gmail.com
2016-01-20, 21:20:59	1033 - otta.giulio@gmail.com
2016-01-20, 21:20:59	1034 - irene.stolzi@unifi.it
2016-01-20, 21:21:00	1035 - rosannariccio@yahoo.it
2016-01-20, 21:21:00	1036 - patrizia.seravalli@gmail.com
2016-01-20, 21:21:01	1037 - piccini.a@gmail.com
2016-01-20, 21:21:02	1038 - mazzanti.maurizio@gmail.com
2016-01-20, 21:21:02	1039 - f.beghi@centroseta.it
2016-01-20, 21:21:03	1040 - rmartini@libero.it
2016-01-20, 21:21:03	1041 - mari_palom@yahoo.it
2016-01-20, 21:21:04	1042 - bobpratellesi@yahoo.it
2016-01-20, 21:21:05	1043 - laura.mattioli@asf.toscana.it
2016-01-20, 21:21:05	1044 - laura.mattioli@asf.toscana.it
2016-01-20, 21:21:06	1045 - alessandromedda.music@gmail.com
2016-01-20, 21:21:06	1047 - robertadoni60@gmail.com
2016-01-20, 21:21:07	1049 - nachibana23@gmail.com
2016-01-20, 21:21:08	1051 - simobrilli@live.it
2016-01-20, 21:21:08	1053 - elisabetta.lucherini@gmail.com
2016-01-20, 21:21:10	1055 - ludolegend@libero.it
2016-01-20, 21:21:10	1056 - galletti.lorenzo98@gmail.com
2016-01-20, 21:21:10	1058 - manrob1999@yahoo.it
2016-01-20, 21:21:11	1059 - daniluk.dado@gmail.com
2016-01-20, 21:21:11	1060 - qui-e-ora@libero.it
2016-01-20, 21:21:12	1061 - fabiozini@alice.it
2016-01-20, 21:21:12	1062 - maurizio.delmastro@gmail.com
2016-01-20, 21:21:13	1064 - laura@mannuccisrl.it
2016-01-20, 21:21:14	1065 - cl.rusconi@gmail.com
2016-01-20, 21:21:14	1066 - machibana23@gmail.it
2016-01-20, 21:21:15	1067 - gaguz1999@gmail.com
2016-01-20, 21:21:15	1068 - gabriele_baratto@libero.it
2016-01-20, 21:21:16	1070 - anna.basagni@hotmail.it
2016-01-20, 21:21:17	1071 - mniccolai22@gmail.com
2016-01-20, 21:21:17	1074 - scioni57@libero.it
2016-01-20, 21:21:18	1075 - simonagraz@libero.it
2016-01-20, 21:21:18	1076 - info@agriturismocirene.com
2016-01-20, 21:21:19	1078 - borraniantonio@gmail.com
2016-01-20, 21:21:21	1079 - giorgio.varalli@fastwebnet.it
2016-01-20, 21:21:21	1080 - paol.marini@tiscali.it
2016-01-20, 21:21:21	1082 - ml.berenger@sfr.fr
2016-01-20, 21:21:21	1083 - fam.diste@alice.it
2016-01-20, 21:21:22	1085 - umberto.tenaglia@alice.it
2016-01-20, 21:21:23	1086 - riccardoschillaci@msn.com
2016-01-20, 21:21:23	1087 - lombe2012@gmail.com
2016-01-20, 21:21:24	1088 - cingicinzia@yahoo.it
2016-01-20, 21:21:24	1089 - adrianalipsi@gmail.com
2016-01-20, 21:21:25	1090 - francescobarbani@gmail.com
2016-01-20, 21:21:26	1091 - dumm12bg@gmail.com
2016-01-20, 21:21:26	1092 - leomacaluso@libero.it
2016-01-20, 21:21:27	1093 - francy_andrea@yahoo.it
2016-01-20, 21:21:27	1094 - cate.glasser@gmail.com
2016-01-20, 21:21:28	1095 - cate.glasser@gmail.com
2016-01-20, 21:21:29	1096 - ila.zucconi@gmail.com
2016-01-20, 21:21:29	1097 - antosteph@alice.it
2016-01-20, 21:21:31	1098 - bobaoster@gmail.com
2016-01-20, 21:21:31	1099 - g.malevolti@gmail.com
2016-01-20, 21:21:31	1101 - tommypampa@libero.it
2016-01-20, 21:21:32	1102 - rossicarlo93@libero.it
2016-01-20, 21:21:32	1106 - francesco.crimeni59@gmail.com
2016-01-20, 21:21:33	1109 - mcorsini1966@libero.it
2016-01-20, 21:21:33	1110 - valeria.pezzati@gmail.com
2016-01-20, 21:21:34	1111 - f.barbara69@tin.it
2016-01-20, 21:21:35	1112 - franco.frati@gmail.com
2016-01-20, 21:21:35	1114 - senza@mail.it
2016-01-20, 21:21:36	1117 - lauracapecchi@alice.it
2016-01-20, 21:21:36	1118 - lucianacapasso@virgilio.it
2016-01-20, 21:21:37	1119 - lu-gal@hotmail.it
2016-01-20, 21:21:38	1120 - nicolucci@studiomichelangelo.it
2016-01-20, 21:21:38	1124 - alessandra.cortese68@gmail.com
2016-01-20, 21:21:39	1125 - cungicinzia@yahoo.it
2016-01-20, 21:21:39	1126 - melezappa@gmail.com
2016-01-20, 21:21:40	1127 - fusarco@gmail.com
2016-01-20, 21:21:42	1128 - giovanna.danza@unifi.it
2016-01-20, 21:21:42	1129 - marty1942@hotmail.it
2016-01-20, 21:21:42	1130 - francesco.martinelli@gmail.com
2016-01-20, 21:21:42	1131 - pintoka@libero.it
2016-01-20, 21:21:43	1132 - silvia@poggiali.it
2016-01-20, 21:21:44	1133 - stefano.dare1@gmail.com
2016-01-20, 21:21:44	1134 - letiziadanti@libero.it
2016-01-20, 21:21:45	1135 - monica.ulivieri@gmail.com
2016-01-20, 21:21:45	1136 - bobnistri@gmail.com
2016-01-20, 21:21:46	1137 - stike73@libero.it
2016-01-20, 21:21:47	1138 - giancarlo.cardini@aol.com
2016-01-20, 21:21:47	1139 - alfonso.borghese@virgilio.it
2016-01-20, 21:21:48	1140 - alvarocompany@tiscali.it
2016-01-20, 21:21:48	1141 - fiamma.nicolodi@unifi.it
2016-01-20, 21:21:49	1142 - mr@marioruffini.it
2016-01-20, 21:21:50	1143 - paolo.somigli@fastwebnet.it
2016-01-20, 21:21:50	1144 - rfabbriciani@alice.it
2016-01-20, 21:21:51	1145 - paola.gibbin@beniculturali.it
2016-01-20, 21:21:51	1146 - info@danielelombardi.com
2016-01-20, 21:21:52	1148 - lc@leliocamilleri.it
2016-01-20, 21:21:54	1149 - albert.mayr@gmail.com
2016-01-20, 21:21:54	1150 - romano.pezzati@gmail.com
2016-01-20, 21:21:54	1151 - orsellicesare@libero.it
2016-01-20, 21:21:54	1152 - elcefi@hotmail.it
2016-01-20, 21:21:55	1154 - sofiaweckdomenici@gmail.com
2016-01-20, 21:21:56	1155 - passalacqua.fulvio@gmail.com
2016-01-20, 21:21:56	1157 - francesco.zampini93@gmail.com
2016-01-20, 21:21:57	1158 - ticarfora65@gmail.com
2016-01-20, 21:21:57	1159 - chiara.fantini@tiscali.it
2016-01-20, 21:21:58	1160 - flaviornr@hotmail.it
2016-01-20, 21:21:59	1161 - giannifrati@alice.it
2016-01-20, 21:21:59	1162 - production@limenmusic.com
2016-01-20, 21:22:00	1163 - filippopedol@alice.it
2016-01-20, 21:22:00	1164 - andrea@sleepiscommercial.com
2016-01-20, 21:22:01	1165 - francescatofanari@gmail.com
2016-01-20, 21:22:02	1166 - casinipippo@gmail.com
2016-01-20, 21:22:02	1167 - roskeith@libero.it
2016-01-20, 21:22:04	1168 - giuseppe.tavanti@gmail.com
2016-01-20, 21:22:04	1169 - stefanomagnaschi@tiscali.it
2016-01-20, 21:22:04	1170 - giancodel@libero.it
2016-01-20, 21:22:05	1174 - f.iacometti@tiscali.it
2016-01-20, 21:22:05	1175 - luigi.ripa@gmail.com
2016-01-20, 21:22:06	1176 - dilauro.ripa@gmail.com
2016-01-20, 21:22:06	1177 - giulia.bartolini0@gmail.com
2016-01-20, 21:22:07	1180 - michdr86@yahoo.it
2016-01-20, 21:22:08	1181 - dylauro@alice.it
2016-01-20, 21:22:08	1182 - beatrice.padelletti@gmail.com
2016-01-20, 21:22:09	1183 - basilmari@tiscali.it
2016-01-20, 21:22:09	1184 - eughenes@alice.it
2016-01-20, 21:22:10	1185 - g.martignon@gmail.com
2016-01-20, 21:22:11	1186 - o.pettini@libero.it
2016-01-20, 21:22:11	1187 - o.pettini@libero.it
2016-01-20, 21:22:12	1188 - alex.gentili90@gmail.com
2016-01-20, 21:22:13	1189 - iolandastrozza@gmail.com
2016-01-20, 21:22:13	1190 - patgrass@libero.it
2016-01-20, 21:22:14	1191 - sarapassavinti@gmail.com
2016-01-20, 21:22:14	1192 - michelepizzolli@live.com
2016-01-20, 21:22:15	1193 - giovavoz@gmail.com
2016-01-20, 21:22:15	1194 - alessandrofani@hotmail.com
2016-01-20, 21:22:16	1195 - pinaxi@libero.it
2016-01-20, 21:22:17	1196 - benedetta.calonaci@unifi.it
2016-01-20, 21:22:17	1197 - benedetta.calonaci@unifi.it
2016-01-20, 21:22:18	1199 - mcsansoni@hotmail.com
2016-01-20, 21:22:18	1200 - gioia.griffo@alice.it
2016-01-20, 21:22:19	1201 - nicolesiecat@gmail.com
2016-01-20, 21:22:20	1202 - g.baldi@avvocatobaldi.com
2016-01-20, 21:22:20	1203 - carlo.ortolani@tin.it
2016-01-20, 21:22:21	1204 - lapofabbri@virgilio.it
2016-01-20, 21:22:21	1205 - erika.baldi@tiscali.it
2016-01-20, 21:22:22	1206 - anastilosi@inwind.it
2016-01-20, 21:22:23	1207 - fusarco@gmail.com
2016-01-20, 21:22:24	1208 - fredfashion@hotmail.it
2016-01-20, 21:22:24	1209 - lcodacci@yahoo.com
2016-01-20, 21:22:24	1210 - valeria.pezzati@gmail.com
2016-01-20, 21:22:25	1211 - cassanelligiovannia@gmail.com
2016-01-20, 21:22:26	1212 - caterina.compagno@hotmail.com
2016-01-20, 21:22:26	1213 - nataliabavar@hotmail.com
2016-01-20, 21:22:27	1214 - luca@magrini.net
2016-01-20, 21:22:27	1215 - lucaceccarelli1@gmail.com
2016-01-20, 21:22:28	1216 - silvia.sergi@telecomitalia.it
2016-01-20, 21:22:29	1218 - ila.zucconi@gmail.com
2016-01-20, 21:22:29	1219 - lcodacci@yahoo.com
2016-01-20, 21:22:30	1220 - maeli68@hotmail.com
2016-01-20, 21:22:30	1221 - valeria.pezzati@gmail.com
2016-01-20, 21:22:31	1222 - arieccola@gmail.com
2016-01-20, 21:22:32	1223 - dondiegoaureliano@yahoo.it
2016-01-20, 21:22:32	1225 - meinivincenzo@libero.it
2016-01-20, 21:22:33	1228 - deglinnocentielisa@gmail.com
2016-01-20, 21:22:33	1229 - azzurroverde@gmail.com
2016-01-20, 21:22:34	1231 - roberto.bani@gmail.com
2016-01-20, 21:22:36	1237 - khaarlooz@gmail.com
2016-01-20, 21:22:36	1238 - miniati1@alice.it
2016-01-20, 21:22:36	1239 - anna.turchiano@gmail.com
2016-01-20, 21:22:36	1240 - nicolucci@studiomichelangelo.it
2016-01-20, 21:22:37	1241 - manuel.ditardo@gmail.com
2016-01-20, 21:22:38	1243 - ecommerce@globeit.com
2016-01-20, 21:22:38	1244 - g.porzilli@incontrosaperi.it
2016-01-20, 21:22:39	1245 - g.porzilli@internetpressoffice.it
2016-01-20, 21:22:39	1246 - g.porzilli@metafirenze.it
2016-01-20, 21:22:40	1247 - g.porzilli@thefamilybook.it
2016-01-20, 21:22:41	1248 - Roberto.bani@dedalus.eu
2016-01-20, 21:22:41	1249 - colorango5@gmail.com
2016-01-20, 21:22:42	1250 - bobbylinux@hotmail.it
2016-01-20, 21:22:42	1251 - globeit.it@gmail.com
2016-01-20, 21:22:43	1252 - globeit.it@outlook.com
2016-01-20, 21:22:44	1254 - stike73@libero.it
2016-01-20, 21:22:45	1255 - stike73@libero.it
2016-01-20, 21:22:45	1256 - yulia@infinito.it
2016-01-20, 21:22:45	1257 - germanaborrelli@gmail.com
2016-01-20, 21:22:46	1258 - alberto.santarato@gmail.com
2016-01-20, 21:22:47	1259 - damiano.isola@gmail.com
2016-01-20, 21:22:47	1260 - angkop@yahoo.com
2016-01-20, 21:22:48	1261 - sci2009@hotmail.com
2016-01-20, 21:22:48	1262 - sci2009@hotmail.com
