peppe
casa@globeit.it
info@globeit.it
info@globeit.it
info@globeit.it
info@globeit.it
casa@globeit.it
g.porzilli@globeit.it
g.porzilli@globeit.it
casa@globeit.it
azzurroverde@gmail.com
arg@arg.it
arg@arg.it
cifalà@globeit.it
cifala@globeit.it
webmaster@gmail.it
Web@globeit.it
sergio-rizzo@hotmail.it
casa@globeit.it

webmaster@globeit.it
g.porzilli@globeit.it
lorenzo.malandrin@libero.it
roberto.bani@gmail.com
roberto.bani@gmail.com
roberto.bani@gmail.com
eurodrive@tin.it
eurodrive@tin.it
eurodrive@tin.it
eurodrive@tin.it
eurodrive@tin.it

pippo@franco.it
pippo@franco.it
paperon@depaperoni.it
nonna@papera.it
pippo@globeit.it
francesco.martinelli@gmail.com
cosimomarchese@hotmail.com
f.iacometti@tiscali.it
luigi.ripa@gmail.com
dilauro.ripa@gmail.com
chiavacci@arci.it
germanaborrelli@gmail.com
